Log file open, 12/01/18 11:31:43
LogWindows: Failed to load 'aqProf.dll' (GetLastError=126)
LogWindows: File 'aqProf.dll' does not exist
LogWindows: Failed to load 'VSPerf140.dll' (GetLastError=126)
LogWindows: File 'VSPerf140.dll' does not exist
LogWindows: Failed to load 'VtuneApi.dll' (GetLastError=126)
LogWindows: File 'VtuneApi.dll' does not exist
LogWindows: Failed to load 'VtuneApi32e.dll' (GetLastError=126)
LogWindows: File 'VtuneApi32e.dll' does not exist
LogInit: Display: Running engine for game: GameGem
LogPlatformFile: Not using cached read wrapper
LogInit: Display: RandInit(-127016208) SRandInit(-127016208).
LogInit: Read version file with build ID '3709383'
LogInit: Overriding engine version to CL 3832480, compatible CL 3709383
LogInit: Registered custom module enumerator with build ID '3709383'
LogTaskGraph: Started task graph with 5 named threads and 14 total threads with 3 sets of task threads.
LogStats: Stats thread started at 0.184590
LogD3D11RHI: Aftermath initialized
LogModuleManager: Display: Found up-to-date module file ../../../Engine/Plugins/2D/Paper2D/Binaries/Win64/UE4Editor-Paper2D.dll (API version 3709383).
LogModuleManager: Display: Found up-to-date module file ../../../Engine/Plugins/2D/Paper2D/Binaries/Win64/UE4Editor-Paper2DEditor.dll (API version 3709383).
LogModuleManager: Display: Found up-to-date module file ../../../Engine/Plugins/2D/Paper2D/Binaries/Win64/UE4Editor-PaperSpriteSheetImporter.dll (API version 3709383).
LogModuleManager: Display: Found up-to-date module file ../../../Engine/Plugins/2D/Paper2D/Binaries/Win64/UE4Editor-PaperTiledImporter.dll (API version 3709383).
LogModuleManager: Display: Found up-to-date module file ../../../Engine/Plugins/2D/Paper2D/Binaries/Win64/UE4Editor-SmartSnapping.dll (API version 3709383).
LogModuleManager: Display: Found up-to-date module file ../../../Engine/Plugins/Blendables/LightPropagationVolume/Binaries/Win64/UE4Editor-LightPropagationVolumeRuntime.dll (API version 3709383).
LogModuleManager: Display: Found up-to-date module file ../../../Engine/Plugins/Blendables/LightPropagationVolume/Binaries/Win64/UE4Editor-LightPropagationVolumeEditor.dll (API version 3709383).
LogModuleManager: Display: Found up-to-date module file ../../../Engine/Plugins/Developer/GitSourceControl/Binaries/Win64/UE4Editor-GitSourceControl.dll (API version 3709383).
LogModuleManager: Display: Found up-to-date module file ../../../Engine/Plugins/Developer/PerforceSourceControl/Binaries/Win64/UE4Editor-PerforceSourceControl.dll (API version 3709383).
LogModuleManager: Display: Found up-to-date module file ../../../Engine/Plugins/Developer/SubversionSourceControl/Binaries/Win64/UE4Editor-SubversionSourceControl.dll (API version 3709383).
LogModuleManager: Display: Found up-to-date module file ../../../Engine/Plugins/Developer/UObjectPlugin/Binaries/Win64/UE4Editor-UObjectPlugin.dll (API version 3709383).
LogModuleManager: Display: Found up-to-date module file ../../../Engine/Plugins/Developer/VisualStudioCodeSourceCodeAccess/Binaries/Win64/UE4Editor-VisualStudioCodeSourceCodeAccess.dll (API version 3709383).
LogModuleManager: Display: Found up-to-date module file ../../../Engine/Plugins/Developer/VisualStudioSourceCodeAccess/Binaries/Win64/UE4Editor-VisualStudioSourceCodeAccess.dll (API version 3709383).
LogModuleManager: Display: Found up-to-date module file ../../../Engine/Plugins/Editor/AssetManagerEditor/Binaries/Win64/UE4Editor-AssetManagerEditor.dll (API version 3709383).
LogModuleManager: Display: Found up-to-date module file ../../../Engine/Plugins/Editor/AudioCapture/Binaries/Win64/UE4Editor-AudioCapture.dll (API version 3709383).
LogModuleManager: Display: Found up-to-date module file ../../../Engine/Plugins/Editor/FacialAnimation/Binaries/Win64/UE4Editor-FacialAnimation.dll (API version 3709383).
LogModuleManager: Display: Found up-to-date module file ../../../Engine/Plugins/Editor/FacialAnimation/Binaries/Win64/UE4Editor-FacialAnimationEditor.dll (API version 3709383).
LogModuleManager: Display: Found up-to-date module file ../../../Engine/Plugins/Editor/GameplayTagsEditor/Binaries/Win64/UE4Editor-GameplayTagsEditor.dll (API version 3709383).
LogModuleManager: Display: Found up-to-date module file ../../../Engine/Plugins/Editor/MobileLauncherProfileWizard/Binaries/Win64/UE4Editor-MobileLauncherProfileWizard.dll (API version 3709383).
LogModuleManager: Display: Found up-to-date module file ../../../Engine/Plugins/Editor/PluginBrowser/Binaries/Win64/UE4Editor-PluginBrowser.dll (API version 3709383).
LogModuleManager: Display: Found up-to-date module file ../../../Engine/Plugins/Editor/SpeedTreeImporter/Binaries/Win64/UE4Editor-SpeedTreeImporter.dll (API version 3709383).
LogModuleManager: Display: Found up-to-date module file ../../../Engine/Plugins/Experimental/AlembicImporter/Binaries/Win64/UE4Editor-AlembicImporter.dll (API version 3709383).
LogModuleManager: Display: Found up-to-date module file ../../../Engine/Plugins/Experimental/AlembicImporter/Binaries/Win64/UE4Editor-AlembicLibrary.dll (API version 3709383).
LogModuleManager: Display: Found up-to-date module file ../../../Engine/Plugins/Experimental/CharacterAI/Binaries/Win64/UE4Editor-CharacterAI.dll (API version 3709383).
LogModuleManager: Display: Found up-to-date module file ../../../Engine/Plugins/Experimental/HTML5Networking/Binaries/Win64/UE4Editor-HTML5Networking.dll (API version 3709383).
LogModuleManager: Display: Found up-to-date module file ../../../Engine/Plugins/Media/AndroidMedia/Binaries/Win64/UE4Editor-AndroidMediaEditor.dll (API version 3709383).
LogModuleManager: Display: Found up-to-date module file ../../../Engine/Plugins/Media/AndroidMedia/Binaries/Win64/UE4Editor-AndroidMediaFactory.dll (API version 3709383).
LogModuleManager: Display: Found up-to-date module file ../../../Engine/Plugins/Media/AvfMedia/Binaries/Win64/UE4Editor-AvfMediaEditor.dll (API version 3709383).
LogModuleManager: Display: Found up-to-date module file ../../../Engine/Plugins/Media/AvfMedia/Binaries/Win64/UE4Editor-AvfMediaFactory.dll (API version 3709383).
LogModuleManager: Display: Found up-to-date module file ../../../Engine/Plugins/Media/AvfMedia/Binaries/Win64/UE4Editor-AvfMediaFactory.dll (API version 3709383).
LogModuleManager: Display: Found up-to-date module file ../../../Engine/Plugins/Media/ImgMedia/Binaries/Win64/UE4Editor-ImgMedia.dll (API version 3709383).
LogModuleManager: Display: Found up-to-date module file ../../../Engine/Plugins/Media/ImgMedia/Binaries/Win64/UE4Editor-ImgMediaEditor.dll (API version 3709383).
LogModuleManager: Display: Found up-to-date module file ../../../Engine/Plugins/Media/ImgMedia/Binaries/Win64/UE4Editor-ImgMediaFactory.dll (API version 3709383).
LogModuleManager: Display: Found up-to-date module file ../../../Engine/Plugins/Media/ImgMedia/Binaries/Win64/UE4Editor-ImgMediaFactory.dll (API version 3709383).
LogModuleManager: Display: Found up-to-date module file ../../../Engine/Plugins/Media/ImgMedia/Binaries/Win64/UE4Editor-OpenExrWrapper.dll (API version 3709383).
LogModuleManager: Display: Found up-to-date module file ../../../Engine/Plugins/Media/MediaCompositing/Binaries/Win64/UE4Editor-MediaCompositing.dll (API version 3709383).
LogModuleManager: Display: Found up-to-date module file ../../../Engine/Plugins/Media/MediaCompositing/Binaries/Win64/UE4Editor-MediaCompositingEditor.dll (API version 3709383).
LogModuleManager: Display: Found up-to-date module file ../../../Engine/Plugins/Media/MediaPlayerEditor/Binaries/Win64/UE4Editor-MediaPlayerEditor.dll (API version 3709383).
LogModuleManager: Display: Found up-to-date module file ../../../Engine/Plugins/Media/WmfMedia/Binaries/Win64/UE4Editor-WmfMedia.dll (API version 3709383).
LogModuleManager: Display: Found up-to-date module file ../../../Engine/Plugins/Media/WmfMedia/Binaries/Win64/UE4Editor-WmfMediaEditor.dll (API version 3709383).
LogModuleManager: Display: Found up-to-date module file ../../../Engine/Plugins/Media/WmfMedia/Binaries/Win64/UE4Editor-WmfMediaFactory.dll (API version 3709383).
LogModuleManager: Display: Found up-to-date module file ../../../Engine/Plugins/Media/WmfMedia/Binaries/Win64/UE4Editor-WmfMediaFactory.dll (API version 3709383).
LogModuleManager: Display: Found up-to-date module file ../../../Engine/Plugins/Messaging/TcpMessaging/Binaries/Win64/UE4Editor-TcpMessaging.dll (API version 3709383).
LogModuleManager: Display: Found up-to-date module file ../../../Engine/Plugins/Messaging/UdpMessaging/Binaries/Win64/UE4Editor-UdpMessaging.dll (API version 3709383).
LogModuleManager: Display: Found up-to-date module file ../../../Engine/Plugins/MovieScene/ActorSequence/Binaries/Win64/UE4Editor-ActorSequence.dll (API version 3709383).
LogModuleManager: Display: Found up-to-date module file ../../../Engine/Plugins/MovieScene/LevelSequenceEditor/Binaries/Win64/UE4Editor-LevelSequenceEditor.dll (API version 3709383).
LogModuleManager: Display: Found up-to-date module file ../../../Engine/Plugins/MovieScene/MatineeToLevelSequence/Binaries/Win64/UE4Editor-MatineeToLevelSequence.dll (API version 3709383).
LogModuleManager: Display: Found up-to-date module file ../../../Engine/Plugins/Online/OnlineSubsystem/Binaries/Win64/UE4Editor-OnlineSubsystem.dll (API version 3709383).
LogModuleManager: Display: Found up-to-date module file ../../../Engine/Plugins/Runtime/AndroidPermission/Binaries/Win64/UE4Editor-AndroidPermission.dll (API version 3709383).
LogModuleManager: Display: Found up-to-date module file ../../../Engine/Plugins/Online/OnlineSubsystemNull/Binaries/Win64/UE4Editor-OnlineSubsystemNull.dll (API version 3709383).
LogModuleManager: Display: Found up-to-date module file ../../../Engine/Plugins/Online/OnlineSubsystemUtils/Binaries/Win64/UE4Editor-OnlineSubsystemUtils.dll (API version 3709383).
LogModuleManager: Display: Found up-to-date module file ../../../Engine/Plugins/Online/OnlineSubsystemUtils/Binaries/Win64/UE4Editor-OnlineBlueprintSupport.dll (API version 3709383).
LogModuleManager: Display: Found up-to-date module file ../../../Engine/Plugins/Runtime/AndroidDeviceProfileSelector/Binaries/Win64/UE4Editor-AndroidDeviceProfileSelector.dll (API version 3709383).
LogModuleManager: Display: Found up-to-date module file ../../../Engine/Plugins/Runtime/AppleARKit/Binaries/Win64/UE4Editor-AppleARKit.dll (API version 3709383).
LogModuleManager: Display: Found up-to-date module file ../../../Engine/Plugins/Runtime/ArchVisCharacter/Binaries/Win64/UE4Editor-ArchVisCharacter.dll (API version 3709383).
LogModuleManager: Display: Found up-to-date module file ../../../Engine/Plugins/Runtime/CableComponent/Binaries/Win64/UE4Editor-CableComponent.dll (API version 3709383).
LogModuleManager: Display: Found up-to-date module file ../../../Engine/Plugins/Runtime/CustomMeshComponent/Binaries/Win64/UE4Editor-CustomMeshComponent.dll (API version 3709383).
LogModuleManager: Display: Found up-to-date module file ../../../Engine/Plugins/Runtime/ExampleDeviceProfileSelector/Binaries/Win64/UE4Editor-ExampleDeviceProfileSelector.dll (API version 3709383).
LogModuleManager: Display: Found up-to-date module file ../../../Engine/Plugins/Runtime/ImmediatePhysics/Binaries/Win64/UE4Editor-ImmediatePhysics.dll (API version 3709383).
LogModuleManager: Display: Found up-to-date module file ../../../Engine/Plugins/Runtime/ImmediatePhysics/Binaries/Win64/UE4Editor-ImmediatePhysicsEditor.dll (API version 3709383).
LogModuleManager: Display: Found up-to-date module file ../../../Engine/Plugins/Runtime/LocationServicesBPLibrary/Binaries/Win64/UE4Editor-LocationServicesBPLibrary.dll (API version 3709383).
LogModuleManager: Display: Found up-to-date module file ../../../Engine/Plugins/Runtime/MobilePatchingUtils/Binaries/Win64/UE4Editor-MobilePatchingUtils.dll (API version 3709383).
LogModuleManager: Display: Found up-to-date module file ../../../Engine/Plugins/Runtime/Oculus/OculusVR/Binaries/Win64/UE4Editor-OculusHMD.dll (API version 3709383).
LogModuleManager: Display: Found up-to-date module file ../../../Engine/Plugins/Runtime/Oculus/OculusVR/Binaries/Win64/UE4Editor-OculusInput.dll (API version 3709383).
LogModuleManager: Display: Found up-to-date module file ../../../Engine/Plugins/Runtime/Oculus/OculusVR/Binaries/Win64/UE4Editor-OculusEditor.dll (API version 3709383).
LogModuleManager: Display: Found up-to-date module file ../../../Engine/Plugins/Runtime/PhysXVehicles/Binaries/Win64/UE4Editor-PhysXVehicles.dll (API version 3709383).
LogModuleManager: Display: Found up-to-date module file ../../../Engine/Plugins/Runtime/PhysXVehicles/Binaries/Win64/UE4Editor-PhysXVehiclesEditor.dll (API version 3709383).
LogModuleManager: Display: Found up-to-date module file ../../../Engine/Plugins/Runtime/ProceduralMeshComponent/Binaries/Win64/UE4Editor-ProceduralMeshComponent.dll (API version 3709383).
LogModuleManager: Display: Found up-to-date module file ../../../Engine/Plugins/Runtime/ProceduralMeshComponent/Binaries/Win64/UE4Editor-ProceduralMeshComponentEditor.dll (API version 3709383).
LogModuleManager: Display: Found up-to-date module file ../../../Engine/Plugins/Runtime/RuntimePhysXCooking/Binaries/Win64/UE4Editor-RuntimePhysXCooking.dll (API version 3709383).
LogModuleManager: Display: Found up-to-date module file ../../../Engine/Plugins/Runtime/Steam/SteamVR/Binaries/Win64/UE4Editor-SteamVR.dll (API version 3709383).
LogModuleManager: Display: Found up-to-date module file ../../../Engine/Plugins/Runtime/Steam/SteamVR/Binaries/Win64/UE4Editor-SteamVRController.dll (API version 3709383).
LogModuleManager: Display: Found up-to-date module file ../../../Engine/Plugins/Runtime/WindowsMoviePlayer/Binaries/Win64/UE4Editor-WindowsMoviePlayer.dll (API version 3709383).
LogPluginManager: Mounting plugin Paper2D
LogPluginManager: Mounting plugin LightPropagationVolume
LogPluginManager: Mounting plugin CodeLiteSourceCodeAccess
LogPluginManager: Mounting plugin GitSourceControl
LogPluginManager: Mounting plugin KDevelopSourceCodeAccess
LogPluginManager: Mounting plugin NullSourceCodeAccess
LogPluginManager: Mounting plugin PerforceSourceControl
LogPluginManager: Mounting plugin SubversionSourceControl
LogPluginManager: Mounting plugin UObjectPlugin
LogPluginManager: Mounting plugin VisualStudioCodeSourceCodeAccess
LogPluginManager: Mounting plugin VisualStudioSourceCodeAccess
LogPluginManager: Mounting plugin XCodeSourceCodeAccess
LogPluginManager: Mounting plugin AssetManagerEditor
LogPluginManager: Mounting plugin AudioCapture
LogPluginManager: Mounting plugin FacialAnimation
LogPluginManager: Mounting plugin GameplayTagsEditor
LogPluginManager: Mounting plugin MobileLauncherProfileWizard
LogPluginManager: Mounting plugin PluginBrowser
LogPluginManager: Mounting plugin SpeedTreeImporter
LogPluginManager: Mounting plugin AlembicImporter
LogPluginManager: Mounting plugin CharacterAI
LogPluginManager: Mounting plugin HTML5Networking
LogPluginManager: Mounting plugin AndroidMedia
LogPluginManager: Mounting plugin AvfMedia
LogPluginManager: Mounting plugin ImgMedia
LogPluginManager: Mounting plugin MediaCompositing
LogPluginManager: Mounting plugin MediaPlayerEditor
LogPluginManager: Mounting plugin WmfMedia
LogPluginManager: Mounting plugin TcpMessaging
LogPluginManager: Mounting plugin UdpMessaging
LogPluginManager: Mounting plugin ActorSequence
LogPluginManager: Mounting plugin LevelSequenceEditor
LogPluginManager: Mounting plugin MatineeToLevelSequence
LogPluginManager: Mounting plugin OnlineSubsystemGooglePlay
LogPluginManager: Mounting plugin OnlineSubsystemIOS
LogPluginManager: Mounting plugin OnlineSubsystem
LogPluginManager: Mounting plugin OnlineSubsystemNull
LogPluginManager: Mounting plugin OnlineSubsystemUtils
LogPluginManager: Mounting plugin AndroidDeviceProfileSelector
LogPluginManager: Mounting plugin AndroidMoviePlayer
LogPluginManager: Mounting plugin AndroidPermission
LogPluginManager: Mounting plugin AppleARKit
LogPluginManager: Mounting plugin AppleMoviePlayer
LogPluginManager: Mounting plugin ArchVisCharacter
LogPluginManager: Mounting plugin CableComponent
LogPluginManager: Mounting plugin CustomMeshComponent
LogPluginManager: Mounting plugin ExampleDeviceProfileSelector
LogPluginManager: Mounting plugin GoogleCloudMessaging
LogPluginManager: Mounting plugin ImmediatePhysics
LogPluginManager: Mounting plugin IOSDeviceProfileSelector
LogPluginManager: Mounting plugin LinuxDeviceProfileSelector
LogPluginManager: Mounting plugin LocationServicesBPLibrary
LogPluginManager: Mounting plugin MobilePatchingUtils
LogPluginManager: Mounting plugin OculusVR
LogPluginManager: Plugin shader directory ../../../Engine/Plugins/Runtime/Oculus/OculusVR/Shaders found
LogPluginManager: Mapping shader source directory ../../../Engine/Plugins/Runtime/Oculus/OculusVR/Shaders to virtual directory /Plugin/OculusVR
LogPluginManager: Mounting plugin PhysXVehicles
LogPluginManager: Mounting plugin ProceduralMeshComponent
LogPluginManager: Mounting plugin RuntimePhysXCooking
LogPluginManager: Mounting plugin SteamVR
LogPluginManager: Mounting plugin WindowsMoviePlayer
LogInit: Using libcurl 7.47.1
LogInit:  - built for x86_64-pc-win32
LogInit:  - supports SSL with OpenSSL/1.0.2g
LogInit:  - supports HTTP deflate (compression) using libz 1.2.8
LogInit:  - other features:
LogInit:      CURL_VERSION_SSL
LogInit:      CURL_VERSION_LIBZ
LogInit:      CURL_VERSION_IPV6
LogInit:      CURL_VERSION_ASYNCHDNS
LogInit:      CURL_VERSION_LARGEFILE
LogInit:      CURL_VERSION_IDN
LogInit:  CurlRequestOptions (configurable via config and command line):
LogInit:  - bVerifyPeer = false  - Libcurl will NOT verify peer certificate
LogInit:  - bUseHttpProxy = false  - Libcurl will NOT use HTTP proxy
LogInit:  - bDontReuseConnections = false  - Libcurl will reuse connections
LogInit:  - CertBundlePath = nullptr  - Libcurl will use whatever was configured at build time.
LogInit: Build: ++UE4+Release-4.18-CL-3832480
LogInit: Engine Version: 4.18.3-3832480+++UE4+Release-4.18
LogInit: Compatible Engine Version: 4.18.0-3709383+++UE4+Release-4.18
LogInit: Net CL: 3709383
LogDevObjectVersion: Number of dev versions registered: 16
LogDevObjectVersion:   Dev-Blueprints (B0D832E4-1F89-4F0D-ACCF-7EB736FD4AA2): 10
LogDevObjectVersion:   Dev-Build (E1C64328-A22C-4D53-A36C-8E866417BD8C): 0
LogDevObjectVersion:   Dev-Core (375EC13C-06E4-48FB-B500-84F0262A717E): 2
LogDevObjectVersion:   Dev-Editor (E4B068ED-F494-42E9-A231-DA0B2E46BB41): 20
LogDevObjectVersion:   Dev-Framework (CFFC743F-43B0-4480-9391-14DF171D2073): 30
LogDevObjectVersion:   Dev-Mobile (B02B49B5-BB20-44E9-A304-32B752E40360): 0
LogDevObjectVersion:   Dev-Networking (A4E4105C-59A1-49B5-A7C5-40C4547EDFEE): 0
LogDevObjectVersion:   Dev-Online (39C831C9-5AE6-47DC-9A44-9C173E1C8E7C): 0
LogDevObjectVersion:   Dev-Physics (78F01B33-EBEA-4F98-B9B4-84EACCB95AA2): 0
LogDevObjectVersion:   Dev-Platform (6631380F-2D4D-43E0-8009-CF276956A95A): 0
LogDevObjectVersion:   Dev-Rendering (12F88B9F-8875-4AFC-A67C-D90C383ABD29): 20
LogDevObjectVersion:   Dev-Sequencer (7B5AE74C-D270-4C10-A958-57980B212A5A): 4
LogDevObjectVersion:   Dev-VR (D7296918-1DD6-4BDD-9DE2-64A83CC13884): 0
LogDevObjectVersion:   Dev-LoadTimes (C2A15278-BFE7-4AFE-6C17-90FF531DF755): 1
LogDevObjectVersion:   Private-Geometry (6EACA3D4-40EC-4CC1-B786-8BED09428FC5): 1
LogDevObjectVersion:   Dev-AnimPhys (29E575DD-E0A3-4627-9D10-D276232CDCEA): 12
LogInit: Compiled (64-bit): Jan 12 2018 02:04:55
LogInit: Compiled with Visual C++: 19.00.24215.01
LogInit: Build Configuration: Development
LogInit: Branch Name: ++UE4+Release-4.18
LogInit: Command line:  
LogInit: Base directory: C:/Program Files/Epic Games/UE_4.18/Engine/Binaries/Win64/
LogInit: Installed Engine Build: 1
LogInit: Presizing for max 8388607 objects, including 0 objects not considered by GC, pre-allocating 0 bytes for permanent pool.
LogInit: Object subsystem initialized
[2018.12.01-02.31.45:386][  0]LogInit: Selected Device Profile: [Windows]
[2018.12.01-02.31.45:386][  0]LogInit: Applying CVar settings loaded from the selected device profile: [Windows]
[2018.12.01-02.31.45:412][  0]LogInit: Computer: DESKTOP-7OODGOQ
[2018.12.01-02.31.45:412][  0]LogInit: User: user
[2018.12.01-02.31.45:412][  0]LogInit: CPU Page size=4096, Cores=4
[2018.12.01-02.31.45:412][  0]LogInit: High frequency timer resolution =2.742191 MHz
[2018.12.01-02.31.45:412][  0]LogMemory: Memory total: Physical=7.9GB (8GB approx)
[2018.12.01-02.31.45:412][  0]LogMemory: Platform Memory Stats for Windows
[2018.12.01-02.31.45:412][  0]LogMemory: Process Physical Memory: 272.67 MB used, 272.67 MB peak
[2018.12.01-02.31.45:412][  0]LogMemory: Process Virtual Memory: 272.06 MB used, 272.06 MB peak
[2018.12.01-02.31.45:412][  0]LogMemory: Physical Memory: 3300.69 MB used,  4809.01 MB free, 8109.70 MB total
[2018.12.01-02.31.45:412][  0]LogMemory: Virtual Memory: 4781.56 MB used,  4809.01 MB free, 134217728.00 MB total
[2018.12.01-02.31.45:668][  0]LogInit: Using OS detected language (ko-KR).
[2018.12.01-02.31.45:668][  0]LogInit: Using OS detected locale (ko-KR).
[2018.12.01-02.31.45:671][  0]LogTextLocalizationManager: No specific localization for 'ko-KR' exists, so the 'ko' localization will be used.
[2018.12.01-02.31.45:862][  0]LogInit: Setting process to per monitor DPI aware
[2018.12.01-02.31.46:183][  0]LogD3D11RHI: D3D11 adapters:
[2018.12.01-02.31.47:191][  0]LogD3D11RHI:    0. 'NVIDIA GeForce GTX 1050 Ti' (Feature Level 11_0)
[2018.12.01-02.31.47:191][  0]LogD3D11RHI:       4021/0/4054 MB DedicatedVideo/DedicatedSystem/SharedSystem, Outputs:1, VendorId:0x10de
[2018.12.01-02.31.47:203][  0]LogD3D11RHI:    1. 'Intel(R) HD Graphics 630' (Feature Level 11_0)
[2018.12.01-02.31.47:203][  0]LogD3D11RHI:       128/0/4054 MB DedicatedVideo/DedicatedSystem/SharedSystem, Outputs:0, VendorId:0x8086
[2018.12.01-02.31.47:205][  0]LogD3D11RHI:    2. 'Microsoft Basic Render Driver' (Feature Level 11_0)
[2018.12.01-02.31.47:205][  0]LogD3D11RHI:       0/0/4054 MB DedicatedVideo/DedicatedSystem/SharedSystem, Outputs:0, VendorId:0x1414
[2018.12.01-02.31.47:205][  0]LogD3D11RHI: Chosen D3D11 Adapter: 0
[2018.12.01-02.31.47:228][  0]LogD3D11RHI: Creating new Direct3DDevice
[2018.12.01-02.31.47:229][  0]LogD3D11RHI:     GPU DeviceId: 0x1c8c (for the marketing name, search the web for "GPU Device Id")
[2018.12.01-02.31.47:229][  0]LogWindows: EnumDisplayDevices:
[2018.12.01-02.31.47:229][  0]LogWindows:    0. 'Intel(R) HD Graphics 630' (P:1 D:1)
[2018.12.01-02.31.47:229][  0]LogWindows:    1. 'Intel(R) HD Graphics 630' (P:0 D:0)
[2018.12.01-02.31.47:229][  0]LogWindows:    2. 'Intel(R) HD Graphics 630' (P:0 D:0)
[2018.12.01-02.31.47:229][  0]LogWindows: DebugString: GetVideoDriverDetailsInvalid PrimaryIsNotTheChoosenAdapter GetVideoDriverDetailsInvalid PrimaryIsNotTheChoosenAdapter GetVideoDriverDetailsInvalid PrimaryIsNotTheChoosenAdapter FoundDriverCount:0 
[2018.12.01-02.31.47:229][  0]LogD3D11RHI:     Adapter Name: NVIDIA GeForce GTX 1050 Ti
[2018.12.01-02.31.47:229][  0]LogD3D11RHI:   Driver Version: Unknown (internal:Unknown, unified:Unknown)
[2018.12.01-02.31.47:229][  0]LogD3D11RHI:      Driver Date: Unknown
[2018.12.01-02.31.47:229][  0]LogRHI: Texture pool is 2814 MB (70% of 4021 MB)
[2018.12.01-02.31.47:274][  0]LogD3D11RHI: Async texture creation enabled
[2018.12.01-02.31.47:292][  0]LogD3D11RHI: GPU Timing Frequency: 1000.000000 (Debug: 2 2)
[2018.12.01-02.31.47:292][  0]LogShaderCompilers: Guid format shader working directory is -1 characters bigger than the processId version (../../../../../../Users/user/Documents/GameGem/Intermediate/Shaders/WorkingDirectory/2108/).
[2018.12.01-02.31.47:292][  0]LogShaderCompilers: Cleaned the shader compiler working directory 'C:/Users/user/AppData/Local/Temp/UnrealShaderWorkingDir/9AB851F2447BC491DEB7C0A7494ED073/'.
[2018.12.01-02.31.47:292][  0]LogShaderCompilers: Display: Using Local Shader Compiler.
[2018.12.01-02.31.48:332][  0]LogTemp: Display: Loaded TP AllDesktopTargetPlatform
[2018.12.01-02.31.48:404][  0]LogTemp: Display: Loaded TP MacClientTargetPlatform
[2018.12.01-02.31.48:475][  0]LogTemp: Display: Loaded TP MacNoEditorTargetPlatform
[2018.12.01-02.31.48:547][  0]LogTemp: Display: Loaded TP MacServerTargetPlatform
[2018.12.01-02.31.48:621][  0]LogTemp: Display: Loaded TP MacTargetPlatform
[2018.12.01-02.31.48:711][  0]LogTemp: Display: Loaded TP WindowsClientTargetPlatform
[2018.12.01-02.31.48:778][  0]LogTemp: Display: Loaded TP WindowsNoEditorTargetPlatform
[2018.12.01-02.31.48:845][  0]LogTemp: Display: Loaded TP WindowsServerTargetPlatform
[2018.12.01-02.31.48:905][  0]LogTemp: Display: Loaded TP WindowsTargetPlatform
[2018.12.01-02.31.48:971][  0]LogTemp: Display: Loaded TP Android_ASTCTargetPlatform
[2018.12.01-02.31.49:037][  0]LogTemp: Display: Loaded TP Android_ATCTargetPlatform
[2018.12.01-02.31.49:104][  0]LogTemp: Display: Loaded TP Android_DXTTargetPlatform
[2018.12.01-02.31.49:171][  0]LogTemp: Display: Loaded TP Android_ETC1TargetPlatform
[2018.12.01-02.31.49:241][  0]LogTemp: Display: Loaded TP Android_ETC2TargetPlatform
[2018.12.01-02.31.49:378][  0]LogTemp: Display: Loaded TP Android_MultiTargetPlatform
[2018.12.01-02.31.49:378][  0]LogTemp: Display: Loaded TP Android_PVRTCTargetPlatform
[2018.12.01-02.31.49:445][  0]LogTemp: Display: Loaded TP AndroidTargetPlatform
[2018.12.01-02.31.49:500][  0]LogTemp: Display: Loaded TP HTML5TargetPlatform
[2018.12.01-02.31.49:614][  0]LogTemp: Display: Loaded TP IOSTargetPlatform
[2018.12.01-02.31.49:648][  0]LogTemp: Display: Loaded TP TVOSTargetPlatform
[2018.12.01-02.31.49:714][  0]LogTemp: Display: Loaded TP LinuxClientTargetPlatform
[2018.12.01-02.31.49:797][  0]LogTemp: Display: Loaded TP LinuxNoEditorTargetPlatform
[2018.12.01-02.31.49:882][  0]LogTemp: Display: Loaded TP LinuxServerTargetPlatform
[2018.12.01-02.31.49:958][  0]LogTemp: Display: Loaded TP LinuxTargetPlatform
[2018.12.01-02.31.49:959][  0]LogTargetPlatformManager: Display: Building Assets For Windows
[2018.12.01-02.31.50:760][  0]LogDerivedDataCache: Display: Max Cache Size: 512 MB
[2018.12.01-02.31.50:840][  0]LogDerivedDataCache: Loaded boot cache 0.08s 78MB C:/Users/user/AppData/Local/UnrealEngine/4.18/DerivedDataCache/Boot.ddc.
[2018.12.01-02.31.50:840][  0]LogDerivedDataCache: Display: Loaded Boot cache: C:/Users/user/AppData/Local/UnrealEngine/4.18/DerivedDataCache/Boot.ddc
[2018.12.01-02.31.50:840][  0]LogDerivedDataCache: FDerivedDataBackendGraph:  Pak pak cache file ../../../../../../Users/user/Documents/GameGem/DerivedDataCache/DDC.ddp not found, will not use a pak cache.
[2018.12.01-02.31.50:840][  0]LogDerivedDataCache: Unable to find inner node Pak for hierarchical cache Hierarchy.
[2018.12.01-02.31.50:840][  0]LogDerivedDataCache: FDerivedDataBackendGraph:  CompressedPak pak cache file ../../../../../../Users/user/Documents/GameGem/DerivedDataCache/Compressed.ddp not found, will not use a pak cache.
[2018.12.01-02.31.50:840][  0]LogDerivedDataCache: Unable to find inner node CompressedPak for hierarchical cache Hierarchy.
[2018.12.01-02.31.50:856][  0]LogDerivedDataCache: Display: Pak cache opened for reading ../../../Engine/DerivedDataCache/Compressed.ddp.
[2018.12.01-02.31.50:869][  0]LogDerivedDataCache: Using Local data cache path C:/Users/user/AppData/Local/UnrealEngine/Common/DerivedDataCache: Writable
[2018.12.01-02.31.50:879][  0]LogMaterial: Verifying Global Shaders for PCD3D_SM5
[2018.12.01-02.31.50:879][  0]LogSlate: Using Freetype 2.6.0
[2018.12.01-02.31.50:880][  0]LogSlate: SlateFontCache - WITH_FREETYPE: 1, WITH_HARFBUZZ: 1
[2018.12.01-02.31.50:880][  0]LogSlate: SlateFontCache - WITH_FREETYPE: 1, WITH_HARFBUZZ: 1
[2018.12.01-02.31.51:257][  0]LogInit: Selected Device Profile: [Windows]
[2018.12.01-02.31.51:713][  0]LogSimplygon: Simplygon DLL not present - disabling.
[2018.12.01-02.31.51:770][  0]LogMeshReduction: Using SimplygonSwarm for distributed automatic mesh merging
[2018.12.01-02.31.51:771][  0]LogMeshReduction: Using QuadricMeshReduction for automatic static mesh reduction
[2018.12.01-02.31.51:771][  0]LogMeshReduction: No automatic skeletal mesh reduction module available
[2018.12.01-02.31.51:771][  0]LogMeshReduction: No automatic mesh merging module available
[2018.12.01-02.31.51:771][  0]LogMeshMerging: No automatic mesh merging module available
[2018.12.01-02.31.51:828][  0]LogNetVersion: GameGem , NetCL: 3709383, EngineNetVer: 2, GameNetVer: 0 (Checksum: 882068137)
[2018.12.01-02.31.52:033][  0]LogAssetRegistry: FAssetRegistry took 0.0263 seconds to start up
[2018.12.01-02.31.52:643][  0]LogPackageLocalizationCache: Processed 7 localized package path(s) for 2 prioritized culture(s) in 0.067702 seconds
[2018.12.01-02.31.52:649][  0]LogUObjectArray: 35870 objects as part of root set at end of initial load.
[2018.12.01-02.31.52:649][  0]LogUObjectAllocator: 7363696 out of 0 bytes used by permanent object pool.
[2018.12.01-02.31.52:649][  0]LogUObjectArray: CloseDisregardForGC: 0/0 objects in disregard for GC pool
[2018.12.01-02.31.52:731][  0]LogInit: WinSock: version 1.1 (2.2), MaxSocks=32767, MaxUdp=65467
[2018.12.01-02.31.56:556][  0]LogTcpMessaging: Initializing TcpMessaging bridge
[2018.12.01-02.31.56:610][  0]LogUdpMessaging: Initializing bridge on interface 0.0.0.0:0 to multicast group 230.0.0.1:6666.
[2018.12.01-02.31.57:695][  0]LogMaterial: Uniform references updated for custom material expression Custom.
[2018.12.01-02.31.58:408][  0]SourceControl: 소스 콘트롤이 꺼졌습니다.
[2018.12.01-02.31.58:408][  0]SourceControl: 소스 콘트롤이 꺼졌습니다.
[2018.12.01-02.31.58:524][  0]SourceControl: 소스 콘트롤이 꺼졌습니다.
[2018.12.01-02.31.58:613][  0]SourceControl: 소스 콘트롤이 꺼졌습니다.
[2018.12.01-02.32.00:044][  0]LogAndroidPermission: UAndroidPermissionCallbackProxy::GetInstance
[2018.12.01-02.32.00:479][  0]LogOcInput: OculusInput pre-init called
[2018.12.01-02.32.00:893][  0]LogEngine: Initializing Engine...
[2018.12.01-02.32.00:895][  0]LogHMD: Failed to initialize OpenVR with code 110
[2018.12.01-02.32.01:244][  0]LogStats: UGameplayTagsManager::ConstructGameplayTagTree: Construct from data asset -  0.000 s
[2018.12.01-02.32.01:244][  0]LogStats: UGameplayTagsManager::ConstructGameplayTagTree: GameplayTagTreeChangedEvent.Broadcast -  0.000 s
[2018.12.01-02.32.01:473][  0]LogAIModule: Creating AISystem for world Untitled
[2018.12.01-02.32.01:483][  0]LogInit: XAudio2 using '스피커(Realtek High Definition Audio)' : 2 channels at 48 kHz using 32 bits per sample (channel mask 0x3)
[2018.12.01-02.32.01:606][  0]LogInit: FAudioDevice initialized.
[2018.12.01-02.32.01:721][  0]LogDerivedDataCache: Saved boot cache 0.11s 78MB C:/Users/user/AppData/Local/UnrealEngine/4.18/DerivedDataCache/Boot.ddc.
[2018.12.01-02.32.01:745][  0]LogInit: Texture streaming: Enabled
[2018.12.01-02.32.01:899][  0]LogEngineSessionManager: EngineSessionManager initialized
[2018.12.01-02.32.02:109][  0]LogInit: Transaction tracking system initialized
[2018.12.01-02.32.02:610][  0]BlueprintLog: New page: 에디터 로드
[2018.12.01-02.32.04:067][  0]LocalizationService: 현지화 서비스가 비활성화되었습니다.
[2018.12.01-02.32.05:190][  0]LogConsoleResponse: Display: 
[2018.12.01-02.32.05:430][  0]LogCook: Display: Max memory allowance for cook 16384mb min free memory 0mb
[2018.12.01-02.32.05:430][  0]LogCook: Display: Mobile HDR setting 1
[2018.12.01-02.32.05:430][  0]LogGameplayTags: Display: UGameplayTagsManager::DoneAddingNativeTags. DelegateIsBound: 0
[2018.12.01-02.32.05:969][  0]LogFileCache: Scanning file cache for directory 'C:/Users/user/Documents/GameGem/Content/' took 0.02s
[2018.12.01-02.32.07:586][  0]SourceControl: 소스 콘트롤이 꺼졌습니다.
[2018.12.01-02.32.07:587][  0]Cmd: MAP LOAD FILE="../../../../../../Users/user/Documents/GameGem/Content/PuzzleBP/Maps/Login.umap" TEMPLATE=0 SHOWPROGRESS=1 FEATURELEVEL=3
[2018.12.01-02.32.07:587][  0]LightingResults: New page: 라이팅 빌드
[2018.12.01-02.32.07:646][  0]MapCheck: New page: 맵 체크
[2018.12.01-02.32.07:647][  0]LightingResults: New page: 라이팅 빌드
[2018.12.01-02.32.08:692][  0]LogBlueprint: Warning: [Compiler 튜토리얼메인화면] Get : '망치버튼강조3' variable not found. Base class was probably changed. /Game/PuzzleBP/Blueprints/UI/튜토리얼메인화면.튜토리얼메인화면
[2018.12.01-02.32.08:693][  0]LogBlueprint: Warning: [Compiler 튜토리얼메인화면] Get : '망치버튼강조3' variable not found. Base class was probably changed. /Game/PuzzleBP/Blueprints/UI/튜토리얼메인화면.튜토리얼메인화면
[2018.12.01-02.32.08:694][  0]LogBlueprint: Warning: [Compiler 튜토리얼메인화면] Get : '망치버튼강조3' variable not found. Base class was probably changed. /Game/PuzzleBP/Blueprints/UI/튜토리얼메인화면.튜토리얼메인화면
[2018.12.01-02.32.08:694][  0]LogBlueprint: Warning: [Compiler 튜토리얼메인화면] Get : '망치버튼강조3' variable not found. Base class was probably changed. /Game/PuzzleBP/Blueprints/UI/튜토리얼메인화면.튜토리얼메인화면
[2018.12.01-02.32.08:695][  0]LogBlueprint: Warning: [Compiler 튜토리얼메인화면] Get : '망치버튼강조3' variable not found. Base class was probably changed. /Game/PuzzleBP/Blueprints/UI/튜토리얼메인화면.튜토리얼메인화면
[2018.12.01-02.32.08:988][  0]LogBlueprint: Warning: [Compiler 튜토리얼메인화면] [0026.85] 튜토리얼메인화면 컴파일에 성공했습니다만, 경고가 5 회 있습니다. [소요시간 349 ms] (/Game/PuzzleBP/Blueprints/UI/튜토리얼메인화면.튜토리얼메인화면)
[2018.12.01-02.32.10:307][  0]LogAIModule: Creating AISystem for world Login
[2018.12.01-02.32.10:316][  0]LogEditorServer: Finished looking for orphan Actors (0.000 secs)
[2018.12.01-02.32.10:334][  0]Cmd: MAP CHECKDEP NOCLEARLOG
[2018.12.01-02.32.10:456][  0]MapCheck: 맵 체크 완료: 오류 0 회, 경고 0 회, 소요 시간 121.908ms.
[2018.12.01-02.32.10:457][  0]LogFileHelpers: Loading map 'Login' took 2.871
[2018.12.01-02.32.10:602][  0]LogCollectionManager: Loaded 0 collections in 0.002157 seconds
[2018.12.01-02.32.10:720][  0]LogFileCache: Scanning file cache for directory 'C:/Users/user/Documents/GameGem/Saved/Collections/' took 0.01s
[2018.12.01-02.32.10:720][  0]LogFileCache: Scanning file cache for directory 'C:/Users/user/Documents/GameGem/Content/Developers/user/Collections/' took 0.01s
[2018.12.01-02.32.10:720][  0]LogFileCache: Scanning file cache for directory 'C:/Users/user/Documents/GameGem/Content/Collections/' took 0.01s
[2018.12.01-02.32.10:720][  0]LogCollectionManager: Rebuilt the GUID cache for 0 collections in 0.000000 seconds
[2018.12.01-02.32.10:728][  0]LogContentBrowser: Native class hierarchy populated in 0.0081 seconds. Added 2363 classes and 519 folders.
[2018.12.01-02.32.10:872][  0]LogContentBrowser: Native class hierarchy updated for 'WidgetCarousel' in 0.0003 seconds. Added 0 classes and 0 folders.
[2018.12.01-02.32.10:920][  0]LogContentBrowser: Native class hierarchy updated for 'AddContentDialog' in 0.0002 seconds. Added 0 classes and 0 folders.
[2018.12.01-02.32.10:986][  0]LogContentBrowser: Native class hierarchy updated for 'SceneOutliner' in 0.0003 seconds. Added 1 classes and 2 folders.
[2018.12.01-02.32.11:004][  0]LogSlate: Took 0.000698 seconds to synchronously load lazily loaded font '../../../Engine/Content/Slate/Fonts/Roboto-Regular.ttf' (155K)
[2018.12.01-02.32.11:013][  0]LogSlate: Took 0.006870 seconds to synchronously load lazily loaded font '../../../Engine/Content/Slate/Fonts/NanumGothic.ttf' (4243K)
[2018.12.01-02.32.11:018][  0]LogSlate: Took 0.001524 seconds to synchronously load lazily loaded font '../../../Engine/Content/Slate/Fonts/Roboto-Bold.ttf' (160K)
[2018.12.01-02.32.11:029][  0]LogSlate: Took 0.000294 seconds to synchronously load lazily loaded font '../../../Engine/Content/Editor/Slate/Fonts/FontAwesome.ttf' (139K)
[2018.12.01-02.32.11:222][  0]LogRenderer: Reallocating scene render targets to support 1208x552 Format 10 NumSamples 1 (Frame:1).
[2018.12.01-02.32.11:478][  0]LogContentBrowser: Native class hierarchy updated for 'HierarchicalLODOutliner' in 0.0003 seconds. Added 1 classes and 2 folders.
[2018.12.01-02.32.11:478][  0]LogLoad: (Engine Initialization) Total time: 29.34 seconds
[2018.12.01-02.32.11:478][  0]LogLoad: (Engine Initialization) Total Blueprint compile time: 0.00 seconds
[2018.12.01-02.32.11:478][  0]LogExternalProfiler: No external profilers were discovered.  External profiling features will not be available.
[2018.12.01-02.32.11:829][  0]LoadErrors: Error: /Game/PuzzleBP/Blueprints/UI/메인화면  : Failed import for BoolProperty /Game/PuzzleBP/Blueprints/UI/게임모드설정.게임모드설정_C:메인게임? Function 익스포트에 레퍼런싱됨 /Game/PuzzleBP/Blueprints/UI/메인화면.메인화면_C:ExecuteUbergraph_메인화면
[2018.12.01-02.32.11:830][  0]LoadErrors: Error: /Game/PuzzleBP/Blueprints/UI/메인화면  : Failed import for BoolProperty /Game/PuzzleBP/Blueprints/UI/게임모드설정.게임모드설정_C:튜토리얼? Function 익스포트에 레퍼런싱됨 /Game/PuzzleBP/Blueprints/UI/메인화면.메인화면_C:ExecuteUbergraph_메인화면
[2018.12.01-02.32.11:830][  0]LoadErrors: Error: /Game/PuzzleBP/Blueprints/UI/메인화면  : Failed import for BoolProperty /Game/PuzzleBP/Blueprints/UI/튜토리얼모드설정.튜토리얼모드설정_C:외래어클릭? Function 익스포트에 레퍼런싱됨 /Game/PuzzleBP/Blueprints/UI/메인화면.메인화면_C:ExecuteUbergraph_메인화면
[2018.12.01-02.32.11:855][  0]LogContentStreaming: Texture pool size now 1000 MB
[2018.12.01-02.32.11:985][  0]LogSlate: Took 0.001021 seconds to synchronously load lazily loaded font '../../../Engine/Content/Slate/Fonts/Roboto-Light.ttf' (159K)
[2018.12.01-02.32.12:513][  2]LogAssetRegistry: Asset discovery search completed in 20.5028 seconds
[2018.12.01-02.32.12:518][  2]LogCollectionManager: Rebuilt the object cache for 0 collections in 0.000000 seconds (found 0 objects)
[2018.12.01-02.32.12:518][  2]LogCollectionManager: Fixed up redirectors for 0 collections in 0.000122 seconds (updated 0 objects)
[2018.12.01-02.32.46:280][761]LogAudioEditor: Performing atomic reimport of [C:/Users/user/Desktop/받아쓰기제출.wav]
[2018.12.01-02.32.46:282][761]LogFactory: FactoryCreateFile: SoundWave with ReimportSoundFactory (0 0 C:/Users/user/Desktop/받아쓰기제출.wav)
[2018.12.01-02.32.46:293][761]LogAudioEditor: -- imported successfully
[2018.12.01-02.32.46:323][761]LogSlate: Took 0.000577 seconds to synchronously load lazily loaded font '../../../Engine/Content/Slate/Fonts/Roboto-Light.ttf' (159K)
[2018.12.01-02.32.46:334][761]LogAudioDerivedData: Display: OGG 압축 오디오 포맷 받아쓰기제출 웨이브 빌드중...
[2018.12.01-02.32.46:399][761]LogAudioDerivedData: Updated SoundWave->RawPCMDataSize during cooking SoundWave /Game/PuzzleBP/Blueprints/사운드/받아쓰기제출.받아쓰기제출.
[2018.12.01-02.32.47:455][765]LogSlate: Took 0.000130 seconds to synchronously load lazily loaded font '../../../Engine/Content/Slate/Fonts/Roboto-Light.ttf' (159K)
[2018.12.01-02.32.47:483][765]Cmd: OBJ SAVEPACKAGE PACKAGE="/Game/PuzzleBP/Blueprints/사운드/받아쓰기제출" FILE="../../../../../../Users/user/Documents/GameGem/Content/PuzzleBP/Blueprints/사운드/받아쓰기제출.uasset" SILENT=true
[2018.12.01-02.32.47:516][765]LogSavePackage: Save=9.31ms
[2018.12.01-02.32.47:516][765]LogSavePackage: Moving '../../../../../../Users/user/Documents/GameGem/Saved/받아쓰기제출D32318A3431DBB94EAFD4F924A29E865.tmp' to '../../../../../../Users/user/Documents/GameGem/Content/PuzzleBP/Blueprints/사운드/받아쓰기제출.uasset'
[2018.12.01-02.32.47:519][765]LogSavePackage: Display: Finished SavePackage ../../../../../../Users/user/Documents/GameGem/Content/PuzzleBP/Blueprints/사운드/받아쓰기제출.uasset
[2018.12.01-02.32.48:547][825]Cmd: OBJ SAVEPACKAGE PACKAGE="/Game/PuzzleBP/Maps/Login" FILE="../../../../../../Users/user/Documents/GameGem/Content/PuzzleBP/Maps/Login.umap" SILENT=true AUTOSAVING=false KEEPDIRTY=false
[2018.12.01-02.32.48:658][825]LogSavePackage: Save=78.68ms
[2018.12.01-02.32.48:658][825]LogSavePackage: Moving '../../../../../../Users/user/Documents/GameGem/Saved/Login1265D79F41D5C66992A430A4CF0E4D5E.tmp' to '../../../../../../Users/user/Documents/GameGem/Content/PuzzleBP/Maps/Login.umap'
[2018.12.01-02.32.48:661][825]LogSavePackage: Display: Finished SavePackage ../../../../../../Users/user/Documents/GameGem/Content/PuzzleBP/Maps/Login.umap
[2018.12.01-02.32.52:998][ 82]LogTemp: Repeating last play command: 새 에디터 창 (PIE)
[2018.12.01-02.32.53:068][ 82]LogBlueprintUserMessages: Early PlayInEditor Detection: Level '/Game/PuzzleBP/Maps/Login.Login:PersistentLevel' has LevelScriptBlueprint '/Game/PuzzleBP/Maps/Login.Login:PersistentLevel.Login' with GeneratedClass '/Game/PuzzleBP/Maps/Login.Login_C' with ClassGeneratedBy '/Game/PuzzleBP/Maps/Login.Login:PersistentLevel.Login'
[2018.12.01-02.32.53:068][ 82]LogPlayLevel: PlayLevel: No blueprints needed recompiling
[2018.12.01-02.32.53:069][ 82]PIE: New page: PIE 세션: Login (2018. 12. 1. 오후 8:32:53)
[2018.12.01-02.32.53:069][ 82]LogPlayLevel: Creating play world package: /Game/PuzzleBP/Maps/UEDPIE_0_Login
[2018.12.01-02.32.53:070][ 82]LogPlayLevel: PIE: StaticDuplicateObject took: (0.000775s)
[2018.12.01-02.32.53:070][ 82]LogAIModule: Creating AISystem for world Login
[2018.12.01-02.32.53:070][ 82]LogPlayLevel: PIE: World Init took: (0.000551s)
[2018.12.01-02.32.53:071][ 82]LogPlayLevel: PIE: Created PIE world by copying editor world from /Game/PuzzleBP/Maps/Login.Login to /Game/PuzzleBP/Maps/UEDPIE_0_Login.Login (0.001551s)
[2018.12.01-02.32.53:082][ 82]LogInit: XAudio2 using '스피커(Realtek High Definition Audio)' : 2 channels at 48 kHz using 32 bits per sample (channel mask 0x3)
[2018.12.01-02.32.53:123][ 82]LogInit: FAudioDevice initialized.
[2018.12.01-02.32.53:195][ 82]LogLoad: Game class is 'PuzzleGameMode_C'
[2018.12.01-02.32.53:197][ 82]LogWorld: Bringing World /Game/PuzzleBP/Maps/UEDPIE_0_Login.Login up for play (max tick rate 60) at 2018.12.01-11.32.53
[2018.12.01-02.32.53:198][ 82]LogWorld: Bringing up level for play took: 0.000753
[2018.12.01-02.32.53:266][ 82]LogContentBrowser: Native class hierarchy updated for 'MovieSceneCapture' in 0.0003 seconds. Added 11 classes and 0 folders.
[2018.12.01-02.32.53:275][ 82]PIE: /Game/PuzzleBP/Maps/UEDPIE_0_Login 에 대한 에디터에서 플레이 시작 시간: -0.13
[2018.12.01-02.32.53:276][ 82]LogBlueprintUserMessages: Late PlayInEditor Detection: Level '/Game/PuzzleBP/Maps/Login.Login:PersistentLevel' has LevelScriptBlueprint '/Game/PuzzleBP/Maps/Login.Login:PersistentLevel.Login' with GeneratedClass '/Game/PuzzleBP/Maps/Login.Login_C' with ClassGeneratedBy '/Game/PuzzleBP/Maps/Login.Login:PersistentLevel.Login'
[2018.12.01-02.32.53:318][ 82]LogRenderer: Reallocating scene render targets to support 1292x756 Format 10 NumSamples 1 (Frame:1).
[2018.12.01-02.32.59:424][443]LogNet: Browse: /Game/PuzzleBP/Maps/MainMenu
[2018.12.01-02.32.59:425][443]LogLoad: LoadMap: /Game/PuzzleBP/Maps/MainMenu
[2018.12.01-02.32.59:867][443]LogAIModule: Creating AISystem for world MainMenu
[2018.12.01-02.32.59:867][443]LogLoad: Game class is 'PuzzleGameMode_C'
[2018.12.01-02.32.59:870][443]LogWorld: Bringing World /Game/PuzzleBP/Maps/UEDPIE_0_MainMenu.MainMenu up for play (max tick rate 60) at 2018.12.01-11.32.59
[2018.12.01-02.32.59:870][443]LogWorld: Bringing up level for play took: 0.000966
[2018.12.01-02.32.59:870][443]LogGameMode: FindPlayerStart: PATHS NOT DEFINED or NO PLAYERSTART with positive rating
[2018.12.01-02.32.59:878][443]LogScriptCore: Warning: Script Msg: Attempted to access index 0 from array 'CallFunc_GetAllWidgetsOfClass_FoundWidgets' of length 0 in '/Game/PuzzleBP/Blueprints/UI/학습장.학습장_C:ExecuteUbergraph_학습장'!
[2018.12.01-02.32.59:878][443]LogScriptCore: Warning: Script Msg: Attempted to access index 0 from array 'CallFunc_GetAllWidgetsOfClass_FoundWidgets' of length 0 in '/Game/PuzzleBP/Blueprints/UI/옵션창.옵션창_C:ExecuteUbergraph_옵션창'!
[2018.12.01-02.32.59:878][443]LogScriptCore: Warning: Script Msg: Attempted to access index 0 from array 'CallFunc_GetAllWidgetsOfClass_FoundWidgets' of length 0 in '/Game/PuzzleBP/Blueprints/UI/내정보창.내정보창_C:ExecuteUbergraph_내정보창'!
[2018.12.01-02.32.59:878][443]LogScriptCore: Warning: Script Msg: Attempted to access index 0 from array 'CallFunc_GetAllWidgetsOfClass_FoundWidgets' of length 0 in '/Game/PuzzleBP/Blueprints/UI/내아이템.내아이템_C:ExecuteUbergraph_내아이템'!
[2018.12.01-02.32.59:882][443]LogLoad: Took 0.457965 seconds to LoadMap(/Game/PuzzleBP/Maps/MainMenu)
[2018.12.01-02.33.05:965][804]LogBlueprintUserMessages: Early EndPlayMap Detection: Level '/Game/PuzzleBP/Maps/Login.Login:PersistentLevel' has LevelScriptBlueprint '/Game/PuzzleBP/Maps/Login.Login:PersistentLevel.Login' with GeneratedClass '/Game/PuzzleBP/Maps/Login.Login_C' with ClassGeneratedBy '/Game/PuzzleBP/Maps/Login.Login:PersistentLevel.Login'
[2018.12.01-02.33.06:030][804]LogBlueprintUserMessages: Late EndPlayMap Detection: Level '/Game/PuzzleBP/Maps/Login.Login:PersistentLevel' has LevelScriptBlueprint '/Game/PuzzleBP/Maps/Login.Login:PersistentLevel.Login' with GeneratedClass '/Game/PuzzleBP/Maps/Login.Login_C' with ClassGeneratedBy '/Game/PuzzleBP/Maps/Login.Login:PersistentLevel.Login'
[2018.12.01-02.33.08:148][921]LogWindowsTextInputMethodSystem: Display: IME system now activated using TSF (Microsoft 입력기).
[2018.12.01-02.33.08:411][922]Cmd: QUIT_EDITOR
[2018.12.01-02.33.08:768][922]LogExit: Preparing to exit.
[2018.12.01-02.33.09:760][922]LogDirectoryWatcher: A directory notification for 'C:/Users/user/Documents/GameGem/Content/' was aborted.
[2018.12.01-02.33.09:805][922]LogExit: Editor shut down
[2018.12.01-02.33.09:811][922]LogExit: Transaction tracking system shut down
[2018.12.01-02.33.09:982][922]LogDirectoryWatcher: A directory notification for '../../../Engine/Content/' was aborted.
[2018.12.01-02.33.09:982][922]LogDirectoryWatcher: A directory notification for '../../../../../../Users/user/Documents/GameGem/Content/' was aborted.
[2018.12.01-02.33.09:982][922]LogDirectoryWatcher: A directory notification for '../../../Engine/Plugins/2D/Paper2D/Content/' was aborted.
[2018.12.01-02.33.09:982][922]LogDirectoryWatcher: A directory notification for '../../../Engine/Plugins/Media/MediaCompositing/Content/' was aborted.
[2018.12.01-02.33.09:982][922]LogDirectoryWatcher: A directory notification for '../../../Engine/Plugins/Runtime/AppleARKit/Content/' was aborted.
[2018.12.01-02.33.09:982][922]LogDirectoryWatcher: A directory notification for '../../../Engine/Plugins/Runtime/Oculus/OculusVR/Content/' was aborted.
[2018.12.01-02.33.09:982][922]LogDirectoryWatcher: A directory notification for '../../../Engine/Plugins/Runtime/Steam/SteamVR/Content/' was aborted.
[2018.12.01-02.33.10:046][922]LogExit: Object subsystem successfully closed.
[2018.12.01-02.33.10:066][922]LogD3D11RHI: Shutdown
[2018.12.01-02.33.10:066][922]LogD3D11RHI: CleanupD3DDevice
[2018.12.01-02.33.10:068][922]LogD3D11RHI: ~FD3D11DynamicRHI
[2018.12.01-02.33.10:085][922]LogModuleManager: Shutting down and abandoning module MovieSceneCapture (550)
[2018.12.01-02.33.10:085][922]LogModuleManager: Shutting down and abandoning module HierarchicalLODOutliner (548)
[2018.12.01-02.33.10:086][922]LogModuleManager: Shutting down and abandoning module SceneOutliner (546)
[2018.12.01-02.33.10:086][922]LogModuleManager: Shutting down and abandoning module AddContentDialog (544)
[2018.12.01-02.33.10:086][922]LogDirectoryWatcher: A directory notification for 'C:/Program Files/Epic Games/UE_4.18/FeaturePacks/' was aborted.
[2018.12.01-02.33.10:089][922]LogModuleManager: Shutting down and abandoning module WidgetCarousel (543)
[2018.12.01-02.33.10:089][922]LogModuleManager: Shutting down and abandoning module EditorWidgets (540)
[2018.12.01-02.33.10:089][922]LogModuleManager: Shutting down and abandoning module CollectionManager (538)
[2018.12.01-02.33.10:089][922]LogDirectoryWatcher: A directory notification for 'C:/Users/user/Documents/GameGem/Content/Collections/' was aborted.
[2018.12.01-02.33.10:089][922]LogDirectoryWatcher: A directory notification for 'C:/Users/user/Documents/GameGem/Content/Developers/user/Collections/' was aborted.
[2018.12.01-02.33.10:089][922]LogDirectoryWatcher: A directory notification for 'C:/Users/user/Documents/GameGem/Saved/Collections/' was aborted.
[2018.12.01-02.33.10:089][922]LogModuleManager: Shutting down and abandoning module StatsViewer (536)
[2018.12.01-02.33.10:089][922]LogModuleManager: Shutting down and abandoning module FoliageEdit (534)
[2018.12.01-02.33.10:089][922]LogModuleManager: Shutting down and abandoning module LandscapeEditor (532)
[2018.12.01-02.33.10:089][922]LogModuleManager: Shutting down and abandoning module MeshPaintMode (530)
[2018.12.01-02.33.10:089][922]LogModuleManager: Shutting down and abandoning module SceneDepthPickerMode (528)
[2018.12.01-02.33.10:090][922]LogModuleManager: Shutting down and abandoning module ActorPickerMode (526)
[2018.12.01-02.33.10:090][922]LogModuleManager: Shutting down and abandoning module GeometryMode (524)
[2018.12.01-02.33.10:090][922]LogModuleManager: Shutting down and abandoning module TextureAlignMode (522)
[2018.12.01-02.33.10:090][922]LogModuleManager: Shutting down and abandoning module BspMode (520)
[2018.12.01-02.33.10:090][922]LogModuleManager: Shutting down and abandoning module PIEPreviewDeviceProfileSelector (518)
[2018.12.01-02.33.10:090][922]LogModuleManager: Shutting down and abandoning module HardwareSurvey (516)
[2018.12.01-02.33.10:090][922]LogModuleManager: Shutting down and abandoning module SequenceRecorderSections (514)
[2018.12.01-02.33.10:090][922]LogModuleManager: Shutting down and abandoning module AutomationWorker (512)
[2018.12.01-02.33.10:090][922]LogModuleManager: Shutting down and abandoning module MatineeToLevelSequence (510)
[2018.12.01-02.33.10:090][922]LogModuleManager: Shutting down and abandoning module LevelSequenceEditor (508)
[2018.12.01-02.33.10:090][922]LogModuleManager: Shutting down and abandoning module PlacementMode (507)
[2018.12.01-02.33.10:090][922]LogModuleManager: Shutting down and abandoning module WmfMediaFactory (504)
[2018.12.01-02.33.10:090][922]LogModuleManager: Shutting down and abandoning module WmfMediaEditor (502)
[2018.12.01-02.33.10:090][922]LogModuleManager: Shutting down and abandoning module OpenExrWrapper (500)
[2018.12.01-02.33.10:090][922]LogModuleManager: Shutting down and abandoning module ImgMediaFactory (498)
[2018.12.01-02.33.10:090][922]LogModuleManager: Shutting down and abandoning module ImgMediaEditor (496)
[2018.12.01-02.33.10:090][922]LogModuleManager: Shutting down and abandoning module AvfMediaFactory (494)
[2018.12.01-02.33.10:090][922]LogModuleManager: Shutting down and abandoning module AvfMediaEditor (492)
[2018.12.01-02.33.10:090][922]LogModuleManager: Shutting down and abandoning module AndroidMediaFactory (490)
[2018.12.01-02.33.10:090][922]LogModuleManager: Shutting down and abandoning module AndroidMediaEditor (488)
[2018.12.01-02.33.10:090][922]LogModuleManager: Shutting down and abandoning module CharacterAI (486)
[2018.12.01-02.33.10:090][922]LogModuleManager: Shutting down and abandoning module AudioCapture (484)
[2018.12.01-02.33.10:090][922]LogModuleManager: Shutting down and abandoning module SequenceRecorder (483)
[2018.12.01-02.33.10:090][922]LogModuleManager: Shutting down and abandoning module SmartSnapping (480)
[2018.12.01-02.33.10:090][922]LogModuleManager: Shutting down and abandoning module SessionServices (478)
[2018.12.01-02.33.10:090][922]LogModuleManager: Shutting down and abandoning module ViewportSnapping (476)
[2018.12.01-02.33.10:090][922]LogModuleManager: Shutting down and abandoning module ViewportInteraction (474)
[2018.12.01-02.33.10:090][922]LogModuleManager: Shutting down and abandoning module ClothPainter (472)
[2018.12.01-02.33.10:090][922]LogModuleManager: Shutting down and abandoning module SkeletalMeshEditor (471)
[2018.12.01-02.33.10:090][922]LogModuleManager: Shutting down and abandoning module LogVisualizer (468)
[2018.12.01-02.33.10:090][922]LogModuleManager: Shutting down and abandoning module IntroTutorials (466)
[2018.12.01-02.33.10:090][922]LogModuleManager: Shutting down and abandoning module GameProjectGeneration (465)
[2018.12.01-02.33.10:090][922]LogModuleManager: Shutting down and abandoning module IOSPlatformEditor (462)
[2018.12.01-02.33.10:090][922]LogModuleManager: Shutting down and abandoning module HTML5PlatformEditor (460)
[2018.12.01-02.33.10:090][922]LogModuleManager: Shutting down and abandoning module AndroidPlatformEditor (458)
[2018.12.01-02.33.10:090][922]LogModuleManager: Shutting down and abandoning module AndroidDeviceDetection (457)
[2018.12.01-02.33.10:706][922]LogModuleManager: Shutting down and abandoning module WindowsPlatformEditor (454)
[2018.12.01-02.33.10:706][922]LogModuleManager: Shutting down and abandoning module IOSRuntimeSettings (452)
[2018.12.01-02.33.10:707][922]LogModuleManager: Shutting down and abandoning module AndroidRuntimeSettings (450)
[2018.12.01-02.33.10:707][922]LogModuleManager: Shutting down and abandoning module InputBindingEditor (448)
[2018.12.01-02.33.10:707][922]LogModuleManager: Shutting down and abandoning module MergeActors (446)
[2018.12.01-02.33.10:707][922]LogModuleManager: Shutting down and abandoning module SizeMap (444)
[2018.12.01-02.33.10:707][922]LogModuleManager: Shutting down and abandoning module TreeMap (442)
[2018.12.01-02.33.10:707][922]LogModuleManager: Shutting down and abandoning module ReferenceViewer (440)
[2018.12.01-02.33.10:707][922]LogModuleManager: Shutting down and abandoning module LocalizationDashboard (438)
[2018.12.01-02.33.10:707][922]LogModuleManager: Shutting down and abandoning module LocalizationService (437)
[2018.12.01-02.33.10:707][922]LogModuleManager: Shutting down and abandoning module HardwareTargeting (434)
[2018.12.01-02.33.10:707][922]LogModuleManager: Shutting down and abandoning module DeviceProfileEditor (432)
[2018.12.01-02.33.10:707][922]LogModuleManager: Shutting down and abandoning module UndoHistory (430)
[2018.12.01-02.33.10:707][922]LogModuleManager: Shutting down and abandoning module XmlParser (428)
[2018.12.01-02.33.10:707][922]LogModuleManager: Shutting down and abandoning module Blutility (426)
[2018.12.01-02.33.10:707][922]LogModuleManager: Shutting down and abandoning module ProjectSettingsViewer (424)
[2018.12.01-02.33.10:707][922]LogModuleManager: Shutting down and abandoning module ProjectTargetPlatformEditor (423)
[2018.12.01-02.33.10:707][922]LogModuleManager: Shutting down and abandoning module EditorSettingsViewer (420)
[2018.12.01-02.33.10:707][922]LogModuleManager: Shutting down and abandoning module SettingsEditor (418)
[2018.12.01-02.33.10:707][922]LogModuleManager: Shutting down and abandoning module ProjectLauncher (416)
[2018.12.01-02.33.10:707][922]LogModuleManager: Shutting down and abandoning module SessionFrontend (414)
[2018.12.01-02.33.10:707][922]LogModuleManager: Shutting down and abandoning module ProfilerClient (412)
[2018.12.01-02.33.10:707][922]LogModuleManager: Shutting down and abandoning module DeviceManager (410)
[2018.12.01-02.33.10:707][922]LogModuleManager: Shutting down and abandoning module TargetDeviceServices (409)
[2018.12.01-02.33.10:759][922]LogModuleManager: Shutting down and abandoning module AutomationController (406)
[2018.12.01-02.33.10:759][922]LogModuleManager: Shutting down and abandoning module AutomationWindow (404)
[2018.12.01-02.33.10:759][922]LogModuleManager: Shutting down and abandoning module Layers (402)
[2018.12.01-02.33.10:759][922]LogModuleManager: Shutting down and abandoning module ComponentVisualizers (400)
[2018.12.01-02.33.10:759][922]LogModuleManager: Shutting down and abandoning module DetailCustomizations (398)
[2018.12.01-02.33.10:759][922]LogModuleManager: Shutting down and abandoning module PackagesDialog (396)
[2018.12.01-02.33.10:760][922]LogModuleManager: Shutting down and abandoning module Persona (394)
[2018.12.01-02.33.10:760][922]LogModuleManager: Shutting down and abandoning module AdvancedPreviewScene (393)
[2018.12.01-02.33.10:760][922]LogModuleManager: Shutting down and abandoning module AnimGraph (391)
[2018.12.01-02.33.10:760][922]LogModuleManager: Shutting down and abandoning module Kismet (388)
[2018.12.01-02.33.10:766][922]LogModuleManager: Shutting down and abandoning module ClassViewer (386)
[2018.12.01-02.33.10:766][922]LogModuleManager: Shutting down and abandoning module Toolbox (384)
[2018.12.01-02.33.10:766][922]LogModuleManager: Shutting down and abandoning module ModuleUI (382)
[2018.12.01-02.33.10:767][922]LogModuleManager: Shutting down and abandoning module MovieSceneTools (380)
[2018.12.01-02.33.10:767][922]LogModuleManager: Shutting down and abandoning module OutputLog (378)
[2018.12.01-02.33.10:767][922]LogModuleManager: Shutting down and abandoning module GammaUI (376)
[2018.12.01-02.33.10:767][922]LogModuleManager: Shutting down and abandoning module Documentation (374)
[2018.12.01-02.33.10:767][922]LogModuleManager: Shutting down and abandoning module MovieSceneTracks (372)
[2018.12.01-02.33.10:767][922]LogModuleManager: Shutting down and abandoning module MovieScene (370)
[2018.12.01-02.33.10:767][922]LogModuleManager: Shutting down and abandoning module StreamingPauseRendering (368)
[2018.12.01-02.33.10:767][922]LogModuleManager: Shutting down and abandoning module LauncherPlatform (366)
[2018.12.01-02.33.10:767][922]LogModuleManager: Shutting down and abandoning module AnalyticsET (364)
[2018.12.01-02.33.10:767][922]LogModuleManager: Shutting down and abandoning module PortalServices (362)
[2018.12.01-02.33.10:767][922]LogModuleManager: Shutting down and abandoning module PortalRpc (360)
[2018.12.01-02.33.10:767][922]LogModuleManager: Shutting down and abandoning module MessagingRpc (358)
[2018.12.01-02.33.10:767][922]LogModuleManager: Shutting down and abandoning module AIModule (356)
[2018.12.01-02.33.10:768][922]LogModuleManager: Shutting down and abandoning module GameplayDebugger (355)
[2018.12.01-02.33.10:768][922]LogModuleManager: Shutting down and abandoning module AITestSuite (353)
[2018.12.01-02.33.10:768][922]LogModuleManager: Shutting down and abandoning module DesktopPlatform (350)
[2018.12.01-02.33.10:768][922]LogModuleManager: Shutting down and abandoning module ProfilerService (348)
[2018.12.01-02.33.10:951][922]LogModuleManager: Shutting down and abandoning module TaskGraph (346)
[2018.12.01-02.33.10:951][922]LogModuleManager: Shutting down and abandoning module SteamVRController (344)
[2018.12.01-02.33.10:951][922]LogModuleManager: Shutting down and abandoning module ProceduralMeshComponentEditor (342)
[2018.12.01-02.33.10:951][922]LogModuleManager: Shutting down and abandoning module ProceduralMeshComponent (340)
[2018.12.01-02.33.10:951][922]LogModuleManager: Shutting down and abandoning module OculusInput (338)
[2018.12.01-02.33.10:951][922]LogModuleManager: Shutting down and abandoning module MobilePatchingUtils (336)
[2018.12.01-02.33.10:951][922]LogModuleManager: Shutting down and abandoning module CustomMeshComponent (334)
[2018.12.01-02.33.10:951][922]LogModuleManager: Shutting down and abandoning module CableComponent (332)
[2018.12.01-02.33.10:952][922]LogModuleManager: Shutting down and abandoning module ArchVisCharacter (330)
[2018.12.01-02.33.10:952][922]LogModuleManager: Shutting down and abandoning module AndroidPermission (328)
[2018.12.01-02.33.10:952][922]LogModuleManager: Shutting down and abandoning module ActorSequence (324)
[2018.12.01-02.33.10:952][922]LogModuleManager: Shutting down and abandoning module MediaPlayerEditor (322)
[2018.12.01-02.33.10:952][922]LogModuleManager: Shutting down and abandoning module MediaCompositingEditor (320)
[2018.12.01-02.33.10:952][922]LogModuleManager: Shutting down and abandoning module MediaCompositing (318)
[2018.12.01-02.33.10:952][922]LogModuleManager: Shutting down and abandoning module HTML5Networking (316)
[2018.12.01-02.33.10:952][922]LogModuleManager: Shutting down and abandoning module AlembicImporter (314)
[2018.12.01-02.33.10:952][922]LogModuleManager: Shutting down and abandoning module AlembicLibrary (313)
[2018.12.01-02.33.10:952][922]LogModuleManager: Shutting down and abandoning module GeometryCache (312)
[2018.12.01-02.33.10:952][922]LogModuleManager: Shutting down and abandoning module GeometryCacheEd (311)
[2018.12.01-02.33.10:952][922]LogModuleManager: Shutting down and abandoning module SpeedTreeImporter (306)
[2018.12.01-02.33.10:952][922]LogModuleManager: Shutting down and abandoning module PluginBrowser (304)
[2018.12.01-02.33.10:953][922]LogModuleManager: Shutting down and abandoning module MobileLauncherProfileWizard (302)
[2018.12.01-02.33.10:953][922]LogModuleManager: Shutting down and abandoning module VisualStudioSourceCodeAccess (300)
[2018.12.01-02.33.10:953][922]LogModuleManager: Shutting down and abandoning module VisualStudioCodeSourceCodeAccess (298)
[2018.12.01-02.33.10:953][922]LogModuleManager: Shutting down and abandoning module UObjectPlugin (296)
[2018.12.01-02.33.10:953][922]LogModuleManager: Shutting down and abandoning module SubversionSourceControl (294)
[2018.12.01-02.33.10:953][922]LogModuleManager: Shutting down and abandoning module PerforceSourceControl (292)
[2018.12.01-02.33.10:953][922]LogModuleManager: Shutting down and abandoning module GitSourceControl (290)
[2018.12.01-02.33.10:953][922]LogModuleManager: Shutting down and abandoning module SourceControl (289)
[2018.12.01-02.33.10:954][922]LogModuleManager: Shutting down and abandoning module LightPropagationVolumeEditor (286)
[2018.12.01-02.33.10:954][922]LogModuleManager: Shutting down and abandoning module PaperTiledImporter (284)
[2018.12.01-02.33.10:954][922]LogModuleManager: Shutting down and abandoning module PaperSpriteSheetImporter (282)
[2018.12.01-02.33.10:954][922]LogModuleManager: Shutting down and abandoning module Paper2DEditor (280)
[2018.12.01-02.33.10:954][922]LogModuleManager: Shutting down and abandoning module MeshPaint (279)
[2018.12.01-02.33.10:954][922]LogModuleManager: Shutting down and abandoning module LevelEditor (277)
[2018.12.01-02.33.10:956][922]LogModuleManager: Shutting down and abandoning module PixelInspectorModule (276)
[2018.12.01-02.33.10:956][922]LogModuleManager: Shutting down and abandoning module MainFrame (274)
[2018.12.01-02.33.10:957][922]LogModuleManager: Shutting down and abandoning module HotReload (273)
[2018.12.01-02.33.10:958][922]LogModuleManager: Shutting down and abandoning module RuntimePhysXCooking (268)
[2018.12.01-02.33.10:958][922]LogModuleManager: Shutting down and abandoning module PhysXVehiclesEditor (266)
[2018.12.01-02.33.10:958][922]LogModuleManager: Shutting down and abandoning module PhysXVehicles (264)
[2018.12.01-02.33.10:958][922]LogModuleManager: Shutting down and abandoning module OculusEditor (262)
[2018.12.01-02.33.10:958][922]LogModuleManager: Shutting down and abandoning module LocationServicesBPLibrary (260)
[2018.12.01-02.33.10:958][922]LogModuleManager: Shutting down and abandoning module ImmediatePhysicsEditor (258)
[2018.12.01-02.33.10:958][922]LogModuleManager: Shutting down and abandoning module ImmediatePhysics (256)
[2018.12.01-02.33.10:958][922]LogModuleManager: Shutting down and abandoning module UdpMessaging (254)
[2018.12.01-02.33.11:060][922]LogModuleManager: Shutting down and abandoning module TcpMessaging (252)
[2018.12.01-02.33.11:160][922]LogModuleManager: Shutting down and abandoning module GameplayTagsEditor (250)
[2018.12.01-02.33.11:160][922]LogModuleManager: Shutting down and abandoning module FacialAnimationEditor (248)
[2018.12.01-02.33.11:160][922]LogModuleManager: Shutting down and abandoning module FacialAnimation (246)
[2018.12.01-02.33.11:160][922]LogModuleManager: Shutting down and abandoning module AssetManagerEditor (244)
[2018.12.01-02.33.11:160][922]LogModuleManager: Shutting down and abandoning module GraphEditor (243)
[2018.12.01-02.33.11:160][922]LogModuleManager: Shutting down and abandoning module ContentBrowser (241)
[2018.12.01-02.33.11:163][922]LogModuleManager: Shutting down and abandoning module LightPropagationVolumeRuntime (238)
[2018.12.01-02.33.11:163][922]LogModuleManager: Shutting down and abandoning module Paper2D (236)
[2018.12.01-02.33.11:163][922]LogModuleManager: Shutting down and abandoning module WindowsMoviePlayer (234)
[2018.12.01-02.33.11:163][922]LogModuleManager: Shutting down and abandoning module WmfMedia (232)
[2018.12.01-02.33.11:169][922]LogModuleManager: Shutting down and abandoning module ImgMedia (230)
[2018.12.01-02.33.11:169][922]LogModuleManager: Shutting down and abandoning module PacketHandler (228)
[2018.12.01-02.33.11:169][922]LogModuleManager: Shutting down and abandoning module ClothingSystemEditor (226)
[2018.12.01-02.33.11:169][922]LogModuleManager: Shutting down and abandoning module ClothingSystemRuntime (224)
[2018.12.01-02.33.11:169][922]LogModuleManager: Shutting down and abandoning module MediaAssets (222)
[2018.12.01-02.33.11:169][922]LogModuleManager: Shutting down and abandoning module Media (221)
[2018.12.01-02.33.11:176][922]LogModuleManager: Shutting down and abandoning module Overlay (218)
[2018.12.01-02.33.11:176][922]LogModuleManager: Shutting down and abandoning module OverlayEditor (217)
[2018.12.01-02.33.11:176][922]LogModuleManager: Shutting down and abandoning module VREditor (214)
[2018.12.01-02.33.11:176][922]LogModuleManager: Shutting down and abandoning module StringTableEditor (212)
[2018.12.01-02.33.11:177][922]LogModuleManager: Shutting down and abandoning module GameplayTasksEditor (210)
[2018.12.01-02.33.11:177][922]LogModuleManager: Shutting down and abandoning module BehaviorTreeEditor (208)
[2018.12.01-02.33.11:177][922]LogModuleManager: Shutting down and abandoning module FunctionalTesting (206)
[2018.12.01-02.33.11:177][922]LogModuleManager: Shutting down and abandoning module CollisionAnalyzer (204)
[2018.12.01-02.33.11:177][922]LogModuleManager: Shutting down and abandoning module WorkspaceMenuStructure (203)
[2018.12.01-02.33.11:177][922]LogModuleManager: Shutting down and abandoning module UMG (200)
[2018.12.01-02.33.11:177][922]LogModuleManager: Shutting down and abandoning module UMGEditor (199)
[2018.12.01-02.33.11:177][922]LogModuleManager: Shutting down and abandoning module Sequencer (198)
[2018.12.01-02.33.11:177][922]LogModuleManager: Shutting down and abandoning module MessageLog (195)
[2018.12.01-02.33.11:178][922]LogModuleManager: Shutting down and abandoning module SlateReflector (190)
[2018.12.01-02.33.11:178][922]LogModuleManager: Shutting down and abandoning module Slate (188)
[2018.12.01-02.33.11:178][922]LogModuleManager: Shutting down and abandoning module EditorStyle (186)
[2018.12.01-02.33.11:186][922]LogModuleManager: Shutting down and abandoning module MRMesh (184)
[2018.12.01-02.33.11:186][922]LogModuleManager: Shutting down and abandoning module SourceCodeAccess (182)
[2018.12.01-02.33.11:186][922]LogModuleManager: Shutting down and abandoning module HeadMountedDisplay (180)
[2018.12.01-02.33.11:186][922]LogModuleManager: Shutting down and abandoning module XAudio2 (178)
[2018.12.01-02.33.11:186][922]LogModuleManager: Shutting down and abandoning module Networking (176)
[2018.12.01-02.33.11:186][922]LogModuleManager: Shutting down and abandoning module Core (172)
[2018.12.01-02.33.11:186][922]LogModuleManager: Shutting down and abandoning module LevelSequence (168)
[2018.12.01-02.33.11:186][922]LogModuleManager: Shutting down and abandoning module DirectoryWatcher (166)
[2018.12.01-02.33.11:188][922]LogModuleManager: Shutting down and abandoning module KismetCompiler (164)
[2018.12.01-02.33.11:188][922]LogModuleManager: Shutting down and abandoning module MeshUtilities (162)
[2018.12.01-02.33.11:188][922]LogModuleManager: Shutting down and abandoning module MeshMergeUtilities (161)
[2018.12.01-02.33.11:188][922]LogModuleManager: Shutting down and abandoning module MeshReductionInterface (160)
[2018.12.01-02.33.11:189][922]LogModuleManager: Shutting down and abandoning module SimplygonSwarm (159)
[2018.12.01-02.33.11:189][922]LogModuleManager: Shutting down and abandoning module SimplygonMeshReduction (157)
[2018.12.01-02.33.11:189][922]LogModuleManager: Shutting down and abandoning module QuadricMeshReduction (155)
[2018.12.01-02.33.11:189][922]LogModuleManager: Shutting down and abandoning module MaterialBaking (151)
[2018.12.01-02.33.11:189][922]LogModuleManager: Shutting down and abandoning module DerivedDataCache (148)
[2018.12.01-02.33.11:458][922]LogDerivedDataCache: Shutdown
[2018.12.01-02.33.11:458][922]LogModuleManager: Shutting down and abandoning module TargetPlatform (146)
[2018.12.01-02.33.11:458][922]LogModuleManager: Shutting down and abandoning module VulkanShaderFormat (145)
[2018.12.01-02.33.11:458][922]LogModuleManager: Shutting down and abandoning module ShaderFormatVectorVM (143)
[2018.12.01-02.33.11:458][922]LogModuleManager: Shutting down and abandoning module ShaderFormatOpenGL (141)
[2018.12.01-02.33.11:458][922]LogModuleManager: Shutting down and abandoning module ShaderFormatD3D (139)
[2018.12.01-02.33.11:458][922]LogModuleManager: Shutting down and abandoning module MetalShaderFormat (137)
[2018.12.01-02.33.11:458][922]LogModuleManager: Shutting down and abandoning module TextureFormatUncompressed (135)
[2018.12.01-02.33.11:458][922]LogModuleManager: Shutting down and abandoning module TextureFormatPVR (133)
[2018.12.01-02.33.11:458][922]LogModuleManager: Shutting down and abandoning module TextureFormatDXT (131)
[2018.12.01-02.33.11:458][922]LogModuleManager: Shutting down and abandoning module TextureFormatIntelISPCTexComp (129)
[2018.12.01-02.33.11:459][922]LogModuleManager: Shutting down and abandoning module TextureFormatASTC (127)
[2018.12.01-02.33.11:459][922]LogModuleManager: Shutting down and abandoning module ImageWrapper (126)
[2018.12.01-02.33.11:459][922]LogModuleManager: Shutting down and abandoning module TextureFormatAndroid (123)
[2018.12.01-02.33.11:459][922]LogModuleManager: Shutting down and abandoning module AudioFormatOpus (121)
[2018.12.01-02.33.11:459][922]LogModuleManager: Shutting down and abandoning module AudioFormatOgg (119)
[2018.12.01-02.33.11:459][922]LogModuleManager: Shutting down and abandoning module AudioFormatADPCM (117)
[2018.12.01-02.33.11:459][922]LogModuleManager: Shutting down and abandoning module LinuxTargetPlatform (115)
[2018.12.01-02.33.11:459][922]LogModuleManager: Shutting down and abandoning module LinuxServerTargetPlatform (113)
[2018.12.01-02.33.11:459][922]LogModuleManager: Shutting down and abandoning module LinuxNoEditorTargetPlatform (111)
[2018.12.01-02.33.11:459][922]LogModuleManager: Shutting down and abandoning module LinuxClientTargetPlatform (109)
[2018.12.01-02.33.11:459][922]LogModuleManager: Shutting down and abandoning module TVOSTargetPlatform (107)
[2018.12.01-02.33.11:459][922]LogModuleManager: Shutting down and abandoning module Messaging (105)
[2018.12.01-02.33.11:459][922]LogModuleManager: Shutting down and abandoning module IOSTargetPlatform (103)
[2018.12.01-02.33.11:459][922]LogModuleManager: Shutting down and abandoning module HTML5TargetPlatform (101)
[2018.12.01-02.33.11:460][922]LogModuleManager: Shutting down and abandoning module AndroidTargetPlatform (99)
[2018.12.01-02.33.11:460][922]LogModuleManager: Shutting down and abandoning module Android_PVRTCTargetPlatform (97)
[2018.12.01-02.33.11:460][922]LogModuleManager: Shutting down and abandoning module Android_MultiTargetPlatform (95)
[2018.12.01-02.33.11:460][922]LogModuleManager: Shutting down and abandoning module Android_ETC2TargetPlatform (93)
[2018.12.01-02.33.11:460][922]LogModuleManager: Shutting down and abandoning module Android_ETC1TargetPlatform (91)
[2018.12.01-02.33.11:460][922]LogModuleManager: Shutting down and abandoning module Android_DXTTargetPlatform (89)
[2018.12.01-02.33.11:460][922]LogModuleManager: Shutting down and abandoning module Android_ATCTargetPlatform (87)
[2018.12.01-02.33.11:460][922]LogModuleManager: Shutting down and abandoning module Android_ASTCTargetPlatform (85)
[2018.12.01-02.33.11:460][922]LogModuleManager: Shutting down and abandoning module WindowsTargetPlatform (83)
[2018.12.01-02.33.11:460][922]LogModuleManager: Shutting down and abandoning module WindowsServerTargetPlatform (81)
[2018.12.01-02.33.11:460][922]LogModuleManager: Shutting down and abandoning module WindowsNoEditorTargetPlatform (79)
[2018.12.01-02.33.11:460][922]LogModuleManager: Shutting down and abandoning module WindowsClientTargetPlatform (77)
[2018.12.01-02.33.11:460][922]LogModuleManager: Shutting down and abandoning module MacTargetPlatform (75)
[2018.12.01-02.33.11:460][922]LogModuleManager: Shutting down and abandoning module MacServerTargetPlatform (73)
[2018.12.01-02.33.11:460][922]LogModuleManager: Shutting down and abandoning module MacNoEditorTargetPlatform (71)
[2018.12.01-02.33.11:460][922]LogModuleManager: Shutting down and abandoning module MacClientTargetPlatform (69)
[2018.12.01-02.33.11:461][922]LogModuleManager: Shutting down and abandoning module AllDesktopTargetPlatform (67)
[2018.12.01-02.33.11:461][922]LogModuleManager: Shutting down and abandoning module InputCore (64)
[2018.12.01-02.33.11:461][922]LogModuleManager: Shutting down and abandoning module Settings (62)
[2018.12.01-02.33.11:461][922]LogModuleManager: Shutting down and abandoning module PhysXCooking (60)
[2018.12.01-02.33.11:461][922]LogModuleManager: Shutting down and abandoning module SteamVR (58)
[2018.12.01-02.33.11:461][922]LogModuleManager: Shutting down and abandoning module OculusHMD (56)
[2018.12.01-02.33.11:461][922]LogModuleManager: Shutting down and abandoning module ExampleDeviceProfileSelector (54)
[2018.12.01-02.33.11:461][922]LogModuleManager: Shutting down and abandoning module AppleARKit (52)
[2018.12.01-02.33.11:461][922]LogModuleManager: Shutting down and abandoning module AugmentedReality (51)
[2018.12.01-02.33.11:461][922]LogModuleManager: Shutting down and abandoning module OnlineBlueprintSupport (48)
[2018.12.01-02.33.11:461][922]LogModuleManager: Shutting down and abandoning module OnlineSubsystem (44)
[2018.12.01-02.33.11:461][922]LogModuleManager: Shutting down and abandoning module XMPP (43)
[2018.12.01-02.33.11:462][922]LogModuleManager: Shutting down and abandoning module HTTP (41)
[2018.12.01-02.33.11:462][922]LogHttp: Display: Http module shutting down, but needs to wait on 1 outstanding Http requests:
[2018.12.01-02.33.11:462][922]LogHttp: Display: 	verb=[POST] url=[https://datarouter.ol.epicgames.com/datarouter/api/v1/public/data?SessionID=%7BF77A5522-4F07-82BB-3FB5-4EBD4CFF78AF%7D&AppID=UEEditor.Rocket.Release&AppVersion=4.18.3-3832480%2B%2B%2BUE4%2BRelease-4.18&UserID=f7137da1488fc1e9dd0394aaa3f5f394%7Cfd159e6a22e842339ef246a1fe6d8531%7C1f121e9f-c652-4fb6-ae6e-2c3553388386&AppEnvironment=datacollector-binary&UploadType=eteventstream] status=Processing
[2018.12.01-02.33.11:468][922]LogModuleManager: Shutting down and abandoning module SSL (40)
[2018.12.01-02.33.11:471][922]LogModuleManager: Shutting down and abandoning module AnimationModifiers (36)
[2018.12.01-02.33.11:471][922]LogModuleManager: Shutting down and abandoning module PropertyEditor (35)
[2018.12.01-02.33.11:471][922]LogModuleManager: Shutting down and abandoning module AudioEditor (32)
[2018.12.01-02.33.11:471][922]LogModuleManager: Shutting down and abandoning module TextureCompressor (30)
[2018.12.01-02.33.11:472][922]LogModuleManager: Shutting down and abandoning module ShaderCore (28)
[2018.12.01-02.33.11:472][922]LogModuleManager: Shutting down and abandoning module Landscape (26)
[2018.12.01-02.33.11:472][922]LogModuleManager: Shutting down and abandoning module SlateRHIRenderer (24)
[2018.12.01-02.33.11:482][922]LogModuleManager: Shutting down and abandoning module OpenGLDrv (22)
[2018.12.01-02.33.11:482][922]LogModuleManager: Shutting down and abandoning module D3D11RHI (20)
[2018.12.01-02.33.11:482][922]LogModuleManager: Shutting down and abandoning module AnimGraphRuntime (18)
[2018.12.01-02.33.11:482][922]LogModuleManager: Shutting down and abandoning module Renderer (16)
[2018.12.01-02.33.11:482][922]LogModuleManager: Shutting down and abandoning module Engine (14)
[2018.12.01-02.33.11:482][922]LogModuleManager: Shutting down and abandoning module CoreUObject (12)
[2018.12.01-02.33.11:482][922]LogModuleManager: Shutting down and abandoning module NetworkFile (10)
[2018.12.01-02.33.11:482][922]LogModuleManager: Shutting down and abandoning module CookedIterativeFile (8)
[2018.12.01-02.33.11:482][922]LogModuleManager: Shutting down and abandoning module StreamingFile (6)
[2018.12.01-02.33.11:482][922]LogModuleManager: Shutting down and abandoning module SandboxFile (4)
[2018.12.01-02.33.11:483][922]LogModuleManager: Shutting down and abandoning module PakFile (2)
[2018.12.01-02.33.11:492][922]LogExit: Exiting.
[2018.12.01-02.33.11:522][922]Log file closed, 12/01/18 11:33:11
