Log file open, 11/27/18 21:57:47
LogWindows: Failed to load 'aqProf.dll' (GetLastError=126)
LogWindows: File 'aqProf.dll' does not exist
LogWindows: Failed to load 'VSPerf140.dll' (GetLastError=126)
LogWindows: File 'VSPerf140.dll' does not exist
LogWindows: Failed to load 'VtuneApi.dll' (GetLastError=126)
LogWindows: File 'VtuneApi.dll' does not exist
LogWindows: Failed to load 'VtuneApi32e.dll' (GetLastError=126)
LogWindows: File 'VtuneApi32e.dll' does not exist
LogInit: Display: Running engine for game: GameGem
LogPlatformFile: Not using cached read wrapper
LogInit: Display: RandInit(1153247567) SRandInit(1153247567).
LogInit: Read version file with build ID '3709383'
LogInit: Overriding engine version to CL 3832480, compatible CL 3709383
LogInit: Registered custom module enumerator with build ID '3709383'
LogTaskGraph: Started task graph with 5 named threads and 20 total threads with 3 sets of task threads.
LogStats: Stats thread started at 0.242174
LogD3D11RHI: Aftermath initialized
LogModuleManager: Display: Found up-to-date module file ../../../Engine/Plugins/2D/Paper2D/Binaries/Win64/UE4Editor-Paper2D.dll (API version 3709383).
LogModuleManager: Display: Found up-to-date module file ../../../Engine/Plugins/2D/Paper2D/Binaries/Win64/UE4Editor-Paper2DEditor.dll (API version 3709383).
LogModuleManager: Display: Found up-to-date module file ../../../Engine/Plugins/2D/Paper2D/Binaries/Win64/UE4Editor-PaperSpriteSheetImporter.dll (API version 3709383).
LogModuleManager: Display: Found up-to-date module file ../../../Engine/Plugins/2D/Paper2D/Binaries/Win64/UE4Editor-PaperTiledImporter.dll (API version 3709383).
LogModuleManager: Display: Found up-to-date module file ../../../Engine/Plugins/2D/Paper2D/Binaries/Win64/UE4Editor-SmartSnapping.dll (API version 3709383).
LogModuleManager: Display: Found up-to-date module file ../../../Engine/Plugins/Blendables/LightPropagationVolume/Binaries/Win64/UE4Editor-LightPropagationVolumeRuntime.dll (API version 3709383).
LogModuleManager: Display: Found up-to-date module file ../../../Engine/Plugins/Blendables/LightPropagationVolume/Binaries/Win64/UE4Editor-LightPropagationVolumeEditor.dll (API version 3709383).
LogModuleManager: Display: Found up-to-date module file ../../../Engine/Plugins/Developer/GitSourceControl/Binaries/Win64/UE4Editor-GitSourceControl.dll (API version 3709383).
LogModuleManager: Display: Found up-to-date module file ../../../Engine/Plugins/Developer/PerforceSourceControl/Binaries/Win64/UE4Editor-PerforceSourceControl.dll (API version 3709383).
LogModuleManager: Display: Found up-to-date module file ../../../Engine/Plugins/Developer/SubversionSourceControl/Binaries/Win64/UE4Editor-SubversionSourceControl.dll (API version 3709383).
LogModuleManager: Display: Found up-to-date module file ../../../Engine/Plugins/Developer/UObjectPlugin/Binaries/Win64/UE4Editor-UObjectPlugin.dll (API version 3709383).
LogModuleManager: Display: Found up-to-date module file ../../../Engine/Plugins/Developer/VisualStudioCodeSourceCodeAccess/Binaries/Win64/UE4Editor-VisualStudioCodeSourceCodeAccess.dll (API version 3709383).
LogModuleManager: Display: Found up-to-date module file ../../../Engine/Plugins/Developer/VisualStudioSourceCodeAccess/Binaries/Win64/UE4Editor-VisualStudioSourceCodeAccess.dll (API version 3709383).
LogModuleManager: Display: Found up-to-date module file ../../../Engine/Plugins/Editor/AssetManagerEditor/Binaries/Win64/UE4Editor-AssetManagerEditor.dll (API version 3709383).
LogModuleManager: Display: Found up-to-date module file ../../../Engine/Plugins/Editor/AudioCapture/Binaries/Win64/UE4Editor-AudioCapture.dll (API version 3709383).
LogModuleManager: Display: Found up-to-date module file ../../../Engine/Plugins/Editor/FacialAnimation/Binaries/Win64/UE4Editor-FacialAnimation.dll (API version 3709383).
LogModuleManager: Display: Found up-to-date module file ../../../Engine/Plugins/Editor/FacialAnimation/Binaries/Win64/UE4Editor-FacialAnimationEditor.dll (API version 3709383).
LogModuleManager: Display: Found up-to-date module file ../../../Engine/Plugins/Editor/GameplayTagsEditor/Binaries/Win64/UE4Editor-GameplayTagsEditor.dll (API version 3709383).
LogModuleManager: Display: Found up-to-date module file ../../../Engine/Plugins/Editor/MobileLauncherProfileWizard/Binaries/Win64/UE4Editor-MobileLauncherProfileWizard.dll (API version 3709383).
LogModuleManager: Display: Found up-to-date module file ../../../Engine/Plugins/Editor/PluginBrowser/Binaries/Win64/UE4Editor-PluginBrowser.dll (API version 3709383).
LogModuleManager: Display: Found up-to-date module file ../../../Engine/Plugins/Editor/SpeedTreeImporter/Binaries/Win64/UE4Editor-SpeedTreeImporter.dll (API version 3709383).
LogModuleManager: Display: Found up-to-date module file ../../../Engine/Plugins/Experimental/AlembicImporter/Binaries/Win64/UE4Editor-AlembicImporter.dll (API version 3709383).
LogModuleManager: Display: Found up-to-date module file ../../../Engine/Plugins/Experimental/AlembicImporter/Binaries/Win64/UE4Editor-AlembicLibrary.dll (API version 3709383).
LogModuleManager: Display: Found up-to-date module file ../../../Engine/Plugins/Experimental/CharacterAI/Binaries/Win64/UE4Editor-CharacterAI.dll (API version 3709383).
LogModuleManager: Display: Found up-to-date module file ../../../Engine/Plugins/Experimental/HTML5Networking/Binaries/Win64/UE4Editor-HTML5Networking.dll (API version 3709383).
LogModuleManager: Display: Found up-to-date module file ../../../Engine/Plugins/Media/AndroidMedia/Binaries/Win64/UE4Editor-AndroidMediaEditor.dll (API version 3709383).
LogModuleManager: Display: Found up-to-date module file ../../../Engine/Plugins/Media/AndroidMedia/Binaries/Win64/UE4Editor-AndroidMediaFactory.dll (API version 3709383).
LogModuleManager: Display: Found up-to-date module file ../../../Engine/Plugins/Media/AvfMedia/Binaries/Win64/UE4Editor-AvfMediaEditor.dll (API version 3709383).
LogModuleManager: Display: Found up-to-date module file ../../../Engine/Plugins/Media/AvfMedia/Binaries/Win64/UE4Editor-AvfMediaFactory.dll (API version 3709383).
LogModuleManager: Display: Found up-to-date module file ../../../Engine/Plugins/Media/AvfMedia/Binaries/Win64/UE4Editor-AvfMediaFactory.dll (API version 3709383).
LogModuleManager: Display: Found up-to-date module file ../../../Engine/Plugins/Media/ImgMedia/Binaries/Win64/UE4Editor-ImgMedia.dll (API version 3709383).
LogModuleManager: Display: Found up-to-date module file ../../../Engine/Plugins/Media/ImgMedia/Binaries/Win64/UE4Editor-ImgMediaEditor.dll (API version 3709383).
LogModuleManager: Display: Found up-to-date module file ../../../Engine/Plugins/Media/ImgMedia/Binaries/Win64/UE4Editor-ImgMediaFactory.dll (API version 3709383).
LogModuleManager: Display: Found up-to-date module file ../../../Engine/Plugins/Media/ImgMedia/Binaries/Win64/UE4Editor-ImgMediaFactory.dll (API version 3709383).
LogModuleManager: Display: Found up-to-date module file ../../../Engine/Plugins/Media/ImgMedia/Binaries/Win64/UE4Editor-OpenExrWrapper.dll (API version 3709383).
LogModuleManager: Display: Found up-to-date module file ../../../Engine/Plugins/Media/MediaCompositing/Binaries/Win64/UE4Editor-MediaCompositing.dll (API version 3709383).
LogModuleManager: Display: Found up-to-date module file ../../../Engine/Plugins/Media/MediaCompositing/Binaries/Win64/UE4Editor-MediaCompositingEditor.dll (API version 3709383).
LogModuleManager: Display: Found up-to-date module file ../../../Engine/Plugins/Media/MediaPlayerEditor/Binaries/Win64/UE4Editor-MediaPlayerEditor.dll (API version 3709383).
LogModuleManager: Display: Found up-to-date module file ../../../Engine/Plugins/Media/WmfMedia/Binaries/Win64/UE4Editor-WmfMedia.dll (API version 3709383).
LogModuleManager: Display: Found up-to-date module file ../../../Engine/Plugins/Media/WmfMedia/Binaries/Win64/UE4Editor-WmfMediaEditor.dll (API version 3709383).
LogModuleManager: Display: Found up-to-date module file ../../../Engine/Plugins/Media/WmfMedia/Binaries/Win64/UE4Editor-WmfMediaFactory.dll (API version 3709383).
LogModuleManager: Display: Found up-to-date module file ../../../Engine/Plugins/Media/WmfMedia/Binaries/Win64/UE4Editor-WmfMediaFactory.dll (API version 3709383).
LogModuleManager: Display: Found up-to-date module file ../../../Engine/Plugins/Messaging/TcpMessaging/Binaries/Win64/UE4Editor-TcpMessaging.dll (API version 3709383).
LogModuleManager: Display: Found up-to-date module file ../../../Engine/Plugins/Messaging/UdpMessaging/Binaries/Win64/UE4Editor-UdpMessaging.dll (API version 3709383).
LogModuleManager: Display: Found up-to-date module file ../../../Engine/Plugins/MovieScene/ActorSequence/Binaries/Win64/UE4Editor-ActorSequence.dll (API version 3709383).
LogModuleManager: Display: Found up-to-date module file ../../../Engine/Plugins/MovieScene/LevelSequenceEditor/Binaries/Win64/UE4Editor-LevelSequenceEditor.dll (API version 3709383).
LogModuleManager: Display: Found up-to-date module file ../../../Engine/Plugins/MovieScene/MatineeToLevelSequence/Binaries/Win64/UE4Editor-MatineeToLevelSequence.dll (API version 3709383).
LogModuleManager: Display: Found up-to-date module file ../../../Engine/Plugins/Online/OnlineSubsystem/Binaries/Win64/UE4Editor-OnlineSubsystem.dll (API version 3709383).
LogModuleManager: Display: Found up-to-date module file ../../../Engine/Plugins/Runtime/AndroidPermission/Binaries/Win64/UE4Editor-AndroidPermission.dll (API version 3709383).
LogModuleManager: Display: Found up-to-date module file ../../../Engine/Plugins/Online/OnlineSubsystemNull/Binaries/Win64/UE4Editor-OnlineSubsystemNull.dll (API version 3709383).
LogModuleManager: Display: Found up-to-date module file ../../../Engine/Plugins/Online/OnlineSubsystemUtils/Binaries/Win64/UE4Editor-OnlineSubsystemUtils.dll (API version 3709383).
LogModuleManager: Display: Found up-to-date module file ../../../Engine/Plugins/Online/OnlineSubsystemUtils/Binaries/Win64/UE4Editor-OnlineBlueprintSupport.dll (API version 3709383).
LogModuleManager: Display: Found up-to-date module file ../../../Engine/Plugins/Runtime/AndroidDeviceProfileSelector/Binaries/Win64/UE4Editor-AndroidDeviceProfileSelector.dll (API version 3709383).
LogModuleManager: Display: Found up-to-date module file ../../../Engine/Plugins/Runtime/AppleARKit/Binaries/Win64/UE4Editor-AppleARKit.dll (API version 3709383).
LogModuleManager: Display: Found up-to-date module file ../../../Engine/Plugins/Runtime/ArchVisCharacter/Binaries/Win64/UE4Editor-ArchVisCharacter.dll (API version 3709383).
LogModuleManager: Display: Found up-to-date module file ../../../Engine/Plugins/Runtime/CableComponent/Binaries/Win64/UE4Editor-CableComponent.dll (API version 3709383).
LogModuleManager: Display: Found up-to-date module file ../../../Engine/Plugins/Runtime/CustomMeshComponent/Binaries/Win64/UE4Editor-CustomMeshComponent.dll (API version 3709383).
LogModuleManager: Display: Found up-to-date module file ../../../Engine/Plugins/Runtime/ExampleDeviceProfileSelector/Binaries/Win64/UE4Editor-ExampleDeviceProfileSelector.dll (API version 3709383).
LogModuleManager: Display: Found up-to-date module file ../../../Engine/Plugins/Runtime/ImmediatePhysics/Binaries/Win64/UE4Editor-ImmediatePhysics.dll (API version 3709383).
LogModuleManager: Display: Found up-to-date module file ../../../Engine/Plugins/Runtime/ImmediatePhysics/Binaries/Win64/UE4Editor-ImmediatePhysicsEditor.dll (API version 3709383).
LogModuleManager: Display: Found up-to-date module file ../../../Engine/Plugins/Runtime/LocationServicesBPLibrary/Binaries/Win64/UE4Editor-LocationServicesBPLibrary.dll (API version 3709383).
LogModuleManager: Display: Found up-to-date module file ../../../Engine/Plugins/Runtime/MobilePatchingUtils/Binaries/Win64/UE4Editor-MobilePatchingUtils.dll (API version 3709383).
LogModuleManager: Display: Found up-to-date module file ../../../Engine/Plugins/Runtime/Oculus/OculusVR/Binaries/Win64/UE4Editor-OculusHMD.dll (API version 3709383).
LogModuleManager: Display: Found up-to-date module file ../../../Engine/Plugins/Runtime/Oculus/OculusVR/Binaries/Win64/UE4Editor-OculusInput.dll (API version 3709383).
LogModuleManager: Display: Found up-to-date module file ../../../Engine/Plugins/Runtime/Oculus/OculusVR/Binaries/Win64/UE4Editor-OculusEditor.dll (API version 3709383).
LogModuleManager: Display: Found up-to-date module file ../../../Engine/Plugins/Runtime/PhysXVehicles/Binaries/Win64/UE4Editor-PhysXVehicles.dll (API version 3709383).
LogModuleManager: Display: Found up-to-date module file ../../../Engine/Plugins/Runtime/PhysXVehicles/Binaries/Win64/UE4Editor-PhysXVehiclesEditor.dll (API version 3709383).
LogModuleManager: Display: Found up-to-date module file ../../../Engine/Plugins/Runtime/ProceduralMeshComponent/Binaries/Win64/UE4Editor-ProceduralMeshComponent.dll (API version 3709383).
LogModuleManager: Display: Found up-to-date module file ../../../Engine/Plugins/Runtime/ProceduralMeshComponent/Binaries/Win64/UE4Editor-ProceduralMeshComponentEditor.dll (API version 3709383).
LogModuleManager: Display: Found up-to-date module file ../../../Engine/Plugins/Runtime/RuntimePhysXCooking/Binaries/Win64/UE4Editor-RuntimePhysXCooking.dll (API version 3709383).
LogModuleManager: Display: Found up-to-date module file ../../../Engine/Plugins/Runtime/Steam/SteamVR/Binaries/Win64/UE4Editor-SteamVR.dll (API version 3709383).
LogModuleManager: Display: Found up-to-date module file ../../../Engine/Plugins/Runtime/Steam/SteamVR/Binaries/Win64/UE4Editor-SteamVRController.dll (API version 3709383).
LogModuleManager: Display: Found up-to-date module file ../../../Engine/Plugins/Runtime/WindowsMoviePlayer/Binaries/Win64/UE4Editor-WindowsMoviePlayer.dll (API version 3709383).
LogPluginManager: Mounting plugin Paper2D
LogPluginManager: Mounting plugin LightPropagationVolume
LogPluginManager: Mounting plugin CodeLiteSourceCodeAccess
LogPluginManager: Mounting plugin GitSourceControl
LogPluginManager: Mounting plugin KDevelopSourceCodeAccess
LogPluginManager: Mounting plugin NullSourceCodeAccess
LogPluginManager: Mounting plugin PerforceSourceControl
LogPluginManager: Mounting plugin SubversionSourceControl
LogPluginManager: Mounting plugin UObjectPlugin
LogPluginManager: Mounting plugin VisualStudioCodeSourceCodeAccess
LogPluginManager: Mounting plugin VisualStudioSourceCodeAccess
LogPluginManager: Mounting plugin XCodeSourceCodeAccess
LogPluginManager: Mounting plugin AssetManagerEditor
LogPluginManager: Mounting plugin AudioCapture
LogPluginManager: Mounting plugin FacialAnimation
LogPluginManager: Mounting plugin GameplayTagsEditor
LogPluginManager: Mounting plugin MobileLauncherProfileWizard
LogPluginManager: Mounting plugin PluginBrowser
LogPluginManager: Mounting plugin SpeedTreeImporter
LogPluginManager: Mounting plugin AlembicImporter
LogPluginManager: Mounting plugin CharacterAI
LogPluginManager: Mounting plugin HTML5Networking
LogPluginManager: Mounting plugin AndroidMedia
LogPluginManager: Mounting plugin AvfMedia
LogPluginManager: Mounting plugin ImgMedia
LogPluginManager: Mounting plugin MediaCompositing
LogPluginManager: Mounting plugin MediaPlayerEditor
LogPluginManager: Mounting plugin WmfMedia
LogPluginManager: Mounting plugin TcpMessaging
LogPluginManager: Mounting plugin UdpMessaging
LogPluginManager: Mounting plugin ActorSequence
LogPluginManager: Mounting plugin LevelSequenceEditor
LogPluginManager: Mounting plugin MatineeToLevelSequence
LogPluginManager: Mounting plugin OnlineSubsystemGooglePlay
LogPluginManager: Mounting plugin OnlineSubsystemIOS
LogPluginManager: Mounting plugin OnlineSubsystem
LogPluginManager: Mounting plugin OnlineSubsystemNull
LogPluginManager: Mounting plugin OnlineSubsystemUtils
LogPluginManager: Mounting plugin AndroidDeviceProfileSelector
LogPluginManager: Mounting plugin AndroidMoviePlayer
LogPluginManager: Mounting plugin AndroidPermission
LogPluginManager: Mounting plugin AppleARKit
LogPluginManager: Mounting plugin AppleMoviePlayer
LogPluginManager: Mounting plugin ArchVisCharacter
LogPluginManager: Mounting plugin CableComponent
LogPluginManager: Mounting plugin CustomMeshComponent
LogPluginManager: Mounting plugin ExampleDeviceProfileSelector
LogPluginManager: Mounting plugin GoogleCloudMessaging
LogPluginManager: Mounting plugin ImmediatePhysics
LogPluginManager: Mounting plugin IOSDeviceProfileSelector
LogPluginManager: Mounting plugin LinuxDeviceProfileSelector
LogPluginManager: Mounting plugin LocationServicesBPLibrary
LogPluginManager: Mounting plugin MobilePatchingUtils
LogPluginManager: Mounting plugin OculusVR
LogPluginManager: Plugin shader directory ../../../Engine/Plugins/Runtime/Oculus/OculusVR/Shaders found
LogPluginManager: Mapping shader source directory ../../../Engine/Plugins/Runtime/Oculus/OculusVR/Shaders to virtual directory /Plugin/OculusVR
LogPluginManager: Mounting plugin PhysXVehicles
LogPluginManager: Mounting plugin ProceduralMeshComponent
LogPluginManager: Mounting plugin RuntimePhysXCooking
LogPluginManager: Mounting plugin SteamVR
LogPluginManager: Mounting plugin WindowsMoviePlayer
LogInit: Using libcurl 7.47.1
LogInit:  - built for x86_64-pc-win32
LogInit:  - supports SSL with OpenSSL/1.0.2g
LogInit:  - supports HTTP deflate (compression) using libz 1.2.8
LogInit:  - other features:
LogInit:      CURL_VERSION_SSL
LogInit:      CURL_VERSION_LIBZ
LogInit:      CURL_VERSION_IPV6
LogInit:      CURL_VERSION_ASYNCHDNS
LogInit:      CURL_VERSION_LARGEFILE
LogInit:      CURL_VERSION_IDN
LogInit:  CurlRequestOptions (configurable via config and command line):
LogInit:  - bVerifyPeer = false  - Libcurl will NOT verify peer certificate
LogInit:  - bUseHttpProxy = false  - Libcurl will NOT use HTTP proxy
LogInit:  - bDontReuseConnections = false  - Libcurl will reuse connections
LogInit:  - CertBundlePath = nullptr  - Libcurl will use whatever was configured at build time.
LogInit: Build: ++UE4+Release-4.18-CL-3832480
LogInit: Engine Version: 4.18.3-3832480+++UE4+Release-4.18
LogInit: Compatible Engine Version: 4.18.0-3709383+++UE4+Release-4.18
LogInit: Net CL: 3709383
LogDevObjectVersion: Number of dev versions registered: 16
LogDevObjectVersion:   Dev-Blueprints (B0D832E4-1F89-4F0D-ACCF-7EB736FD4AA2): 10
LogDevObjectVersion:   Dev-Build (E1C64328-A22C-4D53-A36C-8E866417BD8C): 0
LogDevObjectVersion:   Dev-Core (375EC13C-06E4-48FB-B500-84F0262A717E): 2
LogDevObjectVersion:   Dev-Editor (E4B068ED-F494-42E9-A231-DA0B2E46BB41): 20
LogDevObjectVersion:   Dev-Framework (CFFC743F-43B0-4480-9391-14DF171D2073): 30
LogDevObjectVersion:   Dev-Mobile (B02B49B5-BB20-44E9-A304-32B752E40360): 0
LogDevObjectVersion:   Dev-Networking (A4E4105C-59A1-49B5-A7C5-40C4547EDFEE): 0
LogDevObjectVersion:   Dev-Online (39C831C9-5AE6-47DC-9A44-9C173E1C8E7C): 0
LogDevObjectVersion:   Dev-Physics (78F01B33-EBEA-4F98-B9B4-84EACCB95AA2): 0
LogDevObjectVersion:   Dev-Platform (6631380F-2D4D-43E0-8009-CF276956A95A): 0
LogDevObjectVersion:   Dev-Rendering (12F88B9F-8875-4AFC-A67C-D90C383ABD29): 20
LogDevObjectVersion:   Dev-Sequencer (7B5AE74C-D270-4C10-A958-57980B212A5A): 4
LogDevObjectVersion:   Dev-VR (D7296918-1DD6-4BDD-9DE2-64A83CC13884): 0
LogDevObjectVersion:   Dev-LoadTimes (C2A15278-BFE7-4AFE-6C17-90FF531DF755): 1
LogDevObjectVersion:   Private-Geometry (6EACA3D4-40EC-4CC1-B786-8BED09428FC5): 1
LogDevObjectVersion:   Dev-AnimPhys (29E575DD-E0A3-4627-9D10-D276232CDCEA): 12
LogInit: Compiled (64-bit): Jan 12 2018 02:04:55
LogInit: Compiled with Visual C++: 19.00.24215.01
LogInit: Build Configuration: Development
LogInit: Branch Name: ++UE4+Release-4.18
LogInit: Command line:  
LogInit: Base directory: C:/Program Files/Epic Games/UE_4.18/Engine/Binaries/Win64/
LogInit: Installed Engine Build: 1
LogInit: Presizing for max 8388607 objects, including 0 objects not considered by GC, pre-allocating 0 bytes for permanent pool.
LogInit: Object subsystem initialized
[2018.11.27-12.57.49:590][  0]LogInit: Selected Device Profile: [Windows]
[2018.11.27-12.57.49:590][  0]LogInit: Applying CVar settings loaded from the selected device profile: [Windows]
[2018.11.27-12.57.49:609][  0]LogInit: Computer: DESKTOP-OCEV6JO
[2018.11.27-12.57.49:609][  0]LogInit: User: joono
[2018.11.27-12.57.49:609][  0]LogInit: CPU Page size=4096, Cores=6
[2018.11.27-12.57.49:609][  0]LogInit: High frequency timer resolution =2.742189 MHz
[2018.11.27-12.57.49:609][  0]LogMemory: Memory total: Physical=15.9GB (16GB approx)
[2018.11.27-12.57.49:609][  0]LogMemory: Platform Memory Stats for Windows
[2018.11.27-12.57.49:609][  0]LogMemory: Process Physical Memory: 273.20 MB used, 273.20 MB peak
[2018.11.27-12.57.49:609][  0]LogMemory: Process Virtual Memory: 265.17 MB used, 265.17 MB peak
[2018.11.27-12.57.49:609][  0]LogMemory: Physical Memory: 6436.84 MB used,  9889.83 MB free, 16326.67 MB total
[2018.11.27-12.57.49:609][  0]LogMemory: Virtual Memory: 4778.54 MB used,  9889.83 MB free, 134217728.00 MB total
[2018.11.27-12.57.49:836][  0]LogInit: Using OS detected language (ko-KR).
[2018.11.27-12.57.49:836][  0]LogInit: Using OS detected locale (ko-KR).
[2018.11.27-12.57.49:884][  0]LogTextLocalizationManager: No specific localization for 'ko-KR' exists, so the 'ko' localization will be used.
[2018.11.27-12.57.50:070][  0]LogInit: Setting process to per monitor DPI aware
[2018.11.27-12.57.52:074][  0]LogD3D11RHI: D3D11 adapters:
[2018.11.27-12.57.52:142][  0]LogD3D11RHI:    0. 'NVIDIA GeForce GTX 1050' (Feature Level 11_0)
[2018.11.27-12.57.52:142][  0]LogD3D11RHI:       1987/0/8163 MB DedicatedVideo/DedicatedSystem/SharedSystem, Outputs:2, VendorId:0x10de
[2018.11.27-12.57.52:144][  0]LogD3D11RHI:    1. 'Microsoft Basic Render Driver' (Feature Level 11_0)
[2018.11.27-12.57.52:144][  0]LogD3D11RHI:       0/0/8163 MB DedicatedVideo/DedicatedSystem/SharedSystem, Outputs:0, VendorId:0x1414
[2018.11.27-12.57.52:144][  0]LogD3D11RHI: Chosen D3D11 Adapter: 0
[2018.11.27-12.57.52:150][  0]LogD3D11RHI: Creating new Direct3DDevice
[2018.11.27-12.57.52:150][  0]LogD3D11RHI:     GPU DeviceId: 0x1c81 (for the marketing name, search the web for "GPU Device Id")
[2018.11.27-12.57.52:150][  0]LogWindows: EnumDisplayDevices:
[2018.11.27-12.57.52:150][  0]LogWindows:    0. 'NVIDIA GeForce GTX 1050' (P:1 D:1)
[2018.11.27-12.57.52:151][  0]LogWindows:    1. 'NVIDIA GeForce GTX 1050' (P:0 D:1)
[2018.11.27-12.57.52:151][  0]LogWindows:    2. 'NVIDIA GeForce GTX 1050' (P:0 D:0)
[2018.11.27-12.57.52:152][  0]LogWindows:    3. 'NVIDIA GeForce GTX 1050' (P:0 D:0)
[2018.11.27-12.57.52:152][  0]LogWindows: DebugString: GetVideoDriverDetailsInvalid PrimaryIsNotTheChoosenAdapter GetVideoDriverDetailsInvalid PrimaryIsNotTheChoosenAdapter GetVideoDriverDetailsInvalid PrimaryIsNotTheChoosenAdapter GetVideoDriverDetailsInvalid PrimaryIsNotTheChoosenAdapter FoundDriverCount:0 
[2018.11.27-12.57.52:152][  0]LogD3D11RHI:     Adapter Name: NVIDIA GeForce GTX 1050
[2018.11.27-12.57.52:152][  0]LogD3D11RHI:   Driver Version: Unknown (internal:Unknown, unified:Unknown)
[2018.11.27-12.57.52:152][  0]LogD3D11RHI:      Driver Date: Unknown
[2018.11.27-12.57.52:152][  0]LogRHI: Texture pool is 1391 MB (70% of 1987 MB)
[2018.11.27-12.57.52:176][  0]LogD3D11RHI: Async texture creation enabled
[2018.11.27-12.57.52:190][  0]LogD3D11RHI: GPU Timing Frequency: 1000.000000 (Debug: 2 1)
[2018.11.27-12.57.52:300][  0]LogShaderCompilers: Guid format shader working directory is -34 characters bigger than the processId version (../../../../../../Users/joono/OneDrive/Documents/Unreal Projects/GameGem/GameGem/Intermediate/Shaders/WorkingDirectory/1592/).
[2018.11.27-12.57.52:301][  0]LogShaderCompilers: Cleaned the shader compiler working directory 'C:/Users/joono/AppData/Local/Temp/UnrealShaderWorkingDir/6D80AF4F4E608E719ADDA48922466D5F/'.
[2018.11.27-12.57.52:301][  0]LogShaderCompilers: Display: Using Local Shader Compiler.
[2018.11.27-12.57.54:035][  0]LogTemp: Display: Loaded TP AllDesktopTargetPlatform
[2018.11.27-12.57.54:107][  0]LogTemp: Display: Loaded TP MacClientTargetPlatform
[2018.11.27-12.57.54:180][  0]LogTemp: Display: Loaded TP MacNoEditorTargetPlatform
[2018.11.27-12.57.54:253][  0]LogTemp: Display: Loaded TP MacServerTargetPlatform
[2018.11.27-12.57.54:330][  0]LogTemp: Display: Loaded TP MacTargetPlatform
[2018.11.27-12.57.54:402][  0]LogTemp: Display: Loaded TP WindowsClientTargetPlatform
[2018.11.27-12.57.54:472][  0]LogTemp: Display: Loaded TP WindowsNoEditorTargetPlatform
[2018.11.27-12.57.54:543][  0]LogTemp: Display: Loaded TP WindowsServerTargetPlatform
[2018.11.27-12.57.54:610][  0]LogTemp: Display: Loaded TP WindowsTargetPlatform
[2018.11.27-12.57.54:681][  0]LogTemp: Display: Loaded TP Android_ASTCTargetPlatform
[2018.11.27-12.57.54:752][  0]LogTemp: Display: Loaded TP Android_ATCTargetPlatform
[2018.11.27-12.57.54:822][  0]LogTemp: Display: Loaded TP Android_DXTTargetPlatform
[2018.11.27-12.57.54:894][  0]LogTemp: Display: Loaded TP Android_ETC1TargetPlatform
[2018.11.27-12.57.54:965][  0]LogTemp: Display: Loaded TP Android_ETC2TargetPlatform
[2018.11.27-12.57.55:109][  0]LogTemp: Display: Loaded TP Android_MultiTargetPlatform
[2018.11.27-12.57.55:109][  0]LogTemp: Display: Loaded TP Android_PVRTCTargetPlatform
[2018.11.27-12.57.55:184][  0]LogTemp: Display: Loaded TP AndroidTargetPlatform
[2018.11.27-12.57.55:245][  0]LogTemp: Display: Loaded TP HTML5TargetPlatform
[2018.11.27-12.57.55:372][  0]LogTemp: Display: Loaded TP IOSTargetPlatform
[2018.11.27-12.57.55:408][  0]LogTemp: Display: Loaded TP TVOSTargetPlatform
[2018.11.27-12.57.55:478][  0]LogTemp: Display: Loaded TP LinuxClientTargetPlatform
[2018.11.27-12.57.55:549][  0]LogTemp: Display: Loaded TP LinuxNoEditorTargetPlatform
[2018.11.27-12.57.55:620][  0]LogTemp: Display: Loaded TP LinuxServerTargetPlatform
[2018.11.27-12.57.55:694][  0]LogTemp: Display: Loaded TP LinuxTargetPlatform
[2018.11.27-12.57.55:694][  0]LogTargetPlatformManager: Display: Building Assets For Windows
[2018.11.27-12.57.56:412][  0]LogDerivedDataCache: Display: Max Cache Size: 512 MB
[2018.11.27-12.57.56:475][  0]LogDerivedDataCache: Loaded boot cache 0.06s 78MB C:/Users/joono/AppData/Local/UnrealEngine/4.18/DerivedDataCache/Boot.ddc.
[2018.11.27-12.57.56:475][  0]LogDerivedDataCache: Display: Loaded Boot cache: C:/Users/joono/AppData/Local/UnrealEngine/4.18/DerivedDataCache/Boot.ddc
[2018.11.27-12.57.56:475][  0]LogDerivedDataCache: FDerivedDataBackendGraph:  Pak pak cache file ../../../../../../Users/joono/OneDrive/Documents/Unreal Projects/GameGem/GameGem/DerivedDataCache/DDC.ddp not found, will not use a pak cache.
[2018.11.27-12.57.56:475][  0]LogDerivedDataCache: Unable to find inner node Pak for hierarchical cache Hierarchy.
[2018.11.27-12.57.56:475][  0]LogDerivedDataCache: FDerivedDataBackendGraph:  CompressedPak pak cache file ../../../../../../Users/joono/OneDrive/Documents/Unreal Projects/GameGem/GameGem/DerivedDataCache/Compressed.ddp not found, will not use a pak cache.
[2018.11.27-12.57.56:475][  0]LogDerivedDataCache: Unable to find inner node CompressedPak for hierarchical cache Hierarchy.
[2018.11.27-12.57.56:494][  0]LogDerivedDataCache: Display: Pak cache opened for reading ../../../Engine/DerivedDataCache/Compressed.ddp.
[2018.11.27-12.57.56:506][  0]LogDerivedDataCache: Using Local data cache path C:/Users/joono/AppData/Local/UnrealEngine/Common/DerivedDataCache: Writable
[2018.11.27-12.57.56:514][  0]LogMaterial: Verifying Global Shaders for PCD3D_SM5
[2018.11.27-12.57.56:514][  0]LogSlate: Using Freetype 2.6.0
[2018.11.27-12.57.56:522][  0]LogSlate: SlateFontCache - WITH_FREETYPE: 1, WITH_HARFBUZZ: 1
[2018.11.27-12.57.56:522][  0]LogSlate: SlateFontCache - WITH_FREETYPE: 1, WITH_HARFBUZZ: 1
[2018.11.27-12.57.56:961][  0]LogInit: Selected Device Profile: [Windows]
[2018.11.27-12.57.57:424][  0]LogSimplygon: Simplygon DLL not present - disabling.
[2018.11.27-12.57.57:487][  0]LogMeshReduction: Using SimplygonSwarm for distributed automatic mesh merging
[2018.11.27-12.57.57:487][  0]LogMeshReduction: Using QuadricMeshReduction for automatic static mesh reduction
[2018.11.27-12.57.57:487][  0]LogMeshReduction: No automatic skeletal mesh reduction module available
[2018.11.27-12.57.57:487][  0]LogMeshReduction: No automatic mesh merging module available
[2018.11.27-12.57.57:487][  0]LogMeshMerging: No automatic mesh merging module available
[2018.11.27-12.57.57:526][  0]LogNetVersion: GameGem , NetCL: 3709383, EngineNetVer: 2, GameNetVer: 0 (Checksum: 882068137)
[2018.11.27-12.57.57:720][  0]LogAssetRegistry: FAssetRegistry took 0.0257 seconds to start up
[2018.11.27-12.57.58:289][  0]LogPackageLocalizationCache: Processed 7 localized package path(s) for 2 prioritized culture(s) in 0.063700 seconds
[2018.11.27-12.57.58:294][  0]LogUObjectArray: 35877 objects as part of root set at end of initial load.
[2018.11.27-12.57.58:294][  0]LogUObjectAllocator: 7366016 out of 0 bytes used by permanent object pool.
[2018.11.27-12.57.58:294][  0]LogUObjectArray: CloseDisregardForGC: 0/0 objects in disregard for GC pool
[2018.11.27-12.57.58:381][  0]LogInit: WinSock: version 1.1 (2.2), MaxSocks=32767, MaxUdp=65467
[2018.11.27-12.58.03:030][  0]LogTcpMessaging: Initializing TcpMessaging bridge
[2018.11.27-12.58.03:089][  0]LogUdpMessaging: Initializing bridge on interface 0.0.0.0:0 to multicast group 230.0.0.1:6666.
[2018.11.27-12.58.04:087][  0]LogMaterial: Uniform references updated for custom material expression Custom.
[2018.11.27-12.58.04:688][  0]SourceControl: 소스 콘트롤이 꺼졌습니다.
[2018.11.27-12.58.04:688][  0]SourceControl: 소스 콘트롤이 꺼졌습니다.
[2018.11.27-12.58.04:769][  0]SourceControl: 소스 콘트롤이 꺼졌습니다.
[2018.11.27-12.58.04:849][  0]SourceControl: 소스 콘트롤이 꺼졌습니다.
[2018.11.27-12.58.06:099][  0]LogAndroidPermission: UAndroidPermissionCallbackProxy::GetInstance
[2018.11.27-12.58.06:508][  0]LogOcInput: OculusInput pre-init called
[2018.11.27-12.58.06:928][  0]LogEngine: Initializing Engine...
[2018.11.27-12.58.06:931][  0]LogHMD: Failed to initialize OpenVR with code 110
[2018.11.27-12.58.07:116][  0]LogStats: UGameplayTagsManager::ConstructGameplayTagTree: Construct from data asset -  0.000 s
[2018.11.27-12.58.07:116][  0]LogStats: UGameplayTagsManager::ConstructGameplayTagTree: GameplayTagTreeChangedEvent.Broadcast -  0.000 s
[2018.11.27-12.58.07:320][  0]LogAIModule: Creating AISystem for world Untitled
[2018.11.27-12.58.07:380][  0]LogInit: XAudio2 using '스피커(High Definition Audio 장치)' : 2 channels at 48 kHz using 16 bits per sample (channel mask 0x3)
[2018.11.27-12.58.07:411][  0]LogInit: FAudioDevice initialized.
[2018.11.27-12.58.07:484][  0]LogDerivedDataCache: Saved boot cache 0.07s 78MB C:/Users/joono/AppData/Local/UnrealEngine/4.18/DerivedDataCache/Boot.ddc.
[2018.11.27-12.58.07:492][  0]LogInit: Texture streaming: Enabled
[2018.11.27-12.58.07:646][  0]LogEngineSessionManager: EngineSessionManager initialized
[2018.11.27-12.58.07:848][  0]LogInit: Transaction tracking system initialized
[2018.11.27-12.58.08:336][  0]BlueprintLog: New page: 에디터 로드
[2018.11.27-12.58.09:723][  0]LocalizationService: 현지화 서비스가 비활성화되었습니다.
[2018.11.27-12.58.11:034][  0]LogConsoleResponse: Display: 
[2018.11.27-12.58.11:342][  0]LogCook: Display: Max memory allowance for cook 16384mb min free memory 0mb
[2018.11.27-12.58.11:342][  0]LogCook: Display: Mobile HDR setting 1
[2018.11.27-12.58.11:342][  0]LogGameplayTags: Display: UGameplayTagsManager::DoneAddingNativeTags. DelegateIsBound: 0
[2018.11.27-12.58.12:337][  0]LogFileCache: Scanning file cache for directory 'C:/Users/joono/OneDrive/Documents/Unreal Projects/GameGem/GameGem/Content/' took 0.02s
[2018.11.27-12.58.13:167][  0]SourceControl: 소스 콘트롤이 꺼졌습니다.
[2018.11.27-12.58.13:167][  0]Cmd: MAP LOAD FILE="../../../../../../Users/joono/OneDrive/Documents/Unreal Projects/GameGem/GameGem/Content/PuzzleBP/Maps/MainGame.umap" TEMPLATE=0 SHOWPROGRESS=1 FEATURELEVEL=3
[2018.11.27-12.58.13:168][  0]LightingResults: New page: 라이팅 빌드
[2018.11.27-12.58.13:230][  0]MapCheck: New page: 맵 체크
[2018.11.27-12.58.13:230][  0]LightingResults: New page: 라이팅 빌드
[2018.11.27-12.58.15:200][  0]LogAIModule: Creating AISystem for world MainGame
[2018.11.27-12.58.15:206][  0]LogEditorServer: Finished looking for orphan Actors (0.000 secs)
[2018.11.27-12.58.15:227][  0]Cmd: MAP CHECKDEP NOCLEARLOG
[2018.11.27-12.58.15:314][  0]MapCheck: 맵 체크 완료: 오류 0 회, 경고 0 회, 소요 시간 86.477ms.
[2018.11.27-12.58.15:314][  0]LogFileHelpers: Loading map 'MainGame' took 2.147
[2018.11.27-12.58.15:496][  0]LogCollectionManager: Loaded 0 collections in 0.001824 seconds
[2018.11.27-12.58.15:604][  0]LogFileCache: Scanning file cache for directory 'C:/Users/joono/OneDrive/Documents/Unreal Projects/GameGem/GameGem/Saved/Collections/' took 0.01s
[2018.11.27-12.58.15:604][  0]LogFileCache: Scanning file cache for directory 'C:/Users/joono/OneDrive/Documents/Unreal Projects/GameGem/GameGem/Content/Developers/joono/Collections/' took 0.01s
[2018.11.27-12.58.15:604][  0]LogFileCache: Scanning file cache for directory 'C:/Users/joono/OneDrive/Documents/Unreal Projects/GameGem/GameGem/Content/Collections/' took 0.01s
[2018.11.27-12.58.15:604][  0]LogCollectionManager: Rebuilt the GUID cache for 0 collections in 0.000000 seconds
[2018.11.27-12.58.15:611][  0]LogContentBrowser: Native class hierarchy populated in 0.0068 seconds. Added 2363 classes and 519 folders.
[2018.11.27-12.58.15:712][  0]LogContentBrowser: Native class hierarchy updated for 'WidgetCarousel' in 0.0002 seconds. Added 0 classes and 0 folders.
[2018.11.27-12.58.15:983][  0]LogContentBrowser: Native class hierarchy updated for 'AddContentDialog' in 0.0002 seconds. Added 0 classes and 0 folders.
[2018.11.27-12.58.16:053][  0]LogContentBrowser: Native class hierarchy updated for 'SceneOutliner' in 0.0002 seconds. Added 1 classes and 2 folders.
[2018.11.27-12.58.16:121][  0]LogSlate: Took 0.000228 seconds to synchronously load lazily loaded font '../../../Engine/Content/Slate/Fonts/Roboto-Regular.ttf' (155K)
[2018.11.27-12.58.16:129][  0]LogSlate: Took 0.006863 seconds to synchronously load lazily loaded font '../../../Engine/Content/Slate/Fonts/NanumGothic.ttf' (4243K)
[2018.11.27-12.58.16:135][  0]LogSlate: Took 0.005404 seconds to synchronously load lazily loaded font '../../../Engine/Content/Slate/Fonts/Roboto-Bold.ttf' (160K)
[2018.11.27-12.58.16:142][  0]LogSlate: Took 0.003779 seconds to synchronously load lazily loaded font '../../../Engine/Content/Editor/Slate/Fonts/FontAwesome.ttf' (139K)
[2018.11.27-12.58.16:226][  0]LogRenderer: Reallocating scene render targets to support 1100x476 Format 10 NumSamples 1 (Frame:1).
[2018.11.27-12.58.16:387][  0]LogContentBrowser: Native class hierarchy updated for 'HierarchicalLODOutliner' in 0.0002 seconds. Added 1 classes and 2 folders.
[2018.11.27-12.58.16:387][  0]LogLoad: (Engine Initialization) Total time: 30.53 seconds
[2018.11.27-12.58.16:387][  0]LogLoad: (Engine Initialization) Total Blueprint compile time: 0.00 seconds
[2018.11.27-12.58.16:387][  0]LogExternalProfiler: No external profilers were discovered.  External profiling features will not be available.
[2018.11.27-12.58.16:746][  0]LogAssetRegistry: Asset discovery search completed in 19.0496 seconds
[2018.11.27-12.58.16:748][  0]LogCollectionManager: Rebuilt the object cache for 0 collections in 0.000000 seconds (found 0 objects)
[2018.11.27-12.58.16:748][  0]LogCollectionManager: Fixed up redirectors for 0 collections in 0.000063 seconds (updated 0 objects)
[2018.11.27-12.58.16:749][  0]LogContentStreaming: Texture pool size now 1000 MB
[2018.11.27-12.58.16:776][  0]LogSlate: Took 0.000147 seconds to synchronously load lazily loaded font '../../../Engine/Content/Slate/Fonts/Roboto-Light.ttf' (159K)
[2018.11.27-12.58.21:066][ 13]LogSlate: Took 0.000144 seconds to synchronously load lazily loaded font '../../../Engine/Content/Slate/Fonts/Roboto-Light.ttf' (159K)
[2018.11.27-12.58.21:157][ 13]LogAIModule: Creating AISystem for world Login
[2018.11.27-12.58.21:173][ 13]Cmd: MAP LOAD FILE="../../../../../../Users/joono/OneDrive/Documents/Unreal Projects/GameGem/GameGem/Content/PuzzleBP/Maps/Login.umap" TEMPLATE=0 SHOWPROGRESS=1 FEATURELEVEL=3
[2018.11.27-12.58.21:173][ 13]LightingResults: New page: 라이팅 빌드
[2018.11.27-12.58.21:174][ 13]LoadErrors: New page: 맵 로드중: Login.umap
[2018.11.27-12.58.21:174][ 13]MapCheck: New page: 맵 체크
[2018.11.27-12.58.21:174][ 13]LightingResults: New page: 라이팅 빌드
[2018.11.27-12.58.21:249][ 13]LogEditorServer: Finished looking for orphan Actors (0.000 secs)
[2018.11.27-12.58.21:296][ 13]Cmd: MAP CHECKDEP NOCLEARLOG
[2018.11.27-12.58.21:388][ 13]MapCheck: 맵 체크 완료: 오류 0 회, 경고 0 회, 소요 시간 91.404ms.
[2018.11.27-12.58.21:390][ 13]LogFileHelpers: Loading map 'Login' took 0.218
[2018.11.27-12.58.21:864][ 67]LogTemp: Repeating last play command: 새 에디터 창 (PIE)
[2018.11.27-12.58.21:984][ 67]LogBlueprintUserMessages: Early PlayInEditor Detection: Level '/Game/PuzzleBP/Maps/Login.Login:PersistentLevel' has LevelScriptBlueprint '/Game/PuzzleBP/Maps/Login.Login:PersistentLevel.Login' with GeneratedClass '/Game/PuzzleBP/Maps/Login.Login_C' with ClassGeneratedBy '/Game/PuzzleBP/Maps/Login.Login:PersistentLevel.Login'
[2018.11.27-12.58.21:984][ 67]LogPlayLevel: PlayLevel: No blueprints needed recompiling
[2018.11.27-12.58.21:984][ 67]PIE: New page: PIE 세션: Login (2018. 11. 28. 오전 6:58:21)
[2018.11.27-12.58.21:985][ 67]LogPlayLevel: Creating play world package: /Game/PuzzleBP/Maps/UEDPIE_0_Login
[2018.11.27-12.58.21:986][ 67]LogPlayLevel: PIE: StaticDuplicateObject took: (0.000717s)
[2018.11.27-12.58.21:986][ 67]LogAIModule: Creating AISystem for world Login
[2018.11.27-12.58.21:986][ 67]LogPlayLevel: PIE: World Init took: (0.000495s)
[2018.11.27-12.58.21:986][ 67]LogPlayLevel: PIE: Created PIE world by copying editor world from /Game/PuzzleBP/Maps/Login.Login to /Game/PuzzleBP/Maps/UEDPIE_0_Login.Login (0.001419s)
[2018.11.27-12.58.22:051][ 67]LogInit: XAudio2 using '스피커(High Definition Audio 장치)' : 2 channels at 48 kHz using 16 bits per sample (channel mask 0x3)
[2018.11.27-12.58.22:066][ 67]LogInit: FAudioDevice initialized.
[2018.11.27-12.58.22:139][ 67]LogLoad: Game class is 'PuzzleGameMode_C'
[2018.11.27-12.58.22:140][ 67]LogWorld: Bringing World /Game/PuzzleBP/Maps/UEDPIE_0_Login.Login up for play (max tick rate 0) at 2018.11.27-21.58.22
[2018.11.27-12.58.22:141][ 67]LogWorld: Bringing up level for play took: 0.000393
[2018.11.27-12.58.22:206][ 67]LogContentBrowser: Native class hierarchy updated for 'MovieSceneCapture' in 0.0002 seconds. Added 11 classes and 0 folders.
[2018.11.27-12.58.22:212][ 67]PIE: /Game/PuzzleBP/Maps/UEDPIE_0_Login 에 대한 에디터에서 플레이 시작 시간: -0.13
[2018.11.27-12.58.22:212][ 67]LogBlueprintUserMessages: Late PlayInEditor Detection: Level '/Game/PuzzleBP/Maps/Login.Login:PersistentLevel' has LevelScriptBlueprint '/Game/PuzzleBP/Maps/Login.Login:PersistentLevel.Login' with GeneratedClass '/Game/PuzzleBP/Maps/Login.Login_C' with ClassGeneratedBy '/Game/PuzzleBP/Maps/Login.Login:PersistentLevel.Login'
[2018.11.27-12.58.22:234][ 67]LogRenderer: Reallocating scene render targets to support 1292x756 Format 10 NumSamples 1 (Frame:1).
[2018.11.27-12.58.29:260][904]LogNet: Browse: /Game/PuzzleBP/Maps/MainMenu
[2018.11.27-12.58.29:260][904]LogLoad: LoadMap: /Game/PuzzleBP/Maps/MainMenu
[2018.11.27-12.58.29:271][904]LogAudio: Warning: Audio Component is being destroyed without stopping looping sound '임시배경음_Cue'
[2018.11.27-12.58.29:615][904]LogAIModule: Creating AISystem for world MainMenu
[2018.11.27-12.58.29:616][904]LogLoad: Game class is 'PuzzleGameMode_C'
[2018.11.27-12.58.29:617][904]LogWorld: Bringing World /Game/PuzzleBP/Maps/UEDPIE_0_MainMenu.MainMenu up for play (max tick rate 0) at 2018.11.27-21.58.29
[2018.11.27-12.58.29:617][904]LogWorld: Bringing up level for play took: 0.000608
[2018.11.27-12.58.29:617][904]LogGameMode: FindPlayerStart: PATHS NOT DEFINED or NO PLAYERSTART with positive rating
[2018.11.27-12.58.29:618][904]LogBlueprintUserMessages: [MainMenu_C_1] 왜죠
[2018.11.27-12.58.29:624][904]LogScriptCore: Warning: Script Msg: Attempted to access index 0 from array 'CallFunc_GetAllWidgetsOfClass_FoundWidgets' of length 0 in '/Game/PuzzleBP/Blueprints/UI/학습장.학습장_C:ExecuteUbergraph_학습장'!
[2018.11.27-12.58.29:624][904]LogScriptCore: Warning: Script Msg: Attempted to access index 0 from array 'CallFunc_GetAllWidgetsOfClass_FoundWidgets' of length 0 in '/Game/PuzzleBP/Blueprints/UI/옵션창.옵션창_C:ExecuteUbergraph_옵션창'!
[2018.11.27-12.58.29:624][904]LogScriptCore: Warning: Script Msg: Attempted to access index 0 from array 'CallFunc_GetAllWidgetsOfClass_FoundWidgets' of length 0 in '/Game/PuzzleBP/Blueprints/UI/내정보창.내정보창_C:ExecuteUbergraph_내정보창'!
[2018.11.27-12.58.29:624][904]LogScriptCore: Warning: Script Msg: Attempted to access index 0 from array 'CallFunc_GetAllWidgetsOfClass_FoundWidgets' of length 0 in '/Game/PuzzleBP/Blueprints/UI/내아이템.내아이템_C:ExecuteUbergraph_내아이템'!
[2018.11.27-12.58.29:628][904]LogLoad: Took 0.367735 seconds to LoadMap(/Game/PuzzleBP/Maps/MainMenu)
[2018.11.27-12.58.45:743][836]LogNet: Browse: /Game/PuzzleBP/Maps/TutorialGame
[2018.11.27-12.58.45:743][836]LogLoad: LoadMap: /Game/PuzzleBP/Maps/TutorialGame
[2018.11.27-12.58.46:656][836]LogAIModule: Creating AISystem for world TutorialGame
[2018.11.27-12.58.46:656][836]LogLoad: Game class is 'PuzzleGameMode_Tutorial_C'
[2018.11.27-12.58.46:658][836]LogWorld: Bringing World /Game/PuzzleBP/Maps/UEDPIE_0_TutorialGame.TutorialGame up for play (max tick rate 0) at 2018.11.27-21.58.46
[2018.11.27-12.58.46:658][836]LogWorld: Bringing up level for play took: 0.001460
[2018.11.27-12.58.46:658][836]LogGameMode: FindPlayerStart: PATHS NOT DEFINED or NO PLAYERSTART with positive rating
[2018.11.27-12.58.46:660][836]LogLoad: Took 0.917041 seconds to LoadMap(/Game/PuzzleBP/Maps/TutorialGame)
[2018.11.27-12.59.20:726][921]LogSpawn: Warning: SpawnActor failed because of collision at the spawn location [X=600.000 Y=-300.000 Z=0.000] for [Block_RainBow_C]
[2018.11.27-12.59.20:926][945]LogSpawn: Warning: SpawnActor failed because of collision at the spawn location [X=600.000 Y=0.000 Z=0.000] for [Block_RainBow_C]
[2018.11.27-12.59.21:126][969]LogSpawn: Warning: SpawnActor failed because of collision at the spawn location [X=600.000 Y=300.000 Z=0.000] for [Block_RainBow_C]
[2018.11.27-12.59.21:327][993]LogSpawn: Warning: SpawnActor failed because of collision at the spawn location [X=600.000 Y=600.000 Z=0.000] for [Block_RainBow_C]
[2018.11.27-12.59.21:526][ 17]LogSpawn: Warning: SpawnActor failed because of collision at the spawn location [X=600.000 Y=900.000 Z=0.000] for [Block_RainBow_C]
[2018.11.27-12.59.23:040][197]LogNet: Browse: /Game/PuzzleBP/Maps/MainGame
[2018.11.27-12.59.23:040][197]LogLoad: LoadMap: /Game/PuzzleBP/Maps/MainGame
[2018.11.27-12.59.23:593][197]LogAIModule: Creating AISystem for world MainGame
[2018.11.27-12.59.23:593][197]LogLoad: Game class is 'PuzzleGameMode_C'
[2018.11.27-12.59.23:595][197]LogWorld: Bringing World /Game/PuzzleBP/Maps/UEDPIE_0_MainGame.MainGame up for play (max tick rate 0) at 2018.11.27-21.59.23
[2018.11.27-12.59.23:595][197]LogWorld: Bringing up level for play took: 0.001561
[2018.11.27-12.59.23:596][197]LogGameMode: FindPlayerStart: PATHS NOT DEFINED or NO PLAYERSTART with positive rating
[2018.11.27-12.59.23:597][197]LogLoad: Took 0.557751 seconds to LoadMap(/Game/PuzzleBP/Maps/MainGame)
[2018.11.27-12.59.31:120][ 99]LogNet: Browse: /Game/PuzzleBP/Maps/MainMenu
[2018.11.27-12.59.31:121][ 99]LogLoad: LoadMap: /Game/PuzzleBP/Maps/MainMenu
[2018.11.27-12.59.31:454][ 99]LogAIModule: Creating AISystem for world MainMenu
[2018.11.27-12.59.31:454][ 99]LogLoad: Game class is 'PuzzleGameMode_C'
[2018.11.27-12.59.31:455][ 99]LogWorld: Bringing World /Game/PuzzleBP/Maps/UEDPIE_0_MainMenu.MainMenu up for play (max tick rate 0) at 2018.11.27-21.59.31
[2018.11.27-12.59.31:455][ 99]LogWorld: Bringing up level for play took: 0.000481
[2018.11.27-12.59.31:456][ 99]LogGameMode: FindPlayerStart: PATHS NOT DEFINED or NO PLAYERSTART with positive rating
[2018.11.27-12.59.31:456][ 99]LogBlueprintUserMessages: [MainMenu_C_1] 왜죠
[2018.11.27-12.59.31:461][ 99]LogScriptCore: Warning: Script Msg: Attempted to access index 1 from array '로컬오답외래어배열' of length 1 in '/Game/PuzzleBP/Blueprints/UI/학습장.학습장_C:외래어틀린횟수검사'!
[2018.11.27-12.59.31:462][ 99]LogScriptCore: Warning: Script Msg: Attempted to access index 1 from array '로컬오답외래어배열' of length 1 in '/Game/PuzzleBP/Blueprints/UI/학습장.학습장_C:외래어틀린횟수검사'!
[2018.11.27-12.59.31:466][ 99]LogScriptCore: Warning: Script Msg: Divide by zero detected: 0.000000 / 0
Script call stack:
	Function /Game/PuzzleBP/Maps/UEDPIE_0_MainMenu.MainMenu_C:ReceiveBeginPlay
	Function /Game/PuzzleBP/Maps/UEDPIE_0_MainMenu.MainMenu_C:ExecuteUbergraph_MainMenu
	Function /Game/PuzzleBP/Blueprints/스코어매니저.스코어매니저_C:CorrectRateEvent
	Function /Game/PuzzleBP/Blueprints/스코어매니저.스코어매니저_C:ExecuteUbergraph_스코어매니저

[2018.11.27-12.59.31:466][ 99]LogLoad: Took 0.345337 seconds to LoadMap(/Game/PuzzleBP/Maps/MainMenu)
[2018.11.27-12.59.51:591][513]LogBlueprintUserMessages: [옵션창] 효과음꺼짐
[2018.11.27-12.59.51:850][544]LogBlueprintUserMessages: [옵션창] 배경음꺼짐
[2018.11.27-12.59.52:083][572]LogBlueprintUserMessages: [옵션창] 진동꺼짐
[2018.11.27-12.59.54:734][890]LogNet: Browse: /Game/PuzzleBP/Maps/MainGame
[2018.11.27-12.59.54:735][890]LogLoad: LoadMap: /Game/PuzzleBP/Maps/MainGame
[2018.11.27-12.59.55:249][890]LogAIModule: Creating AISystem for world MainGame
[2018.11.27-12.59.55:249][890]LogLoad: Game class is 'PuzzleGameMode_C'
[2018.11.27-12.59.55:251][890]LogWorld: Bringing World /Game/PuzzleBP/Maps/UEDPIE_0_MainGame.MainGame up for play (max tick rate 0) at 2018.11.27-21.59.55
[2018.11.27-12.59.55:252][890]LogWorld: Bringing up level for play took: 0.001590
[2018.11.27-12.59.55:252][890]LogGameMode: FindPlayerStart: PATHS NOT DEFINED or NO PLAYERSTART with positive rating
[2018.11.27-12.59.55:254][890]LogLoad: Took 0.519811 seconds to LoadMap(/Game/PuzzleBP/Maps/MainGame)
[2018.11.27-12.59.56:735][ 67]LogNet: Browse: /Game/PuzzleBP/Maps/MainMenu
[2018.11.27-12.59.56:735][ 67]LogLoad: LoadMap: /Game/PuzzleBP/Maps/MainMenu
[2018.11.27-12.59.57:076][ 67]LogAIModule: Creating AISystem for world MainMenu
[2018.11.27-12.59.57:076][ 67]LogLoad: Game class is 'PuzzleGameMode_C'
[2018.11.27-12.59.57:078][ 67]LogWorld: Bringing World /Game/PuzzleBP/Maps/UEDPIE_0_MainMenu.MainMenu up for play (max tick rate 0) at 2018.11.27-21.59.57
[2018.11.27-12.59.57:078][ 67]LogWorld: Bringing up level for play took: 0.000676
[2018.11.27-12.59.57:078][ 67]LogGameMode: FindPlayerStart: PATHS NOT DEFINED or NO PLAYERSTART with positive rating
[2018.11.27-12.59.57:079][ 67]LogBlueprintUserMessages: [MainMenu_C_1] 왜죠
[2018.11.27-12.59.57:085][ 67]LogScriptCore: Warning: Script Msg: Attempted to access index 1 from array '로컬오답외래어배열' of length 1 in '/Game/PuzzleBP/Blueprints/UI/학습장.학습장_C:외래어틀린횟수검사'!
[2018.11.27-12.59.57:086][ 67]LogScriptCore: Warning: Script Msg: Attempted to access index 1 from array '로컬오답외래어배열' of length 1 in '/Game/PuzzleBP/Blueprints/UI/학습장.학습장_C:외래어틀린횟수검사'!
[2018.11.27-12.59.57:090][ 67]LogScriptCore: Warning: Script Msg: Divide by zero detected: 0.000000 / 0
Script call stack:
	Function /Game/PuzzleBP/Maps/UEDPIE_0_MainMenu.MainMenu_C:ReceiveBeginPlay
	Function /Game/PuzzleBP/Maps/UEDPIE_0_MainMenu.MainMenu_C:ExecuteUbergraph_MainMenu
	Function /Game/PuzzleBP/Blueprints/스코어매니저.스코어매니저_C:CorrectRateEvent
	Function /Game/PuzzleBP/Blueprints/스코어매니저.스코어매니저_C:ExecuteUbergraph_스코어매니저

[2018.11.27-12.59.57:090][ 67]LogLoad: Took 0.355212 seconds to LoadMap(/Game/PuzzleBP/Maps/MainMenu)
[2018.11.27-13.00.05:333][236]LogNet: Browse: /Game/PuzzleBP/Maps/MainGame
[2018.11.27-13.00.05:333][236]LogLoad: LoadMap: /Game/PuzzleBP/Maps/MainGame
[2018.11.27-13.00.05:875][236]LogAIModule: Creating AISystem for world MainGame
[2018.11.27-13.00.05:875][236]LogLoad: Game class is 'PuzzleGameMode_C'
[2018.11.27-13.00.05:877][236]LogWorld: Bringing World /Game/PuzzleBP/Maps/UEDPIE_0_MainGame.MainGame up for play (max tick rate 0) at 2018.11.27-22.00.05
[2018.11.27-13.00.05:877][236]LogWorld: Bringing up level for play took: 0.001486
[2018.11.27-13.00.05:878][236]LogGameMode: FindPlayerStart: PATHS NOT DEFINED or NO PLAYERSTART with positive rating
[2018.11.27-13.00.05:879][236]LogLoad: Took 0.545888 seconds to LoadMap(/Game/PuzzleBP/Maps/MainGame)
[2018.11.27-13.00.06:786][344]LogNet: Browse: /Game/PuzzleBP/Maps/MainMenu
[2018.11.27-13.00.06:787][344]LogLoad: LoadMap: /Game/PuzzleBP/Maps/MainMenu
[2018.11.27-13.00.07:127][344]LogAIModule: Creating AISystem for world MainMenu
[2018.11.27-13.00.07:127][344]LogLoad: Game class is 'PuzzleGameMode_C'
[2018.11.27-13.00.07:128][344]LogWorld: Bringing World /Game/PuzzleBP/Maps/UEDPIE_0_MainMenu.MainMenu up for play (max tick rate 0) at 2018.11.27-22.00.07
[2018.11.27-13.00.07:129][344]LogWorld: Bringing up level for play took: 0.000489
[2018.11.27-13.00.07:129][344]LogGameMode: FindPlayerStart: PATHS NOT DEFINED or NO PLAYERSTART with positive rating
[2018.11.27-13.00.07:130][344]LogBlueprintUserMessages: [MainMenu_C_1] 왜죠
[2018.11.27-13.00.07:135][344]LogScriptCore: Warning: Script Msg: Attempted to access index 1 from array '로컬오답외래어배열' of length 1 in '/Game/PuzzleBP/Blueprints/UI/학습장.학습장_C:외래어틀린횟수검사'!
[2018.11.27-13.00.07:136][344]LogScriptCore: Warning: Script Msg: Attempted to access index 1 from array '로컬오답외래어배열' of length 1 in '/Game/PuzzleBP/Blueprints/UI/학습장.학습장_C:외래어틀린횟수검사'!
[2018.11.27-13.00.07:140][344]LogScriptCore: Warning: Script Msg: Divide by zero detected: 0.000000 / 0
Script call stack:
	Function /Game/PuzzleBP/Maps/UEDPIE_0_MainMenu.MainMenu_C:ReceiveBeginPlay
	Function /Game/PuzzleBP/Maps/UEDPIE_0_MainMenu.MainMenu_C:ExecuteUbergraph_MainMenu
	Function /Game/PuzzleBP/Blueprints/스코어매니저.스코어매니저_C:CorrectRateEvent
	Function /Game/PuzzleBP/Blueprints/스코어매니저.스코어매니저_C:ExecuteUbergraph_스코어매니저

[2018.11.27-13.00.07:140][344]LogLoad: Took 0.353312 seconds to LoadMap(/Game/PuzzleBP/Maps/MainMenu)
[2018.11.27-13.00.07:732][414]LogScriptCore: Warning: Script Msg: Attempted to access index 1 from array '로컬오답외래어배열' of length 1 in '/Game/PuzzleBP/Blueprints/UI/학습장.학습장_C:외래어틀린횟수검사'!
[2018.11.27-13.00.07:732][414]LogScriptCore: Warning: Script Msg: Attempted to access index 1 from array '로컬오답외래어배열' of length 1 in '/Game/PuzzleBP/Blueprints/UI/학습장.학습장_C:외래어틀린횟수검사'!
[2018.11.27-13.00.18:321][684]LogNet: Browse: /Game/PuzzleBP/Maps/TutorialGame
[2018.11.27-13.00.18:321][684]LogLoad: LoadMap: /Game/PuzzleBP/Maps/TutorialGame
[2018.11.27-13.00.18:917][684]LogAIModule: Creating AISystem for world TutorialGame
[2018.11.27-13.00.18:917][684]LogLoad: Game class is 'PuzzleGameMode_Tutorial_C'
[2018.11.27-13.00.18:919][684]LogWorld: Bringing World /Game/PuzzleBP/Maps/UEDPIE_0_TutorialGame.TutorialGame up for play (max tick rate 0) at 2018.11.27-22.00.18
[2018.11.27-13.00.18:919][684]LogWorld: Bringing up level for play took: 0.001484
[2018.11.27-13.00.18:920][684]LogGameMode: FindPlayerStart: PATHS NOT DEFINED or NO PLAYERSTART with positive rating
[2018.11.27-13.00.18:922][684]LogLoad: Took 0.600401 seconds to LoadMap(/Game/PuzzleBP/Maps/TutorialGame)
[2018.11.27-13.00.25:564][471]LogNet: Browse: /Game/PuzzleBP/Maps/MainMenu
[2018.11.27-13.00.25:564][471]LogLoad: LoadMap: /Game/PuzzleBP/Maps/MainMenu
[2018.11.27-13.00.25:897][471]LogAIModule: Creating AISystem for world MainMenu
[2018.11.27-13.00.25:897][471]LogLoad: Game class is 'PuzzleGameMode_C'
[2018.11.27-13.00.25:898][471]LogWorld: Bringing World /Game/PuzzleBP/Maps/UEDPIE_0_MainMenu.MainMenu up for play (max tick rate 0) at 2018.11.27-22.00.25
[2018.11.27-13.00.25:898][471]LogWorld: Bringing up level for play took: 0.000547
[2018.11.27-13.00.25:899][471]LogGameMode: FindPlayerStart: PATHS NOT DEFINED or NO PLAYERSTART with positive rating
[2018.11.27-13.00.25:899][471]LogBlueprintUserMessages: [MainMenu_C_1] 왜죠
[2018.11.27-13.00.25:905][471]LogScriptCore: Warning: Script Msg: Attempted to access index 1 from array '로컬오답외래어배열' of length 1 in '/Game/PuzzleBP/Blueprints/UI/학습장.학습장_C:외래어틀린횟수검사'!
[2018.11.27-13.00.25:905][471]LogScriptCore: Warning: Script Msg: Attempted to access index 1 from array '로컬오답외래어배열' of length 1 in '/Game/PuzzleBP/Blueprints/UI/학습장.학습장_C:외래어틀린횟수검사'!
[2018.11.27-13.00.25:909][471]LogScriptCore: Warning: Script Msg: Divide by zero detected: 0.000000 / 0
Script call stack:
	Function /Game/PuzzleBP/Maps/UEDPIE_0_MainMenu.MainMenu_C:ReceiveBeginPlay
	Function /Game/PuzzleBP/Maps/UEDPIE_0_MainMenu.MainMenu_C:ExecuteUbergraph_MainMenu
	Function /Game/PuzzleBP/Blueprints/스코어매니저.스코어매니저_C:CorrectRateEvent
	Function /Game/PuzzleBP/Blueprints/스코어매니저.스코어매니저_C:ExecuteUbergraph_스코어매니저

[2018.11.27-13.00.25:909][471]LogLoad: Took 0.345386 seconds to LoadMap(/Game/PuzzleBP/Maps/MainMenu)
[2018.11.27-13.01.10:021][310]LogBlueprintUserMessages: Early EndPlayMap Detection: Level '/Game/PuzzleBP/Maps/Login.Login:PersistentLevel' has LevelScriptBlueprint '/Game/PuzzleBP/Maps/Login.Login:PersistentLevel.Login' with GeneratedClass '/Game/PuzzleBP/Maps/Login.Login_C' with ClassGeneratedBy '/Game/PuzzleBP/Maps/Login.Login:PersistentLevel.Login'
[2018.11.27-13.01.10:054][310]LogBlueprintUserMessages: Late EndPlayMap Detection: Level '/Game/PuzzleBP/Maps/Login.Login:PersistentLevel' has LevelScriptBlueprint '/Game/PuzzleBP/Maps/Login.Login:PersistentLevel.Login' with GeneratedClass '/Game/PuzzleBP/Maps/Login.Login_C' with ClassGeneratedBy '/Game/PuzzleBP/Maps/Login.Login:PersistentLevel.Login'
[2018.11.27-13.03.12:039][ 33]LogWindowsTextInputMethodSystem: Display: IME system now activated using TSF (Microsoft 입력기).
[2018.11.27-13.03.12:208][ 34]Cmd: QUIT_EDITOR
[2018.11.27-13.03.12:434][ 34]LogExit: Preparing to exit.
[2018.11.27-13.03.13:257][ 34]LogDirectoryWatcher: A directory notification for 'C:/Users/joono/OneDrive/Documents/Unreal Projects/GameGem/GameGem/Content/' was aborted.
[2018.11.27-13.03.13:273][ 34]LogExit: Editor shut down
[2018.11.27-13.03.13:276][ 34]LogExit: Transaction tracking system shut down
[2018.11.27-13.03.13:425][ 34]LogDirectoryWatcher: A directory notification for '../../../Engine/Content/' was aborted.
[2018.11.27-13.03.13:425][ 34]LogDirectoryWatcher: A directory notification for '../../../../../../Users/joono/OneDrive/Documents/Unreal Projects/GameGem/GameGem/Content/' was aborted.
[2018.11.27-13.03.13:425][ 34]LogDirectoryWatcher: A directory notification for '../../../Engine/Plugins/2D/Paper2D/Content/' was aborted.
[2018.11.27-13.03.13:425][ 34]LogDirectoryWatcher: A directory notification for '../../../Engine/Plugins/Media/MediaCompositing/Content/' was aborted.
[2018.11.27-13.03.13:425][ 34]LogDirectoryWatcher: A directory notification for '../../../Engine/Plugins/Runtime/AppleARKit/Content/' was aborted.
[2018.11.27-13.03.13:425][ 34]LogDirectoryWatcher: A directory notification for '../../../Engine/Plugins/Runtime/Oculus/OculusVR/Content/' was aborted.
[2018.11.27-13.03.13:425][ 34]LogDirectoryWatcher: A directory notification for '../../../Engine/Plugins/Runtime/Steam/SteamVR/Content/' was aborted.
[2018.11.27-13.03.13:471][ 34]LogExit: Object subsystem successfully closed.
[2018.11.27-13.03.13:494][ 34]LogD3D11RHI: Shutdown
[2018.11.27-13.03.13:494][ 34]LogD3D11RHI: CleanupD3DDevice
[2018.11.27-13.03.13:495][ 34]LogD3D11RHI: ~FD3D11DynamicRHI
[2018.11.27-13.03.13:517][ 34]LogModuleManager: Shutting down and abandoning module MovieSceneCapture (550)
[2018.11.27-13.03.13:517][ 34]LogModuleManager: Shutting down and abandoning module HierarchicalLODOutliner (548)
[2018.11.27-13.03.13:517][ 34]LogModuleManager: Shutting down and abandoning module SceneOutliner (546)
[2018.11.27-13.03.13:517][ 34]LogModuleManager: Shutting down and abandoning module AddContentDialog (544)
[2018.11.27-13.03.13:517][ 34]LogDirectoryWatcher: A directory notification for 'C:/Program Files/Epic Games/UE_4.18/FeaturePacks/' was aborted.
[2018.11.27-13.03.13:518][ 34]LogModuleManager: Shutting down and abandoning module WidgetCarousel (543)
[2018.11.27-13.03.13:518][ 34]LogModuleManager: Shutting down and abandoning module EditorWidgets (540)
[2018.11.27-13.03.13:518][ 34]LogModuleManager: Shutting down and abandoning module CollectionManager (538)
[2018.11.27-13.03.13:518][ 34]LogDirectoryWatcher: A directory notification for 'C:/Users/joono/OneDrive/Documents/Unreal Projects/GameGem/GameGem/Content/Collections/' was aborted.
[2018.11.27-13.03.13:518][ 34]LogDirectoryWatcher: A directory notification for 'C:/Users/joono/OneDrive/Documents/Unreal Projects/GameGem/GameGem/Content/Developers/joono/Collections/' was aborted.
[2018.11.27-13.03.13:518][ 34]LogDirectoryWatcher: A directory notification for 'C:/Users/joono/OneDrive/Documents/Unreal Projects/GameGem/GameGem/Saved/Collections/' was aborted.
[2018.11.27-13.03.13:518][ 34]LogModuleManager: Shutting down and abandoning module StatsViewer (536)
[2018.11.27-13.03.13:518][ 34]LogModuleManager: Shutting down and abandoning module FoliageEdit (534)
[2018.11.27-13.03.13:518][ 34]LogModuleManager: Shutting down and abandoning module LandscapeEditor (532)
[2018.11.27-13.03.13:518][ 34]LogModuleManager: Shutting down and abandoning module MeshPaintMode (530)
[2018.11.27-13.03.13:518][ 34]LogModuleManager: Shutting down and abandoning module SceneDepthPickerMode (528)
[2018.11.27-13.03.13:518][ 34]LogModuleManager: Shutting down and abandoning module ActorPickerMode (526)
[2018.11.27-13.03.13:518][ 34]LogModuleManager: Shutting down and abandoning module GeometryMode (524)
[2018.11.27-13.03.13:518][ 34]LogModuleManager: Shutting down and abandoning module TextureAlignMode (522)
[2018.11.27-13.03.13:518][ 34]LogModuleManager: Shutting down and abandoning module BspMode (520)
[2018.11.27-13.03.13:518][ 34]LogModuleManager: Shutting down and abandoning module PIEPreviewDeviceProfileSelector (518)
[2018.11.27-13.03.13:518][ 34]LogModuleManager: Shutting down and abandoning module HardwareSurvey (516)
[2018.11.27-13.03.13:518][ 34]LogModuleManager: Shutting down and abandoning module SequenceRecorderSections (514)
[2018.11.27-13.03.13:518][ 34]LogModuleManager: Shutting down and abandoning module AutomationWorker (512)
[2018.11.27-13.03.13:518][ 34]LogModuleManager: Shutting down and abandoning module MatineeToLevelSequence (510)
[2018.11.27-13.03.13:518][ 34]LogModuleManager: Shutting down and abandoning module LevelSequenceEditor (508)
[2018.11.27-13.03.13:518][ 34]LogModuleManager: Shutting down and abandoning module PlacementMode (507)
[2018.11.27-13.03.13:518][ 34]LogModuleManager: Shutting down and abandoning module WmfMediaFactory (504)
[2018.11.27-13.03.13:518][ 34]LogModuleManager: Shutting down and abandoning module WmfMediaEditor (502)
[2018.11.27-13.03.13:518][ 34]LogModuleManager: Shutting down and abandoning module OpenExrWrapper (500)
[2018.11.27-13.03.13:518][ 34]LogModuleManager: Shutting down and abandoning module ImgMediaFactory (498)
[2018.11.27-13.03.13:518][ 34]LogModuleManager: Shutting down and abandoning module ImgMediaEditor (496)
[2018.11.27-13.03.13:518][ 34]LogModuleManager: Shutting down and abandoning module AvfMediaFactory (494)
[2018.11.27-13.03.13:518][ 34]LogModuleManager: Shutting down and abandoning module AvfMediaEditor (492)
[2018.11.27-13.03.13:518][ 34]LogModuleManager: Shutting down and abandoning module AndroidMediaFactory (490)
[2018.11.27-13.03.13:518][ 34]LogModuleManager: Shutting down and abandoning module AndroidMediaEditor (488)
[2018.11.27-13.03.13:518][ 34]LogModuleManager: Shutting down and abandoning module CharacterAI (486)
[2018.11.27-13.03.13:518][ 34]LogModuleManager: Shutting down and abandoning module AudioCapture (484)
[2018.11.27-13.03.13:519][ 34]LogModuleManager: Shutting down and abandoning module SequenceRecorder (483)
[2018.11.27-13.03.13:519][ 34]LogModuleManager: Shutting down and abandoning module SmartSnapping (480)
[2018.11.27-13.03.13:519][ 34]LogModuleManager: Shutting down and abandoning module SessionServices (478)
[2018.11.27-13.03.13:519][ 34]LogModuleManager: Shutting down and abandoning module ViewportSnapping (476)
[2018.11.27-13.03.13:519][ 34]LogModuleManager: Shutting down and abandoning module ViewportInteraction (474)
[2018.11.27-13.03.13:519][ 34]LogModuleManager: Shutting down and abandoning module ClothPainter (472)
[2018.11.27-13.03.13:519][ 34]LogModuleManager: Shutting down and abandoning module SkeletalMeshEditor (471)
[2018.11.27-13.03.13:519][ 34]LogModuleManager: Shutting down and abandoning module LogVisualizer (468)
[2018.11.27-13.03.13:519][ 34]LogModuleManager: Shutting down and abandoning module IntroTutorials (466)
[2018.11.27-13.03.13:519][ 34]LogModuleManager: Shutting down and abandoning module GameProjectGeneration (465)
[2018.11.27-13.03.13:519][ 34]LogModuleManager: Shutting down and abandoning module IOSPlatformEditor (462)
[2018.11.27-13.03.13:519][ 34]LogModuleManager: Shutting down and abandoning module HTML5PlatformEditor (460)
[2018.11.27-13.03.13:519][ 34]LogModuleManager: Shutting down and abandoning module AndroidPlatformEditor (458)
[2018.11.27-13.03.13:519][ 34]LogModuleManager: Shutting down and abandoning module AndroidDeviceDetection (457)
[2018.11.27-13.03.14:161][ 34]LogModuleManager: Shutting down and abandoning module WindowsPlatformEditor (454)
[2018.11.27-13.03.14:161][ 34]LogModuleManager: Shutting down and abandoning module IOSRuntimeSettings (452)
[2018.11.27-13.03.14:161][ 34]LogModuleManager: Shutting down and abandoning module AndroidRuntimeSettings (450)
[2018.11.27-13.03.14:161][ 34]LogModuleManager: Shutting down and abandoning module InputBindingEditor (448)
[2018.11.27-13.03.14:161][ 34]LogModuleManager: Shutting down and abandoning module MergeActors (446)
[2018.11.27-13.03.14:161][ 34]LogModuleManager: Shutting down and abandoning module SizeMap (444)
[2018.11.27-13.03.14:161][ 34]LogModuleManager: Shutting down and abandoning module TreeMap (442)
[2018.11.27-13.03.14:161][ 34]LogModuleManager: Shutting down and abandoning module ReferenceViewer (440)
[2018.11.27-13.03.14:161][ 34]LogModuleManager: Shutting down and abandoning module LocalizationDashboard (438)
[2018.11.27-13.03.14:161][ 34]LogModuleManager: Shutting down and abandoning module LocalizationService (437)
[2018.11.27-13.03.14:161][ 34]LogModuleManager: Shutting down and abandoning module HardwareTargeting (434)
[2018.11.27-13.03.14:161][ 34]LogModuleManager: Shutting down and abandoning module DeviceProfileEditor (432)
[2018.11.27-13.03.14:161][ 34]LogModuleManager: Shutting down and abandoning module UndoHistory (430)
[2018.11.27-13.03.14:161][ 34]LogModuleManager: Shutting down and abandoning module XmlParser (428)
[2018.11.27-13.03.14:161][ 34]LogModuleManager: Shutting down and abandoning module Blutility (426)
[2018.11.27-13.03.14:161][ 34]LogModuleManager: Shutting down and abandoning module ProjectSettingsViewer (424)
[2018.11.27-13.03.14:161][ 34]LogModuleManager: Shutting down and abandoning module ProjectTargetPlatformEditor (423)
[2018.11.27-13.03.14:162][ 34]LogModuleManager: Shutting down and abandoning module EditorSettingsViewer (420)
[2018.11.27-13.03.14:162][ 34]LogModuleManager: Shutting down and abandoning module SettingsEditor (418)
[2018.11.27-13.03.14:162][ 34]LogModuleManager: Shutting down and abandoning module ProjectLauncher (416)
[2018.11.27-13.03.14:162][ 34]LogModuleManager: Shutting down and abandoning module SessionFrontend (414)
[2018.11.27-13.03.14:162][ 34]LogModuleManager: Shutting down and abandoning module ProfilerClient (412)
[2018.11.27-13.03.14:162][ 34]LogModuleManager: Shutting down and abandoning module DeviceManager (410)
[2018.11.27-13.03.14:162][ 34]LogModuleManager: Shutting down and abandoning module TargetDeviceServices (409)
[2018.11.27-13.03.14:217][ 34]LogModuleManager: Shutting down and abandoning module AutomationController (406)
[2018.11.27-13.03.14:217][ 34]LogModuleManager: Shutting down and abandoning module AutomationWindow (404)
[2018.11.27-13.03.14:217][ 34]LogModuleManager: Shutting down and abandoning module Layers (402)
[2018.11.27-13.03.14:217][ 34]LogModuleManager: Shutting down and abandoning module ComponentVisualizers (400)
[2018.11.27-13.03.14:217][ 34]LogModuleManager: Shutting down and abandoning module DetailCustomizations (398)
[2018.11.27-13.03.14:217][ 34]LogModuleManager: Shutting down and abandoning module PackagesDialog (396)
[2018.11.27-13.03.14:217][ 34]LogModuleManager: Shutting down and abandoning module Persona (394)
[2018.11.27-13.03.14:217][ 34]LogModuleManager: Shutting down and abandoning module AdvancedPreviewScene (393)
[2018.11.27-13.03.14:217][ 34]LogModuleManager: Shutting down and abandoning module AnimGraph (391)
[2018.11.27-13.03.14:217][ 34]LogModuleManager: Shutting down and abandoning module Kismet (388)
[2018.11.27-13.03.14:219][ 34]LogModuleManager: Shutting down and abandoning module ClassViewer (386)
[2018.11.27-13.03.14:219][ 34]LogModuleManager: Shutting down and abandoning module Toolbox (384)
[2018.11.27-13.03.14:219][ 34]LogModuleManager: Shutting down and abandoning module ModuleUI (382)
[2018.11.27-13.03.14:219][ 34]LogModuleManager: Shutting down and abandoning module MovieSceneTools (380)
[2018.11.27-13.03.14:220][ 34]LogModuleManager: Shutting down and abandoning module OutputLog (378)
[2018.11.27-13.03.14:220][ 34]LogModuleManager: Shutting down and abandoning module GammaUI (376)
[2018.11.27-13.03.14:220][ 34]LogModuleManager: Shutting down and abandoning module Documentation (374)
[2018.11.27-13.03.14:220][ 34]LogModuleManager: Shutting down and abandoning module MovieSceneTracks (372)
[2018.11.27-13.03.14:220][ 34]LogModuleManager: Shutting down and abandoning module MovieScene (370)
[2018.11.27-13.03.14:220][ 34]LogModuleManager: Shutting down and abandoning module StreamingPauseRendering (368)
[2018.11.27-13.03.14:220][ 34]LogModuleManager: Shutting down and abandoning module LauncherPlatform (366)
[2018.11.27-13.03.14:220][ 34]LogModuleManager: Shutting down and abandoning module AnalyticsET (364)
[2018.11.27-13.03.14:220][ 34]LogModuleManager: Shutting down and abandoning module PortalServices (362)
[2018.11.27-13.03.14:220][ 34]LogModuleManager: Shutting down and abandoning module PortalRpc (360)
[2018.11.27-13.03.14:220][ 34]LogModuleManager: Shutting down and abandoning module MessagingRpc (358)
[2018.11.27-13.03.14:220][ 34]LogModuleManager: Shutting down and abandoning module AIModule (356)
[2018.11.27-13.03.14:220][ 34]LogModuleManager: Shutting down and abandoning module GameplayDebugger (355)
[2018.11.27-13.03.14:220][ 34]LogModuleManager: Shutting down and abandoning module AITestSuite (353)
[2018.11.27-13.03.14:220][ 34]LogModuleManager: Shutting down and abandoning module DesktopPlatform (350)
[2018.11.27-13.03.14:220][ 34]LogModuleManager: Shutting down and abandoning module ProfilerService (348)
[2018.11.27-13.03.14:385][ 34]LogModuleManager: Shutting down and abandoning module TaskGraph (346)
[2018.11.27-13.03.14:385][ 34]LogModuleManager: Shutting down and abandoning module SteamVRController (344)
[2018.11.27-13.03.14:386][ 34]LogModuleManager: Shutting down and abandoning module ProceduralMeshComponentEditor (342)
[2018.11.27-13.03.14:386][ 34]LogModuleManager: Shutting down and abandoning module ProceduralMeshComponent (340)
[2018.11.27-13.03.14:386][ 34]LogModuleManager: Shutting down and abandoning module OculusInput (338)
[2018.11.27-13.03.14:386][ 34]LogModuleManager: Shutting down and abandoning module MobilePatchingUtils (336)
[2018.11.27-13.03.14:386][ 34]LogModuleManager: Shutting down and abandoning module CustomMeshComponent (334)
[2018.11.27-13.03.14:386][ 34]LogModuleManager: Shutting down and abandoning module CableComponent (332)
[2018.11.27-13.03.14:386][ 34]LogModuleManager: Shutting down and abandoning module ArchVisCharacter (330)
[2018.11.27-13.03.14:386][ 34]LogModuleManager: Shutting down and abandoning module AndroidPermission (328)
[2018.11.27-13.03.14:386][ 34]LogModuleManager: Shutting down and abandoning module ActorSequence (324)
[2018.11.27-13.03.14:386][ 34]LogModuleManager: Shutting down and abandoning module MediaPlayerEditor (322)
[2018.11.27-13.03.14:386][ 34]LogModuleManager: Shutting down and abandoning module MediaCompositingEditor (320)
[2018.11.27-13.03.14:386][ 34]LogModuleManager: Shutting down and abandoning module MediaCompositing (318)
[2018.11.27-13.03.14:386][ 34]LogModuleManager: Shutting down and abandoning module HTML5Networking (316)
[2018.11.27-13.03.14:386][ 34]LogModuleManager: Shutting down and abandoning module AlembicImporter (314)
[2018.11.27-13.03.14:386][ 34]LogModuleManager: Shutting down and abandoning module AlembicLibrary (313)
[2018.11.27-13.03.14:386][ 34]LogModuleManager: Shutting down and abandoning module GeometryCache (312)
[2018.11.27-13.03.14:386][ 34]LogModuleManager: Shutting down and abandoning module GeometryCacheEd (311)
[2018.11.27-13.03.14:386][ 34]LogModuleManager: Shutting down and abandoning module SpeedTreeImporter (306)
[2018.11.27-13.03.14:386][ 34]LogModuleManager: Shutting down and abandoning module PluginBrowser (304)
[2018.11.27-13.03.14:386][ 34]LogModuleManager: Shutting down and abandoning module MobileLauncherProfileWizard (302)
[2018.11.27-13.03.14:386][ 34]LogModuleManager: Shutting down and abandoning module VisualStudioSourceCodeAccess (300)
[2018.11.27-13.03.14:386][ 34]LogModuleManager: Shutting down and abandoning module VisualStudioCodeSourceCodeAccess (298)
[2018.11.27-13.03.14:386][ 34]LogModuleManager: Shutting down and abandoning module UObjectPlugin (296)
[2018.11.27-13.03.14:386][ 34]LogModuleManager: Shutting down and abandoning module SubversionSourceControl (294)
[2018.11.27-13.03.14:386][ 34]LogModuleManager: Shutting down and abandoning module PerforceSourceControl (292)
[2018.11.27-13.03.14:386][ 34]LogModuleManager: Shutting down and abandoning module GitSourceControl (290)
[2018.11.27-13.03.14:387][ 34]LogModuleManager: Shutting down and abandoning module SourceControl (289)
[2018.11.27-13.03.14:387][ 34]LogModuleManager: Shutting down and abandoning module LightPropagationVolumeEditor (286)
[2018.11.27-13.03.14:387][ 34]LogModuleManager: Shutting down and abandoning module PaperTiledImporter (284)
[2018.11.27-13.03.14:387][ 34]LogModuleManager: Shutting down and abandoning module PaperSpriteSheetImporter (282)
[2018.11.27-13.03.14:387][ 34]LogModuleManager: Shutting down and abandoning module Paper2DEditor (280)
[2018.11.27-13.03.14:387][ 34]LogModuleManager: Shutting down and abandoning module MeshPaint (279)
[2018.11.27-13.03.14:387][ 34]LogModuleManager: Shutting down and abandoning module LevelEditor (277)
[2018.11.27-13.03.14:388][ 34]LogModuleManager: Shutting down and abandoning module PixelInspectorModule (276)
[2018.11.27-13.03.14:388][ 34]LogModuleManager: Shutting down and abandoning module MainFrame (274)
[2018.11.27-13.03.14:389][ 34]LogModuleManager: Shutting down and abandoning module HotReload (273)
[2018.11.27-13.03.14:389][ 34]LogModuleManager: Shutting down and abandoning module RuntimePhysXCooking (268)
[2018.11.27-13.03.14:389][ 34]LogModuleManager: Shutting down and abandoning module PhysXVehiclesEditor (266)
[2018.11.27-13.03.14:389][ 34]LogModuleManager: Shutting down and abandoning module PhysXVehicles (264)
[2018.11.27-13.03.14:389][ 34]LogModuleManager: Shutting down and abandoning module OculusEditor (262)
[2018.11.27-13.03.14:389][ 34]LogModuleManager: Shutting down and abandoning module LocationServicesBPLibrary (260)
[2018.11.27-13.03.14:389][ 34]LogModuleManager: Shutting down and abandoning module ImmediatePhysicsEditor (258)
[2018.11.27-13.03.14:389][ 34]LogModuleManager: Shutting down and abandoning module ImmediatePhysics (256)
[2018.11.27-13.03.14:389][ 34]LogModuleManager: Shutting down and abandoning module UdpMessaging (254)
[2018.11.27-13.03.14:491][ 34]LogModuleManager: Shutting down and abandoning module TcpMessaging (252)
[2018.11.27-13.03.14:592][ 34]LogModuleManager: Shutting down and abandoning module GameplayTagsEditor (250)
[2018.11.27-13.03.14:592][ 34]LogModuleManager: Shutting down and abandoning module FacialAnimationEditor (248)
[2018.11.27-13.03.14:592][ 34]LogModuleManager: Shutting down and abandoning module FacialAnimation (246)
[2018.11.27-13.03.14:592][ 34]LogModuleManager: Shutting down and abandoning module AssetManagerEditor (244)
[2018.11.27-13.03.14:592][ 34]LogModuleManager: Shutting down and abandoning module GraphEditor (243)
[2018.11.27-13.03.14:592][ 34]LogModuleManager: Shutting down and abandoning module ContentBrowser (241)
[2018.11.27-13.03.14:592][ 34]LogModuleManager: Shutting down and abandoning module LightPropagationVolumeRuntime (238)
[2018.11.27-13.03.14:593][ 34]LogModuleManager: Shutting down and abandoning module Paper2D (236)
[2018.11.27-13.03.14:593][ 34]LogModuleManager: Shutting down and abandoning module WindowsMoviePlayer (234)
[2018.11.27-13.03.14:593][ 34]LogModuleManager: Shutting down and abandoning module WmfMedia (232)
[2018.11.27-13.03.14:594][ 34]LogModuleManager: Shutting down and abandoning module ImgMedia (230)
[2018.11.27-13.03.14:594][ 34]LogModuleManager: Shutting down and abandoning module PacketHandler (228)
[2018.11.27-13.03.14:594][ 34]LogModuleManager: Shutting down and abandoning module ClothingSystemEditor (226)
[2018.11.27-13.03.14:594][ 34]LogModuleManager: Shutting down and abandoning module ClothingSystemRuntime (224)
[2018.11.27-13.03.14:594][ 34]LogModuleManager: Shutting down and abandoning module MediaAssets (222)
[2018.11.27-13.03.14:594][ 34]LogModuleManager: Shutting down and abandoning module Media (221)
[2018.11.27-13.03.14:600][ 34]LogModuleManager: Shutting down and abandoning module Overlay (218)
[2018.11.27-13.03.14:600][ 34]LogModuleManager: Shutting down and abandoning module OverlayEditor (217)
[2018.11.27-13.03.14:600][ 34]LogModuleManager: Shutting down and abandoning module VREditor (214)
[2018.11.27-13.03.14:600][ 34]LogModuleManager: Shutting down and abandoning module StringTableEditor (212)
[2018.11.27-13.03.14:600][ 34]LogModuleManager: Shutting down and abandoning module GameplayTasksEditor (210)
[2018.11.27-13.03.14:600][ 34]LogModuleManager: Shutting down and abandoning module BehaviorTreeEditor (208)
[2018.11.27-13.03.14:600][ 34]LogModuleManager: Shutting down and abandoning module FunctionalTesting (206)
[2018.11.27-13.03.14:600][ 34]LogModuleManager: Shutting down and abandoning module CollisionAnalyzer (204)
[2018.11.27-13.03.14:600][ 34]LogModuleManager: Shutting down and abandoning module WorkspaceMenuStructure (203)
[2018.11.27-13.03.14:600][ 34]LogModuleManager: Shutting down and abandoning module UMG (200)
[2018.11.27-13.03.14:600][ 34]LogModuleManager: Shutting down and abandoning module UMGEditor (199)
[2018.11.27-13.03.14:600][ 34]LogModuleManager: Shutting down and abandoning module Sequencer (198)
[2018.11.27-13.03.14:600][ 34]LogModuleManager: Shutting down and abandoning module MessageLog (195)
[2018.11.27-13.03.14:600][ 34]LogModuleManager: Shutting down and abandoning module SlateReflector (190)
[2018.11.27-13.03.14:601][ 34]LogModuleManager: Shutting down and abandoning module Slate (188)
[2018.11.27-13.03.14:601][ 34]LogModuleManager: Shutting down and abandoning module EditorStyle (186)
[2018.11.27-13.03.14:603][ 34]LogModuleManager: Shutting down and abandoning module MRMesh (184)
[2018.11.27-13.03.14:603][ 34]LogModuleManager: Shutting down and abandoning module SourceCodeAccess (182)
[2018.11.27-13.03.14:603][ 34]LogModuleManager: Shutting down and abandoning module HeadMountedDisplay (180)
[2018.11.27-13.03.14:603][ 34]LogModuleManager: Shutting down and abandoning module XAudio2 (178)
[2018.11.27-13.03.14:603][ 34]LogModuleManager: Shutting down and abandoning module Networking (176)
[2018.11.27-13.03.14:603][ 34]LogModuleManager: Shutting down and abandoning module Core (172)
[2018.11.27-13.03.14:603][ 34]LogModuleManager: Shutting down and abandoning module LevelSequence (168)
[2018.11.27-13.03.14:603][ 34]LogModuleManager: Shutting down and abandoning module DirectoryWatcher (166)
[2018.11.27-13.03.14:603][ 34]LogModuleManager: Shutting down and abandoning module KismetCompiler (164)
[2018.11.27-13.03.14:603][ 34]LogModuleManager: Shutting down and abandoning module MeshUtilities (162)
[2018.11.27-13.03.14:603][ 34]LogModuleManager: Shutting down and abandoning module MeshMergeUtilities (161)
[2018.11.27-13.03.14:603][ 34]LogModuleManager: Shutting down and abandoning module MeshReductionInterface (160)
[2018.11.27-13.03.14:603][ 34]LogModuleManager: Shutting down and abandoning module SimplygonSwarm (159)
[2018.11.27-13.03.14:603][ 34]LogModuleManager: Shutting down and abandoning module SimplygonMeshReduction (157)
[2018.11.27-13.03.14:603][ 34]LogModuleManager: Shutting down and abandoning module QuadricMeshReduction (155)
[2018.11.27-13.03.14:603][ 34]LogModuleManager: Shutting down and abandoning module MaterialBaking (151)
[2018.11.27-13.03.14:604][ 34]LogModuleManager: Shutting down and abandoning module DerivedDataCache (148)
[2018.11.27-13.03.14:646][ 34]LogDerivedDataCache: Shutdown
[2018.11.27-13.03.14:646][ 34]LogModuleManager: Shutting down and abandoning module TargetPlatform (146)
[2018.11.27-13.03.14:646][ 34]LogModuleManager: Shutting down and abandoning module VulkanShaderFormat (145)
[2018.11.27-13.03.14:646][ 34]LogModuleManager: Shutting down and abandoning module ShaderFormatVectorVM (143)
[2018.11.27-13.03.14:646][ 34]LogModuleManager: Shutting down and abandoning module ShaderFormatOpenGL (141)
[2018.11.27-13.03.14:646][ 34]LogModuleManager: Shutting down and abandoning module ShaderFormatD3D (139)
[2018.11.27-13.03.14:646][ 34]LogModuleManager: Shutting down and abandoning module MetalShaderFormat (137)
[2018.11.27-13.03.14:646][ 34]LogModuleManager: Shutting down and abandoning module TextureFormatUncompressed (135)
[2018.11.27-13.03.14:646][ 34]LogModuleManager: Shutting down and abandoning module TextureFormatPVR (133)
[2018.11.27-13.03.14:646][ 34]LogModuleManager: Shutting down and abandoning module TextureFormatDXT (131)
[2018.11.27-13.03.14:646][ 34]LogModuleManager: Shutting down and abandoning module TextureFormatIntelISPCTexComp (129)
[2018.11.27-13.03.14:646][ 34]LogModuleManager: Shutting down and abandoning module TextureFormatASTC (127)
[2018.11.27-13.03.14:646][ 34]LogModuleManager: Shutting down and abandoning module ImageWrapper (126)
[2018.11.27-13.03.14:646][ 34]LogModuleManager: Shutting down and abandoning module TextureFormatAndroid (123)
[2018.11.27-13.03.14:646][ 34]LogModuleManager: Shutting down and abandoning module AudioFormatOpus (121)
[2018.11.27-13.03.14:646][ 34]LogModuleManager: Shutting down and abandoning module AudioFormatOgg (119)
[2018.11.27-13.03.14:646][ 34]LogModuleManager: Shutting down and abandoning module AudioFormatADPCM (117)
[2018.11.27-13.03.14:646][ 34]LogModuleManager: Shutting down and abandoning module LinuxTargetPlatform (115)
[2018.11.27-13.03.14:646][ 34]LogModuleManager: Shutting down and abandoning module LinuxServerTargetPlatform (113)
[2018.11.27-13.03.14:646][ 34]LogModuleManager: Shutting down and abandoning module LinuxNoEditorTargetPlatform (111)
[2018.11.27-13.03.14:647][ 34]LogModuleManager: Shutting down and abandoning module LinuxClientTargetPlatform (109)
[2018.11.27-13.03.14:647][ 34]LogModuleManager: Shutting down and abandoning module TVOSTargetPlatform (107)
[2018.11.27-13.03.14:647][ 34]LogModuleManager: Shutting down and abandoning module Messaging (105)
[2018.11.27-13.03.14:647][ 34]LogModuleManager: Shutting down and abandoning module IOSTargetPlatform (103)
[2018.11.27-13.03.14:647][ 34]LogModuleManager: Shutting down and abandoning module HTML5TargetPlatform (101)
[2018.11.27-13.03.14:647][ 34]LogModuleManager: Shutting down and abandoning module AndroidTargetPlatform (99)
[2018.11.27-13.03.14:647][ 34]LogModuleManager: Shutting down and abandoning module Android_PVRTCTargetPlatform (97)
[2018.11.27-13.03.14:647][ 34]LogModuleManager: Shutting down and abandoning module Android_MultiTargetPlatform (95)
[2018.11.27-13.03.14:647][ 34]LogModuleManager: Shutting down and abandoning module Android_ETC2TargetPlatform (93)
[2018.11.27-13.03.14:647][ 34]LogModuleManager: Shutting down and abandoning module Android_ETC1TargetPlatform (91)
[2018.11.27-13.03.14:647][ 34]LogModuleManager: Shutting down and abandoning module Android_DXTTargetPlatform (89)
[2018.11.27-13.03.14:647][ 34]LogModuleManager: Shutting down and abandoning module Android_ATCTargetPlatform (87)
[2018.11.27-13.03.14:647][ 34]LogModuleManager: Shutting down and abandoning module Android_ASTCTargetPlatform (85)
[2018.11.27-13.03.14:647][ 34]LogModuleManager: Shutting down and abandoning module WindowsTargetPlatform (83)
[2018.11.27-13.03.14:647][ 34]LogModuleManager: Shutting down and abandoning module WindowsServerTargetPlatform (81)
[2018.11.27-13.03.14:647][ 34]LogModuleManager: Shutting down and abandoning module WindowsNoEditorTargetPlatform (79)
[2018.11.27-13.03.14:647][ 34]LogModuleManager: Shutting down and abandoning module WindowsClientTargetPlatform (77)
[2018.11.27-13.03.14:647][ 34]LogModuleManager: Shutting down and abandoning module MacTargetPlatform (75)
[2018.11.27-13.03.14:647][ 34]LogModuleManager: Shutting down and abandoning module MacServerTargetPlatform (73)
[2018.11.27-13.03.14:647][ 34]LogModuleManager: Shutting down and abandoning module MacNoEditorTargetPlatform (71)
[2018.11.27-13.03.14:647][ 34]LogModuleManager: Shutting down and abandoning module MacClientTargetPlatform (69)
[2018.11.27-13.03.14:647][ 34]LogModuleManager: Shutting down and abandoning module AllDesktopTargetPlatform (67)
[2018.11.27-13.03.14:647][ 34]LogModuleManager: Shutting down and abandoning module InputCore (64)
[2018.11.27-13.03.14:647][ 34]LogModuleManager: Shutting down and abandoning module Settings (62)
[2018.11.27-13.03.14:647][ 34]LogModuleManager: Shutting down and abandoning module PhysXCooking (60)
[2018.11.27-13.03.14:647][ 34]LogModuleManager: Shutting down and abandoning module SteamVR (58)
[2018.11.27-13.03.14:647][ 34]LogModuleManager: Shutting down and abandoning module OculusHMD (56)
[2018.11.27-13.03.14:647][ 34]LogModuleManager: Shutting down and abandoning module ExampleDeviceProfileSelector (54)
[2018.11.27-13.03.14:647][ 34]LogModuleManager: Shutting down and abandoning module AppleARKit (52)
[2018.11.27-13.03.14:647][ 34]LogModuleManager: Shutting down and abandoning module AugmentedReality (51)
[2018.11.27-13.03.14:647][ 34]LogModuleManager: Shutting down and abandoning module OnlineBlueprintSupport (48)
[2018.11.27-13.03.14:647][ 34]LogModuleManager: Shutting down and abandoning module OnlineSubsystem (44)
[2018.11.27-13.03.14:647][ 34]LogModuleManager: Shutting down and abandoning module XMPP (43)
[2018.11.27-13.03.14:647][ 34]LogModuleManager: Shutting down and abandoning module HTTP (41)
[2018.11.27-13.03.14:647][ 34]LogHttp: Display: Http module shutting down, but needs to wait on 1 outstanding Http requests:
[2018.11.27-13.03.14:647][ 34]LogHttp: Display: 	verb=[POST] url=[https://datarouter.ol.epicgames.com/datarouter/api/v1/public/data?SessionID=%7BC24469F6-42C3-F6DC-C01A-18B6E67BBE5D%7D&AppID=UEEditor.Rocket.Release&AppVersion=4.18.3-3832480%2B%2B%2BUE4%2BRelease-4.18&UserID=a8540e5b44f6ca3a30c24aba66b1ebdb%7Cfd159e6a22e842339ef246a1fe6d8531%7C0f229d11-ab62-4baf-a68f-f3310121c43b&AppEnvironment=datacollector-binary&UploadType=eteventstream] status=Processing
[2018.11.27-13.03.14:675][ 34]LogModuleManager: Shutting down and abandoning module SSL (40)
[2018.11.27-13.03.14:675][ 34]LogModuleManager: Shutting down and abandoning module AnimationModifiers (36)
[2018.11.27-13.03.14:675][ 34]LogModuleManager: Shutting down and abandoning module PropertyEditor (35)
[2018.11.27-13.03.14:675][ 34]LogModuleManager: Shutting down and abandoning module AudioEditor (32)
[2018.11.27-13.03.14:675][ 34]LogModuleManager: Shutting down and abandoning module TextureCompressor (30)
[2018.11.27-13.03.14:676][ 34]LogModuleManager: Shutting down and abandoning module ShaderCore (28)
[2018.11.27-13.03.14:676][ 34]LogModuleManager: Shutting down and abandoning module Landscape (26)
[2018.11.27-13.03.14:676][ 34]LogModuleManager: Shutting down and abandoning module SlateRHIRenderer (24)
[2018.11.27-13.03.14:677][ 34]LogModuleManager: Shutting down and abandoning module OpenGLDrv (22)
[2018.11.27-13.03.14:677][ 34]LogModuleManager: Shutting down and abandoning module D3D11RHI (20)
[2018.11.27-13.03.14:677][ 34]LogModuleManager: Shutting down and abandoning module AnimGraphRuntime (18)
[2018.11.27-13.03.14:677][ 34]LogModuleManager: Shutting down and abandoning module Renderer (16)
[2018.11.27-13.03.14:677][ 34]LogModuleManager: Shutting down and abandoning module Engine (14)
[2018.11.27-13.03.14:677][ 34]LogModuleManager: Shutting down and abandoning module CoreUObject (12)
[2018.11.27-13.03.14:677][ 34]LogModuleManager: Shutting down and abandoning module NetworkFile (10)
[2018.11.27-13.03.14:677][ 34]LogModuleManager: Shutting down and abandoning module CookedIterativeFile (8)
[2018.11.27-13.03.14:677][ 34]LogModuleManager: Shutting down and abandoning module StreamingFile (6)
[2018.11.27-13.03.14:677][ 34]LogModuleManager: Shutting down and abandoning module SandboxFile (4)
[2018.11.27-13.03.14:677][ 34]LogModuleManager: Shutting down and abandoning module PakFile (2)
[2018.11.27-13.03.14:682][ 34]LogExit: Exiting.
[2018.11.27-13.03.14:701][ 34]Log file closed, 11/27/18 22:03:14
