Log file open, 11/30/18 23:14:34
LogWindows: Failed to load 'aqProf.dll' (GetLastError=126)
LogWindows: File 'aqProf.dll' does not exist
LogWindows: Failed to load 'VSPerf140.dll' (GetLastError=126)
LogWindows: File 'VSPerf140.dll' does not exist
LogWindows: Failed to load 'VtuneApi.dll' (GetLastError=126)
LogWindows: File 'VtuneApi.dll' does not exist
LogWindows: Failed to load 'VtuneApi32e.dll' (GetLastError=126)
LogWindows: File 'VtuneApi32e.dll' does not exist
LogInit: Display: Running engine for game: GameGem
LogPlatformFile: Not using cached read wrapper
LogInit: Display: RandInit(-1161259954) SRandInit(-1161259954).
LogInit: Read version file with build ID '3709383'
LogInit: Overriding engine version to CL 3832480, compatible CL 3709383
LogInit: Registered custom module enumerator with build ID '3709383'
LogTaskGraph: Started task graph with 5 named threads and 14 total threads with 3 sets of task threads.
LogStats: Stats thread started at 0.181447
LogD3D11RHI: Aftermath initialized
LogModuleManager: Display: Found up-to-date module file ../../../Engine/Plugins/2D/Paper2D/Binaries/Win64/UE4Editor-Paper2D.dll (API version 3709383).
LogModuleManager: Display: Found up-to-date module file ../../../Engine/Plugins/2D/Paper2D/Binaries/Win64/UE4Editor-Paper2DEditor.dll (API version 3709383).
LogModuleManager: Display: Found up-to-date module file ../../../Engine/Plugins/2D/Paper2D/Binaries/Win64/UE4Editor-PaperSpriteSheetImporter.dll (API version 3709383).
LogModuleManager: Display: Found up-to-date module file ../../../Engine/Plugins/2D/Paper2D/Binaries/Win64/UE4Editor-PaperTiledImporter.dll (API version 3709383).
LogModuleManager: Display: Found up-to-date module file ../../../Engine/Plugins/2D/Paper2D/Binaries/Win64/UE4Editor-SmartSnapping.dll (API version 3709383).
LogModuleManager: Display: Found up-to-date module file ../../../Engine/Plugins/Blendables/LightPropagationVolume/Binaries/Win64/UE4Editor-LightPropagationVolumeRuntime.dll (API version 3709383).
LogModuleManager: Display: Found up-to-date module file ../../../Engine/Plugins/Blendables/LightPropagationVolume/Binaries/Win64/UE4Editor-LightPropagationVolumeEditor.dll (API version 3709383).
LogModuleManager: Display: Found up-to-date module file ../../../Engine/Plugins/Developer/GitSourceControl/Binaries/Win64/UE4Editor-GitSourceControl.dll (API version 3709383).
LogModuleManager: Display: Found up-to-date module file ../../../Engine/Plugins/Developer/PerforceSourceControl/Binaries/Win64/UE4Editor-PerforceSourceControl.dll (API version 3709383).
LogModuleManager: Display: Found up-to-date module file ../../../Engine/Plugins/Developer/SubversionSourceControl/Binaries/Win64/UE4Editor-SubversionSourceControl.dll (API version 3709383).
LogModuleManager: Display: Found up-to-date module file ../../../Engine/Plugins/Developer/UObjectPlugin/Binaries/Win64/UE4Editor-UObjectPlugin.dll (API version 3709383).
LogModuleManager: Display: Found up-to-date module file ../../../Engine/Plugins/Developer/VisualStudioCodeSourceCodeAccess/Binaries/Win64/UE4Editor-VisualStudioCodeSourceCodeAccess.dll (API version 3709383).
LogModuleManager: Display: Found up-to-date module file ../../../Engine/Plugins/Developer/VisualStudioSourceCodeAccess/Binaries/Win64/UE4Editor-VisualStudioSourceCodeAccess.dll (API version 3709383).
LogModuleManager: Display: Found up-to-date module file ../../../Engine/Plugins/Editor/AssetManagerEditor/Binaries/Win64/UE4Editor-AssetManagerEditor.dll (API version 3709383).
LogModuleManager: Display: Found up-to-date module file ../../../Engine/Plugins/Editor/AudioCapture/Binaries/Win64/UE4Editor-AudioCapture.dll (API version 3709383).
LogModuleManager: Display: Found up-to-date module file ../../../Engine/Plugins/Editor/FacialAnimation/Binaries/Win64/UE4Editor-FacialAnimation.dll (API version 3709383).
LogModuleManager: Display: Found up-to-date module file ../../../Engine/Plugins/Editor/FacialAnimation/Binaries/Win64/UE4Editor-FacialAnimationEditor.dll (API version 3709383).
LogModuleManager: Display: Found up-to-date module file ../../../Engine/Plugins/Editor/GameplayTagsEditor/Binaries/Win64/UE4Editor-GameplayTagsEditor.dll (API version 3709383).
LogModuleManager: Display: Found up-to-date module file ../../../Engine/Plugins/Editor/MobileLauncherProfileWizard/Binaries/Win64/UE4Editor-MobileLauncherProfileWizard.dll (API version 3709383).
LogModuleManager: Display: Found up-to-date module file ../../../Engine/Plugins/Editor/PluginBrowser/Binaries/Win64/UE4Editor-PluginBrowser.dll (API version 3709383).
LogModuleManager: Display: Found up-to-date module file ../../../Engine/Plugins/Editor/SpeedTreeImporter/Binaries/Win64/UE4Editor-SpeedTreeImporter.dll (API version 3709383).
LogModuleManager: Display: Found up-to-date module file ../../../Engine/Plugins/Experimental/AlembicImporter/Binaries/Win64/UE4Editor-AlembicImporter.dll (API version 3709383).
LogModuleManager: Display: Found up-to-date module file ../../../Engine/Plugins/Experimental/AlembicImporter/Binaries/Win64/UE4Editor-AlembicLibrary.dll (API version 3709383).
LogModuleManager: Display: Found up-to-date module file ../../../Engine/Plugins/Experimental/CharacterAI/Binaries/Win64/UE4Editor-CharacterAI.dll (API version 3709383).
LogModuleManager: Display: Found up-to-date module file ../../../Engine/Plugins/Experimental/HTML5Networking/Binaries/Win64/UE4Editor-HTML5Networking.dll (API version 3709383).
LogModuleManager: Display: Found up-to-date module file ../../../Engine/Plugins/Media/AndroidMedia/Binaries/Win64/UE4Editor-AndroidMediaEditor.dll (API version 3709383).
LogModuleManager: Display: Found up-to-date module file ../../../Engine/Plugins/Media/AndroidMedia/Binaries/Win64/UE4Editor-AndroidMediaFactory.dll (API version 3709383).
LogModuleManager: Display: Found up-to-date module file ../../../Engine/Plugins/Media/AvfMedia/Binaries/Win64/UE4Editor-AvfMediaEditor.dll (API version 3709383).
LogModuleManager: Display: Found up-to-date module file ../../../Engine/Plugins/Media/AvfMedia/Binaries/Win64/UE4Editor-AvfMediaFactory.dll (API version 3709383).
LogModuleManager: Display: Found up-to-date module file ../../../Engine/Plugins/Media/AvfMedia/Binaries/Win64/UE4Editor-AvfMediaFactory.dll (API version 3709383).
LogModuleManager: Display: Found up-to-date module file ../../../Engine/Plugins/Media/ImgMedia/Binaries/Win64/UE4Editor-ImgMedia.dll (API version 3709383).
LogModuleManager: Display: Found up-to-date module file ../../../Engine/Plugins/Media/ImgMedia/Binaries/Win64/UE4Editor-ImgMediaEditor.dll (API version 3709383).
LogModuleManager: Display: Found up-to-date module file ../../../Engine/Plugins/Media/ImgMedia/Binaries/Win64/UE4Editor-ImgMediaFactory.dll (API version 3709383).
LogModuleManager: Display: Found up-to-date module file ../../../Engine/Plugins/Media/ImgMedia/Binaries/Win64/UE4Editor-ImgMediaFactory.dll (API version 3709383).
LogModuleManager: Display: Found up-to-date module file ../../../Engine/Plugins/Media/ImgMedia/Binaries/Win64/UE4Editor-OpenExrWrapper.dll (API version 3709383).
LogModuleManager: Display: Found up-to-date module file ../../../Engine/Plugins/Media/MediaCompositing/Binaries/Win64/UE4Editor-MediaCompositing.dll (API version 3709383).
LogModuleManager: Display: Found up-to-date module file ../../../Engine/Plugins/Media/MediaCompositing/Binaries/Win64/UE4Editor-MediaCompositingEditor.dll (API version 3709383).
LogModuleManager: Display: Found up-to-date module file ../../../Engine/Plugins/Media/MediaPlayerEditor/Binaries/Win64/UE4Editor-MediaPlayerEditor.dll (API version 3709383).
LogModuleManager: Display: Found up-to-date module file ../../../Engine/Plugins/Media/WmfMedia/Binaries/Win64/UE4Editor-WmfMedia.dll (API version 3709383).
LogModuleManager: Display: Found up-to-date module file ../../../Engine/Plugins/Media/WmfMedia/Binaries/Win64/UE4Editor-WmfMediaEditor.dll (API version 3709383).
LogModuleManager: Display: Found up-to-date module file ../../../Engine/Plugins/Media/WmfMedia/Binaries/Win64/UE4Editor-WmfMediaFactory.dll (API version 3709383).
LogModuleManager: Display: Found up-to-date module file ../../../Engine/Plugins/Media/WmfMedia/Binaries/Win64/UE4Editor-WmfMediaFactory.dll (API version 3709383).
LogModuleManager: Display: Found up-to-date module file ../../../Engine/Plugins/Messaging/TcpMessaging/Binaries/Win64/UE4Editor-TcpMessaging.dll (API version 3709383).
LogModuleManager: Display: Found up-to-date module file ../../../Engine/Plugins/Messaging/UdpMessaging/Binaries/Win64/UE4Editor-UdpMessaging.dll (API version 3709383).
LogModuleManager: Display: Found up-to-date module file ../../../Engine/Plugins/MovieScene/ActorSequence/Binaries/Win64/UE4Editor-ActorSequence.dll (API version 3709383).
LogModuleManager: Display: Found up-to-date module file ../../../Engine/Plugins/MovieScene/LevelSequenceEditor/Binaries/Win64/UE4Editor-LevelSequenceEditor.dll (API version 3709383).
LogModuleManager: Display: Found up-to-date module file ../../../Engine/Plugins/MovieScene/MatineeToLevelSequence/Binaries/Win64/UE4Editor-MatineeToLevelSequence.dll (API version 3709383).
LogModuleManager: Display: Found up-to-date module file ../../../Engine/Plugins/Online/OnlineSubsystem/Binaries/Win64/UE4Editor-OnlineSubsystem.dll (API version 3709383).
LogModuleManager: Display: Found up-to-date module file ../../../Engine/Plugins/Runtime/AndroidPermission/Binaries/Win64/UE4Editor-AndroidPermission.dll (API version 3709383).
LogModuleManager: Display: Found up-to-date module file ../../../Engine/Plugins/Online/OnlineSubsystemNull/Binaries/Win64/UE4Editor-OnlineSubsystemNull.dll (API version 3709383).
LogModuleManager: Display: Found up-to-date module file ../../../Engine/Plugins/Online/OnlineSubsystemUtils/Binaries/Win64/UE4Editor-OnlineSubsystemUtils.dll (API version 3709383).
LogModuleManager: Display: Found up-to-date module file ../../../Engine/Plugins/Online/OnlineSubsystemUtils/Binaries/Win64/UE4Editor-OnlineBlueprintSupport.dll (API version 3709383).
LogModuleManager: Display: Found up-to-date module file ../../../Engine/Plugins/Runtime/AndroidDeviceProfileSelector/Binaries/Win64/UE4Editor-AndroidDeviceProfileSelector.dll (API version 3709383).
LogModuleManager: Display: Found up-to-date module file ../../../Engine/Plugins/Runtime/AppleARKit/Binaries/Win64/UE4Editor-AppleARKit.dll (API version 3709383).
LogModuleManager: Display: Found up-to-date module file ../../../Engine/Plugins/Runtime/ArchVisCharacter/Binaries/Win64/UE4Editor-ArchVisCharacter.dll (API version 3709383).
LogModuleManager: Display: Found up-to-date module file ../../../Engine/Plugins/Runtime/CableComponent/Binaries/Win64/UE4Editor-CableComponent.dll (API version 3709383).
LogModuleManager: Display: Found up-to-date module file ../../../Engine/Plugins/Runtime/CustomMeshComponent/Binaries/Win64/UE4Editor-CustomMeshComponent.dll (API version 3709383).
LogModuleManager: Display: Found up-to-date module file ../../../Engine/Plugins/Runtime/ExampleDeviceProfileSelector/Binaries/Win64/UE4Editor-ExampleDeviceProfileSelector.dll (API version 3709383).
LogModuleManager: Display: Found up-to-date module file ../../../Engine/Plugins/Runtime/ImmediatePhysics/Binaries/Win64/UE4Editor-ImmediatePhysics.dll (API version 3709383).
LogModuleManager: Display: Found up-to-date module file ../../../Engine/Plugins/Runtime/ImmediatePhysics/Binaries/Win64/UE4Editor-ImmediatePhysicsEditor.dll (API version 3709383).
LogModuleManager: Display: Found up-to-date module file ../../../Engine/Plugins/Runtime/LocationServicesBPLibrary/Binaries/Win64/UE4Editor-LocationServicesBPLibrary.dll (API version 3709383).
LogModuleManager: Display: Found up-to-date module file ../../../Engine/Plugins/Runtime/MobilePatchingUtils/Binaries/Win64/UE4Editor-MobilePatchingUtils.dll (API version 3709383).
LogModuleManager: Display: Found up-to-date module file ../../../Engine/Plugins/Runtime/Oculus/OculusVR/Binaries/Win64/UE4Editor-OculusHMD.dll (API version 3709383).
LogModuleManager: Display: Found up-to-date module file ../../../Engine/Plugins/Runtime/Oculus/OculusVR/Binaries/Win64/UE4Editor-OculusInput.dll (API version 3709383).
LogModuleManager: Display: Found up-to-date module file ../../../Engine/Plugins/Runtime/Oculus/OculusVR/Binaries/Win64/UE4Editor-OculusEditor.dll (API version 3709383).
LogModuleManager: Display: Found up-to-date module file ../../../Engine/Plugins/Runtime/PhysXVehicles/Binaries/Win64/UE4Editor-PhysXVehicles.dll (API version 3709383).
LogModuleManager: Display: Found up-to-date module file ../../../Engine/Plugins/Runtime/PhysXVehicles/Binaries/Win64/UE4Editor-PhysXVehiclesEditor.dll (API version 3709383).
LogModuleManager: Display: Found up-to-date module file ../../../Engine/Plugins/Runtime/ProceduralMeshComponent/Binaries/Win64/UE4Editor-ProceduralMeshComponent.dll (API version 3709383).
LogModuleManager: Display: Found up-to-date module file ../../../Engine/Plugins/Runtime/ProceduralMeshComponent/Binaries/Win64/UE4Editor-ProceduralMeshComponentEditor.dll (API version 3709383).
LogModuleManager: Display: Found up-to-date module file ../../../Engine/Plugins/Runtime/RuntimePhysXCooking/Binaries/Win64/UE4Editor-RuntimePhysXCooking.dll (API version 3709383).
LogModuleManager: Display: Found up-to-date module file ../../../Engine/Plugins/Runtime/Steam/SteamVR/Binaries/Win64/UE4Editor-SteamVR.dll (API version 3709383).
LogModuleManager: Display: Found up-to-date module file ../../../Engine/Plugins/Runtime/Steam/SteamVR/Binaries/Win64/UE4Editor-SteamVRController.dll (API version 3709383).
LogModuleManager: Display: Found up-to-date module file ../../../Engine/Plugins/Runtime/WindowsMoviePlayer/Binaries/Win64/UE4Editor-WindowsMoviePlayer.dll (API version 3709383).
LogPluginManager: Mounting plugin Paper2D
LogPluginManager: Mounting plugin LightPropagationVolume
LogPluginManager: Mounting plugin CodeLiteSourceCodeAccess
LogPluginManager: Mounting plugin GitSourceControl
LogPluginManager: Mounting plugin KDevelopSourceCodeAccess
LogPluginManager: Mounting plugin NullSourceCodeAccess
LogPluginManager: Mounting plugin PerforceSourceControl
LogPluginManager: Mounting plugin SubversionSourceControl
LogPluginManager: Mounting plugin UObjectPlugin
LogPluginManager: Mounting plugin VisualStudioCodeSourceCodeAccess
LogPluginManager: Mounting plugin VisualStudioSourceCodeAccess
LogPluginManager: Mounting plugin XCodeSourceCodeAccess
LogPluginManager: Mounting plugin AssetManagerEditor
LogPluginManager: Mounting plugin AudioCapture
LogPluginManager: Mounting plugin FacialAnimation
LogPluginManager: Mounting plugin GameplayTagsEditor
LogPluginManager: Mounting plugin MobileLauncherProfileWizard
LogPluginManager: Mounting plugin PluginBrowser
LogPluginManager: Mounting plugin SpeedTreeImporter
LogPluginManager: Mounting plugin AlembicImporter
LogPluginManager: Mounting plugin CharacterAI
LogPluginManager: Mounting plugin HTML5Networking
LogPluginManager: Mounting plugin AndroidMedia
LogPluginManager: Mounting plugin AvfMedia
LogPluginManager: Mounting plugin ImgMedia
LogPluginManager: Mounting plugin MediaCompositing
LogPluginManager: Mounting plugin MediaPlayerEditor
LogPluginManager: Mounting plugin WmfMedia
LogPluginManager: Mounting plugin TcpMessaging
LogPluginManager: Mounting plugin UdpMessaging
LogPluginManager: Mounting plugin ActorSequence
LogPluginManager: Mounting plugin LevelSequenceEditor
LogPluginManager: Mounting plugin MatineeToLevelSequence
LogPluginManager: Mounting plugin OnlineSubsystemGooglePlay
LogPluginManager: Mounting plugin OnlineSubsystemIOS
LogPluginManager: Mounting plugin OnlineSubsystem
LogPluginManager: Mounting plugin OnlineSubsystemNull
LogPluginManager: Mounting plugin OnlineSubsystemUtils
LogPluginManager: Mounting plugin AndroidDeviceProfileSelector
LogPluginManager: Mounting plugin AndroidMoviePlayer
LogPluginManager: Mounting plugin AndroidPermission
LogPluginManager: Mounting plugin AppleARKit
LogPluginManager: Mounting plugin AppleMoviePlayer
LogPluginManager: Mounting plugin ArchVisCharacter
LogPluginManager: Mounting plugin CableComponent
LogPluginManager: Mounting plugin CustomMeshComponent
LogPluginManager: Mounting plugin ExampleDeviceProfileSelector
LogPluginManager: Mounting plugin GoogleCloudMessaging
LogPluginManager: Mounting plugin ImmediatePhysics
LogPluginManager: Mounting plugin IOSDeviceProfileSelector
LogPluginManager: Mounting plugin LinuxDeviceProfileSelector
LogPluginManager: Mounting plugin LocationServicesBPLibrary
LogPluginManager: Mounting plugin MobilePatchingUtils
LogPluginManager: Mounting plugin OculusVR
LogPluginManager: Plugin shader directory ../../../Engine/Plugins/Runtime/Oculus/OculusVR/Shaders found
LogPluginManager: Mapping shader source directory ../../../Engine/Plugins/Runtime/Oculus/OculusVR/Shaders to virtual directory /Plugin/OculusVR
LogPluginManager: Mounting plugin PhysXVehicles
LogPluginManager: Mounting plugin ProceduralMeshComponent
LogPluginManager: Mounting plugin RuntimePhysXCooking
LogPluginManager: Mounting plugin SteamVR
LogPluginManager: Mounting plugin WindowsMoviePlayer
LogInit: Using libcurl 7.47.1
LogInit:  - built for x86_64-pc-win32
LogInit:  - supports SSL with OpenSSL/1.0.2g
LogInit:  - supports HTTP deflate (compression) using libz 1.2.8
LogInit:  - other features:
LogInit:      CURL_VERSION_SSL
LogInit:      CURL_VERSION_LIBZ
LogInit:      CURL_VERSION_IPV6
LogInit:      CURL_VERSION_ASYNCHDNS
LogInit:      CURL_VERSION_LARGEFILE
LogInit:      CURL_VERSION_IDN
LogInit:  CurlRequestOptions (configurable via config and command line):
LogInit:  - bVerifyPeer = false  - Libcurl will NOT verify peer certificate
LogInit:  - bUseHttpProxy = false  - Libcurl will NOT use HTTP proxy
LogInit:  - bDontReuseConnections = false  - Libcurl will reuse connections
LogInit:  - CertBundlePath = nullptr  - Libcurl will use whatever was configured at build time.
LogInit: Build: ++UE4+Release-4.18-CL-3832480
LogInit: Engine Version: 4.18.3-3832480+++UE4+Release-4.18
LogInit: Compatible Engine Version: 4.18.0-3709383+++UE4+Release-4.18
LogInit: Net CL: 3709383
LogDevObjectVersion: Number of dev versions registered: 16
LogDevObjectVersion:   Dev-Blueprints (B0D832E4-1F89-4F0D-ACCF-7EB736FD4AA2): 10
LogDevObjectVersion:   Dev-Build (E1C64328-A22C-4D53-A36C-8E866417BD8C): 0
LogDevObjectVersion:   Dev-Core (375EC13C-06E4-48FB-B500-84F0262A717E): 2
LogDevObjectVersion:   Dev-Editor (E4B068ED-F494-42E9-A231-DA0B2E46BB41): 20
LogDevObjectVersion:   Dev-Framework (CFFC743F-43B0-4480-9391-14DF171D2073): 30
LogDevObjectVersion:   Dev-Mobile (B02B49B5-BB20-44E9-A304-32B752E40360): 0
LogDevObjectVersion:   Dev-Networking (A4E4105C-59A1-49B5-A7C5-40C4547EDFEE): 0
LogDevObjectVersion:   Dev-Online (39C831C9-5AE6-47DC-9A44-9C173E1C8E7C): 0
LogDevObjectVersion:   Dev-Physics (78F01B33-EBEA-4F98-B9B4-84EACCB95AA2): 0
LogDevObjectVersion:   Dev-Platform (6631380F-2D4D-43E0-8009-CF276956A95A): 0
LogDevObjectVersion:   Dev-Rendering (12F88B9F-8875-4AFC-A67C-D90C383ABD29): 20
LogDevObjectVersion:   Dev-Sequencer (7B5AE74C-D270-4C10-A958-57980B212A5A): 4
LogDevObjectVersion:   Dev-VR (D7296918-1DD6-4BDD-9DE2-64A83CC13884): 0
LogDevObjectVersion:   Dev-LoadTimes (C2A15278-BFE7-4AFE-6C17-90FF531DF755): 1
LogDevObjectVersion:   Private-Geometry (6EACA3D4-40EC-4CC1-B786-8BED09428FC5): 1
LogDevObjectVersion:   Dev-AnimPhys (29E575DD-E0A3-4627-9D10-D276232CDCEA): 12
LogInit: Compiled (64-bit): Jan 12 2018 02:04:55
LogInit: Compiled with Visual C++: 19.00.24215.01
LogInit: Build Configuration: Development
LogInit: Branch Name: ++UE4+Release-4.18
LogInit: Command line:  
LogInit: Base directory: C:/Program Files/Epic Games/UE_4.18/Engine/Binaries/Win64/
LogInit: Installed Engine Build: 1
LogInit: Presizing for max 8388607 objects, including 0 objects not considered by GC, pre-allocating 0 bytes for permanent pool.
LogInit: Object subsystem initialized
[2018.11.30-14.14.35:604][  0]LogInit: Selected Device Profile: [Windows]
[2018.11.30-14.14.35:604][  0]LogInit: Applying CVar settings loaded from the selected device profile: [Windows]
[2018.11.30-14.14.35:641][  0]LogInit: Computer: DESKTOP-7OODGOQ
[2018.11.30-14.14.35:641][  0]LogInit: User: user
[2018.11.30-14.14.35:641][  0]LogInit: CPU Page size=4096, Cores=4
[2018.11.30-14.14.35:641][  0]LogInit: High frequency timer resolution =2.742191 MHz
[2018.11.30-14.14.35:642][  0]LogMemory: Memory total: Physical=7.9GB (8GB approx)
[2018.11.30-14.14.35:642][  0]LogMemory: Platform Memory Stats for Windows
[2018.11.30-14.14.35:642][  0]LogMemory: Process Physical Memory: 273.52 MB used, 273.52 MB peak
[2018.11.30-14.14.35:642][  0]LogMemory: Process Virtual Memory: 272.07 MB used, 272.07 MB peak
[2018.11.30-14.14.35:642][  0]LogMemory: Physical Memory: 3148.85 MB used,  4960.85 MB free, 8109.70 MB total
[2018.11.30-14.14.35:643][  0]LogMemory: Virtual Memory: 4781.56 MB used,  4960.85 MB free, 134217728.00 MB total
[2018.11.30-14.14.35:857][  0]LogInit: Using OS detected language (ko-KR).
[2018.11.30-14.14.35:857][  0]LogInit: Using OS detected locale (ko-KR).
[2018.11.30-14.14.35:860][  0]LogTextLocalizationManager: No specific localization for 'ko-KR' exists, so the 'ko' localization will be used.
[2018.11.30-14.14.36:015][  0]LogInit: Setting process to per monitor DPI aware
[2018.11.30-14.14.36:349][  0]LogD3D11RHI: D3D11 adapters:
[2018.11.30-14.14.37:348][  0]LogD3D11RHI:    0. 'NVIDIA GeForce GTX 1050 Ti' (Feature Level 11_0)
[2018.11.30-14.14.37:348][  0]LogD3D11RHI:       4021/0/4054 MB DedicatedVideo/DedicatedSystem/SharedSystem, Outputs:1, VendorId:0x10de
[2018.11.30-14.14.37:358][  0]LogD3D11RHI:    1. 'Intel(R) HD Graphics 630' (Feature Level 11_0)
[2018.11.30-14.14.37:358][  0]LogD3D11RHI:       128/0/4054 MB DedicatedVideo/DedicatedSystem/SharedSystem, Outputs:0, VendorId:0x8086
[2018.11.30-14.14.37:359][  0]LogD3D11RHI:    2. 'Microsoft Basic Render Driver' (Feature Level 11_0)
[2018.11.30-14.14.37:359][  0]LogD3D11RHI:       0/0/4054 MB DedicatedVideo/DedicatedSystem/SharedSystem, Outputs:0, VendorId:0x1414
[2018.11.30-14.14.37:359][  0]LogD3D11RHI: Chosen D3D11 Adapter: 0
[2018.11.30-14.14.37:379][  0]LogD3D11RHI: Creating new Direct3DDevice
[2018.11.30-14.14.37:379][  0]LogD3D11RHI:     GPU DeviceId: 0x1c8c (for the marketing name, search the web for "GPU Device Id")
[2018.11.30-14.14.37:379][  0]LogWindows: EnumDisplayDevices:
[2018.11.30-14.14.37:379][  0]LogWindows:    0. 'Intel(R) HD Graphics 630' (P:1 D:1)
[2018.11.30-14.14.37:379][  0]LogWindows:    1. 'Intel(R) HD Graphics 630' (P:0 D:0)
[2018.11.30-14.14.37:380][  0]LogWindows:    2. 'Intel(R) HD Graphics 630' (P:0 D:0)
[2018.11.30-14.14.37:380][  0]LogWindows: DebugString: GetVideoDriverDetailsInvalid PrimaryIsNotTheChoosenAdapter GetVideoDriverDetailsInvalid PrimaryIsNotTheChoosenAdapter GetVideoDriverDetailsInvalid PrimaryIsNotTheChoosenAdapter FoundDriverCount:0 
[2018.11.30-14.14.37:380][  0]LogD3D11RHI:     Adapter Name: NVIDIA GeForce GTX 1050 Ti
[2018.11.30-14.14.37:380][  0]LogD3D11RHI:   Driver Version: Unknown (internal:Unknown, unified:Unknown)
[2018.11.30-14.14.37:380][  0]LogD3D11RHI:      Driver Date: Unknown
[2018.11.30-14.14.37:380][  0]LogRHI: Texture pool is 2814 MB (70% of 4021 MB)
[2018.11.30-14.14.37:419][  0]LogD3D11RHI: Async texture creation enabled
[2018.11.30-14.14.37:436][  0]LogD3D11RHI: GPU Timing Frequency: 1000.000000 (Debug: 2 2)
[2018.11.30-14.14.37:436][  0]LogShaderCompilers: Guid format shader working directory is -2 characters bigger than the processId version (../../../../../../Users/user/Documents/GameGem/Intermediate/Shaders/WorkingDirectory/10508/).
[2018.11.30-14.14.37:436][  0]LogShaderCompilers: Cleaned the shader compiler working directory 'C:/Users/user/AppData/Local/Temp/UnrealShaderWorkingDir/BD2CCC224AA0D2D0C7BF5BA180C4C09F/'.
[2018.11.30-14.14.37:437][  0]LogShaderCompilers: Display: Using Local Shader Compiler.
[2018.11.30-14.14.38:337][  0]LogTemp: Display: Loaded TP AllDesktopTargetPlatform
[2018.11.30-14.14.38:399][  0]LogTemp: Display: Loaded TP MacClientTargetPlatform
[2018.11.30-14.14.38:463][  0]LogTemp: Display: Loaded TP MacNoEditorTargetPlatform
[2018.11.30-14.14.38:525][  0]LogTemp: Display: Loaded TP MacServerTargetPlatform
[2018.11.30-14.14.38:588][  0]LogTemp: Display: Loaded TP MacTargetPlatform
[2018.11.30-14.14.38:653][  0]LogTemp: Display: Loaded TP WindowsClientTargetPlatform
[2018.11.30-14.14.38:729][  0]LogTemp: Display: Loaded TP WindowsNoEditorTargetPlatform
[2018.11.30-14.14.38:795][  0]LogTemp: Display: Loaded TP WindowsServerTargetPlatform
[2018.11.30-14.14.38:862][  0]LogTemp: Display: Loaded TP WindowsTargetPlatform
[2018.11.30-14.14.38:925][  0]LogTemp: Display: Loaded TP Android_ASTCTargetPlatform
[2018.11.30-14.14.38:988][  0]LogTemp: Display: Loaded TP Android_ATCTargetPlatform
[2018.11.30-14.14.39:067][  0]LogTemp: Display: Loaded TP Android_DXTTargetPlatform
[2018.11.30-14.14.39:138][  0]LogTemp: Display: Loaded TP Android_ETC1TargetPlatform
[2018.11.30-14.14.39:205][  0]LogTemp: Display: Loaded TP Android_ETC2TargetPlatform
[2018.11.30-14.14.39:334][  0]LogTemp: Display: Loaded TP Android_MultiTargetPlatform
[2018.11.30-14.14.39:334][  0]LogTemp: Display: Loaded TP Android_PVRTCTargetPlatform
[2018.11.30-14.14.39:395][  0]LogTemp: Display: Loaded TP AndroidTargetPlatform
[2018.11.30-14.14.39:454][  0]LogTemp: Display: Loaded TP HTML5TargetPlatform
[2018.11.30-14.14.39:564][  0]LogTemp: Display: Loaded TP IOSTargetPlatform
[2018.11.30-14.14.39:616][  0]LogTemp: Display: Loaded TP TVOSTargetPlatform
[2018.11.30-14.14.39:677][  0]LogTemp: Display: Loaded TP LinuxClientTargetPlatform
[2018.11.30-14.14.39:739][  0]LogTemp: Display: Loaded TP LinuxNoEditorTargetPlatform
[2018.11.30-14.14.39:800][  0]LogTemp: Display: Loaded TP LinuxServerTargetPlatform
[2018.11.30-14.14.39:861][  0]LogTemp: Display: Loaded TP LinuxTargetPlatform
[2018.11.30-14.14.39:861][  0]LogTargetPlatformManager: Display: Building Assets For Windows
[2018.11.30-14.14.40:458][  0]LogDerivedDataCache: Display: Max Cache Size: 512 MB
[2018.11.30-14.14.40:530][  0]LogDerivedDataCache: Loaded boot cache 0.07s 78MB C:/Users/user/AppData/Local/UnrealEngine/4.18/DerivedDataCache/Boot.ddc.
[2018.11.30-14.14.40:530][  0]LogDerivedDataCache: Display: Loaded Boot cache: C:/Users/user/AppData/Local/UnrealEngine/4.18/DerivedDataCache/Boot.ddc
[2018.11.30-14.14.40:530][  0]LogDerivedDataCache: FDerivedDataBackendGraph:  Pak pak cache file ../../../../../../Users/user/Documents/GameGem/DerivedDataCache/DDC.ddp not found, will not use a pak cache.
[2018.11.30-14.14.40:530][  0]LogDerivedDataCache: Unable to find inner node Pak for hierarchical cache Hierarchy.
[2018.11.30-14.14.40:530][  0]LogDerivedDataCache: FDerivedDataBackendGraph:  CompressedPak pak cache file ../../../../../../Users/user/Documents/GameGem/DerivedDataCache/Compressed.ddp not found, will not use a pak cache.
[2018.11.30-14.14.40:530][  0]LogDerivedDataCache: Unable to find inner node CompressedPak for hierarchical cache Hierarchy.
[2018.11.30-14.14.40:544][  0]LogDerivedDataCache: Display: Pak cache opened for reading ../../../Engine/DerivedDataCache/Compressed.ddp.
[2018.11.30-14.14.40:557][  0]LogDerivedDataCache: Using Local data cache path C:/Users/user/AppData/Local/UnrealEngine/Common/DerivedDataCache: Writable
[2018.11.30-14.14.40:567][  0]LogMaterial: Verifying Global Shaders for PCD3D_SM5
[2018.11.30-14.14.40:568][  0]LogSlate: Using Freetype 2.6.0
[2018.11.30-14.14.40:568][  0]LogSlate: SlateFontCache - WITH_FREETYPE: 1, WITH_HARFBUZZ: 1
[2018.11.30-14.14.40:568][  0]LogSlate: SlateFontCache - WITH_FREETYPE: 1, WITH_HARFBUZZ: 1
[2018.11.30-14.14.40:916][  0]LogInit: Selected Device Profile: [Windows]
[2018.11.30-14.14.41:373][  0]LogSimplygon: Simplygon DLL not present - disabling.
[2018.11.30-14.14.41:426][  0]LogMeshReduction: Using SimplygonSwarm for distributed automatic mesh merging
[2018.11.30-14.14.41:426][  0]LogMeshReduction: Using QuadricMeshReduction for automatic static mesh reduction
[2018.11.30-14.14.41:426][  0]LogMeshReduction: No automatic skeletal mesh reduction module available
[2018.11.30-14.14.41:426][  0]LogMeshReduction: No automatic mesh merging module available
[2018.11.30-14.14.41:426][  0]LogMeshMerging: No automatic mesh merging module available
[2018.11.30-14.14.41:465][  0]LogNetVersion: GameGem , NetCL: 3709383, EngineNetVer: 2, GameNetVer: 0 (Checksum: 882068137)
[2018.11.30-14.14.41:659][  0]LogAssetRegistry: FAssetRegistry took 0.0260 seconds to start up
[2018.11.30-14.14.42:241][  0]LogPackageLocalizationCache: Processed 7 localized package path(s) for 2 prioritized culture(s) in 0.065094 seconds
[2018.11.30-14.14.42:247][  0]LogUObjectArray: 35870 objects as part of root set at end of initial load.
[2018.11.30-14.14.42:247][  0]LogUObjectAllocator: 7363696 out of 0 bytes used by permanent object pool.
[2018.11.30-14.14.42:247][  0]LogUObjectArray: CloseDisregardForGC: 0/0 objects in disregard for GC pool
[2018.11.30-14.14.42:325][  0]LogInit: WinSock: version 1.1 (2.2), MaxSocks=32767, MaxUdp=65467
[2018.11.30-14.14.45:785][  0]LogTcpMessaging: Initializing TcpMessaging bridge
[2018.11.30-14.14.45:837][  0]LogUdpMessaging: Initializing bridge on interface 0.0.0.0:0 to multicast group 230.0.0.1:6666.
[2018.11.30-14.14.46:818][  0]LogMaterial: Uniform references updated for custom material expression Custom.
[2018.11.30-14.14.47:456][  0]SourceControl: 소스 콘트롤이 꺼졌습니다.
[2018.11.30-14.14.47:456][  0]SourceControl: 소스 콘트롤이 꺼졌습니다.
[2018.11.30-14.14.47:522][  0]SourceControl: 소스 콘트롤이 꺼졌습니다.
[2018.11.30-14.14.47:591][  0]SourceControl: 소스 콘트롤이 꺼졌습니다.
[2018.11.30-14.14.48:756][  0]LogAndroidPermission: UAndroidPermissionCallbackProxy::GetInstance
[2018.11.30-14.14.49:140][  0]LogOcInput: OculusInput pre-init called
[2018.11.30-14.14.49:500][  0]LogEngine: Initializing Engine...
[2018.11.30-14.14.49:502][  0]LogHMD: Failed to initialize OpenVR with code 110
[2018.11.30-14.14.49:716][  0]LogStats: UGameplayTagsManager::ConstructGameplayTagTree: Construct from data asset -  0.000 s
[2018.11.30-14.14.49:716][  0]LogStats: UGameplayTagsManager::ConstructGameplayTagTree: GameplayTagTreeChangedEvent.Broadcast -  0.000 s
[2018.11.30-14.14.49:907][  0]LogAIModule: Creating AISystem for world Untitled
[2018.11.30-14.14.49:916][  0]LogInit: XAudio2 using '스피커(Realtek High Definition Audio)' : 2 channels at 48 kHz using 32 bits per sample (channel mask 0x3)
[2018.11.30-14.14.50:030][  0]LogInit: FAudioDevice initialized.
[2018.11.30-14.14.50:116][  0]LogDerivedDataCache: Saved boot cache 0.09s 78MB C:/Users/user/AppData/Local/UnrealEngine/4.18/DerivedDataCache/Boot.ddc.
[2018.11.30-14.14.50:130][  0]LogInit: Texture streaming: Enabled
[2018.11.30-14.14.50:275][  0]LogEngineSessionManager: EngineSessionManager initialized
[2018.11.30-14.14.50:447][  0]LogInit: Transaction tracking system initialized
[2018.11.30-14.14.50:959][  0]BlueprintLog: New page: 에디터 로드
[2018.11.30-14.14.52:176][  0]LocalizationService: 현지화 서비스가 비활성화되었습니다.
[2018.11.30-14.14.53:225][  0]LogConsoleResponse: Display: 
[2018.11.30-14.14.53:428][  0]LogCook: Display: Max memory allowance for cook 16384mb min free memory 0mb
[2018.11.30-14.14.53:428][  0]LogCook: Display: Mobile HDR setting 1
[2018.11.30-14.14.53:428][  0]LogGameplayTags: Display: UGameplayTagsManager::DoneAddingNativeTags. DelegateIsBound: 0
[2018.11.30-14.14.54:163][  0]LogFileCache: Scanning file cache for directory 'C:/Users/user/Documents/GameGem/Content/' took 0.02s
[2018.11.30-14.14.55:069][  0]SourceControl: 소스 콘트롤이 꺼졌습니다.
[2018.11.30-14.14.55:069][  0]Cmd: MAP LOAD FILE="../../../../../../Users/user/Documents/GameGem/Content/PuzzleBP/Maps/MainGame.umap" TEMPLATE=0 SHOWPROGRESS=1 FEATURELEVEL=3
[2018.11.30-14.14.55:069][  0]LightingResults: New page: 라이팅 빌드
[2018.11.30-14.14.55:124][  0]MapCheck: New page: 맵 체크
[2018.11.30-14.14.55:124][  0]LightingResults: New page: 라이팅 빌드
[2018.11.30-14.14.56:097][  0]LogBlueprint: Warning: [Compiler 튜토리얼메인화면] Get : '망치버튼강조3' variable not found. Base class was probably changed. /Game/PuzzleBP/Blueprints/UI/튜토리얼메인화면.튜토리얼메인화면
[2018.11.30-14.14.56:098][  0]LogBlueprint: Warning: [Compiler 튜토리얼메인화면] Get : '망치버튼강조3' variable not found. Base class was probably changed. /Game/PuzzleBP/Blueprints/UI/튜토리얼메인화면.튜토리얼메인화면
[2018.11.30-14.14.56:099][  0]LogBlueprint: Warning: [Compiler 튜토리얼메인화면] Get : '망치버튼강조3' variable not found. Base class was probably changed. /Game/PuzzleBP/Blueprints/UI/튜토리얼메인화면.튜토리얼메인화면
[2018.11.30-14.14.56:099][  0]LogBlueprint: Warning: [Compiler 튜토리얼메인화면] Get : '망치버튼강조3' variable not found. Base class was probably changed. /Game/PuzzleBP/Blueprints/UI/튜토리얼메인화면.튜토리얼메인화면
[2018.11.30-14.14.56:100][  0]LogBlueprint: Warning: [Compiler 튜토리얼메인화면] Get : '망치버튼강조3' variable not found. Base class was probably changed. /Game/PuzzleBP/Blueprints/UI/튜토리얼메인화면.튜토리얼메인화면
[2018.11.30-14.14.56:100][  0]LogBlueprint: Warning: [Compiler 튜토리얼메인화면] Get : '망치버튼강조3' variable not found. Base class was probably changed. /Game/PuzzleBP/Blueprints/UI/튜토리얼메인화면.튜토리얼메인화면
[2018.11.30-14.14.56:344][  0]LogBlueprint: Warning: [Compiler 튜토리얼메인화면] [0023.62] 튜토리얼메인화면 컴파일에 성공했습니다만, 경고가 6 회 있습니다. [소요시간 289 ms] (/Game/PuzzleBP/Blueprints/UI/튜토리얼메인화면.튜토리얼메인화면)
[2018.11.30-14.14.57:246][  0]LogTexture: Display: 텍스처 빌드: 매스컴_외래어3 (AutoDXT, 200X200)
[2018.11.30-14.14.57:246][  0]LogTexture: Display: 텍스처 빌드: 마사지_외래어2 (AutoDXT, 200X200)
[2018.11.30-14.14.57:246][  0]LogTexture: Display: 텍스처 빌드: 로터리_외래어1 (AutoDXT, 200X200)
[2018.11.30-14.14.57:246][  0]LogTexture: Display: 텍스처 빌드: 푸네기30 (AutoDXT, 200X200)
[2018.11.30-14.14.57:246][  0]LogTexture: Display: 텍스처 빌드: 쪽박29 (AutoDXT, 200X200)
[2018.11.30-14.14.57:246][  0]LogTexture: Display: 텍스처 빌드: 은하수28 (AutoDXT, 200X200)
[2018.11.30-14.14.57:246][  0]LogTexture: Display: 텍스처 빌드: 우듬지27 (AutoDXT, 200X200)
[2018.11.30-14.14.57:246][  0]LogTexture: Display: 텍스처 빌드: 속종26 (AutoDXT, 200X200)
[2018.11.30-14.14.57:246][  0]LogTexture: Display: 텍스처 빌드: 세우25 (AutoDXT, 200X200)
[2018.11.30-14.14.57:246][  0]LogTexture: Display: 텍스처 빌드: 삭신24 (AutoDXT, 200X200)
[2018.11.30-14.14.57:246][  0]LogTexture: Display: 텍스처 빌드: 부아23 (AutoDXT, 200X200)
[2018.11.30-14.14.57:246][  0]LogTexture: Display: 텍스처 빌드: 반색22 (AutoDXT, 200X200)
[2018.11.30-14.14.57:246][  0]LogTexture: Display: 텍스처 빌드: 몽치21 (AutoDXT, 200X200)
[2018.11.30-14.14.57:246][  0]LogTexture: Display: 텍스처 빌드: 메지20 (AutoDXT, 200X200)
[2018.11.30-14.14.57:246][  0]LogTexture: Display: 텍스처 빌드: 맨드리19 (AutoDXT, 200X200)
[2018.11.30-14.14.57:246][  0]LogTexture: Display: 텍스처 빌드: 마음자리18 (AutoDXT, 200X200)
[2018.11.30-14.14.57:246][  0]LogTexture: Display: 텍스처 빌드: 둥지17 (AutoDXT, 200X200)
[2018.11.30-14.14.57:246][  0]LogTexture: Display: 텍스처 빌드: 둔치16 (AutoDXT, 200X200)
[2018.11.30-14.14.57:246][  0]LogTexture: Display: 텍스처 빌드: 되우15 (AutoDXT, 200X200)
[2018.11.30-14.14.57:246][  0]LogTexture: Display: 텍스처 빌드: 덤터기14 (AutoDXT, 200X200)
[2018.11.30-14.14.57:246][  0]LogTexture: Display: 텍스처 빌드: 높드리12 (AutoDXT, 200X200)
[2018.11.30-14.14.57:246][  0]LogTexture: Display: 텍스처 빌드: 대두리13 (AutoDXT, 200X200)
[2018.11.30-14.14.57:246][  0]LogTexture: Display: 텍스처 빌드: 노총11 (AutoDXT, 200X200)
[2018.11.30-14.14.57:246][  0]LogTexture: Display: 텍스처 빌드: 노박이로10 (AutoDXT, 200X200)
[2018.11.30-14.14.57:246][  0]LogTexture: Display: 텍스처 빌드: 난달9 (AutoDXT, 200X200)
[2018.11.30-14.14.57:246][  0]LogTexture: Display: 텍스처 빌드: 나우8 (AutoDXT, 200X200)
[2018.11.30-14.14.57:246][  0]LogTexture: Display: 텍스처 빌드: 꼼수7 (AutoDXT, 200X200)
[2018.11.30-14.14.57:247][  0]LogTexture: Display: 텍스처 빌드: 길라잡이6 (AutoDXT, 200X200)
[2018.11.30-14.14.57:247][  0]LogTexture: Display: 텍스처 빌드: 귓속질5 (AutoDXT, 200X200)
[2018.11.30-14.14.57:247][  0]LogTexture: Display: 텍스처 빌드: 귀잠4 (AutoDXT, 200X200)
[2018.11.30-14.14.57:247][  0]LogTexture: Display: 텍스처 빌드: 게염3 (AutoDXT, 200X200)
[2018.11.30-14.14.57:247][  0]LogTexture: Display: 텍스처 빌드: 갈매2 (AutoDXT, 200X200)
[2018.11.30-14.14.57:247][  0]LogTexture: Display: 텍스처 빌드: 갈림길1 (AutoDXT, 200X200)
[2018.11.30-14.14.57:247][  0]LogTexture: Display: 텍스처 빌드: 재킷_외래어18 (AutoDXT, 200X200)
[2018.11.30-14.14.57:247][  0]LogTexture: Display: 텍스처 빌드: 유머_외래어17 (AutoDXT, 200X200)
[2018.11.30-14.14.57:247][  0]LogTexture: Display: 텍스처 빌드: 시소_외래어16 (AutoDXT, 200X200)
[2018.11.30-14.14.57:247][  0]LogTexture: Display: 텍스처 빌드: 시그널_외래어15 (AutoDXT, 200X200)
[2018.11.30-14.14.57:247][  0]LogTexture: Display: 텍스처 빌드: 소파_외래어14 (AutoDXT, 200X200)
[2018.11.30-14.14.57:247][  0]LogTexture: Display: 텍스처 빌드: 센강_외래어13 (AutoDXT, 200X200)
[2018.11.30-14.14.57:247][  0]LogTexture: Display: 텍스처 빌드: 세트_외래어12 (AutoDXT, 200X200)
[2018.11.30-14.14.57:247][  0]LogTexture: Display: 텍스처 빌드: 샌들_외래어11 (AutoDXT, 200X200)
[2018.11.30-14.14.57:247][  0]LogTexture: Display: 텍스처 빌드: 사이버_외래어10 (AutoDXT, 200X200)
[2018.11.30-14.14.57:247][  0]LogTexture: Display: 텍스처 빌드: 비즈니스_외래어9 (AutoDXT, 200X200)
[2018.11.30-14.14.57:247][  0]LogTexture: Display: 텍스처 빌드: 보디가드_외래어8 (AutoDXT, 200X200)
[2018.11.30-14.14.57:247][  0]LogTexture: Display: 텍스처 빌드: 베란다_외래어7 (AutoDXT, 200X200)
[2018.11.30-14.14.57:247][  0]LogTexture: Display: 텍스처 빌드: 쪽박29 (AutoDXT, 200X200)
[2018.11.30-14.14.57:247][  0]LogTexture: Display: 텍스처 빌드: 은하수28 (AutoDXT, 200X200)
[2018.11.30-14.14.57:247][  0]LogTexture: Display: 텍스처 빌드: 우듬지27 (AutoDXT, 200X200)
[2018.11.30-14.14.57:247][  0]LogTexture: Display: 텍스처 빌드: 속종26 (AutoDXT, 200X200)
[2018.11.30-14.14.57:247][  0]LogTexture: Display: 텍스처 빌드: 세우25 (AutoDXT, 200X200)
[2018.11.30-14.14.57:247][  0]LogTexture: Display: 텍스처 빌드: 삭신24 (AutoDXT, 200X200)
[2018.11.30-14.14.57:247][  0]LogTexture: Display: 텍스처 빌드: 부아23 (AutoDXT, 200X200)
[2018.11.30-14.14.57:247][  0]LogTexture: Display: 텍스처 빌드: 반색22 (AutoDXT, 200X200)
[2018.11.30-14.14.57:247][  0]LogTexture: Display: 텍스처 빌드: 몽치21 (AutoDXT, 200X200)
[2018.11.30-14.14.57:247][  0]LogTexture: Display: 텍스처 빌드: 메지20 (AutoDXT, 200X200)
[2018.11.30-14.14.57:247][  0]LogTexture: Display: 텍스처 빌드: 맨드리19 (AutoDXT, 200X200)
[2018.11.30-14.14.57:247][  0]LogTexture: Display: 텍스처 빌드: 마음자리18 (AutoDXT, 200X200)
[2018.11.30-14.14.57:247][  0]LogTexture: Display: 텍스처 빌드: 둥지17 (AutoDXT, 200X200)
[2018.11.30-14.14.57:247][  0]LogTexture: Display: 텍스처 빌드: 둔치16 (AutoDXT, 200X200)
[2018.11.30-14.14.57:247][  0]LogTexture: Display: 텍스처 빌드: 되우15 (AutoDXT, 200X200)
[2018.11.30-14.14.57:247][  0]LogTexture: Display: 텍스처 빌드: 덤터기14 (AutoDXT, 200X200)
[2018.11.30-14.14.57:247][  0]LogTexture: Display: 텍스처 빌드: 대두리13 (AutoDXT, 200X200)
[2018.11.30-14.14.57:247][  0]LogTexture: Display: 텍스처 빌드: 높드리12 (AutoDXT, 200X200)
[2018.11.30-14.14.57:247][  0]LogTexture: Display: 텍스처 빌드: 노총11 (AutoDXT, 200X200)
[2018.11.30-14.14.57:247][  0]LogTexture: Display: 텍스처 빌드: 노박이로10 (AutoDXT, 200X200)
[2018.11.30-14.14.57:247][  0]LogTexture: Display: 텍스처 빌드: 난달9 (AutoDXT, 200X200)
[2018.11.30-14.14.57:247][  0]LogTexture: Display: 텍스처 빌드: 나우8 (AutoDXT, 200X200)
[2018.11.30-14.14.57:247][  0]LogTexture: Display: 텍스처 빌드: 꼼수7 (AutoDXT, 200X200)
[2018.11.30-14.14.57:247][  0]LogTexture: Display: 텍스처 빌드: 길라잡이6 (AutoDXT, 200X200)
[2018.11.30-14.14.57:247][  0]LogTexture: Display: 텍스처 빌드: 귓속질5 (AutoDXT, 200X200)
[2018.11.30-14.14.57:247][  0]LogTexture: Display: 텍스처 빌드: 귀잠4 (AutoDXT, 200X200)
[2018.11.30-14.14.57:247][  0]LogTexture: Display: 텍스처 빌드: 게염3 (AutoDXT, 200X200)
[2018.11.30-14.14.57:247][  0]LogTexture: Display: 텍스처 빌드: 갈매2 (AutoDXT, 200X200)
[2018.11.30-14.14.57:247][  0]LogMaterial: Missing cached shader map for material 갈림길1_Mat, compiling. 
[2018.11.30-14.14.57:367][  0]LogTexture: Display: 텍스처 빌드: 갈림길1 (AutoDXT, 200X200)
[2018.11.30-14.14.57:367][  0]LogTexture: Display: 텍스처 빌드: 페스티벌_외래어30 (AutoDXT, 200X200)
[2018.11.30-14.14.57:367][  0]LogTexture: Display: 텍스처 빌드: 판타지_외래어29 (AutoDXT, 200X200)
[2018.11.30-14.14.57:367][  0]LogTexture: Display: 텍스처 빌드: 파일_외래어28 (AutoDXT, 200X200)
[2018.11.30-14.14.57:367][  0]LogTexture: Display: 텍스처 빌드: 텔레비전_외래어27 (AutoDXT, 200X200)
[2018.11.30-14.14.57:367][  0]LogTexture: Display: 텍스처 빌드: 테크놀로지_외래어26 (AutoDXT, 200X200)
[2018.11.30-14.14.57:367][  0]LogTexture: Display: 텍스처 빌드: 테이프_외래어25 (AutoDXT, 200X200)
[2018.11.30-14.14.57:367][  0]LogTexture: Display: 텍스처 빌드: 타월_외래어24 (AutoDXT, 200X200)
[2018.11.30-14.14.57:367][  0]LogTexture: Display: 텍스처 빌드: 클리닉_외래어23 (AutoDXT, 200X200)
[2018.11.30-14.14.57:367][  0]LogTexture: Display: 텍스처 빌드: 클라이맥스_외래어22 (AutoDXT, 200X200)
[2018.11.30-14.14.57:367][  0]LogTexture: Display: 텍스처 빌드: 콤마_외래어21 (AutoDXT, 200X200)
[2018.11.30-14.14.57:367][  0]LogTexture: Display: 텍스처 빌드: 콜론_외래어20 (AutoDXT, 200X200)
[2018.11.30-14.14.57:367][  0]LogTexture: Display: 텍스처 빌드: 콘티_외래어19 (AutoDXT, 200X200)
[2018.11.30-14.14.57:367][  0]LogTexture: Display: 텍스처 빌드: 센강_외래어13 (AutoDXT, 200X200)
[2018.11.30-14.14.57:367][  0]LogTexture: Display: 텍스처 빌드: 세트_외래어12 (AutoDXT, 200X200)
[2018.11.30-14.14.57:367][  0]LogTexture: Display: 텍스처 빌드: 샌들_외래어11 (AutoDXT, 200X200)
[2018.11.30-14.14.57:367][  0]LogTexture: Display: 텍스처 빌드: 사이버_외래어10 (AutoDXT, 200X200)
[2018.11.30-14.14.57:367][  0]LogTexture: Display: 텍스처 빌드: 비즈니스_외래어9 (AutoDXT, 200X200)
[2018.11.30-14.14.57:367][  0]LogTexture: Display: 텍스처 빌드: 보디가드_외래어8 (AutoDXT, 200X200)
[2018.11.30-14.14.57:367][  0]LogTexture: Display: 텍스처 빌드: 베란다_외래어7 (AutoDXT, 200X200)
[2018.11.30-14.14.57:555][  0]LogTexture: Display: 텍스처 빌드: 버튼_외래어6 (AutoDXT, 200X200)
[2018.11.30-14.14.57:555][  0]LogTexture: Display: 텍스처 빌드: 바비큐_외래어5 (AutoDXT, 200X200)
[2018.11.30-14.14.57:555][  0]LogTexture: Display: 텍스처 빌드: 미디어_외래어4 (AutoDXT, 200X200)
[2018.11.30-14.14.57:555][  0]LogTexture: Display: 텍스처 빌드: 매스컴_외래어3 (AutoDXT, 200X200)
[2018.11.30-14.14.57:555][  0]LogTexture: Display: 텍스처 빌드: 마사지_외래어2 (AutoDXT, 200X200)
[2018.11.30-14.14.57:555][  0]LogTexture: Display: 텍스처 빌드: 로터리_외래어1 (AutoDXT, 200X200)
[2018.11.30-14.14.57:555][  0]LogTexture: Display: 텍스처 빌드: 푸네기30 (AutoDXT, 200X200)
[2018.11.30-14.14.57:555][  0]LogTexture: Display: 텍스처 빌드: 버튼_외래어6 (AutoDXT, 200X200)
[2018.11.30-14.14.57:555][  0]LogTexture: Display: 텍스처 빌드: 바비큐_외래어5 (AutoDXT, 200X200)
[2018.11.30-14.14.57:555][  0]LogTexture: Display: 텍스처 빌드: 미디어_외래어4 (AutoDXT, 200X200)
[2018.11.30-14.14.57:555][  0]LogTexture: Display: 텍스처 빌드: 페스티벌_외래어30 (AutoDXT, 200X200)
[2018.11.30-14.14.57:555][  0]LogTexture: Display: 텍스처 빌드: 판타지_외래어29 (AutoDXT, 200X200)
[2018.11.30-14.14.57:555][  0]LogTexture: Display: 텍스처 빌드: 파일_외래어28 (AutoDXT, 200X200)
[2018.11.30-14.14.57:555][  0]LogTexture: Display: 텍스처 빌드: 테크놀로지_외래어26 (AutoDXT, 200X200)
[2018.11.30-14.14.57:555][  0]LogTexture: Display: 텍스처 빌드: 테이프_외래어25 (AutoDXT, 200X200)
[2018.11.30-14.14.57:555][  0]LogTexture: Display: 텍스처 빌드: 텔레비전_외래어27 (AutoDXT, 200X200)
[2018.11.30-14.14.57:556][  0]LogTexture: Display: 텍스처 빌드: 타월_외래어24 (AutoDXT, 200X200)
[2018.11.30-14.14.57:556][  0]LogTexture: Display: 텍스처 빌드: 클리닉_외래어23 (AutoDXT, 200X200)
[2018.11.30-14.14.57:556][  0]LogTexture: Display: 텍스처 빌드: 클라이맥스_외래어22 (AutoDXT, 200X200)
[2018.11.30-14.14.57:556][  0]LogTexture: Display: 텍스처 빌드: 콤마_외래어21 (AutoDXT, 200X200)
[2018.11.30-14.14.57:556][  0]LogTexture: Display: 텍스처 빌드: 콜론_외래어20 (AutoDXT, 200X200)
[2018.11.30-14.14.57:556][  0]LogMaterial: Missing cached shader map for material 미디어_외래어4_Mat, compiling. 
[2018.11.30-14.14.57:645][  0]LogTexture: Display: 텍스처 빌드: 콘티_외래어19 (AutoDXT, 200X200)
[2018.11.30-14.14.57:645][  0]LogTexture: Display: 텍스처 빌드: 재킷_외래어18 (AutoDXT, 200X200)
[2018.11.30-14.14.57:645][  0]LogTexture: Display: 텍스처 빌드: 유머_외래어17 (AutoDXT, 200X200)
[2018.11.30-14.14.57:645][  0]LogTexture: Display: 텍스처 빌드: 시소_외래어16 (AutoDXT, 200X200)
[2018.11.30-14.14.57:645][  0]LogTexture: Display: 텍스처 빌드: 시그널_외래어15 (AutoDXT, 200X200)
[2018.11.30-14.14.57:645][  0]LogTexture: Display: 텍스처 빌드: 소파_외래어14 (AutoDXT, 200X200)
[2018.11.30-14.14.57:645][  0]LogMaterial: Missing cached shader map for material 매스컴_외래어3_Mat, compiling. 
[2018.11.30-14.14.57:720][  0]LogMaterial: Missing cached shader map for material 마사지_외래어2_Mat, compiling. 
[2018.11.30-14.14.57:771][  0]LogMaterial: Missing cached shader map for material 로터리_외래어1_Mat, compiling. 
[2018.11.30-14.14.57:822][  0]LogMaterial: Missing cached shader map for material 푸네기30_Mat, compiling. 
[2018.11.30-14.14.57:876][  0]LogMaterial: Missing cached shader map for material 쪽박29_Mat, compiling. 
[2018.11.30-14.14.57:950][  0]LogMaterial: Missing cached shader map for material 은하수28_Mat, compiling. 
[2018.11.30-14.14.58:019][  0]LogMaterial: Missing cached shader map for material 우듬지27_Mat, compiling. 
[2018.11.30-14.14.58:100][  0]LogMaterial: Missing cached shader map for material 속종26_Mat, compiling. 
[2018.11.30-14.14.58:179][  0]LogMaterial: Missing cached shader map for material 세우25_Mat, compiling. 
[2018.11.30-14.14.58:259][  0]LogMaterial: Missing cached shader map for material 삭신24_Mat, compiling. 
[2018.11.30-14.14.58:333][  0]LogMaterial: Missing cached shader map for material 부아23_Mat, compiling. 
[2018.11.30-14.14.58:404][  0]LogMaterial: Missing cached shader map for material 반색22_Mat, compiling. 
[2018.11.30-14.14.58:479][  0]LogMaterial: Missing cached shader map for material 몽치21_Mat, compiling. 
[2018.11.30-14.14.58:557][  0]LogMaterial: Missing cached shader map for material 메지20_Mat, compiling. 
[2018.11.30-14.14.58:639][  0]LogMaterial: Missing cached shader map for material 맨드리19_Mat, compiling. 
[2018.11.30-14.14.58:716][  0]LogMaterial: Missing cached shader map for material 마음자리18_Mat, compiling. 
[2018.11.30-14.14.58:789][  0]LogMaterial: Missing cached shader map for material 둥지17_Mat, compiling. 
[2018.11.30-14.14.58:861][  0]LogMaterial: Missing cached shader map for material 둔치16_Mat, compiling. 
[2018.11.30-14.14.58:939][  0]LogMaterial: Missing cached shader map for material 되우15_Mat, compiling. 
[2018.11.30-14.14.59:009][  0]LogMaterial: Missing cached shader map for material 덤터기14_Mat, compiling. 
[2018.11.30-14.14.59:087][  0]LogMaterial: Missing cached shader map for material 대두리13_Mat, compiling. 
[2018.11.30-14.14.59:161][  0]LogMaterial: Missing cached shader map for material 높드리12_Mat, compiling. 
[2018.11.30-14.14.59:232][  0]LogMaterial: Missing cached shader map for material 노총11_Mat, compiling. 
[2018.11.30-14.14.59:304][  0]LogMaterial: Missing cached shader map for material 노박이로10_Mat, compiling. 
[2018.11.30-14.14.59:373][  0]LogMaterial: Missing cached shader map for material 난달9_Mat, compiling. 
[2018.11.30-14.14.59:447][  0]LogMaterial: Missing cached shader map for material 나우8_Mat, compiling. 
[2018.11.30-14.14.59:521][  0]LogMaterial: Missing cached shader map for material 꼼수7_Mat, compiling. 
[2018.11.30-14.14.59:594][  0]LogMaterial: Missing cached shader map for material 길라잡이6_Mat, compiling. 
[2018.11.30-14.14.59:666][  0]LogMaterial: Missing cached shader map for material 귓속질5_Mat, compiling. 
[2018.11.30-14.14.59:745][  0]LogMaterial: Missing cached shader map for material 귀잠4_Mat, compiling. 
[2018.11.30-14.14.59:816][  0]LogMaterial: Missing cached shader map for material 게염3_Mat, compiling. 
[2018.11.30-14.14.59:887][  0]LogMaterial: Missing cached shader map for material 갈매2_Mat, compiling. 
[2018.11.30-14.14.59:969][  0]LogMaterial: Missing cached shader map for material 재킷_외래어18_Mat, compiling. 
[2018.11.30-14.15.00:045][  0]LogMaterial: Missing cached shader map for material 유머_외래어17_Mat, compiling. 
[2018.11.30-14.15.00:119][  0]LogMaterial: Missing cached shader map for material 시소_외래어16_Mat, compiling. 
[2018.11.30-14.15.00:200][  0]LogMaterial: Missing cached shader map for material 시그널_외래어15_Mat, compiling. 
[2018.11.30-14.15.00:279][  0]LogMaterial: Missing cached shader map for material 소파_외래어14_Mat, compiling. 
[2018.11.30-14.15.00:354][  0]LogMaterial: Missing cached shader map for material 센강_외래어13_Mat, compiling. 
[2018.11.30-14.15.00:436][  0]LogMaterial: Missing cached shader map for material 세트_외래어12_Mat, compiling. 
[2018.11.30-14.15.00:516][  0]LogMaterial: Missing cached shader map for material 샌들_외래어11_Mat, compiling. 
[2018.11.30-14.15.00:588][  0]LogMaterial: Missing cached shader map for material 사이버_외래어10_Mat, compiling. 
[2018.11.30-14.15.00:660][  0]LogMaterial: Missing cached shader map for material 비즈니스_외래어9_Mat, compiling. 
[2018.11.30-14.15.00:734][  0]LogMaterial: Missing cached shader map for material 보디가드_외래어8_Mat, compiling. 
[2018.11.30-14.15.00:806][  0]LogMaterial: Missing cached shader map for material 베란다_외래어7_Mat, compiling. 
[2018.11.30-14.15.00:879][  0]LogMaterial: Missing cached shader map for material 쪽박29_Mat, compiling. 
[2018.11.30-14.15.00:950][  0]LogMaterial: Missing cached shader map for material 은하수28_Mat, compiling. 
[2018.11.30-14.15.01:023][  0]LogMaterial: Missing cached shader map for material 우듬지27_Mat, compiling. 
[2018.11.30-14.15.01:108][  0]LogMaterial: Missing cached shader map for material 속종26_Mat, compiling. 
[2018.11.30-14.15.01:186][  0]LogMaterial: Missing cached shader map for material 세우25_Mat, compiling. 
[2018.11.30-14.15.01:263][  0]LogMaterial: Missing cached shader map for material 삭신24_Mat, compiling. 
[2018.11.30-14.15.01:332][  0]LogMaterial: Missing cached shader map for material 부아23_Mat, compiling. 
[2018.11.30-14.15.01:406][  0]LogMaterial: Missing cached shader map for material 반색22_Mat, compiling. 
[2018.11.30-14.15.01:481][  0]LogMaterial: Missing cached shader map for material 몽치21_Mat, compiling. 
[2018.11.30-14.15.01:554][  0]LogMaterial: Missing cached shader map for material 메지20_Mat, compiling. 
[2018.11.30-14.15.01:627][  0]LogMaterial: Missing cached shader map for material 맨드리19_Mat, compiling. 
[2018.11.30-14.15.01:703][  0]LogMaterial: Missing cached shader map for material 마음자리18_Mat, compiling. 
[2018.11.30-14.15.01:776][  0]LogMaterial: Missing cached shader map for material 둥지17_Mat, compiling. 
[2018.11.30-14.15.01:849][  0]LogMaterial: Missing cached shader map for material 둔치16_Mat, compiling. 
[2018.11.30-14.15.01:919][  0]LogMaterial: Missing cached shader map for material 되우15_Mat, compiling. 
[2018.11.30-14.15.01:991][  0]LogMaterial: Missing cached shader map for material 덤터기14_Mat, compiling. 
[2018.11.30-14.15.02:066][  0]LogMaterial: Missing cached shader map for material 대두리13_Mat, compiling. 
[2018.11.30-14.15.02:140][  0]LogMaterial: Missing cached shader map for material 높드리12_Mat, compiling. 
[2018.11.30-14.15.02:217][  0]LogMaterial: Missing cached shader map for material 노총11_Mat, compiling. 
[2018.11.30-14.15.02:301][  0]LogMaterial: Missing cached shader map for material 노박이로10_Mat, compiling. 
[2018.11.30-14.15.02:379][  0]LogMaterial: Missing cached shader map for material 난달9_Mat, compiling. 
[2018.11.30-14.15.02:453][  0]LogMaterial: Missing cached shader map for material 나우8_Mat, compiling. 
[2018.11.30-14.15.02:526][  0]LogMaterial: Missing cached shader map for material 꼼수7_Mat, compiling. 
[2018.11.30-14.15.02:598][  0]LogMaterial: Missing cached shader map for material 길라잡이6_Mat, compiling. 
[2018.11.30-14.15.02:670][  0]LogMaterial: Missing cached shader map for material 귓속질5_Mat, compiling. 
[2018.11.30-14.15.02:743][  0]LogMaterial: Missing cached shader map for material 귀잠4_Mat, compiling. 
[2018.11.30-14.15.02:816][  0]LogMaterial: Missing cached shader map for material 게염3_Mat, compiling. 
[2018.11.30-14.15.02:892][  0]LogMaterial: Missing cached shader map for material 갈매2_Mat, compiling. 
[2018.11.30-14.15.02:965][  0]LogMaterial: Missing cached shader map for material 갈림길1_Mat, compiling. 
[2018.11.30-14.15.03:037][  0]LogMaterial: Missing cached shader map for material 페스티벌_외래어30_Mat, compiling. 
[2018.11.30-14.15.03:115][  0]LogMaterial: Missing cached shader map for material 판타지_외래어29_Mat, compiling. 
[2018.11.30-14.15.03:185][  0]LogMaterial: Missing cached shader map for material 파일_외래어28_Mat, compiling. 
[2018.11.30-14.15.03:253][  0]LogMaterial: Missing cached shader map for material 텔레비전_외래어27_Mat, compiling. 
[2018.11.30-14.15.03:325][  0]LogMaterial: Missing cached shader map for material 테크놀로지_외래어26_Mat, compiling. 
[2018.11.30-14.15.03:399][  0]LogMaterial: Missing cached shader map for material 테이프_외래어25_Mat, compiling. 
[2018.11.30-14.15.03:472][  0]LogMaterial: Missing cached shader map for material 타월_외래어24_Mat, compiling. 
[2018.11.30-14.15.03:543][  0]LogMaterial: Missing cached shader map for material 클리닉_외래어23_Mat, compiling. 
[2018.11.30-14.15.03:611][  0]LogMaterial: Missing cached shader map for material 클라이맥스_외래어22_Mat, compiling. 
[2018.11.30-14.15.03:687][  0]LogMaterial: Missing cached shader map for material 콤마_외래어21_Mat, compiling. 
[2018.11.30-14.15.03:763][  0]LogMaterial: Missing cached shader map for material 콜론_외래어20_Mat, compiling. 
[2018.11.30-14.15.03:834][  0]LogMaterial: Missing cached shader map for material 콘티_외래어19_Mat, compiling. 
[2018.11.30-14.15.03:908][  0]LogMaterial: Missing cached shader map for material 소파_외래어14_Mat, compiling. 
[2018.11.30-14.15.03:984][  0]LogMaterial: Missing cached shader map for material 센강_외래어13_Mat, compiling. 
[2018.11.30-14.15.04:059][  0]LogMaterial: Missing cached shader map for material 세트_외래어12_Mat, compiling. 
[2018.11.30-14.15.04:135][  0]LogMaterial: Missing cached shader map for material 샌들_외래어11_Mat, compiling. 
[2018.11.30-14.15.04:210][  0]LogMaterial: Missing cached shader map for material 사이버_외래어10_Mat, compiling. 
[2018.11.30-14.15.04:290][  0]LogMaterial: Missing cached shader map for material 비즈니스_외래어9_Mat, compiling. 
[2018.11.30-14.15.04:364][  0]LogMaterial: Missing cached shader map for material 보디가드_외래어8_Mat, compiling. 
[2018.11.30-14.15.04:441][  0]LogMaterial: Missing cached shader map for material 베란다_외래어7_Mat, compiling. 
[2018.11.30-14.15.04:515][  0]LogMaterial: Missing cached shader map for material 버튼_외래어6_Mat, compiling. 
[2018.11.30-14.15.04:587][  0]LogMaterial: Missing cached shader map for material 바비큐_외래어5_Mat, compiling. 
[2018.11.30-14.15.04:660][  0]LogMaterial: Missing cached shader map for material 미디어_외래어4_Mat, compiling. 
[2018.11.30-14.15.04:737][  0]LogMaterial: Missing cached shader map for material 매스컴_외래어3_Mat, compiling. 
[2018.11.30-14.15.04:809][  0]LogMaterial: Missing cached shader map for material 마사지_외래어2_Mat, compiling. 
[2018.11.30-14.15.04:885][  0]LogMaterial: Missing cached shader map for material 로터리_외래어1_Mat, compiling. 
[2018.11.30-14.15.04:962][  0]LogMaterial: Missing cached shader map for material 푸네기30_Mat, compiling. 
[2018.11.30-14.15.05:190][  0]LogMaterial: Missing cached shader map for material 버튼_외래어6_Mat, compiling. 
[2018.11.30-14.15.05:259][  0]LogMaterial: Missing cached shader map for material 바비큐_외래어5_Mat, compiling. 
[2018.11.30-14.15.05:616][  0]LogMaterial: Missing cached shader map for material 페스티벌_외래어30_Mat, compiling. 
[2018.11.30-14.15.05:701][  0]LogMaterial: Missing cached shader map for material 판타지_외래어29_Mat, compiling. 
[2018.11.30-14.15.05:780][  0]LogMaterial: Missing cached shader map for material 파일_외래어28_Mat, compiling. 
[2018.11.30-14.15.05:861][  0]LogMaterial: Missing cached shader map for material 텔레비전_외래어27_Mat, compiling. 
[2018.11.30-14.15.05:936][  0]LogMaterial: Missing cached shader map for material 테크놀로지_외래어26_Mat, compiling. 
[2018.11.30-14.15.06:021][  0]LogMaterial: Missing cached shader map for material 테이프_외래어25_Mat, compiling. 
[2018.11.30-14.15.06:109][  0]LogMaterial: Missing cached shader map for material 타월_외래어24_Mat, compiling. 
[2018.11.30-14.15.06:184][  0]LogMaterial: Missing cached shader map for material 클리닉_외래어23_Mat, compiling. 
[2018.11.30-14.15.06:262][  0]LogMaterial: Missing cached shader map for material 클라이맥스_외래어22_Mat, compiling. 
[2018.11.30-14.15.06:344][  0]LogMaterial: Missing cached shader map for material 콤마_외래어21_Mat, compiling. 
[2018.11.30-14.15.06:416][  0]LogMaterial: Missing cached shader map for material 콜론_외래어20_Mat, compiling. 
[2018.11.30-14.15.06:503][  0]LogMaterial: Missing cached shader map for material 콘티_외래어19_Mat, compiling. 
[2018.11.30-14.15.06:576][  0]LogMaterial: Missing cached shader map for material 재킷_외래어18_Mat, compiling. 
[2018.11.30-14.15.06:657][  0]LogMaterial: Missing cached shader map for material 유머_외래어17_Mat, compiling. 
[2018.11.30-14.15.06:728][  0]LogMaterial: Missing cached shader map for material 시소_외래어16_Mat, compiling. 
[2018.11.30-14.15.06:807][  0]LogMaterial: Missing cached shader map for material 시그널_외래어15_Mat, compiling. 
[2018.11.30-14.15.07:213][  0]LogAIModule: Creating AISystem for world MainGame
[2018.11.30-14.15.07:271][  0]LogEditorServer: Finished looking for orphan Actors (0.000 secs)
[2018.11.30-14.15.07:320][  0]Cmd: MAP CHECKDEP NOCLEARLOG
[2018.11.30-14.15.07:524][  0]MapCheck: 맵 체크 완료: 오류 0 회, 경고 0 회, 소요 시간 203.53ms.
[2018.11.30-14.15.07:524][  0]LogFileHelpers: Loading map 'MainGame' took 12.456
[2018.11.30-14.15.07:735][  0]LogCollectionManager: Loaded 0 collections in 0.003587 seconds
[2018.11.30-14.15.07:872][  0]LogFileCache: Scanning file cache for directory 'C:/Users/user/Documents/GameGem/Saved/Collections/' took 0.01s
[2018.11.30-14.15.07:872][  0]LogFileCache: Scanning file cache for directory 'C:/Users/user/Documents/GameGem/Content/Developers/user/Collections/' took 0.01s
[2018.11.30-14.15.07:872][  0]LogFileCache: Scanning file cache for directory 'C:/Users/user/Documents/GameGem/Content/Collections/' took 0.01s
[2018.11.30-14.15.07:872][  0]LogCollectionManager: Rebuilt the GUID cache for 0 collections in 0.000001 seconds
[2018.11.30-14.15.07:886][  0]LogContentBrowser: Native class hierarchy populated in 0.0136 seconds. Added 2363 classes and 519 folders.
[2018.11.30-14.15.08:037][  0]LogContentBrowser: Native class hierarchy updated for 'WidgetCarousel' in 0.0004 seconds. Added 0 classes and 0 folders.
[2018.11.30-14.15.08:122][  0]LogContentBrowser: Native class hierarchy updated for 'AddContentDialog' in 0.0003 seconds. Added 0 classes and 0 folders.
[2018.11.30-14.15.08:225][  0]LogContentBrowser: Native class hierarchy updated for 'SceneOutliner' in 0.0006 seconds. Added 1 classes and 2 folders.
[2018.11.30-14.15.08:254][  0]LogSlate: Took 0.000389 seconds to synchronously load lazily loaded font '../../../Engine/Content/Slate/Fonts/Roboto-Regular.ttf' (155K)
[2018.11.30-14.15.08:261][  0]LogSlate: Took 0.004920 seconds to synchronously load lazily loaded font '../../../Engine/Content/Slate/Fonts/NanumGothic.ttf' (4243K)
[2018.11.30-14.15.08:262][  0]LogSlate: Took 0.000371 seconds to synchronously load lazily loaded font '../../../Engine/Content/Slate/Fonts/Roboto-Bold.ttf' (160K)
[2018.11.30-14.15.08:270][  0]LogSlate: Took 0.000573 seconds to synchronously load lazily loaded font '../../../Engine/Content/Editor/Slate/Fonts/FontAwesome.ttf' (139K)
[2018.11.30-14.15.08:459][  0]LogRenderer: Reallocating scene render targets to support 1208x552 Format 10 NumSamples 1 (Frame:1).
[2018.11.30-14.15.08:893][  0]LogContentBrowser: Native class hierarchy updated for 'HierarchicalLODOutliner' in 0.0005 seconds. Added 1 classes and 2 folders.
[2018.11.30-14.15.08:893][  0]LogLoad: (Engine Initialization) Total time: 36.17 seconds
[2018.11.30-14.15.08:893][  0]LogLoad: (Engine Initialization) Total Blueprint compile time: 0.00 seconds
[2018.11.30-14.15.08:894][  0]LogExternalProfiler: No external profilers were discovered.  External profiling features will not be available.
[2018.11.30-14.15.09:237][  0]LoadErrors: Error: /Game/PuzzleBP/Blueprints/UI/메인화면  : Failed import for BoolProperty /Game/PuzzleBP/Blueprints/UI/게임모드설정.게임모드설정_C:메인게임? Function 익스포트에 레퍼런싱됨 /Game/PuzzleBP/Blueprints/UI/메인화면.메인화면_C:ExecuteUbergraph_메인화면
[2018.11.30-14.15.09:238][  0]LoadErrors: Error: /Game/PuzzleBP/Blueprints/UI/메인화면  : Failed import for BoolProperty /Game/PuzzleBP/Blueprints/UI/게임모드설정.게임모드설정_C:튜토리얼? Function 익스포트에 레퍼런싱됨 /Game/PuzzleBP/Blueprints/UI/메인화면.메인화면_C:ExecuteUbergraph_메인화면
[2018.11.30-14.15.09:263][  0]LogContentStreaming: Texture pool size now 1000 MB
[2018.11.30-14.15.11:183][  3]LogSlate: Took 0.000324 seconds to synchronously load lazily loaded font '../../../Engine/Content/Slate/Fonts/Roboto-Light.ttf' (159K)
[2018.11.30-14.15.11:696][  3]LogContentBrowser: Native class hierarchy updated for 'BlueprintGraph' in 0.0009 seconds. Added 116 classes and 0 folders.
[2018.11.30-14.15.16:090][  3]LogAssetRegistry: Asset discovery search completed in 34.4532 seconds
[2018.11.30-14.15.16:094][  3]LogCollectionManager: Rebuilt the object cache for 0 collections in 0.000001 seconds (found 0 objects)
[2018.11.30-14.15.16:094][  3]LogCollectionManager: Fixed up redirectors for 0 collections in 0.000079 seconds (updated 0 objects)
[2018.11.30-14.15.16:173][  3]LogSlate: Took 0.000487 seconds to synchronously load lazily loaded font '../../../Engine/Content/Editor/Slate/Fonts/Roboto-BoldCondensed.ttf' (158K)
[2018.11.30-14.15.34:619][688]LogSlate: Took 0.000462 seconds to synchronously load lazily loaded font '../../../Engine/Content/Slate/Fonts/Roboto-Light.ttf' (159K)
[2018.11.30-14.15.41:720][  9]LogSlate: Took 0.000280 seconds to synchronously load lazily loaded font '../../../Engine/Content/Slate/Fonts/Roboto-Light.ttf' (159K)
[2018.11.30-14.15.43:424][ 73]LogSlate: Took 0.000334 seconds to synchronously load lazily loaded font '../../../Engine/Content/Editor/Slate/Fonts/Roboto-Italic.ttf' (157K)
[2018.11.30-14.15.55:757][650]BlueprintLog: New page: 학습장 컴파일
[2018.11.30-14.15.56:418][650]Cmd: OBJ SAVEPACKAGE PACKAGE="/Game/PuzzleBP/Blueprints/UI/학습장" FILE="../../../../../../Users/user/Documents/GameGem/Content/PuzzleBP/Blueprints/UI/학습장.uasset" SILENT=true
[2018.11.30-14.15.57:066][650]LogSavePackage: Save=617.28ms
[2018.11.30-14.15.57:066][650]LogSavePackage: Moving '../../../../../../Users/user/Documents/GameGem/Saved/학습장0AD80FBD4CEBF6FAC37DCEB809CB1811.tmp' to '../../../../../../Users/user/Documents/GameGem/Content/PuzzleBP/Blueprints/UI/학습장.uasset'
[2018.11.30-14.15.57:071][650]LogSavePackage: Display: Finished SavePackage ../../../../../../Users/user/Documents/GameGem/Content/PuzzleBP/Blueprints/UI/학습장.uasset
[2018.11.30-14.16.07:108][ 96]LogActorComponent: UnregisterComponent: (/Engine/Transient.EditorFloorComp) Not registered. Aborting.
[2018.11.30-14.16.07:914][132]LogActorComponent: UnregisterComponent: (/Engine/Transient.EditorFloorComp) Not registered. Aborting.
[2018.11.30-14.16.08:477][154]LogActorComponent: UnregisterComponent: (/Engine/Transient.EditorFloorComp) Not registered. Aborting.
[2018.11.30-14.16.09:212][187]LogActorComponent: UnregisterComponent: (/Engine/Transient.EditorFloorComp) Not registered. Aborting.
[2018.11.30-14.16.09:528][196]LogActorComponent: UnregisterComponent: (/Engine/Transient.EditorFloorComp) Not registered. Aborting.
[2018.11.30-14.16.09:855][205]LogActorComponent: UnregisterComponent: (/Engine/Transient.EditorFloorComp) Not registered. Aborting.
[2018.11.30-14.19.01:342][228]BlueprintLog: New page: 메인화면 컴파일
[2018.11.30-14.19.01:735][230]Cmd: OBJ SAVEPACKAGE PACKAGE="/Game/PuzzleBP/Blueprints/UI/메인화면" FILE="../../../../../../Users/user/Documents/GameGem/Content/PuzzleBP/Blueprints/UI/메인화면.uasset" SILENT=true
[2018.11.30-14.19.02:165][230]LogSavePackage: Save=390.71ms
[2018.11.30-14.19.02:165][230]LogSavePackage: Moving '../../../../../../Users/user/Documents/GameGem/Saved/메인화면49D16E3842955C5DA0639889F50CD10D.tmp' to '../../../../../../Users/user/Documents/GameGem/Content/PuzzleBP/Blueprints/UI/메인화면.uasset'
[2018.11.30-14.19.02:171][230]LogSavePackage: Display: Finished SavePackage ../../../../../../Users/user/Documents/GameGem/Content/PuzzleBP/Blueprints/UI/메인화면.uasset
[2018.11.30-14.19.06:164][440]LogTemp: Repeating last play command: 새 에디터 창 (PIE)
[2018.11.30-14.19.06:472][440]LogBlueprintUserMessages: Early PlayInEditor Detection: Level '/Game/PuzzleBP/Maps/MainGame.MainGame:PersistentLevel' has LevelScriptBlueprint '/Game/PuzzleBP/Maps/MainGame.MainGame:PersistentLevel.MainGame' with GeneratedClass '/Game/PuzzleBP/Maps/MainGame.MainGame_C' with ClassGeneratedBy '/Game/PuzzleBP/Maps/MainGame.MainGame:PersistentLevel.MainGame'
[2018.11.30-14.19.06:472][440]LogPlayLevel: PlayLevel: No blueprints needed recompiling
[2018.11.30-14.19.06:473][440]PIE: New page: PIE 세션: MainGame (2018. 12. 1. 오전 8:19:06)
[2018.11.30-14.19.06:473][440]LogPlayLevel: Creating play world package: /Game/PuzzleBP/Maps/UEDPIE_0_MainGame
[2018.11.30-14.19.06:523][440]LogPlayLevel: PIE: StaticDuplicateObject took: (0.050076s)
[2018.11.30-14.19.06:524][440]LogAIModule: Creating AISystem for world MainGame
[2018.11.30-14.19.06:525][440]LogPlayLevel: PIE: World Init took: (0.001248s)
[2018.11.30-14.19.06:525][440]LogPlayLevel: PIE: Created PIE world by copying editor world from /Game/PuzzleBP/Maps/MainGame.MainGame to /Game/PuzzleBP/Maps/UEDPIE_0_MainGame.MainGame (0.051916s)
[2018.11.30-14.19.06:559][440]LogInit: XAudio2 using '스피커(Realtek High Definition Audio)' : 2 channels at 48 kHz using 32 bits per sample (channel mask 0x3)
[2018.11.30-14.19.06:624][440]LogInit: FAudioDevice initialized.
[2018.11.30-14.19.06:713][440]LogLoad: Game class is 'PuzzleGameMode_C'
[2018.11.30-14.19.06:716][440]LogWorld: Bringing World /Game/PuzzleBP/Maps/UEDPIE_0_MainGame.MainGame up for play (max tick rate 60) at 2018.11.30-23.19.06
[2018.11.30-14.19.06:717][440]LogWorld: Bringing up level for play took: 0.002447
[2018.11.30-14.19.06:840][440]LogContentBrowser: Native class hierarchy updated for 'MovieSceneCapture' in 0.0011 seconds. Added 11 classes and 0 folders.
[2018.11.30-14.19.06:858][440]PIE: /Game/PuzzleBP/Maps/UEDPIE_0_MainGame 에 대한 에디터에서 플레이 시작 시간: 0.597
[2018.11.30-14.19.06:859][440]LogBlueprintUserMessages: Late PlayInEditor Detection: Level '/Game/PuzzleBP/Maps/MainGame.MainGame:PersistentLevel' has LevelScriptBlueprint '/Game/PuzzleBP/Maps/MainGame.MainGame:PersistentLevel.MainGame' with GeneratedClass '/Game/PuzzleBP/Maps/MainGame.MainGame_C' with ClassGeneratedBy '/Game/PuzzleBP/Maps/MainGame.MainGame:PersistentLevel.MainGame'
[2018.11.30-14.19.06:950][440]LogRenderer: Reallocating scene render targets to support 1292x756 Format 10 NumSamples 1 (Frame:1).
[2018.11.30-14.19.08:785][510]LogBlueprintUserMessages: Early EndPlayMap Detection: Level '/Game/PuzzleBP/Maps/MainGame.MainGame:PersistentLevel' has LevelScriptBlueprint '/Game/PuzzleBP/Maps/MainGame.MainGame:PersistentLevel.MainGame' with GeneratedClass '/Game/PuzzleBP/Maps/MainGame.MainGame_C' with ClassGeneratedBy '/Game/PuzzleBP/Maps/MainGame.MainGame:PersistentLevel.MainGame'
[2018.11.30-14.19.08:832][510]LogBlueprintUserMessages: Late EndPlayMap Detection: Level '/Game/PuzzleBP/Maps/MainGame.MainGame:PersistentLevel' has LevelScriptBlueprint '/Game/PuzzleBP/Maps/MainGame.MainGame:PersistentLevel.MainGame' with GeneratedClass '/Game/PuzzleBP/Maps/MainGame.MainGame_C' with ClassGeneratedBy '/Game/PuzzleBP/Maps/MainGame.MainGame:PersistentLevel.MainGame'
[2018.11.30-14.21.33:004][599]BlueprintLog: New page: 스코어보드 컴파일
[2018.11.30-14.21.33:551][626]Cmd: OBJ SAVEPACKAGE PACKAGE="/Game/PuzzleBP/Blueprints/UI/스코어보드" FILE="../../../../../../Users/user/Documents/GameGem/Content/PuzzleBP/Blueprints/UI/스코어보드.uasset" SILENT=true
[2018.11.30-14.21.33:647][626]LogSavePackage: Save=71.13ms
[2018.11.30-14.21.33:647][626]LogSavePackage: Moving '../../../../../../Users/user/Documents/GameGem/Saved/스코어보드D9763D444D430FE5655A0693BB0C3139.tmp' to '../../../../../../Users/user/Documents/GameGem/Content/PuzzleBP/Blueprints/UI/스코어보드.uasset'
[2018.11.30-14.21.33:650][626]LogSavePackage: Display: Finished SavePackage ../../../../../../Users/user/Documents/GameGem/Content/PuzzleBP/Blueprints/UI/스코어보드.uasset
[2018.11.30-14.21.37:221][824]LogWindowsTextInputMethodSystem: Display: IME system now activated using TSF (Microsoft 입력기).
[2018.11.30-14.21.37:484][825]Cmd: QUIT_EDITOR
[2018.11.30-14.21.38:501][825]LogExit: Preparing to exit.
[2018.11.30-14.21.39:144][825]LogDirectoryWatcher: A directory notification for 'C:/Users/user/Documents/GameGem/Content/' was aborted.
[2018.11.30-14.21.39:218][825]LogExit: Editor shut down
[2018.11.30-14.21.39:229][825]LogExit: Transaction tracking system shut down
[2018.11.30-14.21.39:560][825]LogDirectoryWatcher: A directory notification for '../../../Engine/Content/' was aborted.
[2018.11.30-14.21.39:560][825]LogDirectoryWatcher: A directory notification for '../../../../../../Users/user/Documents/GameGem/Content/' was aborted.
[2018.11.30-14.21.39:560][825]LogDirectoryWatcher: A directory notification for '../../../Engine/Plugins/2D/Paper2D/Content/' was aborted.
[2018.11.30-14.21.39:560][825]LogDirectoryWatcher: A directory notification for '../../../Engine/Plugins/Media/MediaCompositing/Content/' was aborted.
[2018.11.30-14.21.39:560][825]LogDirectoryWatcher: A directory notification for '../../../Engine/Plugins/Runtime/AppleARKit/Content/' was aborted.
[2018.11.30-14.21.39:560][825]LogDirectoryWatcher: A directory notification for '../../../Engine/Plugins/Runtime/Oculus/OculusVR/Content/' was aborted.
[2018.11.30-14.21.39:560][825]LogDirectoryWatcher: A directory notification for '../../../Engine/Plugins/Runtime/Steam/SteamVR/Content/' was aborted.
[2018.11.30-14.21.39:683][825]LogExit: Object subsystem successfully closed.
[2018.11.30-14.21.39:704][825]LogD3D11RHI: Shutdown
[2018.11.30-14.21.39:704][825]LogD3D11RHI: CleanupD3DDevice
[2018.11.30-14.21.39:705][825]LogD3D11RHI: ~FD3D11DynamicRHI
[2018.11.30-14.21.39:723][825]LogModuleManager: Shutting down and abandoning module MovieSceneCapture (556)
[2018.11.30-14.21.39:723][825]LogModuleManager: Shutting down and abandoning module SequencerWidgets (554)
[2018.11.30-14.21.39:724][825]LogModuleManager: Shutting down and abandoning module DataTableEditor (552)
[2018.11.30-14.21.39:724][825]LogModuleManager: Shutting down and abandoning module BlueprintGraph (550)
[2018.11.30-14.21.39:724][825]LogModuleManager: Shutting down and abandoning module HierarchicalLODOutliner (548)
[2018.11.30-14.21.39:724][825]LogModuleManager: Shutting down and abandoning module SceneOutliner (546)
[2018.11.30-14.21.39:724][825]LogModuleManager: Shutting down and abandoning module AddContentDialog (544)
[2018.11.30-14.21.39:724][825]LogDirectoryWatcher: A directory notification for 'C:/Program Files/Epic Games/UE_4.18/FeaturePacks/' was aborted.
[2018.11.30-14.21.39:727][825]LogModuleManager: Shutting down and abandoning module WidgetCarousel (543)
[2018.11.30-14.21.39:727][825]LogModuleManager: Shutting down and abandoning module EditorWidgets (540)
[2018.11.30-14.21.39:727][825]LogModuleManager: Shutting down and abandoning module CollectionManager (538)
[2018.11.30-14.21.39:727][825]LogDirectoryWatcher: A directory notification for 'C:/Users/user/Documents/GameGem/Content/Collections/' was aborted.
[2018.11.30-14.21.39:727][825]LogDirectoryWatcher: A directory notification for 'C:/Users/user/Documents/GameGem/Content/Developers/user/Collections/' was aborted.
[2018.11.30-14.21.39:727][825]LogDirectoryWatcher: A directory notification for 'C:/Users/user/Documents/GameGem/Saved/Collections/' was aborted.
[2018.11.30-14.21.39:727][825]LogModuleManager: Shutting down and abandoning module StatsViewer (536)
[2018.11.30-14.21.39:727][825]LogModuleManager: Shutting down and abandoning module FoliageEdit (534)
[2018.11.30-14.21.39:727][825]LogModuleManager: Shutting down and abandoning module LandscapeEditor (532)
[2018.11.30-14.21.39:727][825]LogModuleManager: Shutting down and abandoning module MeshPaintMode (530)
[2018.11.30-14.21.39:727][825]LogModuleManager: Shutting down and abandoning module SceneDepthPickerMode (528)
[2018.11.30-14.21.39:727][825]LogModuleManager: Shutting down and abandoning module ActorPickerMode (526)
[2018.11.30-14.21.39:727][825]LogModuleManager: Shutting down and abandoning module GeometryMode (524)
[2018.11.30-14.21.39:727][825]LogModuleManager: Shutting down and abandoning module TextureAlignMode (522)
[2018.11.30-14.21.39:727][825]LogModuleManager: Shutting down and abandoning module BspMode (520)
[2018.11.30-14.21.39:727][825]LogModuleManager: Shutting down and abandoning module PIEPreviewDeviceProfileSelector (518)
[2018.11.30-14.21.39:727][825]LogModuleManager: Shutting down and abandoning module HardwareSurvey (516)
[2018.11.30-14.21.39:727][825]LogModuleManager: Shutting down and abandoning module SequenceRecorderSections (514)
[2018.11.30-14.21.39:727][825]LogModuleManager: Shutting down and abandoning module AutomationWorker (512)
[2018.11.30-14.21.39:727][825]LogModuleManager: Shutting down and abandoning module MatineeToLevelSequence (510)
[2018.11.30-14.21.39:727][825]LogModuleManager: Shutting down and abandoning module LevelSequenceEditor (508)
[2018.11.30-14.21.39:728][825]LogModuleManager: Shutting down and abandoning module PlacementMode (507)
[2018.11.30-14.21.39:728][825]LogModuleManager: Shutting down and abandoning module WmfMediaFactory (504)
[2018.11.30-14.21.39:728][825]LogModuleManager: Shutting down and abandoning module WmfMediaEditor (502)
[2018.11.30-14.21.39:728][825]LogModuleManager: Shutting down and abandoning module OpenExrWrapper (500)
[2018.11.30-14.21.39:728][825]LogModuleManager: Shutting down and abandoning module ImgMediaFactory (498)
[2018.11.30-14.21.39:728][825]LogModuleManager: Shutting down and abandoning module ImgMediaEditor (496)
[2018.11.30-14.21.39:728][825]LogModuleManager: Shutting down and abandoning module AvfMediaFactory (494)
[2018.11.30-14.21.39:728][825]LogModuleManager: Shutting down and abandoning module AvfMediaEditor (492)
[2018.11.30-14.21.39:728][825]LogModuleManager: Shutting down and abandoning module AndroidMediaFactory (490)
[2018.11.30-14.21.39:728][825]LogModuleManager: Shutting down and abandoning module AndroidMediaEditor (488)
[2018.11.30-14.21.39:728][825]LogModuleManager: Shutting down and abandoning module CharacterAI (486)
[2018.11.30-14.21.39:728][825]LogModuleManager: Shutting down and abandoning module AudioCapture (484)
[2018.11.30-14.21.39:728][825]LogModuleManager: Shutting down and abandoning module SequenceRecorder (483)
[2018.11.30-14.21.39:728][825]LogModuleManager: Shutting down and abandoning module SmartSnapping (480)
[2018.11.30-14.21.39:728][825]LogModuleManager: Shutting down and abandoning module SessionServices (478)
[2018.11.30-14.21.39:728][825]LogModuleManager: Shutting down and abandoning module ViewportSnapping (476)
[2018.11.30-14.21.39:728][825]LogModuleManager: Shutting down and abandoning module ViewportInteraction (474)
[2018.11.30-14.21.39:728][825]LogModuleManager: Shutting down and abandoning module ClothPainter (472)
[2018.11.30-14.21.39:728][825]LogModuleManager: Shutting down and abandoning module SkeletalMeshEditor (471)
[2018.11.30-14.21.39:728][825]LogModuleManager: Shutting down and abandoning module LogVisualizer (468)
[2018.11.30-14.21.39:728][825]LogModuleManager: Shutting down and abandoning module IntroTutorials (466)
[2018.11.30-14.21.39:728][825]LogModuleManager: Shutting down and abandoning module GameProjectGeneration (465)
[2018.11.30-14.21.39:728][825]LogModuleManager: Shutting down and abandoning module IOSPlatformEditor (462)
[2018.11.30-14.21.39:728][825]LogModuleManager: Shutting down and abandoning module HTML5PlatformEditor (460)
[2018.11.30-14.21.39:728][825]LogModuleManager: Shutting down and abandoning module AndroidPlatformEditor (458)
[2018.11.30-14.21.39:728][825]LogModuleManager: Shutting down and abandoning module AndroidDeviceDetection (457)
[2018.11.30-14.21.39:937][825]LogModuleManager: Shutting down and abandoning module WindowsPlatformEditor (454)
[2018.11.30-14.21.39:937][825]LogModuleManager: Shutting down and abandoning module IOSRuntimeSettings (452)
[2018.11.30-14.21.39:937][825]LogModuleManager: Shutting down and abandoning module AndroidRuntimeSettings (450)
[2018.11.30-14.21.39:937][825]LogModuleManager: Shutting down and abandoning module InputBindingEditor (448)
[2018.11.30-14.21.39:937][825]LogModuleManager: Shutting down and abandoning module MergeActors (446)
[2018.11.30-14.21.39:937][825]LogModuleManager: Shutting down and abandoning module SizeMap (444)
[2018.11.30-14.21.39:937][825]LogModuleManager: Shutting down and abandoning module TreeMap (442)
[2018.11.30-14.21.39:937][825]LogModuleManager: Shutting down and abandoning module ReferenceViewer (440)
[2018.11.30-14.21.39:938][825]LogModuleManager: Shutting down and abandoning module LocalizationDashboard (438)
[2018.11.30-14.21.39:938][825]LogModuleManager: Shutting down and abandoning module LocalizationService (437)
[2018.11.30-14.21.39:938][825]LogModuleManager: Shutting down and abandoning module HardwareTargeting (434)
[2018.11.30-14.21.39:938][825]LogModuleManager: Shutting down and abandoning module DeviceProfileEditor (432)
[2018.11.30-14.21.39:938][825]LogModuleManager: Shutting down and abandoning module UndoHistory (430)
[2018.11.30-14.21.39:938][825]LogModuleManager: Shutting down and abandoning module XmlParser (428)
[2018.11.30-14.21.39:938][825]LogModuleManager: Shutting down and abandoning module Blutility (426)
[2018.11.30-14.21.39:938][825]LogModuleManager: Shutting down and abandoning module ProjectSettingsViewer (424)
[2018.11.30-14.21.39:938][825]LogModuleManager: Shutting down and abandoning module ProjectTargetPlatformEditor (423)
[2018.11.30-14.21.39:938][825]LogModuleManager: Shutting down and abandoning module EditorSettingsViewer (420)
[2018.11.30-14.21.39:938][825]LogModuleManager: Shutting down and abandoning module SettingsEditor (418)
[2018.11.30-14.21.39:938][825]LogModuleManager: Shutting down and abandoning module ProjectLauncher (416)
[2018.11.30-14.21.39:938][825]LogModuleManager: Shutting down and abandoning module SessionFrontend (414)
[2018.11.30-14.21.39:938][825]LogModuleManager: Shutting down and abandoning module ProfilerClient (412)
[2018.11.30-14.21.39:938][825]LogModuleManager: Shutting down and abandoning module DeviceManager (410)
[2018.11.30-14.21.39:938][825]LogModuleManager: Shutting down and abandoning module TargetDeviceServices (409)
[2018.11.30-14.21.39:993][825]LogModuleManager: Shutting down and abandoning module AutomationController (406)
[2018.11.30-14.21.39:993][825]LogModuleManager: Shutting down and abandoning module AutomationWindow (404)
[2018.11.30-14.21.39:993][825]LogModuleManager: Shutting down and abandoning module Layers (402)
[2018.11.30-14.21.39:993][825]LogModuleManager: Shutting down and abandoning module ComponentVisualizers (400)
[2018.11.30-14.21.39:993][825]LogModuleManager: Shutting down and abandoning module DetailCustomizations (398)
[2018.11.30-14.21.39:993][825]LogModuleManager: Shutting down and abandoning module PackagesDialog (396)
[2018.11.30-14.21.39:993][825]LogModuleManager: Shutting down and abandoning module Persona (394)
[2018.11.30-14.21.39:993][825]LogModuleManager: Shutting down and abandoning module AdvancedPreviewScene (393)
[2018.11.30-14.21.39:993][825]LogModuleManager: Shutting down and abandoning module AnimGraph (391)
[2018.11.30-14.21.39:993][825]LogModuleManager: Shutting down and abandoning module Kismet (388)
[2018.11.30-14.21.40:004][825]LogModuleManager: Shutting down and abandoning module ClassViewer (386)
[2018.11.30-14.21.40:004][825]LogModuleManager: Shutting down and abandoning module Toolbox (384)
[2018.11.30-14.21.40:004][825]LogModuleManager: Shutting down and abandoning module ModuleUI (382)
[2018.11.30-14.21.40:004][825]LogModuleManager: Shutting down and abandoning module MovieSceneTools (380)
[2018.11.30-14.21.40:004][825]LogModuleManager: Shutting down and abandoning module OutputLog (378)
[2018.11.30-14.21.40:005][825]LogModuleManager: Shutting down and abandoning module GammaUI (376)
[2018.11.30-14.21.40:005][825]LogModuleManager: Shutting down and abandoning module Documentation (374)
[2018.11.30-14.21.40:005][825]LogModuleManager: Shutting down and abandoning module MovieSceneTracks (372)
[2018.11.30-14.21.40:005][825]LogModuleManager: Shutting down and abandoning module MovieScene (370)
[2018.11.30-14.21.40:005][825]LogModuleManager: Shutting down and abandoning module StreamingPauseRendering (368)
[2018.11.30-14.21.40:005][825]LogModuleManager: Shutting down and abandoning module LauncherPlatform (366)
[2018.11.30-14.21.40:005][825]LogModuleManager: Shutting down and abandoning module AnalyticsET (364)
[2018.11.30-14.21.40:005][825]LogModuleManager: Shutting down and abandoning module PortalServices (362)
[2018.11.30-14.21.40:005][825]LogModuleManager: Shutting down and abandoning module PortalRpc (360)
[2018.11.30-14.21.40:005][825]LogModuleManager: Shutting down and abandoning module MessagingRpc (358)
[2018.11.30-14.21.40:005][825]LogModuleManager: Shutting down and abandoning module AIModule (356)
[2018.11.30-14.21.40:005][825]LogModuleManager: Shutting down and abandoning module GameplayDebugger (355)
[2018.11.30-14.21.40:005][825]LogModuleManager: Shutting down and abandoning module AITestSuite (353)
[2018.11.30-14.21.40:005][825]LogModuleManager: Shutting down and abandoning module DesktopPlatform (350)
[2018.11.30-14.21.40:005][825]LogModuleManager: Shutting down and abandoning module ProfilerService (348)
[2018.11.30-14.21.40:198][825]LogModuleManager: Shutting down and abandoning module TaskGraph (346)
[2018.11.30-14.21.40:198][825]LogModuleManager: Shutting down and abandoning module SteamVRController (344)
[2018.11.30-14.21.40:198][825]LogModuleManager: Shutting down and abandoning module ProceduralMeshComponentEditor (342)
[2018.11.30-14.21.40:198][825]LogModuleManager: Shutting down and abandoning module ProceduralMeshComponent (340)
[2018.11.30-14.21.40:199][825]LogModuleManager: Shutting down and abandoning module OculusInput (338)
[2018.11.30-14.21.40:199][825]LogModuleManager: Shutting down and abandoning module MobilePatchingUtils (336)
[2018.11.30-14.21.40:199][825]LogModuleManager: Shutting down and abandoning module CustomMeshComponent (334)
[2018.11.30-14.21.40:199][825]LogModuleManager: Shutting down and abandoning module CableComponent (332)
[2018.11.30-14.21.40:199][825]LogModuleManager: Shutting down and abandoning module ArchVisCharacter (330)
[2018.11.30-14.21.40:199][825]LogModuleManager: Shutting down and abandoning module AndroidPermission (328)
[2018.11.30-14.21.40:199][825]LogModuleManager: Shutting down and abandoning module ActorSequence (324)
[2018.11.30-14.21.40:199][825]LogModuleManager: Shutting down and abandoning module MediaPlayerEditor (322)
[2018.11.30-14.21.40:199][825]LogModuleManager: Shutting down and abandoning module MediaCompositingEditor (320)
[2018.11.30-14.21.40:199][825]LogModuleManager: Shutting down and abandoning module MediaCompositing (318)
[2018.11.30-14.21.40:199][825]LogModuleManager: Shutting down and abandoning module HTML5Networking (316)
[2018.11.30-14.21.40:199][825]LogModuleManager: Shutting down and abandoning module AlembicImporter (314)
[2018.11.30-14.21.40:199][825]LogModuleManager: Shutting down and abandoning module AlembicLibrary (313)
[2018.11.30-14.21.40:199][825]LogModuleManager: Shutting down and abandoning module GeometryCache (312)
[2018.11.30-14.21.40:199][825]LogModuleManager: Shutting down and abandoning module GeometryCacheEd (311)
[2018.11.30-14.21.40:199][825]LogModuleManager: Shutting down and abandoning module SpeedTreeImporter (306)
[2018.11.30-14.21.40:199][825]LogModuleManager: Shutting down and abandoning module PluginBrowser (304)
[2018.11.30-14.21.40:199][825]LogModuleManager: Shutting down and abandoning module MobileLauncherProfileWizard (302)
[2018.11.30-14.21.40:199][825]LogModuleManager: Shutting down and abandoning module VisualStudioSourceCodeAccess (300)
[2018.11.30-14.21.40:199][825]LogModuleManager: Shutting down and abandoning module VisualStudioCodeSourceCodeAccess (298)
[2018.11.30-14.21.40:199][825]LogModuleManager: Shutting down and abandoning module UObjectPlugin (296)
[2018.11.30-14.21.40:199][825]LogModuleManager: Shutting down and abandoning module SubversionSourceControl (294)
[2018.11.30-14.21.40:199][825]LogModuleManager: Shutting down and abandoning module PerforceSourceControl (292)
[2018.11.30-14.21.40:199][825]LogModuleManager: Shutting down and abandoning module GitSourceControl (290)
[2018.11.30-14.21.40:199][825]LogModuleManager: Shutting down and abandoning module SourceControl (289)
[2018.11.30-14.21.40:199][825]LogModuleManager: Shutting down and abandoning module LightPropagationVolumeEditor (286)
[2018.11.30-14.21.40:199][825]LogModuleManager: Shutting down and abandoning module PaperTiledImporter (284)
[2018.11.30-14.21.40:199][825]LogModuleManager: Shutting down and abandoning module PaperSpriteSheetImporter (282)
[2018.11.30-14.21.40:199][825]LogModuleManager: Shutting down and abandoning module Paper2DEditor (280)
[2018.11.30-14.21.40:199][825]LogModuleManager: Shutting down and abandoning module MeshPaint (279)
[2018.11.30-14.21.40:200][825]LogModuleManager: Shutting down and abandoning module LevelEditor (277)
[2018.11.30-14.21.40:201][825]LogModuleManager: Shutting down and abandoning module PixelInspectorModule (276)
[2018.11.30-14.21.40:201][825]LogModuleManager: Shutting down and abandoning module MainFrame (274)
[2018.11.30-14.21.40:201][825]LogModuleManager: Shutting down and abandoning module HotReload (273)
[2018.11.30-14.21.40:201][825]LogModuleManager: Shutting down and abandoning module RuntimePhysXCooking (268)
[2018.11.30-14.21.40:201][825]LogModuleManager: Shutting down and abandoning module PhysXVehiclesEditor (266)
[2018.11.30-14.21.40:201][825]LogModuleManager: Shutting down and abandoning module PhysXVehicles (264)
[2018.11.30-14.21.40:201][825]LogModuleManager: Shutting down and abandoning module OculusEditor (262)
[2018.11.30-14.21.40:201][825]LogModuleManager: Shutting down and abandoning module LocationServicesBPLibrary (260)
[2018.11.30-14.21.40:201][825]LogModuleManager: Shutting down and abandoning module ImmediatePhysicsEditor (258)
[2018.11.30-14.21.40:201][825]LogModuleManager: Shutting down and abandoning module ImmediatePhysics (256)
[2018.11.30-14.21.40:201][825]LogModuleManager: Shutting down and abandoning module UdpMessaging (254)
[2018.11.30-14.21.40:302][825]LogModuleManager: Shutting down and abandoning module TcpMessaging (252)
[2018.11.30-14.21.40:403][825]LogModuleManager: Shutting down and abandoning module GameplayTagsEditor (250)
[2018.11.30-14.21.40:403][825]LogModuleManager: Shutting down and abandoning module FacialAnimationEditor (248)
[2018.11.30-14.21.40:403][825]LogModuleManager: Shutting down and abandoning module FacialAnimation (246)
[2018.11.30-14.21.40:403][825]LogModuleManager: Shutting down and abandoning module AssetManagerEditor (244)
[2018.11.30-14.21.40:403][825]LogModuleManager: Shutting down and abandoning module GraphEditor (243)
[2018.11.30-14.21.40:403][825]LogModuleManager: Shutting down and abandoning module ContentBrowser (241)
[2018.11.30-14.21.40:406][825]LogModuleManager: Shutting down and abandoning module LightPropagationVolumeRuntime (238)
[2018.11.30-14.21.40:406][825]LogModuleManager: Shutting down and abandoning module Paper2D (236)
[2018.11.30-14.21.40:406][825]LogModuleManager: Shutting down and abandoning module WindowsMoviePlayer (234)
[2018.11.30-14.21.40:406][825]LogModuleManager: Shutting down and abandoning module WmfMedia (232)
[2018.11.30-14.21.40:411][825]LogModuleManager: Shutting down and abandoning module ImgMedia (230)
[2018.11.30-14.21.40:411][825]LogModuleManager: Shutting down and abandoning module PacketHandler (228)
[2018.11.30-14.21.40:411][825]LogModuleManager: Shutting down and abandoning module ClothingSystemEditor (226)
[2018.11.30-14.21.40:412][825]LogModuleManager: Shutting down and abandoning module ClothingSystemRuntime (224)
[2018.11.30-14.21.40:412][825]LogModuleManager: Shutting down and abandoning module MediaAssets (222)
[2018.11.30-14.21.40:412][825]LogModuleManager: Shutting down and abandoning module Media (221)
[2018.11.30-14.21.40:418][825]LogModuleManager: Shutting down and abandoning module Overlay (218)
[2018.11.30-14.21.40:418][825]LogModuleManager: Shutting down and abandoning module OverlayEditor (217)
[2018.11.30-14.21.40:418][825]LogModuleManager: Shutting down and abandoning module VREditor (214)
[2018.11.30-14.21.40:418][825]LogModuleManager: Shutting down and abandoning module StringTableEditor (212)
[2018.11.30-14.21.40:418][825]LogModuleManager: Shutting down and abandoning module GameplayTasksEditor (210)
[2018.11.30-14.21.40:418][825]LogModuleManager: Shutting down and abandoning module BehaviorTreeEditor (208)
[2018.11.30-14.21.40:418][825]LogModuleManager: Shutting down and abandoning module FunctionalTesting (206)
[2018.11.30-14.21.40:418][825]LogModuleManager: Shutting down and abandoning module CollisionAnalyzer (204)
[2018.11.30-14.21.40:418][825]LogModuleManager: Shutting down and abandoning module WorkspaceMenuStructure (203)
[2018.11.30-14.21.40:418][825]LogModuleManager: Shutting down and abandoning module UMG (200)
[2018.11.30-14.21.40:418][825]LogModuleManager: Shutting down and abandoning module UMGEditor (199)
[2018.11.30-14.21.40:419][825]LogModuleManager: Shutting down and abandoning module Sequencer (198)
[2018.11.30-14.21.40:419][825]LogModuleManager: Shutting down and abandoning module MessageLog (195)
[2018.11.30-14.21.40:419][825]LogModuleManager: Shutting down and abandoning module SlateReflector (190)
[2018.11.30-14.21.40:419][825]LogModuleManager: Shutting down and abandoning module Slate (188)
[2018.11.30-14.21.40:419][825]LogModuleManager: Shutting down and abandoning module EditorStyle (186)
[2018.11.30-14.21.40:427][825]LogModuleManager: Shutting down and abandoning module MRMesh (184)
[2018.11.30-14.21.40:427][825]LogModuleManager: Shutting down and abandoning module SourceCodeAccess (182)
[2018.11.30-14.21.40:428][825]LogModuleManager: Shutting down and abandoning module HeadMountedDisplay (180)
[2018.11.30-14.21.40:428][825]LogModuleManager: Shutting down and abandoning module XAudio2 (178)
[2018.11.30-14.21.40:428][825]LogModuleManager: Shutting down and abandoning module Networking (176)
[2018.11.30-14.21.40:428][825]LogModuleManager: Shutting down and abandoning module Core (172)
[2018.11.30-14.21.40:428][825]LogModuleManager: Shutting down and abandoning module LevelSequence (168)
[2018.11.30-14.21.40:428][825]LogModuleManager: Shutting down and abandoning module DirectoryWatcher (166)
[2018.11.30-14.21.40:430][825]LogModuleManager: Shutting down and abandoning module KismetCompiler (164)
[2018.11.30-14.21.40:430][825]LogModuleManager: Shutting down and abandoning module MeshUtilities (162)
[2018.11.30-14.21.40:430][825]LogModuleManager: Shutting down and abandoning module MeshMergeUtilities (161)
[2018.11.30-14.21.40:430][825]LogModuleManager: Shutting down and abandoning module MeshReductionInterface (160)
[2018.11.30-14.21.40:430][825]LogModuleManager: Shutting down and abandoning module SimplygonSwarm (159)
[2018.11.30-14.21.40:430][825]LogModuleManager: Shutting down and abandoning module SimplygonMeshReduction (157)
[2018.11.30-14.21.40:430][825]LogModuleManager: Shutting down and abandoning module QuadricMeshReduction (155)
[2018.11.30-14.21.40:431][825]LogModuleManager: Shutting down and abandoning module MaterialBaking (151)
[2018.11.30-14.21.40:431][825]LogModuleManager: Shutting down and abandoning module DerivedDataCache (148)
[2018.11.30-14.21.40:457][825]LogDerivedDataCache: Shutdown
[2018.11.30-14.21.40:457][825]LogModuleManager: Shutting down and abandoning module TargetPlatform (146)
[2018.11.30-14.21.40:457][825]LogModuleManager: Shutting down and abandoning module VulkanShaderFormat (145)
[2018.11.30-14.21.40:457][825]LogModuleManager: Shutting down and abandoning module ShaderFormatVectorVM (143)
[2018.11.30-14.21.40:457][825]LogModuleManager: Shutting down and abandoning module ShaderFormatOpenGL (141)
[2018.11.30-14.21.40:458][825]LogModuleManager: Shutting down and abandoning module ShaderFormatD3D (139)
[2018.11.30-14.21.40:458][825]LogModuleManager: Shutting down and abandoning module MetalShaderFormat (137)
[2018.11.30-14.21.40:458][825]LogModuleManager: Shutting down and abandoning module TextureFormatUncompressed (135)
[2018.11.30-14.21.40:458][825]LogModuleManager: Shutting down and abandoning module TextureFormatPVR (133)
[2018.11.30-14.21.40:458][825]LogModuleManager: Shutting down and abandoning module TextureFormatDXT (131)
[2018.11.30-14.21.40:458][825]LogModuleManager: Shutting down and abandoning module TextureFormatIntelISPCTexComp (129)
[2018.11.30-14.21.40:458][825]LogModuleManager: Shutting down and abandoning module TextureFormatASTC (127)
[2018.11.30-14.21.40:458][825]LogModuleManager: Shutting down and abandoning module ImageWrapper (126)
[2018.11.30-14.21.40:458][825]LogModuleManager: Shutting down and abandoning module TextureFormatAndroid (123)
[2018.11.30-14.21.40:458][825]LogModuleManager: Shutting down and abandoning module AudioFormatOpus (121)
[2018.11.30-14.21.40:458][825]LogModuleManager: Shutting down and abandoning module AudioFormatOgg (119)
[2018.11.30-14.21.40:458][825]LogModuleManager: Shutting down and abandoning module AudioFormatADPCM (117)
[2018.11.30-14.21.40:458][825]LogModuleManager: Shutting down and abandoning module LinuxTargetPlatform (115)
[2018.11.30-14.21.40:459][825]LogModuleManager: Shutting down and abandoning module LinuxServerTargetPlatform (113)
[2018.11.30-14.21.40:459][825]LogModuleManager: Shutting down and abandoning module LinuxNoEditorTargetPlatform (111)
[2018.11.30-14.21.40:459][825]LogModuleManager: Shutting down and abandoning module LinuxClientTargetPlatform (109)
[2018.11.30-14.21.40:459][825]LogModuleManager: Shutting down and abandoning module TVOSTargetPlatform (107)
[2018.11.30-14.21.40:459][825]LogModuleManager: Shutting down and abandoning module Messaging (105)
[2018.11.30-14.21.40:459][825]LogModuleManager: Shutting down and abandoning module IOSTargetPlatform (103)
[2018.11.30-14.21.40:459][825]LogModuleManager: Shutting down and abandoning module HTML5TargetPlatform (101)
[2018.11.30-14.21.40:459][825]LogModuleManager: Shutting down and abandoning module AndroidTargetPlatform (99)
[2018.11.30-14.21.40:459][825]LogModuleManager: Shutting down and abandoning module Android_PVRTCTargetPlatform (97)
[2018.11.30-14.21.40:459][825]LogModuleManager: Shutting down and abandoning module Android_MultiTargetPlatform (95)
[2018.11.30-14.21.40:459][825]LogModuleManager: Shutting down and abandoning module Android_ETC2TargetPlatform (93)
[2018.11.30-14.21.40:459][825]LogModuleManager: Shutting down and abandoning module Android_ETC1TargetPlatform (91)
[2018.11.30-14.21.40:459][825]LogModuleManager: Shutting down and abandoning module Android_DXTTargetPlatform (89)
[2018.11.30-14.21.40:459][825]LogModuleManager: Shutting down and abandoning module Android_ATCTargetPlatform (87)
[2018.11.30-14.21.40:459][825]LogModuleManager: Shutting down and abandoning module Android_ASTCTargetPlatform (85)
[2018.11.30-14.21.40:459][825]LogModuleManager: Shutting down and abandoning module WindowsTargetPlatform (83)
[2018.11.30-14.21.40:460][825]LogModuleManager: Shutting down and abandoning module WindowsServerTargetPlatform (81)
[2018.11.30-14.21.40:460][825]LogModuleManager: Shutting down and abandoning module WindowsNoEditorTargetPlatform (79)
[2018.11.30-14.21.40:460][825]LogModuleManager: Shutting down and abandoning module WindowsClientTargetPlatform (77)
[2018.11.30-14.21.40:460][825]LogModuleManager: Shutting down and abandoning module MacTargetPlatform (75)
[2018.11.30-14.21.40:460][825]LogModuleManager: Shutting down and abandoning module MacServerTargetPlatform (73)
[2018.11.30-14.21.40:460][825]LogModuleManager: Shutting down and abandoning module MacNoEditorTargetPlatform (71)
[2018.11.30-14.21.40:460][825]LogModuleManager: Shutting down and abandoning module MacClientTargetPlatform (69)
[2018.11.30-14.21.40:460][825]LogModuleManager: Shutting down and abandoning module AllDesktopTargetPlatform (67)
[2018.11.30-14.21.40:460][825]LogModuleManager: Shutting down and abandoning module InputCore (64)
[2018.11.30-14.21.40:460][825]LogModuleManager: Shutting down and abandoning module Settings (62)
[2018.11.30-14.21.40:460][825]LogModuleManager: Shutting down and abandoning module PhysXCooking (60)
[2018.11.30-14.21.40:460][825]LogModuleManager: Shutting down and abandoning module SteamVR (58)
[2018.11.30-14.21.40:460][825]LogModuleManager: Shutting down and abandoning module OculusHMD (56)
[2018.11.30-14.21.40:461][825]LogModuleManager: Shutting down and abandoning module ExampleDeviceProfileSelector (54)
[2018.11.30-14.21.40:461][825]LogModuleManager: Shutting down and abandoning module AppleARKit (52)
[2018.11.30-14.21.40:461][825]LogModuleManager: Shutting down and abandoning module AugmentedReality (51)
[2018.11.30-14.21.40:461][825]LogModuleManager: Shutting down and abandoning module OnlineBlueprintSupport (48)
[2018.11.30-14.21.40:461][825]LogModuleManager: Shutting down and abandoning module OnlineSubsystem (44)
[2018.11.30-14.21.40:461][825]LogModuleManager: Shutting down and abandoning module XMPP (43)
[2018.11.30-14.21.40:461][825]LogModuleManager: Shutting down and abandoning module HTTP (41)
[2018.11.30-14.21.40:461][825]LogHttp: Display: Http module shutting down, but needs to wait on 1 outstanding Http requests:
[2018.11.30-14.21.40:461][825]LogHttp: Display: 	verb=[POST] url=[https://datarouter.ol.epicgames.com/datarouter/api/v1/public/data?SessionID=%7B1F7DE03B-4AB5-A6BE-4CB0-3A8CE9AEC88E%7D&AppID=UEEditor.Rocket.Release&AppVersion=4.18.3-3832480%2B%2B%2BUE4%2BRelease-4.18&UserID=f7137da1488fc1e9dd0394aaa3f5f394%7Cfd159e6a22e842339ef246a1fe6d8531%7C1f121e9f-c652-4fb6-ae6e-2c3553388386&AppEnvironment=datacollector-binary&UploadType=eteventstream] status=Processing
[2018.11.30-14.21.40:493][825]LogModuleManager: Shutting down and abandoning module SSL (40)
[2018.11.30-14.21.40:497][825]LogModuleManager: Shutting down and abandoning module AnimationModifiers (36)
[2018.11.30-14.21.40:497][825]LogModuleManager: Shutting down and abandoning module PropertyEditor (35)
[2018.11.30-14.21.40:497][825]LogModuleManager: Shutting down and abandoning module AudioEditor (32)
[2018.11.30-14.21.40:497][825]LogModuleManager: Shutting down and abandoning module TextureCompressor (30)
[2018.11.30-14.21.40:497][825]LogModuleManager: Shutting down and abandoning module ShaderCore (28)
[2018.11.30-14.21.40:497][825]LogModuleManager: Shutting down and abandoning module Landscape (26)
[2018.11.30-14.21.40:498][825]LogModuleManager: Shutting down and abandoning module SlateRHIRenderer (24)
[2018.11.30-14.21.40:506][825]LogModuleManager: Shutting down and abandoning module OpenGLDrv (22)
[2018.11.30-14.21.40:506][825]LogModuleManager: Shutting down and abandoning module D3D11RHI (20)
[2018.11.30-14.21.40:506][825]LogModuleManager: Shutting down and abandoning module AnimGraphRuntime (18)
[2018.11.30-14.21.40:506][825]LogModuleManager: Shutting down and abandoning module Renderer (16)
[2018.11.30-14.21.40:506][825]LogModuleManager: Shutting down and abandoning module Engine (14)
[2018.11.30-14.21.40:506][825]LogModuleManager: Shutting down and abandoning module CoreUObject (12)
[2018.11.30-14.21.40:506][825]LogModuleManager: Shutting down and abandoning module NetworkFile (10)
[2018.11.30-14.21.40:506][825]LogModuleManager: Shutting down and abandoning module CookedIterativeFile (8)
[2018.11.30-14.21.40:506][825]LogModuleManager: Shutting down and abandoning module StreamingFile (6)
[2018.11.30-14.21.40:506][825]LogModuleManager: Shutting down and abandoning module SandboxFile (4)
[2018.11.30-14.21.40:506][825]LogModuleManager: Shutting down and abandoning module PakFile (2)
[2018.11.30-14.21.40:517][825]LogExit: Exiting.
[2018.11.30-14.21.40:565][825]Log file closed, 11/30/18 23:21:40
