Log file open, 11/24/18 03:44:20
LogWindows: Failed to load 'aqProf.dll' (GetLastError=126)
LogWindows: File 'aqProf.dll' does not exist
LogWindows: Failed to load 'VSPerf140.dll' (GetLastError=126)
LogWindows: File 'VSPerf140.dll' does not exist
LogWindows: Failed to load 'VtuneApi.dll' (GetLastError=126)
LogWindows: File 'VtuneApi.dll' does not exist
LogWindows: Failed to load 'VtuneApi32e.dll' (GetLastError=126)
LogWindows: File 'VtuneApi32e.dll' does not exist
LogInit: Display: Running engine for game: GameGem
LogPlatformFile: Not using cached read wrapper
LogInit: Display: RandInit(36649228) SRandInit(36649228).
LogInit: Read version file with build ID '3709383'
LogInit: Overriding engine version to CL 3832480, compatible CL 3709383
LogInit: Registered custom module enumerator with build ID '3709383'
LogTaskGraph: Started task graph with 5 named threads and 20 total threads with 3 sets of task threads.
LogStats: Stats thread started at 0.241041
LogD3D11RHI: Aftermath initialized
LogModuleManager: Display: Found up-to-date module file ../../../Engine/Plugins/2D/Paper2D/Binaries/Win64/UE4Editor-Paper2D.dll (API version 3709383).
LogModuleManager: Display: Found up-to-date module file ../../../Engine/Plugins/2D/Paper2D/Binaries/Win64/UE4Editor-Paper2DEditor.dll (API version 3709383).
LogModuleManager: Display: Found up-to-date module file ../../../Engine/Plugins/2D/Paper2D/Binaries/Win64/UE4Editor-PaperSpriteSheetImporter.dll (API version 3709383).
LogModuleManager: Display: Found up-to-date module file ../../../Engine/Plugins/2D/Paper2D/Binaries/Win64/UE4Editor-PaperTiledImporter.dll (API version 3709383).
LogModuleManager: Display: Found up-to-date module file ../../../Engine/Plugins/2D/Paper2D/Binaries/Win64/UE4Editor-SmartSnapping.dll (API version 3709383).
LogModuleManager: Display: Found up-to-date module file ../../../Engine/Plugins/Blendables/LightPropagationVolume/Binaries/Win64/UE4Editor-LightPropagationVolumeRuntime.dll (API version 3709383).
LogModuleManager: Display: Found up-to-date module file ../../../Engine/Plugins/Blendables/LightPropagationVolume/Binaries/Win64/UE4Editor-LightPropagationVolumeEditor.dll (API version 3709383).
LogModuleManager: Display: Found up-to-date module file ../../../Engine/Plugins/Developer/GitSourceControl/Binaries/Win64/UE4Editor-GitSourceControl.dll (API version 3709383).
LogModuleManager: Display: Found up-to-date module file ../../../Engine/Plugins/Developer/PerforceSourceControl/Binaries/Win64/UE4Editor-PerforceSourceControl.dll (API version 3709383).
LogModuleManager: Display: Found up-to-date module file ../../../Engine/Plugins/Developer/SubversionSourceControl/Binaries/Win64/UE4Editor-SubversionSourceControl.dll (API version 3709383).
LogModuleManager: Display: Found up-to-date module file ../../../Engine/Plugins/Developer/UObjectPlugin/Binaries/Win64/UE4Editor-UObjectPlugin.dll (API version 3709383).
LogModuleManager: Display: Found up-to-date module file ../../../Engine/Plugins/Developer/VisualStudioCodeSourceCodeAccess/Binaries/Win64/UE4Editor-VisualStudioCodeSourceCodeAccess.dll (API version 3709383).
LogModuleManager: Display: Found up-to-date module file ../../../Engine/Plugins/Developer/VisualStudioSourceCodeAccess/Binaries/Win64/UE4Editor-VisualStudioSourceCodeAccess.dll (API version 3709383).
LogModuleManager: Display: Found up-to-date module file ../../../Engine/Plugins/Editor/AssetManagerEditor/Binaries/Win64/UE4Editor-AssetManagerEditor.dll (API version 3709383).
LogModuleManager: Display: Found up-to-date module file ../../../Engine/Plugins/Editor/AudioCapture/Binaries/Win64/UE4Editor-AudioCapture.dll (API version 3709383).
LogModuleManager: Display: Found up-to-date module file ../../../Engine/Plugins/Editor/FacialAnimation/Binaries/Win64/UE4Editor-FacialAnimation.dll (API version 3709383).
LogModuleManager: Display: Found up-to-date module file ../../../Engine/Plugins/Editor/FacialAnimation/Binaries/Win64/UE4Editor-FacialAnimationEditor.dll (API version 3709383).
LogModuleManager: Display: Found up-to-date module file ../../../Engine/Plugins/Editor/GameplayTagsEditor/Binaries/Win64/UE4Editor-GameplayTagsEditor.dll (API version 3709383).
LogModuleManager: Display: Found up-to-date module file ../../../Engine/Plugins/Editor/MobileLauncherProfileWizard/Binaries/Win64/UE4Editor-MobileLauncherProfileWizard.dll (API version 3709383).
LogModuleManager: Display: Found up-to-date module file ../../../Engine/Plugins/Editor/PluginBrowser/Binaries/Win64/UE4Editor-PluginBrowser.dll (API version 3709383).
LogModuleManager: Display: Found up-to-date module file ../../../Engine/Plugins/Editor/SpeedTreeImporter/Binaries/Win64/UE4Editor-SpeedTreeImporter.dll (API version 3709383).
LogModuleManager: Display: Found up-to-date module file ../../../Engine/Plugins/Experimental/AlembicImporter/Binaries/Win64/UE4Editor-AlembicImporter.dll (API version 3709383).
LogModuleManager: Display: Found up-to-date module file ../../../Engine/Plugins/Experimental/AlembicImporter/Binaries/Win64/UE4Editor-AlembicLibrary.dll (API version 3709383).
LogModuleManager: Display: Found up-to-date module file ../../../Engine/Plugins/Experimental/CharacterAI/Binaries/Win64/UE4Editor-CharacterAI.dll (API version 3709383).
LogModuleManager: Display: Found up-to-date module file ../../../Engine/Plugins/Experimental/HTML5Networking/Binaries/Win64/UE4Editor-HTML5Networking.dll (API version 3709383).
LogModuleManager: Display: Found up-to-date module file ../../../Engine/Plugins/Media/AndroidMedia/Binaries/Win64/UE4Editor-AndroidMediaEditor.dll (API version 3709383).
LogModuleManager: Display: Found up-to-date module file ../../../Engine/Plugins/Media/AndroidMedia/Binaries/Win64/UE4Editor-AndroidMediaFactory.dll (API version 3709383).
LogModuleManager: Display: Found up-to-date module file ../../../Engine/Plugins/Media/AvfMedia/Binaries/Win64/UE4Editor-AvfMediaEditor.dll (API version 3709383).
LogModuleManager: Display: Found up-to-date module file ../../../Engine/Plugins/Media/AvfMedia/Binaries/Win64/UE4Editor-AvfMediaFactory.dll (API version 3709383).
LogModuleManager: Display: Found up-to-date module file ../../../Engine/Plugins/Media/AvfMedia/Binaries/Win64/UE4Editor-AvfMediaFactory.dll (API version 3709383).
LogModuleManager: Display: Found up-to-date module file ../../../Engine/Plugins/Media/ImgMedia/Binaries/Win64/UE4Editor-ImgMedia.dll (API version 3709383).
LogModuleManager: Display: Found up-to-date module file ../../../Engine/Plugins/Media/ImgMedia/Binaries/Win64/UE4Editor-ImgMediaEditor.dll (API version 3709383).
LogModuleManager: Display: Found up-to-date module file ../../../Engine/Plugins/Media/ImgMedia/Binaries/Win64/UE4Editor-ImgMediaFactory.dll (API version 3709383).
LogModuleManager: Display: Found up-to-date module file ../../../Engine/Plugins/Media/ImgMedia/Binaries/Win64/UE4Editor-ImgMediaFactory.dll (API version 3709383).
LogModuleManager: Display: Found up-to-date module file ../../../Engine/Plugins/Media/ImgMedia/Binaries/Win64/UE4Editor-OpenExrWrapper.dll (API version 3709383).
LogModuleManager: Display: Found up-to-date module file ../../../Engine/Plugins/Media/MediaCompositing/Binaries/Win64/UE4Editor-MediaCompositing.dll (API version 3709383).
LogModuleManager: Display: Found up-to-date module file ../../../Engine/Plugins/Media/MediaCompositing/Binaries/Win64/UE4Editor-MediaCompositingEditor.dll (API version 3709383).
LogModuleManager: Display: Found up-to-date module file ../../../Engine/Plugins/Media/MediaPlayerEditor/Binaries/Win64/UE4Editor-MediaPlayerEditor.dll (API version 3709383).
LogModuleManager: Display: Found up-to-date module file ../../../Engine/Plugins/Media/WmfMedia/Binaries/Win64/UE4Editor-WmfMedia.dll (API version 3709383).
LogModuleManager: Display: Found up-to-date module file ../../../Engine/Plugins/Media/WmfMedia/Binaries/Win64/UE4Editor-WmfMediaEditor.dll (API version 3709383).
LogModuleManager: Display: Found up-to-date module file ../../../Engine/Plugins/Media/WmfMedia/Binaries/Win64/UE4Editor-WmfMediaFactory.dll (API version 3709383).
LogModuleManager: Display: Found up-to-date module file ../../../Engine/Plugins/Media/WmfMedia/Binaries/Win64/UE4Editor-WmfMediaFactory.dll (API version 3709383).
LogModuleManager: Display: Found up-to-date module file ../../../Engine/Plugins/Messaging/TcpMessaging/Binaries/Win64/UE4Editor-TcpMessaging.dll (API version 3709383).
LogModuleManager: Display: Found up-to-date module file ../../../Engine/Plugins/Messaging/UdpMessaging/Binaries/Win64/UE4Editor-UdpMessaging.dll (API version 3709383).
LogModuleManager: Display: Found up-to-date module file ../../../Engine/Plugins/MovieScene/ActorSequence/Binaries/Win64/UE4Editor-ActorSequence.dll (API version 3709383).
LogModuleManager: Display: Found up-to-date module file ../../../Engine/Plugins/MovieScene/LevelSequenceEditor/Binaries/Win64/UE4Editor-LevelSequenceEditor.dll (API version 3709383).
LogModuleManager: Display: Found up-to-date module file ../../../Engine/Plugins/MovieScene/MatineeToLevelSequence/Binaries/Win64/UE4Editor-MatineeToLevelSequence.dll (API version 3709383).
LogModuleManager: Display: Found up-to-date module file ../../../Engine/Plugins/Online/OnlineSubsystem/Binaries/Win64/UE4Editor-OnlineSubsystem.dll (API version 3709383).
LogModuleManager: Display: Found up-to-date module file ../../../Engine/Plugins/Runtime/AndroidPermission/Binaries/Win64/UE4Editor-AndroidPermission.dll (API version 3709383).
LogModuleManager: Display: Found up-to-date module file ../../../Engine/Plugins/Online/OnlineSubsystemNull/Binaries/Win64/UE4Editor-OnlineSubsystemNull.dll (API version 3709383).
LogModuleManager: Display: Found up-to-date module file ../../../Engine/Plugins/Online/OnlineSubsystemUtils/Binaries/Win64/UE4Editor-OnlineSubsystemUtils.dll (API version 3709383).
LogModuleManager: Display: Found up-to-date module file ../../../Engine/Plugins/Online/OnlineSubsystemUtils/Binaries/Win64/UE4Editor-OnlineBlueprintSupport.dll (API version 3709383).
LogModuleManager: Display: Found up-to-date module file ../../../Engine/Plugins/Runtime/AndroidDeviceProfileSelector/Binaries/Win64/UE4Editor-AndroidDeviceProfileSelector.dll (API version 3709383).
LogModuleManager: Display: Found up-to-date module file ../../../Engine/Plugins/Runtime/AppleARKit/Binaries/Win64/UE4Editor-AppleARKit.dll (API version 3709383).
LogModuleManager: Display: Found up-to-date module file ../../../Engine/Plugins/Runtime/ArchVisCharacter/Binaries/Win64/UE4Editor-ArchVisCharacter.dll (API version 3709383).
LogModuleManager: Display: Found up-to-date module file ../../../Engine/Plugins/Runtime/CableComponent/Binaries/Win64/UE4Editor-CableComponent.dll (API version 3709383).
LogModuleManager: Display: Found up-to-date module file ../../../Engine/Plugins/Runtime/CustomMeshComponent/Binaries/Win64/UE4Editor-CustomMeshComponent.dll (API version 3709383).
LogModuleManager: Display: Found up-to-date module file ../../../Engine/Plugins/Runtime/ExampleDeviceProfileSelector/Binaries/Win64/UE4Editor-ExampleDeviceProfileSelector.dll (API version 3709383).
LogModuleManager: Display: Found up-to-date module file ../../../Engine/Plugins/Runtime/ImmediatePhysics/Binaries/Win64/UE4Editor-ImmediatePhysics.dll (API version 3709383).
LogModuleManager: Display: Found up-to-date module file ../../../Engine/Plugins/Runtime/ImmediatePhysics/Binaries/Win64/UE4Editor-ImmediatePhysicsEditor.dll (API version 3709383).
LogModuleManager: Display: Found up-to-date module file ../../../Engine/Plugins/Runtime/LocationServicesBPLibrary/Binaries/Win64/UE4Editor-LocationServicesBPLibrary.dll (API version 3709383).
LogModuleManager: Display: Found up-to-date module file ../../../Engine/Plugins/Runtime/MobilePatchingUtils/Binaries/Win64/UE4Editor-MobilePatchingUtils.dll (API version 3709383).
LogModuleManager: Display: Found up-to-date module file ../../../Engine/Plugins/Runtime/Oculus/OculusVR/Binaries/Win64/UE4Editor-OculusHMD.dll (API version 3709383).
LogModuleManager: Display: Found up-to-date module file ../../../Engine/Plugins/Runtime/Oculus/OculusVR/Binaries/Win64/UE4Editor-OculusInput.dll (API version 3709383).
LogModuleManager: Display: Found up-to-date module file ../../../Engine/Plugins/Runtime/Oculus/OculusVR/Binaries/Win64/UE4Editor-OculusEditor.dll (API version 3709383).
LogModuleManager: Display: Found up-to-date module file ../../../Engine/Plugins/Runtime/PhysXVehicles/Binaries/Win64/UE4Editor-PhysXVehicles.dll (API version 3709383).
LogModuleManager: Display: Found up-to-date module file ../../../Engine/Plugins/Runtime/PhysXVehicles/Binaries/Win64/UE4Editor-PhysXVehiclesEditor.dll (API version 3709383).
LogModuleManager: Display: Found up-to-date module file ../../../Engine/Plugins/Runtime/ProceduralMeshComponent/Binaries/Win64/UE4Editor-ProceduralMeshComponent.dll (API version 3709383).
LogModuleManager: Display: Found up-to-date module file ../../../Engine/Plugins/Runtime/ProceduralMeshComponent/Binaries/Win64/UE4Editor-ProceduralMeshComponentEditor.dll (API version 3709383).
LogModuleManager: Display: Found up-to-date module file ../../../Engine/Plugins/Runtime/RuntimePhysXCooking/Binaries/Win64/UE4Editor-RuntimePhysXCooking.dll (API version 3709383).
LogModuleManager: Display: Found up-to-date module file ../../../Engine/Plugins/Runtime/Steam/SteamVR/Binaries/Win64/UE4Editor-SteamVR.dll (API version 3709383).
LogModuleManager: Display: Found up-to-date module file ../../../Engine/Plugins/Runtime/Steam/SteamVR/Binaries/Win64/UE4Editor-SteamVRController.dll (API version 3709383).
LogModuleManager: Display: Found up-to-date module file ../../../Engine/Plugins/Runtime/WindowsMoviePlayer/Binaries/Win64/UE4Editor-WindowsMoviePlayer.dll (API version 3709383).
LogPluginManager: Mounting plugin Paper2D
LogPluginManager: Mounting plugin LightPropagationVolume
LogPluginManager: Mounting plugin CodeLiteSourceCodeAccess
LogPluginManager: Mounting plugin GitSourceControl
LogPluginManager: Mounting plugin KDevelopSourceCodeAccess
LogPluginManager: Mounting plugin NullSourceCodeAccess
LogPluginManager: Mounting plugin PerforceSourceControl
LogPluginManager: Mounting plugin SubversionSourceControl
LogPluginManager: Mounting plugin UObjectPlugin
LogPluginManager: Mounting plugin VisualStudioCodeSourceCodeAccess
LogPluginManager: Mounting plugin VisualStudioSourceCodeAccess
LogPluginManager: Mounting plugin XCodeSourceCodeAccess
LogPluginManager: Mounting plugin AssetManagerEditor
LogPluginManager: Mounting plugin AudioCapture
LogPluginManager: Mounting plugin FacialAnimation
LogPluginManager: Mounting plugin GameplayTagsEditor
LogPluginManager: Mounting plugin MobileLauncherProfileWizard
LogPluginManager: Mounting plugin PluginBrowser
LogPluginManager: Mounting plugin SpeedTreeImporter
LogPluginManager: Mounting plugin AlembicImporter
LogPluginManager: Mounting plugin CharacterAI
LogPluginManager: Mounting plugin HTML5Networking
LogPluginManager: Mounting plugin AndroidMedia
LogPluginManager: Mounting plugin AvfMedia
LogPluginManager: Mounting plugin ImgMedia
LogPluginManager: Mounting plugin MediaCompositing
LogPluginManager: Mounting plugin MediaPlayerEditor
LogPluginManager: Mounting plugin WmfMedia
LogPluginManager: Mounting plugin TcpMessaging
LogPluginManager: Mounting plugin UdpMessaging
LogPluginManager: Mounting plugin ActorSequence
LogPluginManager: Mounting plugin LevelSequenceEditor
LogPluginManager: Mounting plugin MatineeToLevelSequence
LogPluginManager: Mounting plugin OnlineSubsystemGooglePlay
LogPluginManager: Mounting plugin OnlineSubsystemIOS
LogPluginManager: Mounting plugin OnlineSubsystem
LogPluginManager: Mounting plugin OnlineSubsystemNull
LogPluginManager: Mounting plugin OnlineSubsystemUtils
LogPluginManager: Mounting plugin AndroidDeviceProfileSelector
LogPluginManager: Mounting plugin AndroidMoviePlayer
LogPluginManager: Mounting plugin AndroidPermission
LogPluginManager: Mounting plugin AppleARKit
LogPluginManager: Mounting plugin AppleMoviePlayer
LogPluginManager: Mounting plugin ArchVisCharacter
LogPluginManager: Mounting plugin CableComponent
LogPluginManager: Mounting plugin CustomMeshComponent
LogPluginManager: Mounting plugin ExampleDeviceProfileSelector
LogPluginManager: Mounting plugin GoogleCloudMessaging
LogPluginManager: Mounting plugin ImmediatePhysics
LogPluginManager: Mounting plugin IOSDeviceProfileSelector
LogPluginManager: Mounting plugin LinuxDeviceProfileSelector
LogPluginManager: Mounting plugin LocationServicesBPLibrary
LogPluginManager: Mounting plugin MobilePatchingUtils
LogPluginManager: Mounting plugin OculusVR
LogPluginManager: Plugin shader directory ../../../Engine/Plugins/Runtime/Oculus/OculusVR/Shaders found
LogPluginManager: Mapping shader source directory ../../../Engine/Plugins/Runtime/Oculus/OculusVR/Shaders to virtual directory /Plugin/OculusVR
LogPluginManager: Mounting plugin PhysXVehicles
LogPluginManager: Mounting plugin ProceduralMeshComponent
LogPluginManager: Mounting plugin RuntimePhysXCooking
LogPluginManager: Mounting plugin SteamVR
LogPluginManager: Mounting plugin WindowsMoviePlayer
LogInit: Using libcurl 7.47.1
LogInit:  - built for x86_64-pc-win32
LogInit:  - supports SSL with OpenSSL/1.0.2g
LogInit:  - supports HTTP deflate (compression) using libz 1.2.8
LogInit:  - other features:
LogInit:      CURL_VERSION_SSL
LogInit:      CURL_VERSION_LIBZ
LogInit:      CURL_VERSION_IPV6
LogInit:      CURL_VERSION_ASYNCHDNS
LogInit:      CURL_VERSION_LARGEFILE
LogInit:      CURL_VERSION_IDN
LogInit:  CurlRequestOptions (configurable via config and command line):
LogInit:  - bVerifyPeer = false  - Libcurl will NOT verify peer certificate
LogInit:  - bUseHttpProxy = false  - Libcurl will NOT use HTTP proxy
LogInit:  - bDontReuseConnections = false  - Libcurl will reuse connections
LogInit:  - CertBundlePath = nullptr  - Libcurl will use whatever was configured at build time.
LogInit: Build: ++UE4+Release-4.18-CL-3832480
LogInit: Engine Version: 4.18.3-3832480+++UE4+Release-4.18
LogInit: Compatible Engine Version: 4.18.0-3709383+++UE4+Release-4.18
LogInit: Net CL: 3709383
LogDevObjectVersion: Number of dev versions registered: 16
LogDevObjectVersion:   Dev-Blueprints (B0D832E4-1F89-4F0D-ACCF-7EB736FD4AA2): 10
LogDevObjectVersion:   Dev-Build (E1C64328-A22C-4D53-A36C-8E866417BD8C): 0
LogDevObjectVersion:   Dev-Core (375EC13C-06E4-48FB-B500-84F0262A717E): 2
LogDevObjectVersion:   Dev-Editor (E4B068ED-F494-42E9-A231-DA0B2E46BB41): 20
LogDevObjectVersion:   Dev-Framework (CFFC743F-43B0-4480-9391-14DF171D2073): 30
LogDevObjectVersion:   Dev-Mobile (B02B49B5-BB20-44E9-A304-32B752E40360): 0
LogDevObjectVersion:   Dev-Networking (A4E4105C-59A1-49B5-A7C5-40C4547EDFEE): 0
LogDevObjectVersion:   Dev-Online (39C831C9-5AE6-47DC-9A44-9C173E1C8E7C): 0
LogDevObjectVersion:   Dev-Physics (78F01B33-EBEA-4F98-B9B4-84EACCB95AA2): 0
LogDevObjectVersion:   Dev-Platform (6631380F-2D4D-43E0-8009-CF276956A95A): 0
LogDevObjectVersion:   Dev-Rendering (12F88B9F-8875-4AFC-A67C-D90C383ABD29): 20
LogDevObjectVersion:   Dev-Sequencer (7B5AE74C-D270-4C10-A958-57980B212A5A): 4
LogDevObjectVersion:   Dev-VR (D7296918-1DD6-4BDD-9DE2-64A83CC13884): 0
LogDevObjectVersion:   Dev-LoadTimes (C2A15278-BFE7-4AFE-6C17-90FF531DF755): 1
LogDevObjectVersion:   Private-Geometry (6EACA3D4-40EC-4CC1-B786-8BED09428FC5): 1
LogDevObjectVersion:   Dev-AnimPhys (29E575DD-E0A3-4627-9D10-D276232CDCEA): 12
LogInit: Compiled (64-bit): Jan 12 2018 02:04:55
LogInit: Compiled with Visual C++: 19.00.24215.01
LogInit: Build Configuration: Development
LogInit: Branch Name: ++UE4+Release-4.18
LogInit: Command line:  
LogInit: Base directory: C:/Program Files/Epic Games/UE_4.18/Engine/Binaries/Win64/
LogInit: Installed Engine Build: 1
LogInit: Presizing for max 8388607 objects, including 0 objects not considered by GC, pre-allocating 0 bytes for permanent pool.
LogInit: Object subsystem initialized
[2018.11.23-18.44.22:497][  0]LogInit: Selected Device Profile: [Windows]
[2018.11.23-18.44.22:497][  0]LogInit: Applying CVar settings loaded from the selected device profile: [Windows]
[2018.11.23-18.44.22:510][  0]LogInit: Computer: DESKTOP-OCEV6JO
[2018.11.23-18.44.22:510][  0]LogInit: User: joono
[2018.11.23-18.44.22:510][  0]LogInit: CPU Page size=4096, Cores=6
[2018.11.23-18.44.22:510][  0]LogInit: High frequency timer resolution =2.742188 MHz
[2018.11.23-18.44.22:510][  0]LogMemory: Memory total: Physical=15.9GB (16GB approx)
[2018.11.23-18.44.22:510][  0]LogMemory: Platform Memory Stats for Windows
[2018.11.23-18.44.22:510][  0]LogMemory: Process Physical Memory: 272.39 MB used, 272.39 MB peak
[2018.11.23-18.44.22:510][  0]LogMemory: Process Virtual Memory: 270.15 MB used, 270.15 MB peak
[2018.11.23-18.44.22:510][  0]LogMemory: Physical Memory: 4591.97 MB used,  11734.70 MB free, 16326.67 MB total
[2018.11.23-18.44.22:510][  0]LogMemory: Virtual Memory: 4783.48 MB used,  11734.70 MB free, 134217728.00 MB total
[2018.11.23-18.44.22:741][  0]LogInit: Using OS detected language (ko-KR).
[2018.11.23-18.44.22:741][  0]LogInit: Using OS detected locale (ko-KR).
[2018.11.23-18.44.22:744][  0]LogTextLocalizationManager: No specific localization for 'ko-KR' exists, so the 'ko' localization will be used.
[2018.11.23-18.44.22:893][  0]LogInit: Setting process to per monitor DPI aware
[2018.11.23-18.44.23:185][  0]LogD3D11RHI: D3D11 adapters:
[2018.11.23-18.44.23:236][  0]LogD3D11RHI:    0. 'NVIDIA GeForce GTX 1050' (Feature Level 11_0)
[2018.11.23-18.44.23:236][  0]LogD3D11RHI:       1987/0/8163 MB DedicatedVideo/DedicatedSystem/SharedSystem, Outputs:2, VendorId:0x10de
[2018.11.23-18.44.23:238][  0]LogD3D11RHI:    1. 'Microsoft Basic Render Driver' (Feature Level 11_0)
[2018.11.23-18.44.23:238][  0]LogD3D11RHI:       0/0/8163 MB DedicatedVideo/DedicatedSystem/SharedSystem, Outputs:0, VendorId:0x1414
[2018.11.23-18.44.23:238][  0]LogD3D11RHI: Chosen D3D11 Adapter: 0
[2018.11.23-18.44.23:243][  0]LogD3D11RHI: Creating new Direct3DDevice
[2018.11.23-18.44.23:243][  0]LogD3D11RHI:     GPU DeviceId: 0x1c81 (for the marketing name, search the web for "GPU Device Id")
[2018.11.23-18.44.23:243][  0]LogWindows: EnumDisplayDevices:
[2018.11.23-18.44.23:243][  0]LogWindows:    0. 'NVIDIA GeForce GTX 1050' (P:1 D:1)
[2018.11.23-18.44.23:244][  0]LogWindows:    1. 'NVIDIA GeForce GTX 1050' (P:0 D:1)
[2018.11.23-18.44.23:244][  0]LogWindows:    2. 'NVIDIA GeForce GTX 1050' (P:0 D:0)
[2018.11.23-18.44.23:245][  0]LogWindows:    3. 'NVIDIA GeForce GTX 1050' (P:0 D:0)
[2018.11.23-18.44.23:245][  0]LogWindows: DebugString: GetVideoDriverDetailsInvalid PrimaryIsNotTheChoosenAdapter GetVideoDriverDetailsInvalid PrimaryIsNotTheChoosenAdapter GetVideoDriverDetailsInvalid PrimaryIsNotTheChoosenAdapter GetVideoDriverDetailsInvalid PrimaryIsNotTheChoosenAdapter FoundDriverCount:0 
[2018.11.23-18.44.23:245][  0]LogD3D11RHI:     Adapter Name: NVIDIA GeForce GTX 1050
[2018.11.23-18.44.23:245][  0]LogD3D11RHI:   Driver Version: Unknown (internal:Unknown, unified:Unknown)
[2018.11.23-18.44.23:245][  0]LogD3D11RHI:      Driver Date: Unknown
[2018.11.23-18.44.23:245][  0]LogRHI: Texture pool is 1391 MB (70% of 1987 MB)
[2018.11.23-18.44.23:270][  0]LogD3D11RHI: Async texture creation enabled
[2018.11.23-18.44.23:280][  0]LogD3D11RHI: GPU Timing Frequency: 1000.000000 (Debug: 2 1)
[2018.11.23-18.44.23:379][  0]LogShaderCompilers: Guid format shader working directory is -28 characters bigger than the processId version (../../../../../../Users/joono/OneDrive/문서/Unreal Projects/GameGem/GameGem/Intermediate/Shaders/WorkingDirectory/11496/).
[2018.11.23-18.44.23:379][  0]LogShaderCompilers: Cleaned the shader compiler working directory 'C:/Users/joono/AppData/Local/Temp/UnrealShaderWorkingDir/E07A1645432C2FF2D9C2BE80E013D5D0/'.
[2018.11.23-18.44.23:379][  0]LogShaderCompilers: Display: Using Local Shader Compiler.
[2018.11.23-18.44.24:257][  0]LogTemp: Display: Loaded TP AllDesktopTargetPlatform
[2018.11.23-18.44.24:328][  0]LogTemp: Display: Loaded TP MacClientTargetPlatform
[2018.11.23-18.44.24:398][  0]LogTemp: Display: Loaded TP MacNoEditorTargetPlatform
[2018.11.23-18.44.24:470][  0]LogTemp: Display: Loaded TP MacServerTargetPlatform
[2018.11.23-18.44.24:542][  0]LogTemp: Display: Loaded TP MacTargetPlatform
[2018.11.23-18.44.24:616][  0]LogTemp: Display: Loaded TP WindowsClientTargetPlatform
[2018.11.23-18.44.24:689][  0]LogTemp: Display: Loaded TP WindowsNoEditorTargetPlatform
[2018.11.23-18.44.24:760][  0]LogTemp: Display: Loaded TP WindowsServerTargetPlatform
[2018.11.23-18.44.24:826][  0]LogTemp: Display: Loaded TP WindowsTargetPlatform
[2018.11.23-18.44.24:896][  0]LogTemp: Display: Loaded TP Android_ASTCTargetPlatform
[2018.11.23-18.44.24:966][  0]LogTemp: Display: Loaded TP Android_ATCTargetPlatform
[2018.11.23-18.44.25:036][  0]LogTemp: Display: Loaded TP Android_DXTTargetPlatform
[2018.11.23-18.44.25:108][  0]LogTemp: Display: Loaded TP Android_ETC1TargetPlatform
[2018.11.23-18.44.25:178][  0]LogTemp: Display: Loaded TP Android_ETC2TargetPlatform
[2018.11.23-18.44.25:316][  0]LogTemp: Display: Loaded TP Android_MultiTargetPlatform
[2018.11.23-18.44.25:316][  0]LogTemp: Display: Loaded TP Android_PVRTCTargetPlatform
[2018.11.23-18.44.25:388][  0]LogTemp: Display: Loaded TP AndroidTargetPlatform
[2018.11.23-18.44.25:448][  0]LogTemp: Display: Loaded TP HTML5TargetPlatform
[2018.11.23-18.44.25:566][  0]LogTemp: Display: Loaded TP IOSTargetPlatform
[2018.11.23-18.44.25:601][  0]LogTemp: Display: Loaded TP TVOSTargetPlatform
[2018.11.23-18.44.25:669][  0]LogTemp: Display: Loaded TP LinuxClientTargetPlatform
[2018.11.23-18.44.25:739][  0]LogTemp: Display: Loaded TP LinuxNoEditorTargetPlatform
[2018.11.23-18.44.25:808][  0]LogTemp: Display: Loaded TP LinuxServerTargetPlatform
[2018.11.23-18.44.25:890][  0]LogTemp: Display: Loaded TP LinuxTargetPlatform
[2018.11.23-18.44.25:890][  0]LogTargetPlatformManager: Display: Building Assets For Windows
[2018.11.23-18.44.26:575][  0]LogDerivedDataCache: Display: Max Cache Size: 512 MB
[2018.11.23-18.44.26:637][  0]LogDerivedDataCache: Loaded boot cache 0.06s 79MB C:/Users/joono/AppData/Local/UnrealEngine/4.18/DerivedDataCache/Boot.ddc.
[2018.11.23-18.44.26:637][  0]LogDerivedDataCache: Display: Loaded Boot cache: C:/Users/joono/AppData/Local/UnrealEngine/4.18/DerivedDataCache/Boot.ddc
[2018.11.23-18.44.26:637][  0]LogDerivedDataCache: FDerivedDataBackendGraph:  Pak pak cache file ../../../../../../Users/joono/OneDrive/문서/Unreal Projects/GameGem/GameGem/DerivedDataCache/DDC.ddp not found, will not use a pak cache.
[2018.11.23-18.44.26:637][  0]LogDerivedDataCache: Unable to find inner node Pak for hierarchical cache Hierarchy.
[2018.11.23-18.44.26:637][  0]LogDerivedDataCache: FDerivedDataBackendGraph:  CompressedPak pak cache file ../../../../../../Users/joono/OneDrive/문서/Unreal Projects/GameGem/GameGem/DerivedDataCache/Compressed.ddp not found, will not use a pak cache.
[2018.11.23-18.44.26:637][  0]LogDerivedDataCache: Unable to find inner node CompressedPak for hierarchical cache Hierarchy.
[2018.11.23-18.44.26:651][  0]LogDerivedDataCache: Display: Pak cache opened for reading ../../../Engine/DerivedDataCache/Compressed.ddp.
[2018.11.23-18.44.26:663][  0]LogDerivedDataCache: Using Local data cache path C:/Users/joono/AppData/Local/UnrealEngine/Common/DerivedDataCache: Writable
[2018.11.23-18.44.26:670][  0]LogMaterial: Verifying Global Shaders for PCD3D_SM5
[2018.11.23-18.44.26:671][  0]LogSlate: Using Freetype 2.6.0
[2018.11.23-18.44.26:671][  0]LogSlate: SlateFontCache - WITH_FREETYPE: 1, WITH_HARFBUZZ: 1
[2018.11.23-18.44.26:671][  0]LogSlate: SlateFontCache - WITH_FREETYPE: 1, WITH_HARFBUZZ: 1
[2018.11.23-18.44.27:007][  0]LogInit: Selected Device Profile: [Windows]
[2018.11.23-18.44.27:440][  0]LogSimplygon: Simplygon DLL not present - disabling.
[2018.11.23-18.44.27:504][  0]LogMeshReduction: Using SimplygonSwarm for distributed automatic mesh merging
[2018.11.23-18.44.27:504][  0]LogMeshReduction: Using QuadricMeshReduction for automatic static mesh reduction
[2018.11.23-18.44.27:504][  0]LogMeshReduction: No automatic skeletal mesh reduction module available
[2018.11.23-18.44.27:504][  0]LogMeshReduction: No automatic mesh merging module available
[2018.11.23-18.44.27:504][  0]LogMeshMerging: No automatic mesh merging module available
[2018.11.23-18.44.27:537][  0]LogNetVersion: GameGem , NetCL: 3709383, EngineNetVer: 2, GameNetVer: 0 (Checksum: 882068137)
[2018.11.23-18.44.27:726][  0]LogAssetRegistry: FAssetRegistry took 0.0250 seconds to start up
[2018.11.23-18.44.28:231][  0]LogPackageLocalizationCache: Processed 7 localized package path(s) for 2 prioritized culture(s) in 0.060415 seconds
[2018.11.23-18.44.28:235][  0]LogUObjectArray: 35877 objects as part of root set at end of initial load.
[2018.11.23-18.44.28:235][  0]LogUObjectAllocator: 7366024 out of 0 bytes used by permanent object pool.
[2018.11.23-18.44.28:235][  0]LogUObjectArray: CloseDisregardForGC: 0/0 objects in disregard for GC pool
[2018.11.23-18.44.28:315][  0]LogInit: WinSock: version 1.1 (2.2), MaxSocks=32767, MaxUdp=65467
[2018.11.23-18.44.31:658][  0]LogTcpMessaging: Initializing TcpMessaging bridge
[2018.11.23-18.44.31:713][  0]LogUdpMessaging: Initializing bridge on interface 0.0.0.0:0 to multicast group 230.0.0.1:6666.
[2018.11.23-18.44.32:675][  0]LogMaterial: Uniform references updated for custom material expression Custom.
[2018.11.23-18.44.33:263][  0]SourceControl: 소스 콘트롤이 꺼졌습니다.
[2018.11.23-18.44.33:263][  0]SourceControl: 소스 콘트롤이 꺼졌습니다.
[2018.11.23-18.44.33:342][  0]SourceControl: 소스 콘트롤이 꺼졌습니다.
[2018.11.23-18.44.33:420][  0]SourceControl: 소스 콘트롤이 꺼졌습니다.
[2018.11.23-18.44.34:617][  0]LogAndroidPermission: UAndroidPermissionCallbackProxy::GetInstance
[2018.11.23-18.44.35:019][  0]LogOcInput: OculusInput pre-init called
[2018.11.23-18.44.35:427][  0]LogEngine: Initializing Engine...
[2018.11.23-18.44.35:429][  0]LogHMD: Failed to initialize OpenVR with code 110
[2018.11.23-18.44.35:614][  0]LogStats: UGameplayTagsManager::ConstructGameplayTagTree: Construct from data asset -  0.000 s
[2018.11.23-18.44.35:614][  0]LogStats: UGameplayTagsManager::ConstructGameplayTagTree: GameplayTagTreeChangedEvent.Broadcast -  0.000 s
[2018.11.23-18.44.35:806][  0]LogAIModule: Creating AISystem for world Untitled
[2018.11.23-18.44.35:867][  0]LogInit: XAudio2 using '스피커(USBZH5K-ENC)' : 2 channels at 48 kHz using 16 bits per sample (channel mask 0x3)
[2018.11.23-18.44.35:894][  0]LogInit: FAudioDevice initialized.
[2018.11.23-18.44.35:968][  0]LogDerivedDataCache: Saved boot cache 0.07s 79MB C:/Users/joono/AppData/Local/UnrealEngine/4.18/DerivedDataCache/Boot.ddc.
[2018.11.23-18.44.35:986][  0]LogInit: Texture streaming: Enabled
[2018.11.23-18.44.36:137][  0]LogEngineSessionManager: EngineSessionManager initialized
[2018.11.23-18.44.36:336][  0]LogInit: Transaction tracking system initialized
[2018.11.23-18.44.36:821][  0]BlueprintLog: New page: 에디터 로드
[2018.11.23-18.44.38:175][  0]LocalizationService: 현지화 서비스가 비활성화되었습니다.
[2018.11.23-18.44.39:441][  0]LogConsoleResponse: Display: 
[2018.11.23-18.44.39:626][  0]LogCook: Display: Max memory allowance for cook 16384mb min free memory 0mb
[2018.11.23-18.44.39:626][  0]LogCook: Display: Mobile HDR setting 1
[2018.11.23-18.44.39:626][  0]LogGameplayTags: Display: UGameplayTagsManager::DoneAddingNativeTags. DelegateIsBound: 0
[2018.11.23-18.44.40:120][  0]LogFileCache: Scanning file cache for directory 'C:/Users/joono/OneDrive/문서/Unreal Projects/GameGem/GameGem/Content/' took 0.01s
[2018.11.23-18.44.41:424][  0]SourceControl: 소스 콘트롤이 꺼졌습니다.
[2018.11.23-18.44.41:424][  0]Cmd: MAP LOAD FILE="../../../../../../Users/joono/OneDrive/문서/Unreal Projects/GameGem/GameGem/Content/PuzzleBP/Maps/MainGame.umap" TEMPLATE=0 SHOWPROGRESS=1 FEATURELEVEL=3
[2018.11.23-18.44.41:424][  0]LightingResults: New page: 라이팅 빌드
[2018.11.23-18.44.41:490][  0]MapCheck: New page: 맵 체크
[2018.11.23-18.44.41:490][  0]LightingResults: New page: 라이팅 빌드
[2018.11.23-18.44.42:562][  0]LogAIModule: Creating AISystem for world MainGame
[2018.11.23-18.44.42:568][  0]LogEditorServer: Finished looking for orphan Actors (0.000 secs)
[2018.11.23-18.44.42:584][  0]Cmd: MAP CHECKDEP NOCLEARLOG
[2018.11.23-18.44.42:668][  0]MapCheck: 맵 체크 완료: 오류 0 회, 경고 0 회, 소요 시간 84.285ms.
[2018.11.23-18.44.42:668][  0]LogFileHelpers: Loading map 'MainGame' took 1.244
[2018.11.23-18.44.42:831][  0]LogCollectionManager: Loaded 0 collections in 0.001918 seconds
[2018.11.23-18.44.42:940][  0]LogFileCache: Scanning file cache for directory 'C:/Users/joono/OneDrive/문서/Unreal Projects/GameGem/GameGem/Saved/Collections/' took 0.01s
[2018.11.23-18.44.42:940][  0]LogFileCache: Scanning file cache for directory 'C:/Users/joono/OneDrive/문서/Unreal Projects/GameGem/GameGem/Content/Developers/joono/Collections/' took 0.01s
[2018.11.23-18.44.42:940][  0]LogFileCache: Scanning file cache for directory 'C:/Users/joono/OneDrive/문서/Unreal Projects/GameGem/GameGem/Content/Collections/' took 0.01s
[2018.11.23-18.44.42:940][  0]LogCollectionManager: Rebuilt the GUID cache for 0 collections in 0.000000 seconds
[2018.11.23-18.44.42:947][  0]LogContentBrowser: Native class hierarchy populated in 0.0068 seconds. Added 2363 classes and 519 folders.
[2018.11.23-18.44.43:048][  0]LogContentBrowser: Native class hierarchy updated for 'WidgetCarousel' in 0.0002 seconds. Added 0 classes and 0 folders.
[2018.11.23-18.44.43:095][  0]LogContentBrowser: Native class hierarchy updated for 'AddContentDialog' in 0.0002 seconds. Added 0 classes and 0 folders.
[2018.11.23-18.44.43:162][  0]LogContentBrowser: Native class hierarchy updated for 'SceneOutliner' in 0.0002 seconds. Added 1 classes and 2 folders.
[2018.11.23-18.44.43:222][  0]LogSlate: Took 0.000247 seconds to synchronously load lazily loaded font '../../../Engine/Content/Slate/Fonts/Roboto-Regular.ttf' (155K)
[2018.11.23-18.44.43:225][  0]LogSlate: Took 0.002334 seconds to synchronously load lazily loaded font '../../../Engine/Content/Slate/Fonts/NanumGothic.ttf' (4243K)
[2018.11.23-18.44.43:226][  0]LogSlate: Took 0.000199 seconds to synchronously load lazily loaded font '../../../Engine/Content/Slate/Fonts/Roboto-Bold.ttf' (160K)
[2018.11.23-18.44.43:230][  0]LogSlate: Took 0.000192 seconds to synchronously load lazily loaded font '../../../Engine/Content/Editor/Slate/Fonts/FontAwesome.ttf' (139K)
[2018.11.23-18.44.43:338][  0]LogRenderer: Reallocating scene render targets to support 1208x576 Format 10 NumSamples 1 (Frame:1).
[2018.11.23-18.44.43:523][  0]LogContentBrowser: Native class hierarchy updated for 'HierarchicalLODOutliner' in 0.0002 seconds. Added 1 classes and 2 folders.
[2018.11.23-18.44.43:523][  0]LogLoad: (Engine Initialization) Total time: 23.94 seconds
[2018.11.23-18.44.43:523][  0]LogLoad: (Engine Initialization) Total Blueprint compile time: 0.00 seconds
[2018.11.23-18.44.43:523][  0]LogExternalProfiler: No external profilers were discovered.  External profiling features will not be available.
[2018.11.23-18.44.43:536][  0]LogWindowsTextInputMethodSystem: Display: IME system now activated using TSF (Microsoft 입력기).
[2018.11.23-18.44.43:557][  0]LogAssetRegistry: Asset discovery search completed in 15.8526 seconds
[2018.11.23-18.44.43:558][  0]LogCollectionManager: Rebuilt the object cache for 0 collections in 0.000000 seconds (found 0 objects)
[2018.11.23-18.44.43:559][  0]LogCollectionManager: Fixed up redirectors for 0 collections in 0.000046 seconds (updated 0 objects)
[2018.11.23-18.44.43:559][  0]LogContentStreaming: Texture pool size now 1000 MB
[2018.11.23-18.44.43:586][  0]LogSlate: Took 0.000149 seconds to synchronously load lazily loaded font '../../../Engine/Content/Slate/Fonts/Roboto-Light.ttf' (159K)
[2018.11.23-18.44.44:556][104]LogSlate: Took 0.000160 seconds to synchronously load lazily loaded font '../../../Engine/Content/Slate/Fonts/Roboto-Light.ttf' (159K)
[2018.11.23-18.44.44:840][104]LogContentBrowser: Native class hierarchy updated for 'BlueprintGraph' in 0.0005 seconds. Added 116 classes and 0 folders.
[2018.11.23-18.44.45:904][104]LogLinker: Warning: 애셋 이름을 해석할 수 없습니다.
[2018.11.23-18.44.46:628][104]LogSlate: Took 0.000213 seconds to synchronously load lazily loaded font '../../../Engine/Content/Editor/Slate/Fonts/Roboto-BoldCondensed.ttf' (158K)
[2018.11.23-18.44.46:630][104]LogSlate: Took 0.000151 seconds to synchronously load lazily loaded font '../../../Engine/Content/Slate/Fonts/Roboto-Light.ttf' (159K)
[2018.11.23-18.44.46:823][105]LogSlate: Took 0.000258 seconds to synchronously load lazily loaded font '../../../Engine/Content/Editor/Slate/Fonts/Roboto-Italic.ttf' (157K)
[2018.11.23-18.45.05:270][955]BlueprintLog: New page: 스코어매니저 컴파일
[2018.11.23-18.45.05:746][975]Cmd: OBJ SAVEPACKAGE PACKAGE="/Game/PuzzleBP/Blueprints/스코어매니저" FILE="../../../../../../Users/joono/OneDrive/문서/Unreal Projects/GameGem/GameGem/Content/PuzzleBP/Blueprints/스코어매니저.uasset" SILENT=true
[2018.11.23-18.45.06:013][975]LogSavePackage: Save=253.10ms
[2018.11.23-18.45.06:014][975]LogSavePackage: Moving '../../../../../../Users/joono/OneDrive/문서/Unreal Projects/GameGem/GameGem/Saved/스코어매니저5CBBCB9F4D5B0B91A9AD6EB236584678.tmp' to '../../../../../../Users/joono/OneDrive/문서/Unreal Projects/GameGem/GameGem/Content/PuzzleBP/Blueprints/스코어매니저.uasset'
[2018.11.23-18.45.06:017][975]LogSavePackage: Display: Finished SavePackage ../../../../../../Users/joono/OneDrive/문서/Unreal Projects/GameGem/GameGem/Content/PuzzleBP/Blueprints/스코어매니저.uasset
[2018.11.23-18.46.06:352][  3]LogAIModule: Creating AISystem for world Login
[2018.11.23-18.46.06:380][  3]Cmd: MAP LOAD FILE="../../../../../../Users/joono/OneDrive/문서/Unreal Projects/GameGem/GameGem/Content/PuzzleBP/Maps/Login.umap" TEMPLATE=0 SHOWPROGRESS=1 FEATURELEVEL=3
[2018.11.23-18.46.06:380][  3]LightingResults: New page: 라이팅 빌드
[2018.11.23-18.46.06:380][  3]LoadErrors: New page: 맵 로드중: Login.umap
[2018.11.23-18.46.06:381][  3]MapCheck: New page: 맵 체크
[2018.11.23-18.46.06:381][  3]LightingResults: New page: 라이팅 빌드
[2018.11.23-18.46.06:467][  3]LogEditorServer: Finished looking for orphan Actors (0.000 secs)
[2018.11.23-18.46.06:524][  3]Cmd: MAP CHECKDEP NOCLEARLOG
[2018.11.23-18.46.06:614][  3]MapCheck: 맵 체크 완료: 오류 0 회, 경고 0 회, 소요 시간 89.888ms.
[2018.11.23-18.46.06:615][  3]LogFileHelpers: Loading map 'Login' took 0.236
[2018.11.23-18.46.18:188][609]LogTemp: Repeating last play command: 새 에디터 창 (PIE)
[2018.11.23-18.46.18:250][609]LogBlueprintUserMessages: Early PlayInEditor Detection: Level '/Game/PuzzleBP/Maps/Login.Login:PersistentLevel' has LevelScriptBlueprint '/Game/PuzzleBP/Maps/Login.Login:PersistentLevel.Login' with GeneratedClass '/Game/PuzzleBP/Maps/Login.Login_C' with ClassGeneratedBy '/Game/PuzzleBP/Maps/Login.Login:PersistentLevel.Login'
[2018.11.23-18.46.18:250][609]LogPlayLevel: PlayLevel: No blueprints needed recompiling
[2018.11.23-18.46.18:250][609]PIE: New page: PIE 세션: Login (2018. 11. 24. 오후 12:46:18)
[2018.11.23-18.46.18:251][609]LogPlayLevel: Creating play world package: /Game/PuzzleBP/Maps/UEDPIE_0_Login
[2018.11.23-18.46.18:252][609]LogPlayLevel: PIE: StaticDuplicateObject took: (0.001113s)
[2018.11.23-18.46.18:252][609]LogAIModule: Creating AISystem for world Login
[2018.11.23-18.46.18:253][609]LogPlayLevel: PIE: World Init took: (0.000610s)
[2018.11.23-18.46.18:253][609]LogPlayLevel: PIE: Created PIE world by copying editor world from /Game/PuzzleBP/Maps/Login.Login to /Game/PuzzleBP/Maps/UEDPIE_0_Login.Login (0.002126s)
[2018.11.23-18.46.18:333][609]LogInit: XAudio2 using '스피커(USBZH5K-ENC)' : 2 channels at 48 kHz using 16 bits per sample (channel mask 0x3)
[2018.11.23-18.46.18:346][609]LogInit: FAudioDevice initialized.
[2018.11.23-18.46.18:417][609]LogLoad: Game class is 'PuzzleGameMode_C'
[2018.11.23-18.46.18:418][609]LogWorld: Bringing World /Game/PuzzleBP/Maps/UEDPIE_0_Login.Login up for play (max tick rate 0) at 2018.11.24-03.46.18
[2018.11.23-18.46.18:418][609]LogWorld: Bringing up level for play took: 0.000528
[2018.11.23-18.46.18:485][609]LogContentBrowser: Native class hierarchy updated for 'MovieSceneCapture' in 0.0003 seconds. Added 11 classes and 0 folders.
[2018.11.23-18.46.18:493][609]PIE: /Game/PuzzleBP/Maps/UEDPIE_0_Login 에 대한 에디터에서 플레이 시작 시간: 0.556
[2018.11.23-18.46.18:493][609]LogBlueprintUserMessages: Late PlayInEditor Detection: Level '/Game/PuzzleBP/Maps/Login.Login:PersistentLevel' has LevelScriptBlueprint '/Game/PuzzleBP/Maps/Login.Login:PersistentLevel.Login' with GeneratedClass '/Game/PuzzleBP/Maps/Login.Login_C' with ClassGeneratedBy '/Game/PuzzleBP/Maps/Login.Login:PersistentLevel.Login'
[2018.11.23-18.46.18:519][609]LogRenderer: Reallocating scene render targets to support 1292x756 Format 10 NumSamples 1 (Frame:1).
[2018.11.23-18.46.25:251][786]LogBlueprintUserMessages: Early EndPlayMap Detection: Level '/Game/PuzzleBP/Maps/Login.Login:PersistentLevel' has LevelScriptBlueprint '/Game/PuzzleBP/Maps/Login.Login:PersistentLevel.Login' with GeneratedClass '/Game/PuzzleBP/Maps/Login.Login_C' with ClassGeneratedBy '/Game/PuzzleBP/Maps/Login.Login:PersistentLevel.Login'
[2018.11.23-18.46.25:305][786]LogBlueprintUserMessages: Late EndPlayMap Detection: Level '/Game/PuzzleBP/Maps/Login.Login:PersistentLevel' has LevelScriptBlueprint '/Game/PuzzleBP/Maps/Login.Login:PersistentLevel.Login' with GeneratedClass '/Game/PuzzleBP/Maps/Login.Login_C' with ClassGeneratedBy '/Game/PuzzleBP/Maps/Login.Login:PersistentLevel.Login'
[2018.11.23-18.46.30:249][908]LogTemp: Repeating last play command: 새 에디터 창 (PIE)
[2018.11.23-18.46.30:280][908]LogBlueprintUserMessages: Early PlayInEditor Detection: Level '/Game/PuzzleBP/Maps/Login.Login:PersistentLevel' has LevelScriptBlueprint '/Game/PuzzleBP/Maps/Login.Login:PersistentLevel.Login' with GeneratedClass '/Game/PuzzleBP/Maps/Login.Login_C' with ClassGeneratedBy '/Game/PuzzleBP/Maps/Login.Login:PersistentLevel.Login'
[2018.11.23-18.46.30:280][908]LogPlayLevel: PlayLevel: No blueprints needed recompiling
[2018.11.23-18.46.30:280][908]PIE: New page: PIE 세션: Login (2018. 11. 24. 오후 12:46:30)
[2018.11.23-18.46.30:281][908]LogPlayLevel: Creating play world package: /Game/PuzzleBP/Maps/UEDPIE_0_Login
[2018.11.23-18.46.30:281][908]LogPlayLevel: PIE: StaticDuplicateObject took: (0.000633s)
[2018.11.23-18.46.30:282][908]LogAIModule: Creating AISystem for world Login
[2018.11.23-18.46.30:282][908]LogPlayLevel: PIE: World Init took: (0.000462s)
[2018.11.23-18.46.30:282][908]LogPlayLevel: PIE: Created PIE world by copying editor world from /Game/PuzzleBP/Maps/Login.Login to /Game/PuzzleBP/Maps/UEDPIE_0_Login.Login (0.001272s)
[2018.11.23-18.46.30:361][908]LogInit: XAudio2 using '스피커(USBZH5K-ENC)' : 2 channels at 48 kHz using 16 bits per sample (channel mask 0x3)
[2018.11.23-18.46.30:374][908]LogInit: FAudioDevice initialized.
[2018.11.23-18.46.30:429][908]LogLoad: Game class is 'PuzzleGameMode_C'
[2018.11.23-18.46.30:430][908]LogWorld: Bringing World /Game/PuzzleBP/Maps/UEDPIE_0_Login.Login up for play (max tick rate 0) at 2018.11.24-03.46.30
[2018.11.23-18.46.30:430][908]LogWorld: Bringing up level for play took: 0.000571
[2018.11.23-18.46.30:436][908]PIE: /Game/PuzzleBP/Maps/UEDPIE_0_Login 에 대한 에디터에서 플레이 시작 시간: 0.499
[2018.11.23-18.46.30:437][908]LogBlueprintUserMessages: Late PlayInEditor Detection: Level '/Game/PuzzleBP/Maps/Login.Login:PersistentLevel' has LevelScriptBlueprint '/Game/PuzzleBP/Maps/Login.Login:PersistentLevel.Login' with GeneratedClass '/Game/PuzzleBP/Maps/Login.Login_C' with ClassGeneratedBy '/Game/PuzzleBP/Maps/Login.Login:PersistentLevel.Login'
[2018.11.23-18.46.37:925][797]LogNet: Browse: /Game/PuzzleBP/Maps/MainMenu
[2018.11.23-18.46.37:926][797]LogLoad: LoadMap: /Game/PuzzleBP/Maps/MainMenu
[2018.11.23-18.46.38:424][797]LogStats: FPlatformStackWalk::StackWalkAndDump -  0.396 s
[2018.11.23-18.46.38:424][797]LogOutputDevice: Error: === Handled ensure: ===
[2018.11.23-18.46.38:424][797]LogOutputDevice: Error: 
[2018.11.23-18.46.38:424][797]LogOutputDevice: Error: Ensure condition failed: IsObjectValidForDatabase(AssetObject) [File:D:\Build\++UE4+Release-4.18+Compile\Sync\Engine\Source\Editor\BlueprintGraph\Private\BlueprintActionDatabase.cpp] [Line: 1315]
[2018.11.23-18.46.38:424][797]LogOutputDevice: Error: 
[2018.11.23-18.46.38:424][797]LogOutputDevice: Error: Stack: 
[2018.11.23-18.46.38:424][797]LogOutputDevice: Error: [Callstack] 0x00000000F4DC2786 UE4Editor-Core.dll!UnknownFunction []
[2018.11.23-18.46.38:424][797]LogOutputDevice: Error: [Callstack] 0x00000000F4B6123A UE4Editor-Core.dll!UnknownFunction []
[2018.11.23-18.46.38:424][797]LogOutputDevice: Error: [Callstack] 0x00000000F4B7B906 UE4Editor-Core.dll!UnknownFunction []
[2018.11.23-18.46.38:424][797]LogOutputDevice: Error: [Callstack] 0x00000000F17A0199 UE4Editor-BlueprintGraph.dll!UnknownFunction []
[2018.11.23-18.46.38:424][797]LogOutputDevice: Error: [Callstack] 0x00000000F176EF4D UE4Editor-BlueprintGraph.dll!UnknownFunction []
[2018.11.23-18.46.38:424][797]LogOutputDevice: Error: [Callstack] 0x00000000FC816C17 UE4Editor-CoreUObject.dll!UnknownFunction []
[2018.11.23-18.46.38:424][797]LogOutputDevice: Error: [Callstack] 0x00000000FCB2DED6 UE4Editor-CoreUObject.dll!UnknownFunction []
[2018.11.23-18.46.38:424][797]LogOutputDevice: Error: [Callstack] 0x00000000FCB45259 UE4Editor-CoreUObject.dll!UnknownFunction []
[2018.11.23-18.46.38:424][797]LogOutputDevice: Error: [Callstack] 0x00000000FCB44774 UE4Editor-CoreUObject.dll!UnknownFunction []
[2018.11.23-18.46.38:424][797]LogOutputDevice: Error: [Callstack] 0x00000000EB52FB28 UE4Editor-Engine.dll!UnknownFunction []
[2018.11.23-18.46.38:424][797]LogOutputDevice: Error: [Callstack] 0x00000000EB4E3FA8 UE4Editor-Engine.dll!UnknownFunction []
[2018.11.23-18.46.38:424][797]LogOutputDevice: Error: [Callstack] 0x00000000EB55539D UE4Editor-Engine.dll!UnknownFunction []
[2018.11.23-18.46.38:424][797]LogOutputDevice: Error: [Callstack] 0x00000000E8F861B1 UE4Editor-UnrealEd.dll!UnknownFunction []
[2018.11.23-18.46.38:424][797]LogOutputDevice: Error: [Callstack] 0x00000000E9834AC6 UE4Editor-UnrealEd.dll!UnknownFunction []
[2018.11.23-18.46.38:424][797]LogOutputDevice: Error: [Callstack] 0x00000000D5825A26 UE4Editor.exe!UnknownFunction []
[2018.11.23-18.46.38:424][797]LogOutputDevice: Error: [Callstack] 0x00000000D5835430 UE4Editor.exe!UnknownFunction []
[2018.11.23-18.46.38:424][797]LogOutputDevice: Error: [Callstack] 0x00000000D58354AA UE4Editor.exe!UnknownFunction []
[2018.11.23-18.46.38:424][797]LogOutputDevice: Error: [Callstack] 0x00000000D5842379 UE4Editor.exe!UnknownFunction []
[2018.11.23-18.46.38:424][797]LogOutputDevice: Error: [Callstack] 0x00000000D5843D57 UE4Editor.exe!UnknownFunction []
[2018.11.23-18.46.38:424][797]LogOutputDevice: Error: [Callstack] 0x0000000025FC3034 KERNEL32.DLL!UnknownFunction []
[2018.11.23-18.46.38:424][797]LogOutputDevice: Error: [Callstack] 0x0000000026811471 ntdll.dll!UnknownFunction []
[2018.11.23-18.46.38:424][797]LogOutputDevice: Error: 
[2018.11.23-18.46.38:429][797]LogStats:                SubmitErrorReport -  0.000 s
[2018.11.23-18.46.38:819][797]LogStats:                    SendNewReport -  0.391 s
[2018.11.23-18.46.38:820][797]LogStats:             FDebug::EnsureFailed -  0.792 s
[2018.11.23-18.46.39:093][797]LogAIModule: Creating AISystem for world MainMenu
[2018.11.23-18.46.39:093][797]LogLoad: Game class is 'PuzzleGameMode_C'
[2018.11.23-18.46.39:095][797]LogWorld: Bringing World /Game/PuzzleBP/Maps/UEDPIE_0_MainMenu.MainMenu up for play (max tick rate 0) at 2018.11.24-03.46.39
[2018.11.23-18.46.39:095][797]LogWorld: Bringing up level for play took: 0.001036
[2018.11.23-18.46.39:095][797]LogGameMode: FindPlayerStart: PATHS NOT DEFINED or NO PLAYERSTART with positive rating
[2018.11.23-18.46.39:102][797]LogScriptCore: Warning: Script Msg: Divide by zero detected: 0.000000 / 0
Script call stack:
	Function /Game/PuzzleBP/Maps/UEDPIE_0_MainMenu.MainMenu_C:ReceiveBeginPlay
	Function /Game/PuzzleBP/Maps/UEDPIE_0_MainMenu.MainMenu_C:ExecuteUbergraph_MainMenu
	Function /Game/PuzzleBP/Blueprints/스코어매니저.스코어매니저_C:CorrectRateEvent
	Function /Game/PuzzleBP/Blueprints/스코어매니저.스코어매니저_C:ExecuteUbergraph_스코어매니저

[2018.11.23-18.46.39:102][797]LogLoad: Took 1.175810 seconds to LoadMap(/Game/PuzzleBP/Maps/MainMenu)
[2018.11.23-18.46.44:487][438]LogNet: Browse: /Game/PuzzleBP/Maps/MainGame
[2018.11.23-18.46.44:487][438]LogLoad: LoadMap: /Game/PuzzleBP/Maps/MainGame
[2018.11.23-18.46.44:881][438]LogAIModule: Creating AISystem for world MainGame
[2018.11.23-18.46.44:881][438]LogLoad: Game class is 'PuzzleGameMode_C'
[2018.11.23-18.46.44:883][438]LogWorld: Bringing World /Game/PuzzleBP/Maps/UEDPIE_0_MainGame.MainGame up for play (max tick rate 0) at 2018.11.24-03.46.44
[2018.11.23-18.46.44:884][438]LogWorld: Bringing up level for play took: 0.001822
[2018.11.23-18.46.44:884][438]LogGameMode: FindPlayerStart: PATHS NOT DEFINED or NO PLAYERSTART with positive rating
[2018.11.23-18.46.44:886][438]LogLoad: Took 0.399365 seconds to LoadMap(/Game/PuzzleBP/Maps/MainGame)
[2018.11.23-18.46.53:507][470]LogSpawn: Warning: SpawnActor failed because of collision at the spawn location [X=600.000 Y=-300.000 Z=0.000] for [Block_Silver_C]
[2018.11.23-18.46.59:520][190]LogSpawn: Warning: SpawnActor failed because of collision at the spawn location [X=200.000 Y=300.000 Z=0.000] for [Block_Silver_C]
[2018.11.23-18.46.59:521][190]LogSpawn: Warning: SpawnActor failed because of collision at the spawn location [X=400.000 Y=300.000 Z=0.000] for [Block_Brown_C]
[2018.11.23-18.46.59:521][190]LogSpawn: Warning: SpawnActor failed because of collision at the spawn location [X=600.000 Y=300.000 Z=0.000] for [Block_Silver_C]
[2018.11.23-18.47.00:080][257]LogBlueprintUserMessages: Early EndPlayMap Detection: Level '/Game/PuzzleBP/Maps/Login.Login:PersistentLevel' has LevelScriptBlueprint '/Game/PuzzleBP/Maps/Login.Login:PersistentLevel.Login' with GeneratedClass '/Game/PuzzleBP/Maps/Login.Login_C' with ClassGeneratedBy '/Game/PuzzleBP/Maps/Login.Login:PersistentLevel.Login'
[2018.11.23-18.47.00:128][257]LogBlueprintUserMessages: Late EndPlayMap Detection: Level '/Game/PuzzleBP/Maps/Login.Login:PersistentLevel' has LevelScriptBlueprint '/Game/PuzzleBP/Maps/Login.Login:PersistentLevel.Login' with GeneratedClass '/Game/PuzzleBP/Maps/Login.Login_C' with ClassGeneratedBy '/Game/PuzzleBP/Maps/Login.Login:PersistentLevel.Login'
[2018.11.23-18.47.20:845][985]BlueprintLog: New page: 스코어매니저 컴파일
[2018.11.23-18.47.21:270][  4]Cmd: OBJ SAVEPACKAGE PACKAGE="/Game/PuzzleBP/Blueprints/스코어매니저" FILE="../../../../../../Users/joono/OneDrive/문서/Unreal Projects/GameGem/GameGem/Content/PuzzleBP/Blueprints/스코어매니저.uasset" SILENT=true
[2018.11.23-18.47.21:533][  4]LogSavePackage: Save=254.46ms
[2018.11.23-18.47.21:533][  4]LogSavePackage: Moving '../../../../../../Users/joono/OneDrive/문서/Unreal Projects/GameGem/GameGem/Saved/스코어매니저AF967F4C49A17D2D1A9FBFADA17998CA.tmp' to '../../../../../../Users/joono/OneDrive/문서/Unreal Projects/GameGem/GameGem/Content/PuzzleBP/Blueprints/스코어매니저.uasset'
[2018.11.23-18.47.21:537][  4]LogSavePackage: Display: Finished SavePackage ../../../../../../Users/joono/OneDrive/문서/Unreal Projects/GameGem/GameGem/Content/PuzzleBP/Blueprints/스코어매니저.uasset
[2018.11.23-18.47.35:335][789]LogTemp: Repeating last play command: 새 에디터 창 (PIE)
[2018.11.23-18.47.35:364][789]LogBlueprintUserMessages: Early PlayInEditor Detection: Level '/Game/PuzzleBP/Maps/Login.Login:PersistentLevel' has LevelScriptBlueprint '/Game/PuzzleBP/Maps/Login.Login:PersistentLevel.Login' with GeneratedClass '/Game/PuzzleBP/Maps/Login.Login_C' with ClassGeneratedBy '/Game/PuzzleBP/Maps/Login.Login:PersistentLevel.Login'
[2018.11.23-18.47.35:364][789]LogPlayLevel: PlayLevel: No blueprints needed recompiling
[2018.11.23-18.47.35:365][789]PIE: New page: PIE 세션: Login (2018. 11. 24. 오후 12:47:35)
[2018.11.23-18.47.35:539][789]LogPlayLevel: Creating play world package: /Game/PuzzleBP/Maps/UEDPIE_0_Login
[2018.11.23-18.47.35:540][789]LogPlayLevel: PIE: StaticDuplicateObject took: (0.000742s)
[2018.11.23-18.47.35:540][789]LogAIModule: Creating AISystem for world Login
[2018.11.23-18.47.35:541][789]LogPlayLevel: PIE: World Init took: (0.000895s)
[2018.11.23-18.47.35:541][789]LogPlayLevel: PIE: Created PIE world by copying editor world from /Game/PuzzleBP/Maps/Login.Login to /Game/PuzzleBP/Maps/UEDPIE_0_Login.Login (0.001919s)
[2018.11.23-18.47.35:620][789]LogInit: XAudio2 using '스피커(USBZH5K-ENC)' : 2 channels at 48 kHz using 16 bits per sample (channel mask 0x3)
[2018.11.23-18.47.35:632][789]LogInit: FAudioDevice initialized.
[2018.11.23-18.47.35:689][789]LogLoad: Game class is 'PuzzleGameMode_C'
[2018.11.23-18.47.35:689][789]LogWorld: Bringing World /Game/PuzzleBP/Maps/UEDPIE_0_Login.Login up for play (max tick rate 0) at 2018.11.24-03.47.35
[2018.11.23-18.47.35:690][789]LogWorld: Bringing up level for play took: 0.000429
[2018.11.23-18.47.35:695][789]PIE: /Game/PuzzleBP/Maps/UEDPIE_0_Login 에 대한 에디터에서 플레이 시작 시간: -0.242
[2018.11.23-18.47.35:696][789]LogBlueprintUserMessages: Late PlayInEditor Detection: Level '/Game/PuzzleBP/Maps/Login.Login:PersistentLevel' has LevelScriptBlueprint '/Game/PuzzleBP/Maps/Login.Login:PersistentLevel.Login' with GeneratedClass '/Game/PuzzleBP/Maps/Login.Login_C' with ClassGeneratedBy '/Game/PuzzleBP/Maps/Login.Login:PersistentLevel.Login'
[2018.11.23-18.47.45:281][918]LogNet: Browse: /Game/PuzzleBP/Maps/MainMenu
[2018.11.23-18.47.45:281][918]LogLoad: LoadMap: /Game/PuzzleBP/Maps/MainMenu
[2018.11.23-18.47.45:375][918]LogAIModule: Creating AISystem for world MainMenu
[2018.11.23-18.47.45:375][918]LogLoad: Game class is 'PuzzleGameMode_C'
[2018.11.23-18.47.45:377][918]LogWorld: Bringing World /Game/PuzzleBP/Maps/UEDPIE_0_MainMenu.MainMenu up for play (max tick rate 0) at 2018.11.24-03.47.45
[2018.11.23-18.47.45:377][918]LogWorld: Bringing up level for play took: 0.000894
[2018.11.23-18.47.45:377][918]LogGameMode: FindPlayerStart: PATHS NOT DEFINED or NO PLAYERSTART with positive rating
[2018.11.23-18.47.45:383][918]LogScriptCore: Warning: Script Msg: Divide by zero detected: 0.000000 / 0
Script call stack:
	Function /Game/PuzzleBP/Maps/UEDPIE_0_MainMenu.MainMenu_C:ReceiveBeginPlay
	Function /Game/PuzzleBP/Maps/UEDPIE_0_MainMenu.MainMenu_C:ExecuteUbergraph_MainMenu
	Function /Game/PuzzleBP/Blueprints/스코어매니저.스코어매니저_C:CorrectRateEvent
	Function /Game/PuzzleBP/Blueprints/스코어매니저.스코어매니저_C:ExecuteUbergraph_스코어매니저

[2018.11.23-18.47.45:384][918]LogLoad: Took 0.102007 seconds to LoadMap(/Game/PuzzleBP/Maps/MainMenu)
[2018.11.23-18.47.51:042][594]LogNet: Browse: /Game/PuzzleBP/Maps/MainGame
[2018.11.23-18.47.51:042][594]LogLoad: LoadMap: /Game/PuzzleBP/Maps/MainGame
[2018.11.23-18.47.51:436][594]LogAIModule: Creating AISystem for world MainGame
[2018.11.23-18.47.51:436][594]LogLoad: Game class is 'PuzzleGameMode_C'
[2018.11.23-18.47.51:439][594]LogWorld: Bringing World /Game/PuzzleBP/Maps/UEDPIE_0_MainGame.MainGame up for play (max tick rate 0) at 2018.11.24-03.47.51
[2018.11.23-18.47.51:439][594]LogWorld: Bringing up level for play took: 0.001680
[2018.11.23-18.47.51:439][594]LogGameMode: FindPlayerStart: PATHS NOT DEFINED or NO PLAYERSTART with positive rating
[2018.11.23-18.47.51:441][594]LogLoad: Took 0.398830 seconds to LoadMap(/Game/PuzzleBP/Maps/MainGame)
[2018.11.23-18.47.55:555][ 86]LogSpawn: Warning: SpawnActor failed because of collision at the spawn location [X=0.000 Y=0.000 Z=0.000] for [Block_Brown_F_C]
[2018.11.23-18.48.00:073][623]LogSpawn: Warning: SpawnActor failed because of collision at the spawn location [X=0.000 Y=0.000 Z=0.000] for [Block_Brown_F_C]
[2018.11.23-18.48.00:073][623]LogSpawn: Warning: SpawnActor failed because of collision at the spawn location [X=200.000 Y=600.000 Z=0.000] for [Block_Brown_F_C]
[2018.11.23-18.48.00:074][623]LogSpawn: Warning: SpawnActor failed because of collision at the spawn location [X=0.000 Y=0.000 Z=0.000] for [Block_Silver_C]
[2018.11.23-18.48.14:104][303]LogSpawn: Warning: SpawnActor failed because of collision at the spawn location [X=0.000 Y=0.000 Z=0.000] for [Block_RainBow_C]
[2018.11.23-18.48.14:304][327]LogSpawn: Warning: SpawnActor failed because of collision at the spawn location [X=0.000 Y=0.000 Z=0.000] for [Block_RainBow_C]
[2018.11.23-18.48.15:506][471]LogSpawn: Warning: SpawnActor failed because of collision at the spawn location [X=0.000 Y=0.000 Z=0.000] for [Block_RainBow_C]
[2018.11.23-18.48.15:911][519]LogSpawn: Warning: SpawnActor failed because of collision at the spawn location [X=600.000 Y=600.000 Z=0.000] for [Block_RainBow_C]
[2018.11.23-18.48.16:312][567]LogSpawn: Warning: SpawnActor failed because of collision at the spawn location [X=0.000 Y=300.000 Z=0.000] for [Block_RainBow_C]
[2018.11.23-18.48.17:314][687]LogSpawn: Warning: SpawnActor failed because of collision at the spawn location [X=0.000 Y=900.000 Z=0.000] for [Block_RainBow_C]
[2018.11.23-18.48.17:918][759]LogSpawn: Warning: SpawnActor failed because of collision at the spawn location [X=400.000 Y=-300.000 Z=0.000] for [Block_RainBow_C]
[2018.11.23-18.48.18:121][783]LogSpawn: Warning: SpawnActor failed because of collision at the spawn location [X=0.000 Y=0.000 Z=0.000] for [Block_RainBow_C]
[2018.11.23-18.48.18:522][831]LogSpawn: Warning: SpawnActor failed because of collision at the spawn location [X=400.000 Y=-300.000 Z=0.000] for [Block_RainBow_C]
[2018.11.23-18.48.24:634][563]LogSpawn: Warning: SpawnActor failed because of collision at the spawn location [X=200.000 Y=600.000 Z=0.000] for [Block_Silver_C]
[2018.11.23-18.48.32:179][467]LogNet: Browse: /Game/PuzzleBP/Maps/MainMenu
[2018.11.23-18.48.32:179][467]LogLoad: LoadMap: /Game/PuzzleBP/Maps/MainMenu
[2018.11.23-18.48.32:440][467]LogAIModule: Creating AISystem for world MainMenu
[2018.11.23-18.48.32:440][467]LogLoad: Game class is 'PuzzleGameMode_C'
[2018.11.23-18.48.32:441][467]LogWorld: Bringing World /Game/PuzzleBP/Maps/UEDPIE_0_MainMenu.MainMenu up for play (max tick rate 0) at 2018.11.24-03.48.32
[2018.11.23-18.48.32:441][467]LogWorld: Bringing up level for play took: 0.000780
[2018.11.23-18.48.32:442][467]LogGameMode: FindPlayerStart: PATHS NOT DEFINED or NO PLAYERSTART with positive rating
[2018.11.23-18.48.32:447][467]LogScriptCore: Warning: Script Msg: Attempted to access index 6 from array '로컬오답외래어배열' of length 6 in '/Game/PuzzleBP/Blueprints/UI/학습장.학습장_C:외래어틀린횟수검사'!
[2018.11.23-18.48.32:448][467]LogScriptCore: Warning: Script Msg: Attempted to access index 6 from array '로컬오답외래어배열' of length 6 in '/Game/PuzzleBP/Blueprints/UI/학습장.학습장_C:외래어틀린횟수검사'!
[2018.11.23-18.48.32:448][467]LogScriptCore: Warning: Script Msg: Attempted to access index 6 from array '로컬오답외래어배열' of length 6 in '/Game/PuzzleBP/Blueprints/UI/학습장.학습장_C:외래어틀린횟수검사'!
[2018.11.23-18.48.32:449][467]LogScriptCore: Warning: Script Msg: Attempted to access index 7 from array '로컬오답외래어배열' of length 7 in '/Game/PuzzleBP/Blueprints/UI/학습장.학습장_C:외래어틀린횟수검사'!
[2018.11.23-18.48.32:449][467]LogScriptCore: Warning: Script Msg: Attempted to access index 6 from array '로컬오답외래어배열' of length 6 in '/Game/PuzzleBP/Blueprints/UI/학습장.학습장_C:외래어틀린횟수검사'!
[2018.11.23-18.48.32:450][467]LogLoad: Took 0.270176 seconds to LoadMap(/Game/PuzzleBP/Maps/MainMenu)
[2018.11.23-18.48.39:150][268]LogNet: Browse: /Game/PuzzleBP/Maps/MainGame
[2018.11.23-18.48.39:150][268]LogLoad: LoadMap: /Game/PuzzleBP/Maps/MainGame
[2018.11.23-18.48.39:541][268]LogAIModule: Creating AISystem for world MainGame
[2018.11.23-18.48.39:541][268]LogLoad: Game class is 'PuzzleGameMode_C'
[2018.11.23-18.48.39:544][268]LogWorld: Bringing World /Game/PuzzleBP/Maps/UEDPIE_0_MainGame.MainGame up for play (max tick rate 0) at 2018.11.24-03.48.39
[2018.11.23-18.48.39:544][268]LogWorld: Bringing up level for play took: 0.001845
[2018.11.23-18.48.39:544][268]LogGameMode: FindPlayerStart: PATHS NOT DEFINED or NO PLAYERSTART with positive rating
[2018.11.23-18.48.39:547][268]LogLoad: Took 0.396271 seconds to LoadMap(/Game/PuzzleBP/Maps/MainGame)
[2018.11.23-18.48.46:662][120]LogSpawn: Warning: SpawnActor failed because of collision at the spawn location [X=0.000 Y=0.000 Z=0.000] for [Block_Brown_C]
[2018.11.23-18.48.48:163][300]LogSpawn: Warning: SpawnActor failed because of collision at the spawn location [X=0.000 Y=0.000 Z=0.000] for [Block_Silver_C]
[2018.11.23-18.48.48:163][300]LogSpawn: Warning: SpawnActor failed because of collision at the spawn location [X=600.000 Y=-300.000 Z=0.000] for [Block_Brown_F_C]
[2018.11.23-18.48.48:163][300]LogSpawn: Warning: SpawnActor failed because of collision at the spawn location [X=400.000 Y=-300.000 Z=0.000] for [Block_Brown_C]
[2018.11.23-18.49.01:979][953]LogNet: Browse: /Game/PuzzleBP/Maps/MainMenu
[2018.11.23-18.49.01:979][953]LogLoad: LoadMap: /Game/PuzzleBP/Maps/MainMenu
[2018.11.23-18.49.02:232][953]LogAIModule: Creating AISystem for world MainMenu
[2018.11.23-18.49.02:232][953]LogLoad: Game class is 'PuzzleGameMode_C'
[2018.11.23-18.49.02:234][953]LogWorld: Bringing World /Game/PuzzleBP/Maps/UEDPIE_0_MainMenu.MainMenu up for play (max tick rate 0) at 2018.11.24-03.49.02
[2018.11.23-18.49.02:234][953]LogWorld: Bringing up level for play took: 0.000881
[2018.11.23-18.49.02:234][953]LogGameMode: FindPlayerStart: PATHS NOT DEFINED or NO PLAYERSTART with positive rating
[2018.11.23-18.49.02:241][953]LogScriptCore: Warning: Script Msg: Attempted to access index 11 from array '로컬오답외래어배열' of length 11 in '/Game/PuzzleBP/Blueprints/UI/학습장.학습장_C:외래어틀린횟수검사'!
[2018.11.23-18.49.02:241][953]LogScriptCore: Warning: Script Msg: Attempted to access index 11 from array '로컬오답외래어배열' of length 11 in '/Game/PuzzleBP/Blueprints/UI/학습장.학습장_C:외래어틀린횟수검사'!
[2018.11.23-18.49.02:242][953]LogScriptCore: Warning: Script Msg: Attempted to access index 10 from array '로컬오답외래어배열' of length 10 in '/Game/PuzzleBP/Blueprints/UI/학습장.학습장_C:외래어틀린횟수검사'!
[2018.11.23-18.49.02:243][953]LogScriptCore: Warning: Script Msg: Attempted to access index 13 from array '로컬오답외래어배열' of length 13 in '/Game/PuzzleBP/Blueprints/UI/학습장.학습장_C:외래어틀린횟수검사'!
[2018.11.23-18.49.02:243][953]LogScriptCore: Warning: Script Msg: Attempted to access index 13 from array '로컬오답외래어배열' of length 13 in '/Game/PuzzleBP/Blueprints/UI/학습장.학습장_C:외래어틀린횟수검사'!
[2018.11.23-18.49.02:244][953]LogScriptCore: Warning: Script Msg: Attempted to access index 10 from array '로컬오답외래어배열' of length 10 in '/Game/PuzzleBP/Blueprints/UI/학습장.학습장_C:외래어틀린횟수검사'!
[2018.11.23-18.49.02:244][953]LogScriptCore: Warning: Script Msg: Attempted to access index 10 from array '로컬오답외래어배열' of length 10 in '/Game/PuzzleBP/Blueprints/UI/학습장.학습장_C:외래어틀린횟수검사'!
[2018.11.23-18.49.02:244][953]LogScriptCore: Warning: Script Msg: Attempted to access index 11 from array '로컬오답외래어배열' of length 11 in '/Game/PuzzleBP/Blueprints/UI/학습장.학습장_C:외래어틀린횟수검사'!
[2018.11.23-18.49.02:244][953]LogScriptCore: Warning: Script Msg: Attempted to access index 10 from array '로컬오답외래어배열' of length 10 in '/Game/PuzzleBP/Blueprints/UI/학습장.학습장_C:외래어틀린횟수검사'!
[2018.11.23-18.49.02:244][953]LogScriptCore: Warning: Script Msg: Attempted to access index 10 from array '로컬오답외래어배열' of length 10 in '/Game/PuzzleBP/Blueprints/UI/학습장.학습장_C:외래어틀린횟수검사'!
[2018.11.23-18.49.02:245][953]LogLoad: Took 0.265581 seconds to LoadMap(/Game/PuzzleBP/Maps/MainMenu)
[2018.11.23-18.49.10:559][710]LogBlueprintUserMessages: Early EndPlayMap Detection: Level '/Game/PuzzleBP/Maps/Login.Login:PersistentLevel' has LevelScriptBlueprint '/Game/PuzzleBP/Maps/Login.Login:PersistentLevel.Login' with GeneratedClass '/Game/PuzzleBP/Maps/Login.Login_C' with ClassGeneratedBy '/Game/PuzzleBP/Maps/Login.Login:PersistentLevel.Login'
[2018.11.23-18.49.10:593][710]LogBlueprintUserMessages: Late EndPlayMap Detection: Level '/Game/PuzzleBP/Maps/Login.Login:PersistentLevel' has LevelScriptBlueprint '/Game/PuzzleBP/Maps/Login.Login:PersistentLevel.Login' with GeneratedClass '/Game/PuzzleBP/Maps/Login.Login_C' with ClassGeneratedBy '/Game/PuzzleBP/Maps/Login.Login:PersistentLevel.Login'
[2018.11.23-18.50.56:115][911]BlueprintLog: New page: 스코어매니저 컴파일
[2018.11.23-18.50.56:551][931]Cmd: OBJ SAVEPACKAGE PACKAGE="/Game/PuzzleBP/Blueprints/스코어매니저" FILE="../../../../../../Users/joono/OneDrive/문서/Unreal Projects/GameGem/GameGem/Content/PuzzleBP/Blueprints/스코어매니저.uasset" SILENT=true
[2018.11.23-18.50.56:816][931]LogSavePackage: Save=250.92ms
[2018.11.23-18.50.56:816][931]LogSavePackage: Moving '../../../../../../Users/joono/OneDrive/문서/Unreal Projects/GameGem/GameGem/Saved/스코어매니저70EC9E8C43290AFC572695BA139A46B6.tmp' to '../../../../../../Users/joono/OneDrive/문서/Unreal Projects/GameGem/GameGem/Content/PuzzleBP/Blueprints/스코어매니저.uasset'
[2018.11.23-18.50.56:819][931]LogSavePackage: Display: Finished SavePackage ../../../../../../Users/joono/OneDrive/문서/Unreal Projects/GameGem/GameGem/Content/PuzzleBP/Blueprints/스코어매니저.uasset
[2018.11.23-18.50.58:452][ 90]LogActorComponent: UnregisterComponent: (/Engine/Transient.EditorFloorComp) Not registered. Aborting.
[2018.11.23-18.50.58:505][ 90]LogWindowsTextInputMethodSystem: Display: IME system now activated using TSF (Microsoft 입력기).
[2018.11.23-18.50.58:690][ 91]Cmd: QUIT_EDITOR
[2018.11.23-18.50.59:624][ 91]LogExit: Preparing to exit.
[2018.11.23-18.50.59:946][ 91]LogDirectoryWatcher: A directory notification for 'C:/Users/joono/OneDrive/문서/Unreal Projects/GameGem/GameGem/Content/' was aborted.
[2018.11.23-18.50.59:969][ 91]LogExit: Editor shut down
[2018.11.23-18.50.59:972][ 91]LogExit: Transaction tracking system shut down
[2018.11.23-18.51.00:066][ 91]LogDirectoryWatcher: A directory notification for '../../../Engine/Content/' was aborted.
[2018.11.23-18.51.00:067][ 91]LogDirectoryWatcher: A directory notification for '../../../../../../Users/joono/OneDrive/문서/Unreal Projects/GameGem/GameGem/Content/' was aborted.
[2018.11.23-18.51.00:067][ 91]LogDirectoryWatcher: A directory notification for '../../../Engine/Plugins/2D/Paper2D/Content/' was aborted.
[2018.11.23-18.51.00:067][ 91]LogDirectoryWatcher: A directory notification for '../../../Engine/Plugins/Media/MediaCompositing/Content/' was aborted.
[2018.11.23-18.51.00:067][ 91]LogDirectoryWatcher: A directory notification for '../../../Engine/Plugins/Runtime/AppleARKit/Content/' was aborted.
[2018.11.23-18.51.00:067][ 91]LogDirectoryWatcher: A directory notification for '../../../Engine/Plugins/Runtime/Oculus/OculusVR/Content/' was aborted.
[2018.11.23-18.51.00:067][ 91]LogDirectoryWatcher: A directory notification for '../../../Engine/Plugins/Runtime/Steam/SteamVR/Content/' was aborted.
[2018.11.23-18.51.00:140][ 91]LogExit: Object subsystem successfully closed.
[2018.11.23-18.51.00:154][ 91]LogD3D11RHI: Shutdown
[2018.11.23-18.51.00:154][ 91]LogD3D11RHI: CleanupD3DDevice
[2018.11.23-18.51.00:155][ 91]LogD3D11RHI: ~FD3D11DynamicRHI
[2018.11.23-18.51.00:176][ 91]LogModuleManager: Shutting down and abandoning module MovieSceneCapture (554)
[2018.11.23-18.51.00:176][ 91]LogModuleManager: Shutting down and abandoning module SequencerWidgets (552)
[2018.11.23-18.51.00:176][ 91]LogModuleManager: Shutting down and abandoning module BlueprintGraph (550)
[2018.11.23-18.51.00:176][ 91]LogModuleManager: Shutting down and abandoning module HierarchicalLODOutliner (548)
[2018.11.23-18.51.00:176][ 91]LogModuleManager: Shutting down and abandoning module SceneOutliner (546)
[2018.11.23-18.51.00:176][ 91]LogModuleManager: Shutting down and abandoning module AddContentDialog (544)
[2018.11.23-18.51.00:176][ 91]LogDirectoryWatcher: A directory notification for 'C:/Program Files/Epic Games/UE_4.18/FeaturePacks/' was aborted.
[2018.11.23-18.51.00:181][ 91]LogModuleManager: Shutting down and abandoning module WidgetCarousel (543)
[2018.11.23-18.51.00:181][ 91]LogModuleManager: Shutting down and abandoning module EditorWidgets (540)
[2018.11.23-18.51.00:181][ 91]LogModuleManager: Shutting down and abandoning module CollectionManager (538)
[2018.11.23-18.51.00:181][ 91]LogDirectoryWatcher: A directory notification for 'C:/Users/joono/OneDrive/문서/Unreal Projects/GameGem/GameGem/Content/Collections/' was aborted.
[2018.11.23-18.51.00:182][ 91]LogDirectoryWatcher: A directory notification for 'C:/Users/joono/OneDrive/문서/Unreal Projects/GameGem/GameGem/Content/Developers/joono/Collections/' was aborted.
[2018.11.23-18.51.00:182][ 91]LogDirectoryWatcher: A directory notification for 'C:/Users/joono/OneDrive/문서/Unreal Projects/GameGem/GameGem/Saved/Collections/' was aborted.
[2018.11.23-18.51.00:182][ 91]LogModuleManager: Shutting down and abandoning module StatsViewer (536)
[2018.11.23-18.51.00:182][ 91]LogModuleManager: Shutting down and abandoning module FoliageEdit (534)
[2018.11.23-18.51.00:182][ 91]LogModuleManager: Shutting down and abandoning module LandscapeEditor (532)
[2018.11.23-18.51.00:182][ 91]LogModuleManager: Shutting down and abandoning module MeshPaintMode (530)
[2018.11.23-18.51.00:182][ 91]LogModuleManager: Shutting down and abandoning module SceneDepthPickerMode (528)
[2018.11.23-18.51.00:182][ 91]LogModuleManager: Shutting down and abandoning module ActorPickerMode (526)
[2018.11.23-18.51.00:182][ 91]LogModuleManager: Shutting down and abandoning module GeometryMode (524)
[2018.11.23-18.51.00:182][ 91]LogModuleManager: Shutting down and abandoning module TextureAlignMode (522)
[2018.11.23-18.51.00:182][ 91]LogModuleManager: Shutting down and abandoning module BspMode (520)
[2018.11.23-18.51.00:182][ 91]LogModuleManager: Shutting down and abandoning module PIEPreviewDeviceProfileSelector (518)
[2018.11.23-18.51.00:182][ 91]LogModuleManager: Shutting down and abandoning module HardwareSurvey (516)
[2018.11.23-18.51.00:182][ 91]LogModuleManager: Shutting down and abandoning module SequenceRecorderSections (514)
[2018.11.23-18.51.00:182][ 91]LogModuleManager: Shutting down and abandoning module AutomationWorker (512)
[2018.11.23-18.51.00:182][ 91]LogModuleManager: Shutting down and abandoning module MatineeToLevelSequence (510)
[2018.11.23-18.51.00:182][ 91]LogModuleManager: Shutting down and abandoning module LevelSequenceEditor (508)
[2018.11.23-18.51.00:182][ 91]LogModuleManager: Shutting down and abandoning module PlacementMode (507)
[2018.11.23-18.51.00:182][ 91]LogModuleManager: Shutting down and abandoning module WmfMediaFactory (504)
[2018.11.23-18.51.00:182][ 91]LogModuleManager: Shutting down and abandoning module WmfMediaEditor (502)
[2018.11.23-18.51.00:182][ 91]LogModuleManager: Shutting down and abandoning module OpenExrWrapper (500)
[2018.11.23-18.51.00:182][ 91]LogModuleManager: Shutting down and abandoning module ImgMediaFactory (498)
[2018.11.23-18.51.00:182][ 91]LogModuleManager: Shutting down and abandoning module ImgMediaEditor (496)
[2018.11.23-18.51.00:182][ 91]LogModuleManager: Shutting down and abandoning module AvfMediaFactory (494)
[2018.11.23-18.51.00:182][ 91]LogModuleManager: Shutting down and abandoning module AvfMediaEditor (492)
[2018.11.23-18.51.00:182][ 91]LogModuleManager: Shutting down and abandoning module AndroidMediaFactory (490)
[2018.11.23-18.51.00:182][ 91]LogModuleManager: Shutting down and abandoning module AndroidMediaEditor (488)
[2018.11.23-18.51.00:182][ 91]LogModuleManager: Shutting down and abandoning module CharacterAI (486)
[2018.11.23-18.51.00:182][ 91]LogModuleManager: Shutting down and abandoning module AudioCapture (484)
[2018.11.23-18.51.00:182][ 91]LogModuleManager: Shutting down and abandoning module SequenceRecorder (483)
[2018.11.23-18.51.00:182][ 91]LogModuleManager: Shutting down and abandoning module SmartSnapping (480)
[2018.11.23-18.51.00:182][ 91]LogModuleManager: Shutting down and abandoning module SessionServices (478)
[2018.11.23-18.51.00:182][ 91]LogModuleManager: Shutting down and abandoning module ViewportSnapping (476)
[2018.11.23-18.51.00:182][ 91]LogModuleManager: Shutting down and abandoning module ViewportInteraction (474)
[2018.11.23-18.51.00:182][ 91]LogModuleManager: Shutting down and abandoning module ClothPainter (472)
[2018.11.23-18.51.00:182][ 91]LogModuleManager: Shutting down and abandoning module SkeletalMeshEditor (471)
[2018.11.23-18.51.00:182][ 91]LogModuleManager: Shutting down and abandoning module LogVisualizer (468)
[2018.11.23-18.51.00:183][ 91]LogModuleManager: Shutting down and abandoning module IntroTutorials (466)
[2018.11.23-18.51.00:183][ 91]LogModuleManager: Shutting down and abandoning module GameProjectGeneration (465)
[2018.11.23-18.51.00:183][ 91]LogModuleManager: Shutting down and abandoning module IOSPlatformEditor (462)
[2018.11.23-18.51.00:183][ 91]LogModuleManager: Shutting down and abandoning module HTML5PlatformEditor (460)
[2018.11.23-18.51.00:183][ 91]LogModuleManager: Shutting down and abandoning module AndroidPlatformEditor (458)
[2018.11.23-18.51.00:183][ 91]LogModuleManager: Shutting down and abandoning module AndroidDeviceDetection (457)
[2018.11.23-18.51.00:864][ 91]LogModuleManager: Shutting down and abandoning module WindowsPlatformEditor (454)
[2018.11.23-18.51.00:864][ 91]LogModuleManager: Shutting down and abandoning module IOSRuntimeSettings (452)
[2018.11.23-18.51.00:864][ 91]LogModuleManager: Shutting down and abandoning module AndroidRuntimeSettings (450)
[2018.11.23-18.51.00:864][ 91]LogModuleManager: Shutting down and abandoning module InputBindingEditor (448)
[2018.11.23-18.51.00:864][ 91]LogModuleManager: Shutting down and abandoning module MergeActors (446)
[2018.11.23-18.51.00:864][ 91]LogModuleManager: Shutting down and abandoning module SizeMap (444)
[2018.11.23-18.51.00:864][ 91]LogModuleManager: Shutting down and abandoning module TreeMap (442)
[2018.11.23-18.51.00:864][ 91]LogModuleManager: Shutting down and abandoning module ReferenceViewer (440)
[2018.11.23-18.51.00:864][ 91]LogModuleManager: Shutting down and abandoning module LocalizationDashboard (438)
[2018.11.23-18.51.00:864][ 91]LogModuleManager: Shutting down and abandoning module LocalizationService (437)
[2018.11.23-18.51.00:864][ 91]LogModuleManager: Shutting down and abandoning module HardwareTargeting (434)
[2018.11.23-18.51.00:864][ 91]LogModuleManager: Shutting down and abandoning module DeviceProfileEditor (432)
[2018.11.23-18.51.00:864][ 91]LogModuleManager: Shutting down and abandoning module UndoHistory (430)
[2018.11.23-18.51.00:864][ 91]LogModuleManager: Shutting down and abandoning module XmlParser (428)
[2018.11.23-18.51.00:864][ 91]LogModuleManager: Shutting down and abandoning module Blutility (426)
[2018.11.23-18.51.00:864][ 91]LogModuleManager: Shutting down and abandoning module ProjectSettingsViewer (424)
[2018.11.23-18.51.00:864][ 91]LogModuleManager: Shutting down and abandoning module ProjectTargetPlatformEditor (423)
[2018.11.23-18.51.00:864][ 91]LogModuleManager: Shutting down and abandoning module EditorSettingsViewer (420)
[2018.11.23-18.51.00:865][ 91]LogModuleManager: Shutting down and abandoning module SettingsEditor (418)
[2018.11.23-18.51.00:865][ 91]LogModuleManager: Shutting down and abandoning module ProjectLauncher (416)
[2018.11.23-18.51.00:865][ 91]LogModuleManager: Shutting down and abandoning module SessionFrontend (414)
[2018.11.23-18.51.00:865][ 91]LogModuleManager: Shutting down and abandoning module ProfilerClient (412)
[2018.11.23-18.51.00:865][ 91]LogModuleManager: Shutting down and abandoning module DeviceManager (410)
[2018.11.23-18.51.00:865][ 91]LogModuleManager: Shutting down and abandoning module TargetDeviceServices (409)
[2018.11.23-18.51.00:920][ 91]LogModuleManager: Shutting down and abandoning module AutomationController (406)
[2018.11.23-18.51.00:920][ 91]LogModuleManager: Shutting down and abandoning module AutomationWindow (404)
[2018.11.23-18.51.00:920][ 91]LogModuleManager: Shutting down and abandoning module Layers (402)
[2018.11.23-18.51.00:920][ 91]LogModuleManager: Shutting down and abandoning module ComponentVisualizers (400)
[2018.11.23-18.51.00:920][ 91]LogModuleManager: Shutting down and abandoning module DetailCustomizations (398)
[2018.11.23-18.51.00:920][ 91]LogModuleManager: Shutting down and abandoning module PackagesDialog (396)
[2018.11.23-18.51.00:920][ 91]LogModuleManager: Shutting down and abandoning module Persona (394)
[2018.11.23-18.51.00:920][ 91]LogModuleManager: Shutting down and abandoning module AdvancedPreviewScene (393)
[2018.11.23-18.51.00:920][ 91]LogModuleManager: Shutting down and abandoning module AnimGraph (391)
[2018.11.23-18.51.00:920][ 91]LogModuleManager: Shutting down and abandoning module Kismet (388)
[2018.11.23-18.51.00:926][ 91]LogModuleManager: Shutting down and abandoning module ClassViewer (386)
[2018.11.23-18.51.00:926][ 91]LogModuleManager: Shutting down and abandoning module Toolbox (384)
[2018.11.23-18.51.00:926][ 91]LogModuleManager: Shutting down and abandoning module ModuleUI (382)
[2018.11.23-18.51.00:926][ 91]LogModuleManager: Shutting down and abandoning module MovieSceneTools (380)
[2018.11.23-18.51.00:927][ 91]LogModuleManager: Shutting down and abandoning module OutputLog (378)
[2018.11.23-18.51.00:927][ 91]LogModuleManager: Shutting down and abandoning module GammaUI (376)
[2018.11.23-18.51.00:927][ 91]LogModuleManager: Shutting down and abandoning module Documentation (374)
[2018.11.23-18.51.00:927][ 91]LogModuleManager: Shutting down and abandoning module MovieSceneTracks (372)
[2018.11.23-18.51.00:927][ 91]LogModuleManager: Shutting down and abandoning module MovieScene (370)
[2018.11.23-18.51.00:927][ 91]LogModuleManager: Shutting down and abandoning module StreamingPauseRendering (368)
[2018.11.23-18.51.00:927][ 91]LogModuleManager: Shutting down and abandoning module LauncherPlatform (366)
[2018.11.23-18.51.00:927][ 91]LogModuleManager: Shutting down and abandoning module AnalyticsET (364)
[2018.11.23-18.51.00:927][ 91]LogModuleManager: Shutting down and abandoning module PortalServices (362)
[2018.11.23-18.51.00:927][ 91]LogModuleManager: Shutting down and abandoning module PortalRpc (360)
[2018.11.23-18.51.00:927][ 91]LogModuleManager: Shutting down and abandoning module MessagingRpc (358)
[2018.11.23-18.51.00:927][ 91]LogModuleManager: Shutting down and abandoning module AIModule (356)
[2018.11.23-18.51.00:927][ 91]LogModuleManager: Shutting down and abandoning module GameplayDebugger (355)
[2018.11.23-18.51.00:927][ 91]LogModuleManager: Shutting down and abandoning module AITestSuite (353)
[2018.11.23-18.51.00:927][ 91]LogModuleManager: Shutting down and abandoning module DesktopPlatform (350)
[2018.11.23-18.51.00:927][ 91]LogModuleManager: Shutting down and abandoning module ProfilerService (348)
[2018.11.23-18.51.01:056][ 91]LogModuleManager: Shutting down and abandoning module TaskGraph (346)
[2018.11.23-18.51.01:056][ 91]LogModuleManager: Shutting down and abandoning module SteamVRController (344)
[2018.11.23-18.51.01:056][ 91]LogModuleManager: Shutting down and abandoning module ProceduralMeshComponentEditor (342)
[2018.11.23-18.51.01:056][ 91]LogModuleManager: Shutting down and abandoning module ProceduralMeshComponent (340)
[2018.11.23-18.51.01:056][ 91]LogModuleManager: Shutting down and abandoning module OculusInput (338)
[2018.11.23-18.51.01:056][ 91]LogModuleManager: Shutting down and abandoning module MobilePatchingUtils (336)
[2018.11.23-18.51.01:056][ 91]LogModuleManager: Shutting down and abandoning module CustomMeshComponent (334)
[2018.11.23-18.51.01:056][ 91]LogModuleManager: Shutting down and abandoning module CableComponent (332)
[2018.11.23-18.51.01:056][ 91]LogModuleManager: Shutting down and abandoning module ArchVisCharacter (330)
[2018.11.23-18.51.01:056][ 91]LogModuleManager: Shutting down and abandoning module AndroidPermission (328)
[2018.11.23-18.51.01:056][ 91]LogModuleManager: Shutting down and abandoning module ActorSequence (324)
[2018.11.23-18.51.01:056][ 91]LogModuleManager: Shutting down and abandoning module MediaPlayerEditor (322)
[2018.11.23-18.51.01:056][ 91]LogModuleManager: Shutting down and abandoning module MediaCompositingEditor (320)
[2018.11.23-18.51.01:056][ 91]LogModuleManager: Shutting down and abandoning module MediaCompositing (318)
[2018.11.23-18.51.01:056][ 91]LogModuleManager: Shutting down and abandoning module HTML5Networking (316)
[2018.11.23-18.51.01:056][ 91]LogModuleManager: Shutting down and abandoning module AlembicImporter (314)
[2018.11.23-18.51.01:056][ 91]LogModuleManager: Shutting down and abandoning module AlembicLibrary (313)
[2018.11.23-18.51.01:056][ 91]LogModuleManager: Shutting down and abandoning module GeometryCache (312)
[2018.11.23-18.51.01:056][ 91]LogModuleManager: Shutting down and abandoning module GeometryCacheEd (311)
[2018.11.23-18.51.01:056][ 91]LogModuleManager: Shutting down and abandoning module SpeedTreeImporter (306)
[2018.11.23-18.51.01:056][ 91]LogModuleManager: Shutting down and abandoning module PluginBrowser (304)
[2018.11.23-18.51.01:057][ 91]LogModuleManager: Shutting down and abandoning module MobileLauncherProfileWizard (302)
[2018.11.23-18.51.01:057][ 91]LogModuleManager: Shutting down and abandoning module VisualStudioSourceCodeAccess (300)
[2018.11.23-18.51.01:057][ 91]LogModuleManager: Shutting down and abandoning module VisualStudioCodeSourceCodeAccess (298)
[2018.11.23-18.51.01:057][ 91]LogModuleManager: Shutting down and abandoning module UObjectPlugin (296)
[2018.11.23-18.51.01:057][ 91]LogModuleManager: Shutting down and abandoning module SubversionSourceControl (294)
[2018.11.23-18.51.01:057][ 91]LogModuleManager: Shutting down and abandoning module PerforceSourceControl (292)
[2018.11.23-18.51.01:057][ 91]LogModuleManager: Shutting down and abandoning module GitSourceControl (290)
[2018.11.23-18.51.01:057][ 91]LogModuleManager: Shutting down and abandoning module SourceControl (289)
[2018.11.23-18.51.01:057][ 91]LogModuleManager: Shutting down and abandoning module LightPropagationVolumeEditor (286)
[2018.11.23-18.51.01:057][ 91]LogModuleManager: Shutting down and abandoning module PaperTiledImporter (284)
[2018.11.23-18.51.01:057][ 91]LogModuleManager: Shutting down and abandoning module PaperSpriteSheetImporter (282)
[2018.11.23-18.51.01:057][ 91]LogModuleManager: Shutting down and abandoning module Paper2DEditor (280)
[2018.11.23-18.51.01:057][ 91]LogModuleManager: Shutting down and abandoning module MeshPaint (279)
[2018.11.23-18.51.01:057][ 91]LogModuleManager: Shutting down and abandoning module LevelEditor (277)
[2018.11.23-18.51.01:058][ 91]LogModuleManager: Shutting down and abandoning module PixelInspectorModule (276)
[2018.11.23-18.51.01:058][ 91]LogModuleManager: Shutting down and abandoning module MainFrame (274)
[2018.11.23-18.51.01:058][ 91]LogModuleManager: Shutting down and abandoning module HotReload (273)
[2018.11.23-18.51.01:058][ 91]LogModuleManager: Shutting down and abandoning module RuntimePhysXCooking (268)
[2018.11.23-18.51.01:058][ 91]LogModuleManager: Shutting down and abandoning module PhysXVehiclesEditor (266)
[2018.11.23-18.51.01:058][ 91]LogModuleManager: Shutting down and abandoning module PhysXVehicles (264)
[2018.11.23-18.51.01:058][ 91]LogModuleManager: Shutting down and abandoning module OculusEditor (262)
[2018.11.23-18.51.01:058][ 91]LogModuleManager: Shutting down and abandoning module LocationServicesBPLibrary (260)
[2018.11.23-18.51.01:058][ 91]LogModuleManager: Shutting down and abandoning module ImmediatePhysicsEditor (258)
[2018.11.23-18.51.01:058][ 91]LogModuleManager: Shutting down and abandoning module ImmediatePhysics (256)
[2018.11.23-18.51.01:058][ 91]LogModuleManager: Shutting down and abandoning module UdpMessaging (254)
[2018.11.23-18.51.01:159][ 91]LogModuleManager: Shutting down and abandoning module TcpMessaging (252)
[2018.11.23-18.51.01:260][ 91]LogModuleManager: Shutting down and abandoning module GameplayTagsEditor (250)
[2018.11.23-18.51.01:260][ 91]LogModuleManager: Shutting down and abandoning module FacialAnimationEditor (248)
[2018.11.23-18.51.01:260][ 91]LogModuleManager: Shutting down and abandoning module FacialAnimation (246)
[2018.11.23-18.51.01:260][ 91]LogModuleManager: Shutting down and abandoning module AssetManagerEditor (244)
[2018.11.23-18.51.01:260][ 91]LogModuleManager: Shutting down and abandoning module GraphEditor (243)
[2018.11.23-18.51.01:262][ 91]LogModuleManager: Shutting down and abandoning module ContentBrowser (241)
[2018.11.23-18.51.01:268][ 91]LogModuleManager: Shutting down and abandoning module LightPropagationVolumeRuntime (238)
[2018.11.23-18.51.01:268][ 91]LogModuleManager: Shutting down and abandoning module Paper2D (236)
[2018.11.23-18.51.01:269][ 91]LogModuleManager: Shutting down and abandoning module WindowsMoviePlayer (234)
[2018.11.23-18.51.01:269][ 91]LogModuleManager: Shutting down and abandoning module WmfMedia (232)
[2018.11.23-18.51.01:274][ 91]LogModuleManager: Shutting down and abandoning module ImgMedia (230)
[2018.11.23-18.51.01:274][ 91]LogModuleManager: Shutting down and abandoning module PacketHandler (228)
[2018.11.23-18.51.01:274][ 91]LogModuleManager: Shutting down and abandoning module ClothingSystemEditor (226)
[2018.11.23-18.51.01:274][ 91]LogModuleManager: Shutting down and abandoning module ClothingSystemRuntime (224)
[2018.11.23-18.51.01:274][ 91]LogModuleManager: Shutting down and abandoning module MediaAssets (222)
[2018.11.23-18.51.01:274][ 91]LogModuleManager: Shutting down and abandoning module Media (221)
[2018.11.23-18.51.01:280][ 91]LogModuleManager: Shutting down and abandoning module Overlay (218)
[2018.11.23-18.51.01:280][ 91]LogModuleManager: Shutting down and abandoning module OverlayEditor (217)
[2018.11.23-18.51.01:281][ 91]LogModuleManager: Shutting down and abandoning module VREditor (214)
[2018.11.23-18.51.01:281][ 91]LogModuleManager: Shutting down and abandoning module StringTableEditor (212)
[2018.11.23-18.51.01:281][ 91]LogModuleManager: Shutting down and abandoning module GameplayTasksEditor (210)
[2018.11.23-18.51.01:281][ 91]LogModuleManager: Shutting down and abandoning module BehaviorTreeEditor (208)
[2018.11.23-18.51.01:281][ 91]LogModuleManager: Shutting down and abandoning module FunctionalTesting (206)
[2018.11.23-18.51.01:281][ 91]LogModuleManager: Shutting down and abandoning module CollisionAnalyzer (204)
[2018.11.23-18.51.01:281][ 91]LogModuleManager: Shutting down and abandoning module WorkspaceMenuStructure (203)
[2018.11.23-18.51.01:281][ 91]LogModuleManager: Shutting down and abandoning module UMG (200)
[2018.11.23-18.51.01:281][ 91]LogModuleManager: Shutting down and abandoning module UMGEditor (199)
[2018.11.23-18.51.01:281][ 91]LogModuleManager: Shutting down and abandoning module Sequencer (198)
[2018.11.23-18.51.01:281][ 91]LogModuleManager: Shutting down and abandoning module MessageLog (195)
[2018.11.23-18.51.01:281][ 91]LogModuleManager: Shutting down and abandoning module SlateReflector (190)
[2018.11.23-18.51.01:281][ 91]LogModuleManager: Shutting down and abandoning module Slate (188)
[2018.11.23-18.51.01:281][ 91]LogModuleManager: Shutting down and abandoning module EditorStyle (186)
[2018.11.23-18.51.01:286][ 91]LogModuleManager: Shutting down and abandoning module MRMesh (184)
[2018.11.23-18.51.01:286][ 91]LogModuleManager: Shutting down and abandoning module SourceCodeAccess (182)
[2018.11.23-18.51.01:286][ 91]LogModuleManager: Shutting down and abandoning module HeadMountedDisplay (180)
[2018.11.23-18.51.01:286][ 91]LogModuleManager: Shutting down and abandoning module XAudio2 (178)
[2018.11.23-18.51.01:286][ 91]LogModuleManager: Shutting down and abandoning module Networking (176)
[2018.11.23-18.51.01:286][ 91]LogModuleManager: Shutting down and abandoning module Core (172)
[2018.11.23-18.51.01:286][ 91]LogModuleManager: Shutting down and abandoning module LevelSequence (168)
[2018.11.23-18.51.01:286][ 91]LogModuleManager: Shutting down and abandoning module DirectoryWatcher (166)
[2018.11.23-18.51.01:287][ 91]LogModuleManager: Shutting down and abandoning module KismetCompiler (164)
[2018.11.23-18.51.01:287][ 91]LogModuleManager: Shutting down and abandoning module MeshUtilities (162)
[2018.11.23-18.51.01:287][ 91]LogModuleManager: Shutting down and abandoning module MeshMergeUtilities (161)
[2018.11.23-18.51.01:287][ 91]LogModuleManager: Shutting down and abandoning module MeshReductionInterface (160)
[2018.11.23-18.51.01:287][ 91]LogModuleManager: Shutting down and abandoning module SimplygonSwarm (159)
[2018.11.23-18.51.01:287][ 91]LogModuleManager: Shutting down and abandoning module SimplygonMeshReduction (157)
[2018.11.23-18.51.01:287][ 91]LogModuleManager: Shutting down and abandoning module QuadricMeshReduction (155)
[2018.11.23-18.51.01:287][ 91]LogModuleManager: Shutting down and abandoning module MaterialBaking (151)
[2018.11.23-18.51.01:287][ 91]LogModuleManager: Shutting down and abandoning module DerivedDataCache (148)
[2018.11.23-18.51.01:312][ 91]LogDerivedDataCache: Shutdown
[2018.11.23-18.51.01:312][ 91]LogModuleManager: Shutting down and abandoning module TargetPlatform (146)
[2018.11.23-18.51.01:312][ 91]LogModuleManager: Shutting down and abandoning module VulkanShaderFormat (145)
[2018.11.23-18.51.01:312][ 91]LogModuleManager: Shutting down and abandoning module ShaderFormatVectorVM (143)
[2018.11.23-18.51.01:312][ 91]LogModuleManager: Shutting down and abandoning module ShaderFormatOpenGL (141)
[2018.11.23-18.51.01:312][ 91]LogModuleManager: Shutting down and abandoning module ShaderFormatD3D (139)
[2018.11.23-18.51.01:312][ 91]LogModuleManager: Shutting down and abandoning module MetalShaderFormat (137)
[2018.11.23-18.51.01:312][ 91]LogModuleManager: Shutting down and abandoning module TextureFormatUncompressed (135)
[2018.11.23-18.51.01:312][ 91]LogModuleManager: Shutting down and abandoning module TextureFormatPVR (133)
[2018.11.23-18.51.01:312][ 91]LogModuleManager: Shutting down and abandoning module TextureFormatDXT (131)
[2018.11.23-18.51.01:312][ 91]LogModuleManager: Shutting down and abandoning module TextureFormatIntelISPCTexComp (129)
[2018.11.23-18.51.01:312][ 91]LogModuleManager: Shutting down and abandoning module TextureFormatASTC (127)
[2018.11.23-18.51.01:312][ 91]LogModuleManager: Shutting down and abandoning module ImageWrapper (126)
[2018.11.23-18.51.01:312][ 91]LogModuleManager: Shutting down and abandoning module TextureFormatAndroid (123)
[2018.11.23-18.51.01:312][ 91]LogModuleManager: Shutting down and abandoning module AudioFormatOpus (121)
[2018.11.23-18.51.01:312][ 91]LogModuleManager: Shutting down and abandoning module AudioFormatOgg (119)
[2018.11.23-18.51.01:312][ 91]LogModuleManager: Shutting down and abandoning module AudioFormatADPCM (117)
[2018.11.23-18.51.01:312][ 91]LogModuleManager: Shutting down and abandoning module LinuxTargetPlatform (115)
[2018.11.23-18.51.01:312][ 91]LogModuleManager: Shutting down and abandoning module LinuxServerTargetPlatform (113)
[2018.11.23-18.51.01:312][ 91]LogModuleManager: Shutting down and abandoning module LinuxNoEditorTargetPlatform (111)
[2018.11.23-18.51.01:312][ 91]LogModuleManager: Shutting down and abandoning module LinuxClientTargetPlatform (109)
[2018.11.23-18.51.01:312][ 91]LogModuleManager: Shutting down and abandoning module TVOSTargetPlatform (107)
[2018.11.23-18.51.01:312][ 91]LogModuleManager: Shutting down and abandoning module Messaging (105)
[2018.11.23-18.51.01:312][ 91]LogModuleManager: Shutting down and abandoning module IOSTargetPlatform (103)
[2018.11.23-18.51.01:312][ 91]LogModuleManager: Shutting down and abandoning module HTML5TargetPlatform (101)
[2018.11.23-18.51.01:313][ 91]LogModuleManager: Shutting down and abandoning module AndroidTargetPlatform (99)
[2018.11.23-18.51.01:313][ 91]LogModuleManager: Shutting down and abandoning module Android_PVRTCTargetPlatform (97)
[2018.11.23-18.51.01:313][ 91]LogModuleManager: Shutting down and abandoning module Android_MultiTargetPlatform (95)
[2018.11.23-18.51.01:313][ 91]LogModuleManager: Shutting down and abandoning module Android_ETC2TargetPlatform (93)
[2018.11.23-18.51.01:313][ 91]LogModuleManager: Shutting down and abandoning module Android_ETC1TargetPlatform (91)
[2018.11.23-18.51.01:313][ 91]LogModuleManager: Shutting down and abandoning module Android_DXTTargetPlatform (89)
[2018.11.23-18.51.01:313][ 91]LogModuleManager: Shutting down and abandoning module Android_ATCTargetPlatform (87)
[2018.11.23-18.51.01:313][ 91]LogModuleManager: Shutting down and abandoning module Android_ASTCTargetPlatform (85)
[2018.11.23-18.51.01:313][ 91]LogModuleManager: Shutting down and abandoning module WindowsTargetPlatform (83)
[2018.11.23-18.51.01:313][ 91]LogModuleManager: Shutting down and abandoning module WindowsServerTargetPlatform (81)
[2018.11.23-18.51.01:313][ 91]LogModuleManager: Shutting down and abandoning module WindowsNoEditorTargetPlatform (79)
[2018.11.23-18.51.01:313][ 91]LogModuleManager: Shutting down and abandoning module WindowsClientTargetPlatform (77)
[2018.11.23-18.51.01:313][ 91]LogModuleManager: Shutting down and abandoning module MacTargetPlatform (75)
[2018.11.23-18.51.01:313][ 91]LogModuleManager: Shutting down and abandoning module MacServerTargetPlatform (73)
[2018.11.23-18.51.01:313][ 91]LogModuleManager: Shutting down and abandoning module MacNoEditorTargetPlatform (71)
[2018.11.23-18.51.01:313][ 91]LogModuleManager: Shutting down and abandoning module MacClientTargetPlatform (69)
[2018.11.23-18.51.01:313][ 91]LogModuleManager: Shutting down and abandoning module AllDesktopTargetPlatform (67)
[2018.11.23-18.51.01:313][ 91]LogModuleManager: Shutting down and abandoning module InputCore (64)
[2018.11.23-18.51.01:313][ 91]LogModuleManager: Shutting down and abandoning module Settings (62)
[2018.11.23-18.51.01:313][ 91]LogModuleManager: Shutting down and abandoning module PhysXCooking (60)
[2018.11.23-18.51.01:313][ 91]LogModuleManager: Shutting down and abandoning module SteamVR (58)
[2018.11.23-18.51.01:313][ 91]LogModuleManager: Shutting down and abandoning module OculusHMD (56)
[2018.11.23-18.51.01:313][ 91]LogModuleManager: Shutting down and abandoning module ExampleDeviceProfileSelector (54)
[2018.11.23-18.51.01:313][ 91]LogModuleManager: Shutting down and abandoning module AppleARKit (52)
[2018.11.23-18.51.01:313][ 91]LogModuleManager: Shutting down and abandoning module AugmentedReality (51)
[2018.11.23-18.51.01:313][ 91]LogModuleManager: Shutting down and abandoning module OnlineBlueprintSupport (48)
[2018.11.23-18.51.01:313][ 91]LogModuleManager: Shutting down and abandoning module OnlineSubsystem (44)
[2018.11.23-18.51.01:313][ 91]LogModuleManager: Shutting down and abandoning module XMPP (43)
[2018.11.23-18.51.01:313][ 91]LogModuleManager: Shutting down and abandoning module HTTP (41)
[2018.11.23-18.51.01:313][ 91]LogHttp: Display: Http module shutting down, but needs to wait on 1 outstanding Http requests:
[2018.11.23-18.51.01:313][ 91]LogHttp: Display: 	verb=[POST] url=[https://datarouter.ol.epicgames.com/datarouter/api/v1/public/data?SessionID=%7BB5E06DD2-429F-A484-AF18-7487D7B5FBC0%7D&AppID=UEEditor.Rocket.Release&AppVersion=4.18.3-3832480%2B%2B%2BUE4%2BRelease-4.18&UserID=a8540e5b44f6ca3a30c24aba66b1ebdb%7Cfd159e6a22e842339ef246a1fe6d8531%7C0f229d11-ab62-4baf-a68f-f3310121c43b&AppEnvironment=datacollector-binary&UploadType=eteventstream] status=Processing
[2018.11.23-18.51.01:324][ 91]LogModuleManager: Shutting down and abandoning module SSL (40)
[2018.11.23-18.51.01:325][ 91]LogModuleManager: Shutting down and abandoning module AnimationModifiers (36)
[2018.11.23-18.51.01:325][ 91]LogModuleManager: Shutting down and abandoning module PropertyEditor (35)
[2018.11.23-18.51.01:325][ 91]LogModuleManager: Shutting down and abandoning module AudioEditor (32)
[2018.11.23-18.51.01:325][ 91]LogModuleManager: Shutting down and abandoning module TextureCompressor (30)
[2018.11.23-18.51.01:325][ 91]LogModuleManager: Shutting down and abandoning module ShaderCore (28)
[2018.11.23-18.51.01:325][ 91]LogModuleManager: Shutting down and abandoning module Landscape (26)
[2018.11.23-18.51.01:325][ 91]LogModuleManager: Shutting down and abandoning module SlateRHIRenderer (24)
[2018.11.23-18.51.01:327][ 91]LogModuleManager: Shutting down and abandoning module OpenGLDrv (22)
[2018.11.23-18.51.01:327][ 91]LogModuleManager: Shutting down and abandoning module D3D11RHI (20)
[2018.11.23-18.51.01:327][ 91]LogModuleManager: Shutting down and abandoning module AnimGraphRuntime (18)
[2018.11.23-18.51.01:327][ 91]LogModuleManager: Shutting down and abandoning module Renderer (16)
[2018.11.23-18.51.01:327][ 91]LogModuleManager: Shutting down and abandoning module Engine (14)
[2018.11.23-18.51.01:327][ 91]LogModuleManager: Shutting down and abandoning module CoreUObject (12)
[2018.11.23-18.51.01:327][ 91]LogModuleManager: Shutting down and abandoning module NetworkFile (10)
[2018.11.23-18.51.01:327][ 91]LogModuleManager: Shutting down and abandoning module CookedIterativeFile (8)
[2018.11.23-18.51.01:327][ 91]LogModuleManager: Shutting down and abandoning module StreamingFile (6)
[2018.11.23-18.51.01:327][ 91]LogModuleManager: Shutting down and abandoning module SandboxFile (4)
[2018.11.23-18.51.01:327][ 91]LogModuleManager: Shutting down and abandoning module PakFile (2)
[2018.11.23-18.51.01:332][ 91]LogExit: Exiting.
[2018.11.23-18.51.01:348][ 91]Log file closed, 11/24/18 03:51:01
