Log file open, 11/29/18 21:23:16
LogWindows: Failed to load 'aqProf.dll' (GetLastError=126)
LogWindows: File 'aqProf.dll' does not exist
LogWindows: Failed to load 'VSPerf140.dll' (GetLastError=126)
LogWindows: File 'VSPerf140.dll' does not exist
LogWindows: Failed to load 'VtuneApi.dll' (GetLastError=126)
LogWindows: File 'VtuneApi.dll' does not exist
LogWindows: Failed to load 'VtuneApi32e.dll' (GetLastError=126)
LogWindows: File 'VtuneApi32e.dll' does not exist
LogInit: Display: Running engine for game: GameGem
LogPlatformFile: Not using cached read wrapper
LogInit: Display: RandInit(1953618486) SRandInit(1953618486).
LogInit: Read version file with build ID '3709383'
LogInit: Overriding engine version to CL 3832480, compatible CL 3709383
LogInit: Registered custom module enumerator with build ID '3709383'
LogTaskGraph: Started task graph with 5 named threads and 20 total threads with 3 sets of task threads.
LogStats: Stats thread started at 2.009576
LogD3D11RHI: Aftermath initialized
LogModuleManager: Display: Found up-to-date module file ../../../Engine/Plugins/2D/Paper2D/Binaries/Win64/UE4Editor-Paper2D.dll (API version 3709383).
LogModuleManager: Display: Found up-to-date module file ../../../Engine/Plugins/2D/Paper2D/Binaries/Win64/UE4Editor-Paper2DEditor.dll (API version 3709383).
LogModuleManager: Display: Found up-to-date module file ../../../Engine/Plugins/2D/Paper2D/Binaries/Win64/UE4Editor-PaperSpriteSheetImporter.dll (API version 3709383).
LogModuleManager: Display: Found up-to-date module file ../../../Engine/Plugins/2D/Paper2D/Binaries/Win64/UE4Editor-PaperTiledImporter.dll (API version 3709383).
LogModuleManager: Display: Found up-to-date module file ../../../Engine/Plugins/2D/Paper2D/Binaries/Win64/UE4Editor-SmartSnapping.dll (API version 3709383).
LogModuleManager: Display: Found up-to-date module file ../../../Engine/Plugins/Blendables/LightPropagationVolume/Binaries/Win64/UE4Editor-LightPropagationVolumeRuntime.dll (API version 3709383).
LogModuleManager: Display: Found up-to-date module file ../../../Engine/Plugins/Blendables/LightPropagationVolume/Binaries/Win64/UE4Editor-LightPropagationVolumeEditor.dll (API version 3709383).
LogModuleManager: Display: Found up-to-date module file ../../../Engine/Plugins/Developer/GitSourceControl/Binaries/Win64/UE4Editor-GitSourceControl.dll (API version 3709383).
LogModuleManager: Display: Found up-to-date module file ../../../Engine/Plugins/Developer/PerforceSourceControl/Binaries/Win64/UE4Editor-PerforceSourceControl.dll (API version 3709383).
LogModuleManager: Display: Found up-to-date module file ../../../Engine/Plugins/Developer/SubversionSourceControl/Binaries/Win64/UE4Editor-SubversionSourceControl.dll (API version 3709383).
LogModuleManager: Display: Found up-to-date module file ../../../Engine/Plugins/Developer/UObjectPlugin/Binaries/Win64/UE4Editor-UObjectPlugin.dll (API version 3709383).
LogModuleManager: Display: Found up-to-date module file ../../../Engine/Plugins/Developer/VisualStudioCodeSourceCodeAccess/Binaries/Win64/UE4Editor-VisualStudioCodeSourceCodeAccess.dll (API version 3709383).
LogModuleManager: Display: Found up-to-date module file ../../../Engine/Plugins/Developer/VisualStudioSourceCodeAccess/Binaries/Win64/UE4Editor-VisualStudioSourceCodeAccess.dll (API version 3709383).
LogModuleManager: Display: Found up-to-date module file ../../../Engine/Plugins/Editor/AssetManagerEditor/Binaries/Win64/UE4Editor-AssetManagerEditor.dll (API version 3709383).
LogModuleManager: Display: Found up-to-date module file ../../../Engine/Plugins/Editor/AudioCapture/Binaries/Win64/UE4Editor-AudioCapture.dll (API version 3709383).
LogModuleManager: Display: Found up-to-date module file ../../../Engine/Plugins/Editor/FacialAnimation/Binaries/Win64/UE4Editor-FacialAnimation.dll (API version 3709383).
LogModuleManager: Display: Found up-to-date module file ../../../Engine/Plugins/Editor/FacialAnimation/Binaries/Win64/UE4Editor-FacialAnimationEditor.dll (API version 3709383).
LogModuleManager: Display: Found up-to-date module file ../../../Engine/Plugins/Editor/GameplayTagsEditor/Binaries/Win64/UE4Editor-GameplayTagsEditor.dll (API version 3709383).
LogModuleManager: Display: Found up-to-date module file ../../../Engine/Plugins/Editor/MobileLauncherProfileWizard/Binaries/Win64/UE4Editor-MobileLauncherProfileWizard.dll (API version 3709383).
LogModuleManager: Display: Found up-to-date module file ../../../Engine/Plugins/Editor/PluginBrowser/Binaries/Win64/UE4Editor-PluginBrowser.dll (API version 3709383).
LogModuleManager: Display: Found up-to-date module file ../../../Engine/Plugins/Editor/SpeedTreeImporter/Binaries/Win64/UE4Editor-SpeedTreeImporter.dll (API version 3709383).
LogModuleManager: Display: Found up-to-date module file ../../../Engine/Plugins/Experimental/AlembicImporter/Binaries/Win64/UE4Editor-AlembicImporter.dll (API version 3709383).
LogModuleManager: Display: Found up-to-date module file ../../../Engine/Plugins/Experimental/AlembicImporter/Binaries/Win64/UE4Editor-AlembicLibrary.dll (API version 3709383).
LogModuleManager: Display: Found up-to-date module file ../../../Engine/Plugins/Experimental/CharacterAI/Binaries/Win64/UE4Editor-CharacterAI.dll (API version 3709383).
LogModuleManager: Display: Found up-to-date module file ../../../Engine/Plugins/Experimental/HTML5Networking/Binaries/Win64/UE4Editor-HTML5Networking.dll (API version 3709383).
LogModuleManager: Display: Found up-to-date module file ../../../Engine/Plugins/Media/AndroidMedia/Binaries/Win64/UE4Editor-AndroidMediaEditor.dll (API version 3709383).
LogModuleManager: Display: Found up-to-date module file ../../../Engine/Plugins/Media/AndroidMedia/Binaries/Win64/UE4Editor-AndroidMediaFactory.dll (API version 3709383).
LogModuleManager: Display: Found up-to-date module file ../../../Engine/Plugins/Media/AvfMedia/Binaries/Win64/UE4Editor-AvfMediaEditor.dll (API version 3709383).
LogModuleManager: Display: Found up-to-date module file ../../../Engine/Plugins/Media/AvfMedia/Binaries/Win64/UE4Editor-AvfMediaFactory.dll (API version 3709383).
LogModuleManager: Display: Found up-to-date module file ../../../Engine/Plugins/Media/AvfMedia/Binaries/Win64/UE4Editor-AvfMediaFactory.dll (API version 3709383).
LogModuleManager: Display: Found up-to-date module file ../../../Engine/Plugins/Media/ImgMedia/Binaries/Win64/UE4Editor-ImgMedia.dll (API version 3709383).
LogModuleManager: Display: Found up-to-date module file ../../../Engine/Plugins/Media/ImgMedia/Binaries/Win64/UE4Editor-ImgMediaEditor.dll (API version 3709383).
LogModuleManager: Display: Found up-to-date module file ../../../Engine/Plugins/Media/ImgMedia/Binaries/Win64/UE4Editor-ImgMediaFactory.dll (API version 3709383).
LogModuleManager: Display: Found up-to-date module file ../../../Engine/Plugins/Media/ImgMedia/Binaries/Win64/UE4Editor-ImgMediaFactory.dll (API version 3709383).
LogModuleManager: Display: Found up-to-date module file ../../../Engine/Plugins/Media/ImgMedia/Binaries/Win64/UE4Editor-OpenExrWrapper.dll (API version 3709383).
LogModuleManager: Display: Found up-to-date module file ../../../Engine/Plugins/Media/MediaCompositing/Binaries/Win64/UE4Editor-MediaCompositing.dll (API version 3709383).
LogModuleManager: Display: Found up-to-date module file ../../../Engine/Plugins/Media/MediaCompositing/Binaries/Win64/UE4Editor-MediaCompositingEditor.dll (API version 3709383).
LogModuleManager: Display: Found up-to-date module file ../../../Engine/Plugins/Media/MediaPlayerEditor/Binaries/Win64/UE4Editor-MediaPlayerEditor.dll (API version 3709383).
LogModuleManager: Display: Found up-to-date module file ../../../Engine/Plugins/Media/WmfMedia/Binaries/Win64/UE4Editor-WmfMedia.dll (API version 3709383).
LogModuleManager: Display: Found up-to-date module file ../../../Engine/Plugins/Media/WmfMedia/Binaries/Win64/UE4Editor-WmfMediaEditor.dll (API version 3709383).
LogModuleManager: Display: Found up-to-date module file ../../../Engine/Plugins/Media/WmfMedia/Binaries/Win64/UE4Editor-WmfMediaFactory.dll (API version 3709383).
LogModuleManager: Display: Found up-to-date module file ../../../Engine/Plugins/Media/WmfMedia/Binaries/Win64/UE4Editor-WmfMediaFactory.dll (API version 3709383).
LogModuleManager: Display: Found up-to-date module file ../../../Engine/Plugins/Messaging/TcpMessaging/Binaries/Win64/UE4Editor-TcpMessaging.dll (API version 3709383).
LogModuleManager: Display: Found up-to-date module file ../../../Engine/Plugins/Messaging/UdpMessaging/Binaries/Win64/UE4Editor-UdpMessaging.dll (API version 3709383).
LogModuleManager: Display: Found up-to-date module file ../../../Engine/Plugins/MovieScene/ActorSequence/Binaries/Win64/UE4Editor-ActorSequence.dll (API version 3709383).
LogModuleManager: Display: Found up-to-date module file ../../../Engine/Plugins/MovieScene/LevelSequenceEditor/Binaries/Win64/UE4Editor-LevelSequenceEditor.dll (API version 3709383).
LogModuleManager: Display: Found up-to-date module file ../../../Engine/Plugins/MovieScene/MatineeToLevelSequence/Binaries/Win64/UE4Editor-MatineeToLevelSequence.dll (API version 3709383).
LogModuleManager: Display: Found up-to-date module file ../../../Engine/Plugins/Online/OnlineSubsystem/Binaries/Win64/UE4Editor-OnlineSubsystem.dll (API version 3709383).
LogModuleManager: Display: Found up-to-date module file ../../../Engine/Plugins/Runtime/AndroidPermission/Binaries/Win64/UE4Editor-AndroidPermission.dll (API version 3709383).
LogModuleManager: Display: Found up-to-date module file ../../../Engine/Plugins/Online/OnlineSubsystemNull/Binaries/Win64/UE4Editor-OnlineSubsystemNull.dll (API version 3709383).
LogModuleManager: Display: Found up-to-date module file ../../../Engine/Plugins/Online/OnlineSubsystemUtils/Binaries/Win64/UE4Editor-OnlineSubsystemUtils.dll (API version 3709383).
LogModuleManager: Display: Found up-to-date module file ../../../Engine/Plugins/Online/OnlineSubsystemUtils/Binaries/Win64/UE4Editor-OnlineBlueprintSupport.dll (API version 3709383).
LogModuleManager: Display: Found up-to-date module file ../../../Engine/Plugins/Runtime/AndroidDeviceProfileSelector/Binaries/Win64/UE4Editor-AndroidDeviceProfileSelector.dll (API version 3709383).
LogModuleManager: Display: Found up-to-date module file ../../../Engine/Plugins/Runtime/AppleARKit/Binaries/Win64/UE4Editor-AppleARKit.dll (API version 3709383).
LogModuleManager: Display: Found up-to-date module file ../../../Engine/Plugins/Runtime/ArchVisCharacter/Binaries/Win64/UE4Editor-ArchVisCharacter.dll (API version 3709383).
LogModuleManager: Display: Found up-to-date module file ../../../Engine/Plugins/Runtime/CableComponent/Binaries/Win64/UE4Editor-CableComponent.dll (API version 3709383).
LogModuleManager: Display: Found up-to-date module file ../../../Engine/Plugins/Runtime/CustomMeshComponent/Binaries/Win64/UE4Editor-CustomMeshComponent.dll (API version 3709383).
LogModuleManager: Display: Found up-to-date module file ../../../Engine/Plugins/Runtime/ExampleDeviceProfileSelector/Binaries/Win64/UE4Editor-ExampleDeviceProfileSelector.dll (API version 3709383).
LogModuleManager: Display: Found up-to-date module file ../../../Engine/Plugins/Runtime/ImmediatePhysics/Binaries/Win64/UE4Editor-ImmediatePhysics.dll (API version 3709383).
LogModuleManager: Display: Found up-to-date module file ../../../Engine/Plugins/Runtime/ImmediatePhysics/Binaries/Win64/UE4Editor-ImmediatePhysicsEditor.dll (API version 3709383).
LogModuleManager: Display: Found up-to-date module file ../../../Engine/Plugins/Runtime/LocationServicesBPLibrary/Binaries/Win64/UE4Editor-LocationServicesBPLibrary.dll (API version 3709383).
LogModuleManager: Display: Found up-to-date module file ../../../Engine/Plugins/Runtime/MobilePatchingUtils/Binaries/Win64/UE4Editor-MobilePatchingUtils.dll (API version 3709383).
LogModuleManager: Display: Found up-to-date module file ../../../Engine/Plugins/Runtime/Oculus/OculusVR/Binaries/Win64/UE4Editor-OculusHMD.dll (API version 3709383).
LogModuleManager: Display: Found up-to-date module file ../../../Engine/Plugins/Runtime/Oculus/OculusVR/Binaries/Win64/UE4Editor-OculusInput.dll (API version 3709383).
LogModuleManager: Display: Found up-to-date module file ../../../Engine/Plugins/Runtime/Oculus/OculusVR/Binaries/Win64/UE4Editor-OculusEditor.dll (API version 3709383).
LogModuleManager: Display: Found up-to-date module file ../../../Engine/Plugins/Runtime/PhysXVehicles/Binaries/Win64/UE4Editor-PhysXVehicles.dll (API version 3709383).
LogModuleManager: Display: Found up-to-date module file ../../../Engine/Plugins/Runtime/PhysXVehicles/Binaries/Win64/UE4Editor-PhysXVehiclesEditor.dll (API version 3709383).
LogModuleManager: Display: Found up-to-date module file ../../../Engine/Plugins/Runtime/ProceduralMeshComponent/Binaries/Win64/UE4Editor-ProceduralMeshComponent.dll (API version 3709383).
LogModuleManager: Display: Found up-to-date module file ../../../Engine/Plugins/Runtime/ProceduralMeshComponent/Binaries/Win64/UE4Editor-ProceduralMeshComponentEditor.dll (API version 3709383).
LogModuleManager: Display: Found up-to-date module file ../../../Engine/Plugins/Runtime/RuntimePhysXCooking/Binaries/Win64/UE4Editor-RuntimePhysXCooking.dll (API version 3709383).
LogModuleManager: Display: Found up-to-date module file ../../../Engine/Plugins/Runtime/Steam/SteamVR/Binaries/Win64/UE4Editor-SteamVR.dll (API version 3709383).
LogModuleManager: Display: Found up-to-date module file ../../../Engine/Plugins/Runtime/Steam/SteamVR/Binaries/Win64/UE4Editor-SteamVRController.dll (API version 3709383).
LogModuleManager: Display: Found up-to-date module file ../../../Engine/Plugins/Runtime/WindowsMoviePlayer/Binaries/Win64/UE4Editor-WindowsMoviePlayer.dll (API version 3709383).
LogPluginManager: Mounting plugin Paper2D
LogPluginManager: Mounting plugin LightPropagationVolume
LogPluginManager: Mounting plugin CodeLiteSourceCodeAccess
LogPluginManager: Mounting plugin GitSourceControl
LogPluginManager: Mounting plugin KDevelopSourceCodeAccess
LogPluginManager: Mounting plugin NullSourceCodeAccess
LogPluginManager: Mounting plugin PerforceSourceControl
LogPluginManager: Mounting plugin SubversionSourceControl
LogPluginManager: Mounting plugin UObjectPlugin
LogPluginManager: Mounting plugin VisualStudioCodeSourceCodeAccess
LogPluginManager: Mounting plugin VisualStudioSourceCodeAccess
LogPluginManager: Mounting plugin XCodeSourceCodeAccess
LogPluginManager: Mounting plugin AssetManagerEditor
LogPluginManager: Mounting plugin AudioCapture
LogPluginManager: Mounting plugin FacialAnimation
LogPluginManager: Mounting plugin GameplayTagsEditor
LogPluginManager: Mounting plugin MobileLauncherProfileWizard
LogPluginManager: Mounting plugin PluginBrowser
LogPluginManager: Mounting plugin SpeedTreeImporter
LogPluginManager: Mounting plugin AlembicImporter
LogPluginManager: Mounting plugin CharacterAI
LogPluginManager: Mounting plugin HTML5Networking
LogPluginManager: Mounting plugin AndroidMedia
LogPluginManager: Mounting plugin AvfMedia
LogPluginManager: Mounting plugin ImgMedia
LogPluginManager: Mounting plugin MediaCompositing
LogPluginManager: Mounting plugin MediaPlayerEditor
LogPluginManager: Mounting plugin WmfMedia
LogPluginManager: Mounting plugin TcpMessaging
LogPluginManager: Mounting plugin UdpMessaging
LogPluginManager: Mounting plugin ActorSequence
LogPluginManager: Mounting plugin LevelSequenceEditor
LogPluginManager: Mounting plugin MatineeToLevelSequence
LogPluginManager: Mounting plugin OnlineSubsystemGooglePlay
LogPluginManager: Mounting plugin OnlineSubsystemIOS
LogPluginManager: Mounting plugin OnlineSubsystem
LogPluginManager: Mounting plugin OnlineSubsystemNull
LogPluginManager: Mounting plugin OnlineSubsystemUtils
LogPluginManager: Mounting plugin AndroidDeviceProfileSelector
LogPluginManager: Mounting plugin AndroidMoviePlayer
LogPluginManager: Mounting plugin AndroidPermission
LogPluginManager: Mounting plugin AppleARKit
LogPluginManager: Mounting plugin AppleMoviePlayer
LogPluginManager: Mounting plugin ArchVisCharacter
LogPluginManager: Mounting plugin CableComponent
LogPluginManager: Mounting plugin CustomMeshComponent
LogPluginManager: Mounting plugin ExampleDeviceProfileSelector
LogPluginManager: Mounting plugin GoogleCloudMessaging
LogPluginManager: Mounting plugin ImmediatePhysics
LogPluginManager: Mounting plugin IOSDeviceProfileSelector
LogPluginManager: Mounting plugin LinuxDeviceProfileSelector
LogPluginManager: Mounting plugin LocationServicesBPLibrary
LogPluginManager: Mounting plugin MobilePatchingUtils
LogPluginManager: Mounting plugin OculusVR
LogPluginManager: Plugin shader directory ../../../Engine/Plugins/Runtime/Oculus/OculusVR/Shaders found
LogPluginManager: Mapping shader source directory ../../../Engine/Plugins/Runtime/Oculus/OculusVR/Shaders to virtual directory /Plugin/OculusVR
LogPluginManager: Mounting plugin PhysXVehicles
LogPluginManager: Mounting plugin ProceduralMeshComponent
LogPluginManager: Mounting plugin RuntimePhysXCooking
LogPluginManager: Mounting plugin SteamVR
LogPluginManager: Mounting plugin WindowsMoviePlayer
LogInit: Using libcurl 7.47.1
LogInit:  - built for x86_64-pc-win32
LogInit:  - supports SSL with OpenSSL/1.0.2g
LogInit:  - supports HTTP deflate (compression) using libz 1.2.8
LogInit:  - other features:
LogInit:      CURL_VERSION_SSL
LogInit:      CURL_VERSION_LIBZ
LogInit:      CURL_VERSION_IPV6
LogInit:      CURL_VERSION_ASYNCHDNS
LogInit:      CURL_VERSION_LARGEFILE
LogInit:      CURL_VERSION_IDN
LogInit:  CurlRequestOptions (configurable via config and command line):
LogInit:  - bVerifyPeer = false  - Libcurl will NOT verify peer certificate
LogInit:  - bUseHttpProxy = false  - Libcurl will NOT use HTTP proxy
LogInit:  - bDontReuseConnections = false  - Libcurl will reuse connections
LogInit:  - CertBundlePath = nullptr  - Libcurl will use whatever was configured at build time.
LogInit: Build: ++UE4+Release-4.18-CL-3832480
LogInit: Engine Version: 4.18.3-3832480+++UE4+Release-4.18
LogInit: Compatible Engine Version: 4.18.0-3709383+++UE4+Release-4.18
LogInit: Net CL: 3709383
LogDevObjectVersion: Number of dev versions registered: 16
LogDevObjectVersion:   Dev-Blueprints (B0D832E4-1F89-4F0D-ACCF-7EB736FD4AA2): 10
LogDevObjectVersion:   Dev-Build (E1C64328-A22C-4D53-A36C-8E866417BD8C): 0
LogDevObjectVersion:   Dev-Core (375EC13C-06E4-48FB-B500-84F0262A717E): 2
LogDevObjectVersion:   Dev-Editor (E4B068ED-F494-42E9-A231-DA0B2E46BB41): 20
LogDevObjectVersion:   Dev-Framework (CFFC743F-43B0-4480-9391-14DF171D2073): 30
LogDevObjectVersion:   Dev-Mobile (B02B49B5-BB20-44E9-A304-32B752E40360): 0
LogDevObjectVersion:   Dev-Networking (A4E4105C-59A1-49B5-A7C5-40C4547EDFEE): 0
LogDevObjectVersion:   Dev-Online (39C831C9-5AE6-47DC-9A44-9C173E1C8E7C): 0
LogDevObjectVersion:   Dev-Physics (78F01B33-EBEA-4F98-B9B4-84EACCB95AA2): 0
LogDevObjectVersion:   Dev-Platform (6631380F-2D4D-43E0-8009-CF276956A95A): 0
LogDevObjectVersion:   Dev-Rendering (12F88B9F-8875-4AFC-A67C-D90C383ABD29): 20
LogDevObjectVersion:   Dev-Sequencer (7B5AE74C-D270-4C10-A958-57980B212A5A): 4
LogDevObjectVersion:   Dev-VR (D7296918-1DD6-4BDD-9DE2-64A83CC13884): 0
LogDevObjectVersion:   Dev-LoadTimes (C2A15278-BFE7-4AFE-6C17-90FF531DF755): 1
LogDevObjectVersion:   Private-Geometry (6EACA3D4-40EC-4CC1-B786-8BED09428FC5): 1
LogDevObjectVersion:   Dev-AnimPhys (29E575DD-E0A3-4627-9D10-D276232CDCEA): 12
LogInit: Compiled (64-bit): Jan 12 2018 02:04:55
LogInit: Compiled with Visual C++: 19.00.24215.01
LogInit: Build Configuration: Development
LogInit: Branch Name: ++UE4+Release-4.18
LogInit: Command line:  
LogInit: Base directory: D:/EpicGames/UE_4.18/Engine/Binaries/Win64/
LogInit: Installed Engine Build: 1
LogInit: Presizing for max 8388607 objects, including 0 objects not considered by GC, pre-allocating 0 bytes for permanent pool.
LogInit: Object subsystem initialized
[2018.11.29-12.23.20:391][  0]LogInit: Selected Device Profile: [Windows]
[2018.11.29-12.23.20:391][  0]LogInit: Applying CVar settings loaded from the selected device profile: [Windows]
[2018.11.29-12.23.20:479][  0]LogInit: Computer: JUN-HYOENG-HOME
[2018.11.29-12.23.20:479][  0]LogInit: User: user
[2018.11.29-12.23.20:479][  0]LogInit: CPU Page size=4096, Cores=6
[2018.11.29-12.23.20:479][  0]LogInit: High frequency timer resolution =2.929683 MHz
[2018.11.29-12.23.20:479][  0]LogMemory: Memory total: Physical=15.9GB (16GB approx)
[2018.11.29-12.23.20:479][  0]LogMemory: Platform Memory Stats for Windows
[2018.11.29-12.23.20:479][  0]LogMemory: Process Physical Memory: 272.80 MB used, 272.80 MB peak
[2018.11.29-12.23.20:479][  0]LogMemory: Process Virtual Memory: 270.07 MB used, 270.07 MB peak
[2018.11.29-12.23.20:479][  0]LogMemory: Physical Memory: 7280.19 MB used,  9017.79 MB free, 16297.98 MB total
[2018.11.29-12.23.20:479][  0]LogMemory: Virtual Memory: 4783.53 MB used,  9017.79 MB free, 134217728.00 MB total
[2018.11.29-12.23.21:118][  0]LogInit: Using OS detected language (ko-KR).
[2018.11.29-12.23.21:118][  0]LogInit: Using OS detected locale (ko-KR).
[2018.11.29-12.23.21:318][  0]LogTextLocalizationManager: No specific localization for 'ko-KR' exists, so the 'ko' localization will be used.
[2018.11.29-12.23.21:698][  0]LogInit: Setting process to per monitor DPI aware
[2018.11.29-12.23.24:939][  0]LogD3D11RHI: D3D11 adapters:
[2018.11.29-12.23.25:011][  0]LogD3D11RHI:    0. 'NVIDIA GeForce GTX 1060 6GB' (Feature Level 11_0)
[2018.11.29-12.23.25:012][  0]LogD3D11RHI:       6052/0/8148 MB DedicatedVideo/DedicatedSystem/SharedSystem, Outputs:2, VendorId:0x10de
[2018.11.29-12.23.25:014][  0]LogD3D11RHI:    1. 'Microsoft Basic Render Driver' (Feature Level 11_0)
[2018.11.29-12.23.25:014][  0]LogD3D11RHI:       0/0/8148 MB DedicatedVideo/DedicatedSystem/SharedSystem, Outputs:0, VendorId:0x1414
[2018.11.29-12.23.25:014][  0]LogD3D11RHI: Chosen D3D11 Adapter: 0
[2018.11.29-12.23.25:022][  0]LogD3D11RHI: Creating new Direct3DDevice
[2018.11.29-12.23.25:023][  0]LogD3D11RHI:     GPU DeviceId: 0x1c03 (for the marketing name, search the web for "GPU Device Id")
[2018.11.29-12.23.25:023][  0]LogWindows: EnumDisplayDevices:
[2018.11.29-12.23.25:023][  0]LogWindows:    0. 'NVIDIA GeForce GTX 1060 6GB' (P:1 D:1)
[2018.11.29-12.23.25:023][  0]LogWindows:    1. 'NVIDIA GeForce GTX 1060 6GB' (P:0 D:1)
[2018.11.29-12.23.25:024][  0]LogWindows:    2. 'NVIDIA GeForce GTX 1060 6GB' (P:0 D:0)
[2018.11.29-12.23.25:024][  0]LogWindows:    3. 'NVIDIA GeForce GTX 1060 6GB' (P:0 D:0)
[2018.11.29-12.23.25:024][  0]LogWindows: DebugString: GetVideoDriverDetailsInvalid PrimaryIsNotTheChoosenAdapter GetVideoDriverDetailsInvalid PrimaryIsNotTheChoosenAdapter GetVideoDriverDetailsInvalid PrimaryIsNotTheChoosenAdapter GetVideoDriverDetailsInvalid PrimaryIsNotTheChoosenAdapter FoundDriverCount:0 
[2018.11.29-12.23.25:024][  0]LogD3D11RHI:     Adapter Name: NVIDIA GeForce GTX 1060 6GB
[2018.11.29-12.23.25:024][  0]LogD3D11RHI:   Driver Version: Unknown (internal:Unknown, unified:Unknown)
[2018.11.29-12.23.25:024][  0]LogD3D11RHI:      Driver Date: Unknown
[2018.11.29-12.23.25:024][  0]LogRHI: Texture pool is 4236 MB (70% of 6052 MB)
[2018.11.29-12.23.25:068][  0]LogD3D11RHI: Async texture creation enabled
[2018.11.29-12.23.25:284][  0]LogD3D11RHI: GPU Timing Frequency: 1000.000000 (Debug: 2 2)
[2018.11.29-12.23.25:365][  0]LogShaderCompilers: Guid format shader working directory is 8 characters bigger than the processId version (../../../../../GitHub/GameJam/GameGem/Intermediate/Shaders/WorkingDirectory/3096/).
[2018.11.29-12.23.25:365][  0]LogShaderCompilers: Cleaned the shader compiler working directory 'C:/Users/user/AppData/Local/Temp/UnrealShaderWorkingDir/0620F8B84A9F38462045E18647FB8647/'.
[2018.11.29-12.23.25:367][  0]LogShaderCompilers: Display: Using Local Shader Compiler.
[2018.11.29-12.23.29:233][  0]LogTemp: Display: Loaded TP AllDesktopTargetPlatform
[2018.11.29-12.23.29:292][  0]LogTemp: Display: Loaded TP MacClientTargetPlatform
[2018.11.29-12.23.29:354][  0]LogTemp: Display: Loaded TP MacNoEditorTargetPlatform
[2018.11.29-12.23.29:414][  0]LogTemp: Display: Loaded TP MacServerTargetPlatform
[2018.11.29-12.23.29:516][  0]LogTemp: Display: Loaded TP MacTargetPlatform
[2018.11.29-12.23.29:585][  0]LogTemp: Display: Loaded TP WindowsClientTargetPlatform
[2018.11.29-12.23.29:652][  0]LogTemp: Display: Loaded TP WindowsNoEditorTargetPlatform
[2018.11.29-12.23.29:721][  0]LogTemp: Display: Loaded TP WindowsServerTargetPlatform
[2018.11.29-12.23.29:777][  0]LogTemp: Display: Loaded TP WindowsTargetPlatform
[2018.11.29-12.23.29:838][  0]LogTemp: Display: Loaded TP Android_ASTCTargetPlatform
[2018.11.29-12.23.29:896][  0]LogTemp: Display: Loaded TP Android_ATCTargetPlatform
[2018.11.29-12.23.29:958][  0]LogTemp: Display: Loaded TP Android_DXTTargetPlatform
[2018.11.29-12.23.30:017][  0]LogTemp: Display: Loaded TP Android_ETC1TargetPlatform
[2018.11.29-12.23.30:077][  0]LogTemp: Display: Loaded TP Android_ETC2TargetPlatform
[2018.11.29-12.23.30:194][  0]LogTemp: Display: Loaded TP Android_MultiTargetPlatform
[2018.11.29-12.23.30:194][  0]LogTemp: Display: Loaded TP Android_PVRTCTargetPlatform
[2018.11.29-12.23.30:273][  0]LogTemp: Display: Loaded TP AndroidTargetPlatform
[2018.11.29-12.23.30:322][  0]LogTemp: Display: Loaded TP HTML5TargetPlatform
[2018.11.29-12.23.30:521][  0]LogTemp: Display: Loaded TP IOSTargetPlatform
[2018.11.29-12.23.30:553][  0]LogTemp: Display: Loaded TP TVOSTargetPlatform
[2018.11.29-12.23.30:612][  0]LogTemp: Display: Loaded TP LinuxClientTargetPlatform
[2018.11.29-12.23.30:670][  0]LogTemp: Display: Loaded TP LinuxNoEditorTargetPlatform
[2018.11.29-12.23.30:730][  0]LogTemp: Display: Loaded TP LinuxServerTargetPlatform
[2018.11.29-12.23.30:810][  0]LogTemp: Display: Loaded TP LinuxTargetPlatform
[2018.11.29-12.23.30:810][  0]LogTargetPlatformManager: Display: Building Assets For Windows
[2018.11.29-12.23.32:050][  0]LogDerivedDataCache: Display: Max Cache Size: 512 MB
[2018.11.29-12.23.32:371][  0]LogDerivedDataCache: Loaded boot cache 0.32s 78MB C:/Users/user/AppData/Local/UnrealEngine/4.18/DerivedDataCache/Boot.ddc.
[2018.11.29-12.23.32:372][  0]LogDerivedDataCache: Display: Loaded Boot cache: C:/Users/user/AppData/Local/UnrealEngine/4.18/DerivedDataCache/Boot.ddc
[2018.11.29-12.23.32:372][  0]LogDerivedDataCache: FDerivedDataBackendGraph:  Pak pak cache file ../../../../../GitHub/GameJam/GameGem/DerivedDataCache/DDC.ddp not found, will not use a pak cache.
[2018.11.29-12.23.32:372][  0]LogDerivedDataCache: Unable to find inner node Pak for hierarchical cache Hierarchy.
[2018.11.29-12.23.32:372][  0]LogDerivedDataCache: FDerivedDataBackendGraph:  CompressedPak pak cache file ../../../../../GitHub/GameJam/GameGem/DerivedDataCache/Compressed.ddp not found, will not use a pak cache.
[2018.11.29-12.23.32:372][  0]LogDerivedDataCache: Unable to find inner node CompressedPak for hierarchical cache Hierarchy.
[2018.11.29-12.23.32:446][  0]LogDerivedDataCache: Display: Pak cache opened for reading ../../../Engine/DerivedDataCache/Compressed.ddp.
[2018.11.29-12.23.32:460][  0]LogDerivedDataCache: Using Local data cache path C:/Users/user/AppData/Local/UnrealEngine/Common/DerivedDataCache: Writable
[2018.11.29-12.23.32:501][  0]LogMaterial: Verifying Global Shaders for PCD3D_SM5
[2018.11.29-12.23.32:528][  0]LogSlate: Using Freetype 2.6.0
[2018.11.29-12.23.32:612][  0]LogSlate: SlateFontCache - WITH_FREETYPE: 1, WITH_HARFBUZZ: 1
[2018.11.29-12.23.32:618][  0]LogSlate: SlateFontCache - WITH_FREETYPE: 1, WITH_HARFBUZZ: 1
[2018.11.29-12.23.38:746][  0]LogInit: Selected Device Profile: [Windows]
[2018.11.29-12.23.40:004][  0]LogSimplygon: Simplygon DLL not present - disabling.
[2018.11.29-12.23.40:070][  0]LogMeshReduction: Using SimplygonSwarm for distributed automatic mesh merging
[2018.11.29-12.23.40:079][  0]LogMeshReduction: Using QuadricMeshReduction for automatic static mesh reduction
[2018.11.29-12.23.40:088][  0]LogMeshReduction: No automatic skeletal mesh reduction module available
[2018.11.29-12.23.40:088][  0]LogMeshReduction: No automatic mesh merging module available
[2018.11.29-12.23.40:088][  0]LogMeshMerging: No automatic mesh merging module available
[2018.11.29-12.23.40:389][  0]LogNetVersion: GameGem , NetCL: 3709383, EngineNetVer: 2, GameNetVer: 0 (Checksum: 882068137)
[2018.11.29-12.23.41:453][  0]LogAssetRegistry: FAssetRegistry took 0.0296 seconds to start up
[2018.11.29-12.23.46:099][  0]LogPackageLocalizationCache: Processed 7 localized package path(s) for 2 prioritized culture(s) in 0.209177 seconds
[2018.11.29-12.23.46:116][  0]LogUObjectArray: 35870 objects as part of root set at end of initial load.
[2018.11.29-12.23.46:117][  0]LogUObjectAllocator: 7363696 out of 0 bytes used by permanent object pool.
[2018.11.29-12.23.46:117][  0]LogUObjectArray: CloseDisregardForGC: 0/0 objects in disregard for GC pool
[2018.11.29-12.23.46:206][  0]LogInit: WinSock: version 1.1 (2.2), MaxSocks=32767, MaxUdp=65467
[2018.11.29-12.24.06:868][  0]LogTcpMessaging: Initializing TcpMessaging bridge
[2018.11.29-12.24.06:960][  0]LogUdpMessaging: Initializing bridge on interface 0.0.0.0:0 to multicast group 230.0.0.1:6666.
[2018.11.29-12.24.08:813][  0]LogMaterial: Uniform references updated for custom material expression Custom.
[2018.11.29-12.24.09:998][  0]SourceControl: 소스 콘트롤이 꺼졌습니다.
[2018.11.29-12.24.09:998][  0]SourceControl: 소스 콘트롤이 꺼졌습니다.
[2018.11.29-12.24.10:249][  0]SourceControl: 소스 콘트롤이 꺼졌습니다.
[2018.11.29-12.24.10:382][  0]SourceControl: 소스 콘트롤이 꺼졌습니다.
[2018.11.29-12.24.12:720][  0]LogAndroidPermission: UAndroidPermissionCallbackProxy::GetInstance
[2018.11.29-12.24.13:137][  0]LogOcInput: OculusInput pre-init called
[2018.11.29-12.24.13:898][  0]LogEngine: Initializing Engine...
[2018.11.29-12.24.13:990][  0]LogHMD: Failed to initialize OpenVR with code 110
[2018.11.29-12.24.14:323][  0]LogStats: UGameplayTagsManager::ConstructGameplayTagTree: Construct from data asset -  0.000 s
[2018.11.29-12.24.14:323][  0]LogStats: UGameplayTagsManager::ConstructGameplayTagTree: GameplayTagTreeChangedEvent.Broadcast -  0.000 s
[2018.11.29-12.24.14:757][  0]LogAIModule: Creating AISystem for world Untitled
[2018.11.29-12.24.14:852][  0]LogInit: XAudio2 using '스피커(Realtek High Definition Audio)' : 2 channels at 48 kHz using 32 bits per sample (channel mask 0x3)
[2018.11.29-12.24.14:894][  0]LogInit: FAudioDevice initialized.
[2018.11.29-12.24.15:001][  0]LogDerivedDataCache: Saved boot cache 0.10s 78MB C:/Users/user/AppData/Local/UnrealEngine/4.18/DerivedDataCache/Boot.ddc.
[2018.11.29-12.24.15:016][  0]LogInit: Texture streaming: Enabled
[2018.11.29-12.24.15:184][  0]LogEngineSessionManager: EngineSessionManager initialized
[2018.11.29-12.24.15:534][  0]LogInit: Transaction tracking system initialized
[2018.11.29-12.24.16:230][  0]BlueprintLog: New page: 에디터 로드
[2018.11.29-12.24.18:225][  0]LocalizationService: 현지화 서비스가 비활성화되었습니다.
[2018.11.29-12.24.19:754][  0]LogConsoleResponse: Display: 
[2018.11.29-12.24.20:884][  0]LogFileCache: Scanning file cache for directory 'D:/GitHub/GameJam/GameGem/Content/' took 0.03s
[2018.11.29-12.24.20:884][  0]LogCook: Display: Max memory allowance for cook 16384mb min free memory 0mb
[2018.11.29-12.24.20:884][  0]LogCook: Display: Mobile HDR setting 1
[2018.11.29-12.24.20:896][  0]LogGameplayTags: Display: UGameplayTagsManager::DoneAddingNativeTags. DelegateIsBound: 0
[2018.11.29-12.24.23:381][  0]SourceControl: 소스 콘트롤이 꺼졌습니다.
[2018.11.29-12.24.23:403][  0]Cmd: MAP LOAD FILE="../../../../../GitHub/GameJam/GameGem/Content/PuzzleBP/Maps/MainGame.umap" TEMPLATE=0 SHOWPROGRESS=1 FEATURELEVEL=3
[2018.11.29-12.24.23:404][  0]LightingResults: New page: 라이팅 빌드
[2018.11.29-12.24.23:632][  0]MapCheck: New page: 맵 체크
[2018.11.29-12.24.23:632][  0]LightingResults: New page: 라이팅 빌드
[2018.11.29-12.24.26:514][  0]LogTexture: Display: 텍스처 빌드: 8 (AutoDXT, 252X252)
[2018.11.29-12.24.26:514][  0]LogTexture: Display: 텍스처 빌드: 9 (AutoDXT, 252X252)
[2018.11.29-12.24.26:514][  0]LogTexture: Display: 텍스처 빌드: 러닝셔츠_외래어18 (AutoDXT, 200X200)
[2018.11.29-12.24.26:514][  0]LogTexture: Display: 텍스처 빌드: 7 (AutoDXT, 252X252)
[2018.11.29-12.24.26:514][  0]LogTexture: Display: 텍스처 빌드: 5 (AutoDXT, 252X252)
[2018.11.29-12.24.26:514][  0]LogTexture: Display: 텍스처 빌드: 6 (AutoDXT, 252X252)
[2018.11.29-12.24.26:514][  0]LogTexture: Display: 텍스처 빌드: 4 (AutoDXT, 252X252)
[2018.11.29-12.24.26:514][  0]LogTexture: Display: 텍스처 빌드: 3 (AutoDXT, 252X252)
[2018.11.29-12.24.26:514][  0]LogTexture: Display: 텍스처 빌드: 1 (AutoDXT, 252X252)
[2018.11.29-12.24.26:514][  0]LogTexture: Display: 텍스처 빌드: 2 (AutoDXT, 252X252)
[2018.11.29-12.24.26:514][  0]LogTexture: Display: 텍스처 빌드: 10 (AutoDXT, 252X252)
[2018.11.29-12.24.26:514][  0]LogTexture: Display: 텍스처 빌드: 9 (AutoDXT, 524X524)
[2018.11.29-12.24.26:514][  0]LogTexture: Display: 텍스처 빌드: 8 (AutoDXT, 524X524)
[2018.11.29-12.24.26:514][  0]LogTexture: Display: 텍스처 빌드: 7 (AutoDXT, 524X524)
[2018.11.29-12.24.26:514][  0]LogTexture: Display: 텍스처 빌드: 6 (AutoDXT, 524X524)
[2018.11.29-12.24.26:514][  0]LogTexture: Display: 텍스처 빌드: 5 (AutoDXT, 524X524)
[2018.11.29-12.24.26:514][  0]LogTexture: Display: 텍스처 빌드: 4 (AutoDXT, 524X524)
[2018.11.29-12.24.26:546][  0]LogTexture: Display: 텍스처 빌드: 3 (AutoDXT, 524X524)
[2018.11.29-12.24.27:013][  0]LogTexture: Display: 텍스처 빌드: 1 (AutoDXT, 524X524)
[2018.11.29-12.24.27:013][  0]LogTexture: Display: 텍스처 빌드: 2 (AutoDXT, 524X524)
[2018.11.29-12.24.27:013][  0]LogTexture: Display: 텍스처 빌드: 10 (AutoDXT, 524X524)
[2018.11.29-12.24.27:013][  0]LogTexture: Display: 텍스처 빌드: 고무_외래어2 (AutoDXT, 200X200)
[2018.11.29-12.24.27:013][  0]LogTexture: Display: 텍스처 빌드: 황금4 (AutoDXT, 200X200)
[2018.11.29-12.24.27:013][  0]LogTexture: Display: 텍스처 빌드: 받아쓰기_화면 (BGRA8, 1276X794)
[2018.11.29-12.24.27:013][  0]LogTexture: Display: 텍스처 빌드: 쇠망치 (BGRA8, 329X404)
[2018.11.29-12.24.27:013][  0]LogTexture: Display: 텍스처 빌드: 도린곁20 (AutoDXT, 200X200)
[2018.11.29-12.24.27:013][  0]LogTexture: Display: 텍스처 빌드: 도리기19 (AutoDXT, 200X200)
[2018.11.29-12.24.27:013][  0]LogTexture: Display: 텍스처 빌드: 도거리18 (AutoDXT, 200X200)
[2018.11.29-12.24.27:013][  0]LogTexture: Display: 텍스처 빌드: 덤터기17 (AutoDXT, 200X200)
[2018.11.29-12.24.27:013][  0]LogTexture: Display: 텍스처 빌드: 댓바람16 (AutoDXT, 200X200)
[2018.11.29-12.24.27:013][  0]LogTexture: Display: 텍스처 빌드: 대두리15 (AutoDXT, 200X200)
[2018.11.29-12.24.27:013][  0]LogTexture: Display: 텍스처 빌드: 다복솔14 (AutoDXT, 200X200)
[2018.11.29-12.24.27:013][  0]LogTexture: Display: 텍스처 빌드: 노을12 (AutoDXT, 200X200)
[2018.11.29-12.24.27:013][  0]LogTexture: Display: 텍스처 빌드: 노박이로11 (AutoDXT, 200X200)
[2018.11.29-12.24.27:013][  0]LogTexture: Display: 텍스처 빌드: 노루잠10 (AutoDXT, 200X200)
[2018.11.29-12.24.27:013][  0]LogTexture: Display: 텍스처 빌드: 노루목9 (AutoDXT, 200X200)
[2018.11.29-12.24.27:013][  0]LogTexture: Display: 텍스처 빌드: 꼼수7 (AutoDXT, 200X200)
[2018.11.29-12.24.27:013][  0]LogTexture: Display: 텍스처 빌드: 넌더리8 (AutoDXT, 200X200)
[2018.11.29-12.24.27:013][  0]LogTexture: Display: 텍스처 빌드: 그림자6 (AutoDXT, 200X200)
[2018.11.29-12.24.27:013][  0]LogTexture: Display: 텍스처 빌드: 곰비임비5 (AutoDXT, 200X200)
[2018.11.29-12.24.27:013][  0]LogTexture: Display: 텍스처 빌드: 고갱이4 (AutoDXT, 200X200)
[2018.11.29-12.24.27:013][  0]LogTexture: Display: 텍스처 빌드: 개부심3 (AutoDXT, 200X200)
[2018.11.29-12.24.27:013][  0]LogTexture: Display: 텍스처 빌드: 가위2 (AutoDXT, 200X200)
[2018.11.29-12.24.27:013][  0]LogTexture: Display: 텍스처 빌드: 가막새1 (AutoDXT, 200X200)
[2018.11.29-12.24.27:013][  0]LogTexture: Display: 텍스처 빌드: 은색1 (AutoDXT, 252X252)
[2018.11.29-12.24.27:013][  0]LogTexture: Display: 텍스처 빌드: 은색10 (AutoDXT, 252X252)
[2018.11.29-12.24.27:013][  0]LogTexture: Display: 텍스처 빌드: 미스터리_외래어1 (AutoDXT, 200X200)
[2018.11.29-12.24.27:013][  0]LogTexture: Display: 텍스처 빌드: 황금3 (AutoDXT, 200X200)
[2018.11.29-12.24.27:013][  0]LogTexture: Display: 텍스처 빌드: 황금2 (AutoDXT, 200X200)
[2018.11.29-12.24.27:013][  0]LogTexture: Display: 텍스처 빌드: 황금1 (AutoDXT, 200X200)
[2018.11.29-12.24.27:013][  0]LogMaterial: Missing cached shader map for material 러닝셔츠_외래어18_Mat, compiling. 
[2018.11.29-12.24.27:293][  0]LogTexture: Display: 텍스처 빌드: 비스킷_외래어8 (AutoDXT, 200X200)
[2018.11.29-12.24.27:293][  0]LogTexture: Display: 텍스처 빌드: 가스_외래어1 (AutoDXT, 200X200)
[2018.11.29-12.24.27:293][  0]LogTexture: Display: 텍스처 빌드: 부르주아_외래어7 (AutoDXT, 200X200)
[2018.11.29-12.24.27:293][  0]LogTexture: Display: 텍스처 빌드: 보디페인팅_외래어6 (AutoDXT, 200X200)
[2018.11.29-12.24.27:293][  0]LogTexture: Display: 텍스처 빌드: 라벨_외래어14 (AutoDXT, 200X200)
[2018.11.29-12.24.27:293][  0]LogTexture: Display: 텍스처 빌드: 디지털_외래어13 (AutoDXT, 200X200)
[2018.11.29-12.24.27:293][  0]LogTexture: Display: 텍스처 빌드: 도큐먼트_외래어12 (AutoDXT, 200X200)
[2018.11.29-12.24.27:293][  0]LogTexture: Display: 텍스처 빌드: 도넛_외래어11 (AutoDXT, 200X200)
[2018.11.29-12.24.27:293][  0]LogTexture: Display: 텍스처 빌드: 데스크톱_외래어10 (AutoDXT, 200X200)
[2018.11.29-12.24.27:293][  0]LogTexture: Display: 텍스처 빌드: 데뷔_외래어9 (AutoDXT, 200X200)
[2018.11.29-12.24.27:293][  0]LogTexture: Display: 텍스처 빌드: 다큐멘터리_외래어8 (AutoDXT, 200X200)
[2018.11.29-12.24.27:293][  0]LogTexture: Display: 텍스처 빌드: 다이내믹_외래어7 (AutoDXT, 200X200)
[2018.11.29-12.24.27:293][  0]LogTexture: Display: 텍스처 빌드: 뉴턴_외래어6 (AutoDXT, 200X200)
[2018.11.29-12.24.27:293][  0]LogTexture: Display: 텍스처 빌드: 뉘앙스_외래어5 (AutoDXT, 200X200)
[2018.11.29-12.24.27:293][  0]LogTexture: Display: 텍스처 빌드: 내비게이션_외래어4 (AutoDXT, 200X200)
[2018.11.29-12.24.27:293][  0]LogTexture: Display: 텍스처 빌드: 내레이션_외래어3 (AutoDXT, 200X200)
[2018.11.29-12.24.27:293][  0]LogTexture: Display: 텍스처 빌드: 맞춤법배워보기 (BGRA8, 598X688)
[2018.11.29-12.24.27:293][  0]LogTexture: Display: 텍스처 빌드: 그림자17 (AutoDXT, 200X200)
[2018.11.29-12.24.27:293][  0]LogTexture: Display: 텍스처 빌드: 늦마13 (AutoDXT, 200X200)
[2018.11.29-12.24.27:293][  0]LogTexture: Display: 텍스처 빌드: 가마솥2 (AutoDXT, 200X200)
[2018.11.29-12.24.27:293][  0]LogTexture: Display: 텍스처 빌드: 가온누리5 (AutoDXT, 200X200)
[2018.11.29-12.24.27:293][  0]LogTexture: Display: 텍스처 빌드: 개부심8 (AutoDXT, 200X200)
[2018.11.29-12.24.27:293][  0]LogTexture: Display: 텍스처 빌드: 깨소금19 (AutoDXT, 200X200)
[2018.11.29-12.24.27:293][  0]LogTexture: Display: 텍스처 빌드: 길라잡이18 (AutoDXT, 200X200)
[2018.11.29-12.24.27:293][  0]LogTexture: Display: 텍스처 빌드: 나이배기20 (AutoDXT, 200X200)
[2018.11.29-12.24.27:293][  0]LogTexture: Display: 텍스처 빌드: 색소폰_외래어11 (AutoDXT, 200X200)
[2018.11.29-12.24.27:293][  0]LogTexture: Display: 텍스처 빌드: 사이버_외래어10 (AutoDXT, 200X200)
[2018.11.29-12.24.27:293][  0]LogTexture: Display: 텍스처 빌드: 비즈니스_외래어9 (AutoDXT, 200X200)
[2018.11.29-12.24.27:293][  0]LogTexture: Display: 텍스처 빌드: 레슨_외래어20 (AutoDXT, 200X200)
[2018.11.29-12.24.27:293][  0]LogTexture: Display: 텍스처 빌드: 레모네이드_외래어19 (AutoDXT, 200X200)
[2018.11.29-12.24.27:293][  0]LogTexture: Display: 텍스처 빌드: 랑데부_외래어17 (AutoDXT, 200X200)
[2018.11.29-12.24.27:293][  0]LogTexture: Display: 텍스처 빌드: 랍스터_외래어16 (AutoDXT, 200X200)
[2018.11.29-12.24.27:293][  0]LogTexture: Display: 텍스처 빌드: 라켓_외래어15 (AutoDXT, 200X200)
[2018.11.29-12.24.27:293][  0]LogTexture: Display: 텍스처 빌드: 가리사니1 (AutoDXT, 200X200)
[2018.11.29-12.24.27:293][  0]LogMaterial: Missing cached shader map for material DefaultSpriteMaterial, compiling. 
[2018.11.29-12.24.27:339][  0]LogTexture: Display: 텍스처 빌드: 망치1 (AutoDXT, 524X524)
[2018.11.29-12.24.27:339][  0]LogTexture: Display: 텍스처 빌드: 망치7 (AutoDXT, 524X524)
[2018.11.29-12.24.27:339][  0]LogTexture: Display: 텍스처 빌드: 망치6 (AutoDXT, 524X524)
[2018.11.29-12.24.27:339][  0]LogTexture: Display: 텍스처 빌드: 망치5 (AutoDXT, 524X524)
[2018.11.29-12.24.27:339][  0]LogMaterial: Missing cached shader map for material 고무_외래어2_Mat, compiling. 
[2018.11.29-12.24.27:634][  0]LogTexture: Display: 텍스처 빌드: 망치4 (AutoDXT, 524X524)
[2018.11.29-12.24.27:634][  0]LogTexture: Display: 텍스처 빌드: 망치2 (AutoDXT, 524X524)
[2018.11.29-12.24.27:634][  0]LogTexture: Display: 텍스처 빌드: 망치3 (AutoDXT, 524X524)
[2018.11.29-12.24.27:634][  0]LogTexture: Display: 텍스처 빌드: 망치8 (AutoDXT, 524X524)
[2018.11.29-12.24.27:634][  0]LogTexture: Display: 텍스처 빌드: 가막새3 (AutoDXT, 200X200)
[2018.11.29-12.24.27:634][  0]LogTexture: Display: 텍스처 빌드: 가뭄4 (AutoDXT, 200X200)
[2018.11.29-12.24.27:634][  0]LogTexture: Display: 텍스처 빌드: 갈림길7 (AutoDXT, 200X200)
[2018.11.29-12.24.27:634][  0]LogTexture: Display: 텍스처 빌드: 가위6 (AutoDXT, 200X200)
[2018.11.29-12.24.27:634][  0]LogTexture: Display: 텍스처 빌드: 거스름돈9 (AutoDXT, 200X200)
[2018.11.29-12.24.27:634][  0]LogTexture: Display: 텍스처 빌드: 거짓말10 (AutoDXT, 200X200)
[2018.11.29-12.24.27:634][  0]LogTexture: Display: 텍스처 빌드: 게염11 (AutoDXT, 200X200)
[2018.11.29-12.24.27:634][  0]LogTexture: Display: 텍스처 빌드: 고래실12 (AutoDXT, 200X200)
[2018.11.29-12.24.27:634][  0]LogTexture: Display: 텍스처 빌드: 고빗사위13 (AutoDXT, 200X200)
[2018.11.29-12.24.27:634][  0]LogTexture: Display: 텍스처 빌드: 고뿔14 (AutoDXT, 200X200)
[2018.11.29-12.24.27:634][  0]LogTexture: Display: 텍스처 빌드: 곰비임비15 (AutoDXT, 200X200)
[2018.11.29-12.24.27:634][  0]LogTexture: Display: 텍스처 빌드: 굴레16 (AutoDXT, 200X200)
[2018.11.29-12.24.27:635][  0]LogTexture: Display: 텍스처 빌드: 보디랭귀지_외래어5 (AutoDXT, 200X200)
[2018.11.29-12.24.27:635][  0]LogTexture: Display: 텍스처 빌드: 베란다_외래어3 (AutoDXT, 200X200)
[2018.11.29-12.24.27:635][  0]LogTexture: Display: 텍스처 빌드: 보디가드_외래어4 (AutoDXT, 200X200)
[2018.11.29-12.24.27:635][  0]LogTexture: Display: 텍스처 빌드: 백신_외래어2 (AutoDXT, 200X200)
[2018.11.29-12.24.27:635][  0]LogTexture: Display: 텍스처 빌드: 은색4 (AutoDXT, 252X252)
[2018.11.29-12.24.27:635][  0]LogTexture: Display: 텍스처 빌드: 은색3 (AutoDXT, 252X252)
[2018.11.29-12.24.27:635][  0]LogTexture: Display: 텍스처 빌드: 은색2 (AutoDXT, 252X252)
[2018.11.29-12.24.27:635][  0]LogTexture: Display: 텍스처 빌드: 센터_외래어20 (AutoDXT, 200X200)
[2018.11.29-12.24.27:635][  0]LogTexture: Display: 텍스처 빌드: 센세이션_외래어19 (AutoDXT, 200X200)
[2018.11.29-12.24.27:635][  0]LogTexture: Display: 텍스처 빌드: 세트_외래어17 (AutoDXT, 200X200)
[2018.11.29-12.24.27:635][  0]LogTexture: Display: 텍스처 빌드: 센강_외래어18 (AutoDXT, 200X200)
[2018.11.29-12.24.27:635][  0]LogTexture: Display: 텍스처 빌드: 세리머니_외래어15 (AutoDXT, 200X200)
[2018.11.29-12.24.27:833][  0]LogTexture: Display: 텍스처 빌드: 세션_외래어16 (AutoDXT, 200X200)
[2018.11.29-12.24.27:833][  0]LogTexture: Display: 텍스처 빌드: 선탠_외래어14 (AutoDXT, 200X200)
[2018.11.29-12.24.27:833][  0]LogTexture: Display: 텍스처 빌드: 서비스_외래어13 (AutoDXT, 200X200)
[2018.11.29-12.24.27:833][  0]LogTexture: Display: 텍스처 빌드: 샹들리에_외래어12 (AutoDXT, 200X200)
[2018.11.29-12.24.27:833][  0]LogTexture: Display: 텍스처 빌드: 은색9 (AutoDXT, 252X252)
[2018.11.29-12.24.27:833][  0]LogTexture: Display: 텍스처 빌드: 은색8 (AutoDXT, 252X252)
[2018.11.29-12.24.27:833][  0]LogTexture: Display: 텍스처 빌드: 은색7 (AutoDXT, 252X252)
[2018.11.29-12.24.27:833][  0]LogTexture: Display: 텍스처 빌드: 은색6 (AutoDXT, 252X252)
[2018.11.29-12.24.27:833][  0]LogTexture: Display: 텍스처 빌드: 은색5 (AutoDXT, 252X252)
[2018.11.29-12.24.27:833][  0]LogMaterial: Missing cached shader map for material 황금4_Mat, compiling. 
[2018.11.29-12.24.27:967][  0]LogMaterial: Missing cached shader map for material 가방_외래어_Mat, compiling. 
[2018.11.29-12.24.28:109][  0]LogMaterial: Missing cached shader map for material 도린곁20_Mat, compiling. 
[2018.11.29-12.24.28:157][  0]LogMaterial: Missing cached shader map for material 도리기19_Mat, compiling. 
[2018.11.29-12.24.28:209][  0]LogMaterial: Missing cached shader map for material 도거리18_Mat, compiling. 
[2018.11.29-12.24.28:267][  0]LogMaterial: Missing cached shader map for material 덤터기17_Mat, compiling. 
[2018.11.29-12.24.28:329][  0]LogMaterial: Missing cached shader map for material 댓바람16_Mat, compiling. 
[2018.11.29-12.24.28:397][  0]LogMaterial: Missing cached shader map for material 대두리15_Mat, compiling. 
[2018.11.29-12.24.28:450][  0]LogMaterial: Missing cached shader map for material 다복솔14_Mat, compiling. 
[2018.11.29-12.24.28:501][  0]LogMaterial: Missing cached shader map for material 노을12_Mat, compiling. 
[2018.11.29-12.24.28:552][  0]LogMaterial: Missing cached shader map for material 노박이로11_Mat, compiling. 
[2018.11.29-12.24.28:605][  0]LogMaterial: Missing cached shader map for material 노루잠10_Mat, compiling. 
[2018.11.29-12.24.28:650][  0]LogMaterial: Missing cached shader map for material 노루목9_Mat, compiling. 
[2018.11.29-12.24.28:699][  0]LogMaterial: Missing cached shader map for material 넌더리8_Mat, compiling. 
[2018.11.29-12.24.28:743][  0]LogMaterial: Missing cached shader map for material 꼼수7_Mat, compiling. 
[2018.11.29-12.24.28:810][  0]LogMaterial: Missing cached shader map for material 그림자6_Mat, compiling. 
[2018.11.29-12.24.28:862][  0]LogMaterial: Missing cached shader map for material 곰비임비5_Mat, compiling. 
[2018.11.29-12.24.28:908][  0]LogMaterial: Missing cached shader map for material 고갱이4_Mat, compiling. 
[2018.11.29-12.24.28:954][  0]LogMaterial: Missing cached shader map for material 개부심3_Mat, compiling. 
[2018.11.29-12.24.29:005][  0]LogMaterial: Missing cached shader map for material 가위2_Mat, compiling. 
[2018.11.29-12.24.29:052][  0]LogMaterial: Missing cached shader map for material 가막새1_Mat, compiling. 
[2018.11.29-12.24.29:254][  0]LogMaterial: Missing cached shader map for material 미스터리_외래어1_Mat, compiling. 
[2018.11.29-12.24.29:365][  0]LogMaterial: Missing cached shader map for material 황금3_Mat, compiling. 
[2018.11.29-12.24.29:413][  0]LogMaterial: Missing cached shader map for material 황금2_Mat, compiling. 
[2018.11.29-12.24.29:461][  0]LogMaterial: Missing cached shader map for material 황금1_Mat, compiling. 
[2018.11.29-12.24.29:509][  0]LogMaterial: Missing cached shader map for material 가스_외래어1_Mat, compiling. 
[2018.11.29-12.24.29:558][  0]LogAudioDerivedData: Display: OGG 압축 오디오 포맷 맞음 웨이브 빌드중...
[2018.11.29-12.24.29:632][  0]LogMaterial: Missing cached shader map for material 비스킷_외래어8_Mat, compiling. 
[2018.11.29-12.24.29:681][  0]LogMaterial: Missing cached shader map for material 부르주아_외래어7_Mat, compiling. 
[2018.11.29-12.24.29:734][  0]LogMaterial: Missing cached shader map for material 보디페인팅_외래어6_Mat, compiling. 
[2018.11.29-12.24.29:789][  0]LogMaterial: Missing cached shader map for material 라벨_외래어14_Mat, compiling. 
[2018.11.29-12.24.29:845][  0]LogMaterial: Missing cached shader map for material 디지털_외래어13_Mat, compiling. 
[2018.11.29-12.24.29:891][  0]LogMaterial: Missing cached shader map for material 도큐먼트_외래어12_Mat, compiling. 
[2018.11.29-12.24.29:972][  0]LogMaterial: Missing cached shader map for material 도넛_외래어11_Mat, compiling. 
[2018.11.29-12.24.30:036][  0]LogMaterial: Missing cached shader map for material 데스크톱_외래어10_Mat, compiling. 
[2018.11.29-12.24.30:106][  0]LogMaterial: Missing cached shader map for material 데뷔_외래어9_Mat, compiling. 
[2018.11.29-12.24.30:159][  0]LogMaterial: Missing cached shader map for material 다큐멘터리_외래어8_Mat, compiling. 
[2018.11.29-12.24.30:208][  0]LogMaterial: Missing cached shader map for material 다이내믹_외래어7_Mat, compiling. 
[2018.11.29-12.24.30:280][  0]LogMaterial: Missing cached shader map for material 뉴턴_외래어6_Mat, compiling. 
[2018.11.29-12.24.30:338][  0]LogMaterial: Missing cached shader map for material 뉘앙스_외래어5_Mat, compiling. 
[2018.11.29-12.24.30:390][  0]LogMaterial: Missing cached shader map for material 내비게이션_외래어4_Mat, compiling. 
[2018.11.29-12.24.30:440][  0]LogMaterial: Missing cached shader map for material 내레이션_외래어3_Mat, compiling. 
[2018.11.29-12.24.30:610][  0]LogMaterial: Missing cached shader map for material 그림자17_Mat, compiling. 
[2018.11.29-12.24.30:655][  0]LogMaterial: Missing cached shader map for material 늦마13_Mat, compiling. 
[2018.11.29-12.24.30:737][  0]LogMaterial: Missing cached shader map for material 가막새3_Mat, compiling. 
[2018.11.29-12.24.30:800][  0]LogMaterial: Missing cached shader map for material 가마솥2_Mat, compiling. 
[2018.11.29-12.24.30:879][  0]LogMaterial: Missing cached shader map for material 가위6_Mat, compiling. 
[2018.11.29-12.24.30:951][  0]LogMaterial: Missing cached shader map for material 가온누리5_Mat, compiling. 
[2018.11.29-12.24.31:012][  0]LogMaterial: Missing cached shader map for material 개부심8_Mat, compiling. 
[2018.11.29-12.24.31:072][  0]LogMaterial: Missing cached shader map for material 거스름돈9_Mat, compiling. 
[2018.11.29-12.24.31:121][  0]LogMaterial: Missing cached shader map for material 나이배기20_Mat, compiling. 
[2018.11.29-12.24.31:208][  0]LogMaterial: Missing cached shader map for material 길라잡이18_Mat, compiling. 
[2018.11.29-12.24.31:287][  0]LogMaterial: Missing cached shader map for material 깨소금19_Mat, compiling. 
[2018.11.29-12.24.31:345][  0]LogAudioDerivedData: Display: OGG 압축 오디오 포맷 틀림 웨이브 빌드중...
[2018.11.29-12.24.31:362][  0]LogMaterial: Missing cached shader map for material 색소폰_외래어11_Mat, compiling. 
[2018.11.29-12.24.31:409][  0]LogMaterial: Missing cached shader map for material 사이버_외래어10_Mat, compiling. 
[2018.11.29-12.24.31:459][  0]LogMaterial: Missing cached shader map for material 비즈니스_외래어9_Mat, compiling. 
[2018.11.29-12.24.31:553][  0]LogMaterial: Missing cached shader map for material 레슨_외래어20_Mat, compiling. 
[2018.11.29-12.24.31:611][  0]LogMaterial: Missing cached shader map for material 레모네이드_외래어19_Mat, compiling. 
[2018.11.29-12.24.31:661][  0]LogMaterial: Missing cached shader map for material 랑데부_외래어17_Mat, compiling. 
[2018.11.29-12.24.31:711][  0]LogMaterial: Missing cached shader map for material 랍스터_외래어16_Mat, compiling. 
[2018.11.29-12.24.31:757][  0]LogMaterial: Missing cached shader map for material 라켓_외래어15_Mat, compiling. 
[2018.11.29-12.24.31:809][  0]LogMaterial: Missing cached shader map for material 가리사니1_Mat, compiling. 
[2018.11.29-12.24.31:875][  0]LogMaterial: Missing cached shader map for material 가뭄4_Mat, compiling. 
[2018.11.29-12.24.31:926][  0]LogMaterial: Missing cached shader map for material 갈림길7_Mat, compiling. 
[2018.11.29-12.24.31:990][  0]LogMaterial: Missing cached shader map for material 거짓말10_Mat, compiling. 
[2018.11.29-12.24.32:041][  0]LogMaterial: Missing cached shader map for material 게염11_Mat, compiling. 
[2018.11.29-12.24.32:088][  0]LogMaterial: Missing cached shader map for material 고래실12_Mat, compiling. 
[2018.11.29-12.24.32:138][  0]LogMaterial: Missing cached shader map for material 고빗사위13_Mat, compiling. 
[2018.11.29-12.24.32:283][  0]LogMaterial: Missing cached shader map for material 고뿔14_Mat, compiling. 
[2018.11.29-12.24.32:335][  0]LogMaterial: Missing cached shader map for material 곰비임비15_Mat, compiling. 
[2018.11.29-12.24.32:418][  0]LogMaterial: Missing cached shader map for material 굴레16_Mat, compiling. 
[2018.11.29-12.24.32:465][  0]LogMaterial: Missing cached shader map for material 보디랭귀지_외래어5_Mat, compiling. 
[2018.11.29-12.24.32:513][  0]LogMaterial: Missing cached shader map for material 보디가드_외래어4_Mat, compiling. 
[2018.11.29-12.24.32:564][  0]LogMaterial: Missing cached shader map for material 베란다_외래어3_Mat, compiling. 
[2018.11.29-12.24.32:608][  0]LogMaterial: Missing cached shader map for material 백신_외래어2_Mat, compiling. 
[2018.11.29-12.24.32:674][  0]LogMaterial: Missing cached shader map for material 센터_외래어20_Mat, compiling. 
[2018.11.29-12.24.32:720][  0]LogMaterial: Missing cached shader map for material 센세이션_외래어19_Mat, compiling. 
[2018.11.29-12.24.32:764][  0]LogMaterial: Missing cached shader map for material 센강_외래어18_Mat, compiling. 
[2018.11.29-12.24.32:808][  0]LogMaterial: Missing cached shader map for material 세트_외래어17_Mat, compiling. 
[2018.11.29-12.24.32:856][  0]LogMaterial: Missing cached shader map for material 세션_외래어16_Mat, compiling. 
[2018.11.29-12.24.32:913][  0]LogMaterial: Missing cached shader map for material 세리머니_외래어15_Mat, compiling. 
[2018.11.29-12.24.32:986][  0]LogMaterial: Missing cached shader map for material 선탠_외래어14_Mat, compiling. 
[2018.11.29-12.24.33:043][  0]LogMaterial: Missing cached shader map for material 서비스_외래어13_Mat, compiling. 
[2018.11.29-12.24.33:095][  0]LogMaterial: Missing cached shader map for material 샹들리에_외래어12_Mat, compiling. 
[2018.11.29-12.24.33:148][  0]LogAudioDerivedData: Display: OGG 압축 오디오 포맷 미션실패 웨이브 빌드중...
[2018.11.29-12.24.33:177][  0]LogAudioDerivedData: Display: OGG 압축 오디오 포맷 인게임음악 웨이브 빌드중...
[2018.11.29-12.24.34:435][  0]LogAIModule: Creating AISystem for world MainGame
[2018.11.29-12.24.34:937][  0]LogEditorServer: Finished looking for orphan Actors (0.000 secs)
[2018.11.29-12.24.35:156][  0]Cmd: MAP CHECKDEP NOCLEARLOG
[2018.11.29-12.24.35:370][  0]MapCheck: 맵 체크 완료: 오류 0 회, 경고 0 회, 소요 시간 210.999ms.
[2018.11.29-12.24.35:375][  0]LogFileHelpers: Loading map 'MainGame' took 11.980
[2018.11.29-12.24.37:358][  0]LogCollectionManager: Loaded 0 collections in 0.003227 seconds
[2018.11.29-12.24.37:559][  0]LogFileCache: Scanning file cache for directory 'D:/GitHub/GameJam/GameGem/Saved/Collections/' took 0.02s
[2018.11.29-12.24.37:559][  0]LogFileCache: Scanning file cache for directory 'D:/GitHub/GameJam/GameGem/Content/Developers/user/Collections/' took 0.01s
[2018.11.29-12.24.37:559][  0]LogFileCache: Scanning file cache for directory 'D:/GitHub/GameJam/GameGem/Content/Collections/' took 0.01s
[2018.11.29-12.24.37:559][  0]LogCollectionManager: Rebuilt the GUID cache for 0 collections in 0.000000 seconds
[2018.11.29-12.24.37:587][  0]LogContentBrowser: Native class hierarchy populated in 0.0144 seconds. Added 2363 classes and 519 folders.
[2018.11.29-12.24.37:789][  0]LogContentBrowser: Native class hierarchy updated for 'WidgetCarousel' in 0.0003 seconds. Added 0 classes and 0 folders.
[2018.11.29-12.24.38:673][  0]LogContentBrowser: Native class hierarchy updated for 'AddContentDialog' in 0.0003 seconds. Added 0 classes and 0 folders.
[2018.11.29-12.24.38:810][  0]LogContentBrowser: Native class hierarchy updated for 'SceneOutliner' in 0.0004 seconds. Added 1 classes and 2 folders.
[2018.11.29-12.24.39:910][  0]LogContentBrowser: Native class hierarchy updated for 'HierarchicalLODOutliner' in 0.0005 seconds. Added 1 classes and 2 folders.
[2018.11.29-12.24.39:910][  0]LogLoad: (Engine Initialization) Total time: 91.79 seconds
[2018.11.29-12.24.39:910][  0]LogLoad: (Engine Initialization) Total Blueprint compile time: 0.00 seconds
[2018.11.29-12.24.39:921][  0]LogExternalProfiler: No external profilers were discovered.  External profiling features will not be available.
[2018.11.29-12.24.40:739][  0]LogContentStreaming: Texture pool size now 1000 MB
[2018.11.29-12.24.40:889][  0]LogSlate: Took 0.014593 seconds to synchronously load lazily loaded font '../../../Engine/Content/Slate/Fonts/Roboto-Regular.ttf' (155K)
[2018.11.29-12.24.41:011][  0]LogSlate: Took 0.108985 seconds to synchronously load lazily loaded font '../../../Engine/Content/Slate/Fonts/NanumGothic.ttf' (4243K)
[2018.11.29-12.24.41:024][  0]LogSlate: Took 0.012745 seconds to synchronously load lazily loaded font '../../../Engine/Content/Slate/Fonts/Roboto-Bold.ttf' (160K)
[2018.11.29-12.24.41:073][  0]LogSlate: Took 0.017011 seconds to synchronously load lazily loaded font '../../../Engine/Content/Editor/Slate/Fonts/FontAwesome.ttf' (139K)
[2018.11.29-12.24.41:809][  0]LogRenderer: Reallocating scene render targets to support 976x484 Format 10 NumSamples 1 (Frame:1).
[2018.11.29-12.24.42:443][  1]LogSlate: Took 0.012758 seconds to synchronously load lazily loaded font '../../../Engine/Content/Slate/Fonts/Roboto-Light.ttf' (159K)
[2018.11.29-12.24.42:586][  2]LogSlate: Took 0.000282 seconds to synchronously load lazily loaded font '../../../Engine/Content/Slate/Fonts/Roboto-Light.ttf' (159K)
[2018.11.29-12.24.43:066][  2]LogContentBrowser: Native class hierarchy updated for 'BlueprintGraph' in 0.0007 seconds. Added 116 classes and 0 folders.
[2018.11.29-12.24.45:397][  2]LogSlate: Took 0.022800 seconds to synchronously load lazily loaded font '../../../Engine/Content/Editor/Slate/Fonts/Roboto-BoldCondensed.ttf' (158K)
[2018.11.29-12.24.46:281][  3]LogSlate: Took 0.016945 seconds to synchronously load lazily loaded font '../../../Engine/Content/Editor/Slate/Fonts/Roboto-Italic.ttf' (157K)
[2018.11.29-12.24.52:924][ 23]LogAssetRegistry: Asset discovery search completed in 71.4932 seconds
[2018.11.29-12.24.52:945][ 23]LogCollectionManager: Rebuilt the object cache for 0 collections in 0.000000 seconds (found 0 objects)
[2018.11.29-12.24.52:945][ 23]LogCollectionManager: Fixed up redirectors for 0 collections in 0.006875 seconds (updated 0 objects)
[2018.11.29-12.24.56:013][145]LogRenderer: Reallocating scene render targets to support 1312x604 Format 10 NumSamples 1 (Frame:2).
[2018.11.29-12.24.56:687][194]LogTemp: Repeating last play command: 새 에디터 창 (PIE)
[2018.11.29-12.24.56:962][194]LogBlueprintUserMessages: Early PlayInEditor Detection: Level '/Game/PuzzleBP/Maps/MainGame.MainGame:PersistentLevel' has LevelScriptBlueprint '/Game/PuzzleBP/Maps/MainGame.MainGame:PersistentLevel.MainGame' with GeneratedClass '/Game/PuzzleBP/Maps/MainGame.MainGame_C' with ClassGeneratedBy '/Game/PuzzleBP/Maps/MainGame.MainGame:PersistentLevel.MainGame'
[2018.11.29-12.24.56:977][194]LogPlayLevel: PlayLevel: No blueprints needed recompiling
[2018.11.29-12.24.57:028][194]PIE: New page: PIE 세션: MainGame (2018. 11. 30. 오전 6:24:56)
[2018.11.29-12.24.57:039][194]LogPlayLevel: Creating play world package: /Game/PuzzleBP/Maps/UEDPIE_0_MainGame
[2018.11.29-12.24.57:097][194]LogPlayLevel: PIE: StaticDuplicateObject took: (0.057828s)
[2018.11.29-12.24.57:097][194]LogAIModule: Creating AISystem for world MainGame
[2018.11.29-12.24.57:098][194]LogPlayLevel: PIE: World Init took: (0.000837s)
[2018.11.29-12.24.57:105][194]LogPlayLevel: PIE: Created PIE world by copying editor world from /Game/PuzzleBP/Maps/MainGame.MainGame to /Game/PuzzleBP/Maps/UEDPIE_0_MainGame.MainGame (0.065619s)
[2018.11.29-12.24.57:178][194]LogInit: XAudio2 using '스피커(Realtek High Definition Audio)' : 2 channels at 48 kHz using 32 bits per sample (channel mask 0x3)
[2018.11.29-12.24.57:210][194]LogInit: FAudioDevice initialized.
[2018.11.29-12.24.57:313][194]LogLoad: Game class is 'PuzzleGameMode_C'
[2018.11.29-12.24.57:391][194]LogWorld: Bringing World /Game/PuzzleBP/Maps/UEDPIE_0_MainGame.MainGame up for play (max tick rate 0) at 2018.11.29-21.24.57
[2018.11.29-12.24.57:400][194]LogWorld: Bringing up level for play took: 0.011323
[2018.11.29-12.24.57:537][194]LogContentBrowser: Native class hierarchy updated for 'MovieSceneCapture' in 0.0003 seconds. Added 11 classes and 0 folders.
[2018.11.29-12.24.57:767][194]PIE: /Game/PuzzleBP/Maps/UEDPIE_0_MainGame 에 대한 에디터에서 플레이 시작 시간: 0.925
[2018.11.29-12.24.57:768][194]LogBlueprintUserMessages: Late PlayInEditor Detection: Level '/Game/PuzzleBP/Maps/MainGame.MainGame:PersistentLevel' has LevelScriptBlueprint '/Game/PuzzleBP/Maps/MainGame.MainGame:PersistentLevel.MainGame' with GeneratedClass '/Game/PuzzleBP/Maps/MainGame.MainGame_C' with ClassGeneratedBy '/Game/PuzzleBP/Maps/MainGame.MainGame:PersistentLevel.MainGame'
[2018.11.29-12.24.57:864][194]LogRenderer: Reallocating scene render targets to support 1312x756 Format 10 NumSamples 1 (Frame:1).
[2018.11.29-12.25.08:447][125]LogBlueprintUserMessages: Early EndPlayMap Detection: Level '/Game/PuzzleBP/Maps/MainGame.MainGame:PersistentLevel' has LevelScriptBlueprint '/Game/PuzzleBP/Maps/MainGame.MainGame:PersistentLevel.MainGame' with GeneratedClass '/Game/PuzzleBP/Maps/MainGame.MainGame_C' with ClassGeneratedBy '/Game/PuzzleBP/Maps/MainGame.MainGame:PersistentLevel.MainGame'
[2018.11.29-12.25.08:598][125]LogBlueprintUserMessages: Late EndPlayMap Detection: Level '/Game/PuzzleBP/Maps/MainGame.MainGame:PersistentLevel' has LevelScriptBlueprint '/Game/PuzzleBP/Maps/MainGame.MainGame:PersistentLevel.MainGame' with GeneratedClass '/Game/PuzzleBP/Maps/MainGame.MainGame_C' with ClassGeneratedBy '/Game/PuzzleBP/Maps/MainGame.MainGame:PersistentLevel.MainGame'
[2018.11.29-12.25.23:754][185]LogTemp: Repeating last play command: 새 에디터 창 (PIE)
[2018.11.29-12.25.23:785][185]LogBlueprintUserMessages: Early PlayInEditor Detection: Level '/Game/PuzzleBP/Maps/MainGame.MainGame:PersistentLevel' has LevelScriptBlueprint '/Game/PuzzleBP/Maps/MainGame.MainGame:PersistentLevel.MainGame' with GeneratedClass '/Game/PuzzleBP/Maps/MainGame.MainGame_C' with ClassGeneratedBy '/Game/PuzzleBP/Maps/MainGame.MainGame:PersistentLevel.MainGame'
[2018.11.29-12.25.23:785][185]LogPlayLevel: PlayLevel: No blueprints needed recompiling
[2018.11.29-12.25.23:785][185]PIE: New page: PIE 세션: MainGame (2018. 11. 30. 오전 6:25:23)
[2018.11.29-12.25.23:786][185]LogPlayLevel: Creating play world package: /Game/PuzzleBP/Maps/UEDPIE_0_MainGame
[2018.11.29-12.25.23:804][185]LogPlayLevel: PIE: StaticDuplicateObject took: (0.018629s)
[2018.11.29-12.25.23:805][185]LogAIModule: Creating AISystem for world MainGame
[2018.11.29-12.25.23:805][185]LogPlayLevel: PIE: World Init took: (0.000583s)
[2018.11.29-12.25.23:805][185]LogPlayLevel: PIE: Created PIE world by copying editor world from /Game/PuzzleBP/Maps/MainGame.MainGame to /Game/PuzzleBP/Maps/UEDPIE_0_MainGame.MainGame (0.019493s)
[2018.11.29-12.25.23:849][185]LogInit: XAudio2 using '스피커(Realtek High Definition Audio)' : 2 channels at 48 kHz using 32 bits per sample (channel mask 0x3)
[2018.11.29-12.25.23:883][185]LogInit: FAudioDevice initialized.
[2018.11.29-12.25.23:947][185]LogLoad: Game class is 'PuzzleGameMode_C'
[2018.11.29-12.25.23:948][185]LogWorld: Bringing World /Game/PuzzleBP/Maps/UEDPIE_0_MainGame.MainGame up for play (max tick rate 0) at 2018.11.29-21.25.23
[2018.11.29-12.25.23:949][185]LogWorld: Bringing up level for play took: 0.001097
[2018.11.29-12.25.23:956][185]PIE: /Game/PuzzleBP/Maps/UEDPIE_0_MainGame 에 대한 에디터에서 플레이 시작 시간: 1.114
[2018.11.29-12.25.23:956][185]LogBlueprintUserMessages: Late PlayInEditor Detection: Level '/Game/PuzzleBP/Maps/MainGame.MainGame:PersistentLevel' has LevelScriptBlueprint '/Game/PuzzleBP/Maps/MainGame.MainGame:PersistentLevel.MainGame' with GeneratedClass '/Game/PuzzleBP/Maps/MainGame.MainGame_C' with ClassGeneratedBy '/Game/PuzzleBP/Maps/MainGame.MainGame:PersistentLevel.MainGame'
[2018.11.29-12.25.54:961][350]LogBlueprintUserMessages: Early EndPlayMap Detection: Level '/Game/PuzzleBP/Maps/MainGame.MainGame:PersistentLevel' has LevelScriptBlueprint '/Game/PuzzleBP/Maps/MainGame.MainGame:PersistentLevel.MainGame' with GeneratedClass '/Game/PuzzleBP/Maps/MainGame.MainGame_C' with ClassGeneratedBy '/Game/PuzzleBP/Maps/MainGame.MainGame:PersistentLevel.MainGame'
[2018.11.29-12.25.54:993][350]LogBlueprintUserMessages: Late EndPlayMap Detection: Level '/Game/PuzzleBP/Maps/MainGame.MainGame:PersistentLevel' has LevelScriptBlueprint '/Game/PuzzleBP/Maps/MainGame.MainGame:PersistentLevel.MainGame' with GeneratedClass '/Game/PuzzleBP/Maps/MainGame.MainGame_C' with ClassGeneratedBy '/Game/PuzzleBP/Maps/MainGame.MainGame:PersistentLevel.MainGame'
[2018.11.29-12.25.56:208][414]LogWindowsTextInputMethodSystem: Display: IME system now activated using TSF (Microsoft 입력기).
[2018.11.29-12.25.56:600][415]Cmd: QUIT_EDITOR
[2018.11.29-12.25.57:797][415]LogExit: Preparing to exit.
[2018.11.29-12.25.58:330][415]LogDirectoryWatcher: A directory notification for 'D:/GitHub/GameJam/GameGem/Content/' was aborted.
[2018.11.29-12.25.58:495][415]LogExit: Editor shut down
[2018.11.29-12.25.58:499][415]LogExit: Transaction tracking system shut down
[2018.11.29-12.25.58:948][415]LogDirectoryWatcher: A directory notification for '../../../Engine/Content/' was aborted.
[2018.11.29-12.25.58:948][415]LogDirectoryWatcher: A directory notification for '../../../../../GitHub/GameJam/GameGem/Content/' was aborted.
[2018.11.29-12.25.58:949][415]LogDirectoryWatcher: A directory notification for '../../../Engine/Plugins/2D/Paper2D/Content/' was aborted.
[2018.11.29-12.25.58:949][415]LogDirectoryWatcher: A directory notification for '../../../Engine/Plugins/Media/MediaCompositing/Content/' was aborted.
[2018.11.29-12.25.58:949][415]LogDirectoryWatcher: A directory notification for '../../../Engine/Plugins/Runtime/AppleARKit/Content/' was aborted.
[2018.11.29-12.25.58:949][415]LogDirectoryWatcher: A directory notification for '../../../Engine/Plugins/Runtime/Oculus/OculusVR/Content/' was aborted.
[2018.11.29-12.25.58:949][415]LogDirectoryWatcher: A directory notification for '../../../Engine/Plugins/Runtime/Steam/SteamVR/Content/' was aborted.
[2018.11.29-12.25.59:987][415]LogExit: Object subsystem successfully closed.
[2018.11.29-12.26.00:177][415]LogD3D11RHI: Shutdown
[2018.11.29-12.26.00:179][415]LogD3D11RHI: CleanupD3DDevice
[2018.11.29-12.26.00:195][415]LogD3D11RHI: ~FD3D11DynamicRHI
[2018.11.29-12.26.00:788][415]LogModuleManager: Shutting down and abandoning module MovieSceneCapture (552)
[2018.11.29-12.26.00:788][415]LogModuleManager: Shutting down and abandoning module BlueprintGraph (550)
[2018.11.29-12.26.00:788][415]LogModuleManager: Shutting down and abandoning module HierarchicalLODOutliner (548)
[2018.11.29-12.26.00:788][415]LogModuleManager: Shutting down and abandoning module SceneOutliner (546)
[2018.11.29-12.26.00:794][415]LogModuleManager: Shutting down and abandoning module AddContentDialog (544)
[2018.11.29-12.26.00:807][415]LogDirectoryWatcher: A directory notification for 'D:/EpicGames/UE_4.18/FeaturePacks/' was aborted.
[2018.11.29-12.26.00:807][415]LogModuleManager: Shutting down and abandoning module WidgetCarousel (543)
[2018.11.29-12.26.00:807][415]LogModuleManager: Shutting down and abandoning module EditorWidgets (540)
[2018.11.29-12.26.00:807][415]LogModuleManager: Shutting down and abandoning module CollectionManager (538)
[2018.11.29-12.26.00:816][415]LogDirectoryWatcher: A directory notification for 'D:/GitHub/GameJam/GameGem/Content/Collections/' was aborted.
[2018.11.29-12.26.00:816][415]LogDirectoryWatcher: A directory notification for 'D:/GitHub/GameJam/GameGem/Content/Developers/user/Collections/' was aborted.
[2018.11.29-12.26.00:816][415]LogDirectoryWatcher: A directory notification for 'D:/GitHub/GameJam/GameGem/Saved/Collections/' was aborted.
[2018.11.29-12.26.00:816][415]LogModuleManager: Shutting down and abandoning module StatsViewer (536)
[2018.11.29-12.26.00:834][415]LogModuleManager: Shutting down and abandoning module FoliageEdit (534)
[2018.11.29-12.26.00:844][415]LogModuleManager: Shutting down and abandoning module LandscapeEditor (532)
[2018.11.29-12.26.00:864][415]LogModuleManager: Shutting down and abandoning module MeshPaintMode (530)
[2018.11.29-12.26.00:874][415]LogModuleManager: Shutting down and abandoning module SceneDepthPickerMode (528)
[2018.11.29-12.26.00:874][415]LogModuleManager: Shutting down and abandoning module ActorPickerMode (526)
[2018.11.29-12.26.00:875][415]LogModuleManager: Shutting down and abandoning module GeometryMode (524)
[2018.11.29-12.26.00:875][415]LogModuleManager: Shutting down and abandoning module TextureAlignMode (522)
[2018.11.29-12.26.00:875][415]LogModuleManager: Shutting down and abandoning module BspMode (520)
[2018.11.29-12.26.00:875][415]LogModuleManager: Shutting down and abandoning module PIEPreviewDeviceProfileSelector (518)
[2018.11.29-12.26.00:875][415]LogModuleManager: Shutting down and abandoning module HardwareSurvey (516)
[2018.11.29-12.26.00:875][415]LogModuleManager: Shutting down and abandoning module SequenceRecorderSections (514)
[2018.11.29-12.26.00:882][415]LogModuleManager: Shutting down and abandoning module AutomationWorker (512)
[2018.11.29-12.26.00:890][415]LogModuleManager: Shutting down and abandoning module MatineeToLevelSequence (510)
[2018.11.29-12.26.00:897][415]LogModuleManager: Shutting down and abandoning module LevelSequenceEditor (508)
[2018.11.29-12.26.00:918][415]LogModuleManager: Shutting down and abandoning module PlacementMode (507)
[2018.11.29-12.26.00:918][415]LogModuleManager: Shutting down and abandoning module WmfMediaFactory (504)
[2018.11.29-12.26.00:918][415]LogModuleManager: Shutting down and abandoning module WmfMediaEditor (502)
[2018.11.29-12.26.00:918][415]LogModuleManager: Shutting down and abandoning module OpenExrWrapper (500)
[2018.11.29-12.26.00:918][415]LogModuleManager: Shutting down and abandoning module ImgMediaFactory (498)
[2018.11.29-12.26.00:918][415]LogModuleManager: Shutting down and abandoning module ImgMediaEditor (496)
[2018.11.29-12.26.00:918][415]LogModuleManager: Shutting down and abandoning module AvfMediaFactory (494)
[2018.11.29-12.26.00:918][415]LogModuleManager: Shutting down and abandoning module AvfMediaEditor (492)
[2018.11.29-12.26.00:918][415]LogModuleManager: Shutting down and abandoning module AndroidMediaFactory (490)
[2018.11.29-12.26.00:918][415]LogModuleManager: Shutting down and abandoning module AndroidMediaEditor (488)
[2018.11.29-12.26.00:918][415]LogModuleManager: Shutting down and abandoning module CharacterAI (486)
[2018.11.29-12.26.00:918][415]LogModuleManager: Shutting down and abandoning module AudioCapture (484)
[2018.11.29-12.26.00:925][415]LogModuleManager: Shutting down and abandoning module SequenceRecorder (483)
[2018.11.29-12.26.00:925][415]LogModuleManager: Shutting down and abandoning module SmartSnapping (480)
[2018.11.29-12.26.00:925][415]LogModuleManager: Shutting down and abandoning module SessionServices (478)
[2018.11.29-12.26.00:925][415]LogModuleManager: Shutting down and abandoning module ViewportSnapping (476)
[2018.11.29-12.26.00:925][415]LogModuleManager: Shutting down and abandoning module ViewportInteraction (474)
[2018.11.29-12.26.00:925][415]LogModuleManager: Shutting down and abandoning module ClothPainter (472)
[2018.11.29-12.26.00:937][415]LogModuleManager: Shutting down and abandoning module SkeletalMeshEditor (471)
[2018.11.29-12.26.00:950][415]LogModuleManager: Shutting down and abandoning module LogVisualizer (468)
[2018.11.29-12.26.00:960][415]LogModuleManager: Shutting down and abandoning module IntroTutorials (466)
[2018.11.29-12.26.00:972][415]LogModuleManager: Shutting down and abandoning module GameProjectGeneration (465)
[2018.11.29-12.26.00:983][415]LogModuleManager: Shutting down and abandoning module IOSPlatformEditor (462)
[2018.11.29-12.26.00:983][415]LogModuleManager: Shutting down and abandoning module HTML5PlatformEditor (460)
[2018.11.29-12.26.00:983][415]LogModuleManager: Shutting down and abandoning module AndroidPlatformEditor (458)
[2018.11.29-12.26.00:983][415]LogModuleManager: Shutting down and abandoning module AndroidDeviceDetection (457)
[2018.11.29-12.26.01:321][415]LogModuleManager: Shutting down and abandoning module WindowsPlatformEditor (454)
[2018.11.29-12.26.01:321][415]LogModuleManager: Shutting down and abandoning module IOSRuntimeSettings (452)
[2018.11.29-12.26.01:321][415]LogModuleManager: Shutting down and abandoning module AndroidRuntimeSettings (450)
[2018.11.29-12.26.01:321][415]LogModuleManager: Shutting down and abandoning module InputBindingEditor (448)
[2018.11.29-12.26.01:334][415]LogModuleManager: Shutting down and abandoning module MergeActors (446)
[2018.11.29-12.26.01:337][415]LogModuleManager: Shutting down and abandoning module SizeMap (444)
[2018.11.29-12.26.01:338][415]LogModuleManager: Shutting down and abandoning module TreeMap (442)
[2018.11.29-12.26.01:346][415]LogModuleManager: Shutting down and abandoning module ReferenceViewer (440)
[2018.11.29-12.26.01:346][415]LogModuleManager: Shutting down and abandoning module LocalizationDashboard (438)
[2018.11.29-12.26.01:351][415]LogModuleManager: Shutting down and abandoning module LocalizationService (437)
[2018.11.29-12.26.01:359][415]LogModuleManager: Shutting down and abandoning module HardwareTargeting (434)
[2018.11.29-12.26.01:359][415]LogModuleManager: Shutting down and abandoning module DeviceProfileEditor (432)
[2018.11.29-12.26.01:359][415]LogModuleManager: Shutting down and abandoning module UndoHistory (430)
[2018.11.29-12.26.01:359][415]LogModuleManager: Shutting down and abandoning module XmlParser (428)
[2018.11.29-12.26.01:369][415]LogModuleManager: Shutting down and abandoning module Blutility (426)
[2018.11.29-12.26.01:369][415]LogModuleManager: Shutting down and abandoning module ProjectSettingsViewer (424)
[2018.11.29-12.26.01:369][415]LogModuleManager: Shutting down and abandoning module ProjectTargetPlatformEditor (423)
[2018.11.29-12.26.01:370][415]LogModuleManager: Shutting down and abandoning module EditorSettingsViewer (420)
[2018.11.29-12.26.01:370][415]LogModuleManager: Shutting down and abandoning module SettingsEditor (418)
[2018.11.29-12.26.01:370][415]LogModuleManager: Shutting down and abandoning module ProjectLauncher (416)
[2018.11.29-12.26.01:383][415]LogModuleManager: Shutting down and abandoning module SessionFrontend (414)
[2018.11.29-12.26.01:396][415]LogModuleManager: Shutting down and abandoning module ProfilerClient (412)
[2018.11.29-12.26.01:409][415]LogModuleManager: Shutting down and abandoning module DeviceManager (410)
[2018.11.29-12.26.01:419][415]LogModuleManager: Shutting down and abandoning module TargetDeviceServices (409)
[2018.11.29-12.26.01:474][415]LogModuleManager: Shutting down and abandoning module AutomationController (406)
[2018.11.29-12.26.01:476][415]LogModuleManager: Shutting down and abandoning module AutomationWindow (404)
[2018.11.29-12.26.01:489][415]LogModuleManager: Shutting down and abandoning module Layers (402)
[2018.11.29-12.26.01:524][415]LogModuleManager: Shutting down and abandoning module ComponentVisualizers (400)
[2018.11.29-12.26.01:524][415]LogModuleManager: Shutting down and abandoning module DetailCustomizations (398)
[2018.11.29-12.26.01:534][415]LogModuleManager: Shutting down and abandoning module PackagesDialog (396)
[2018.11.29-12.26.01:544][415]LogModuleManager: Shutting down and abandoning module Persona (394)
[2018.11.29-12.26.01:575][415]LogModuleManager: Shutting down and abandoning module AdvancedPreviewScene (393)
[2018.11.29-12.26.01:575][415]LogModuleManager: Shutting down and abandoning module AnimGraph (391)
[2018.11.29-12.26.01:575][415]LogModuleManager: Shutting down and abandoning module Kismet (388)
[2018.11.29-12.26.01:589][415]LogModuleManager: Shutting down and abandoning module ClassViewer (386)
[2018.11.29-12.26.01:589][415]LogModuleManager: Shutting down and abandoning module Toolbox (384)
[2018.11.29-12.26.01:589][415]LogModuleManager: Shutting down and abandoning module ModuleUI (382)
[2018.11.29-12.26.01:595][415]LogModuleManager: Shutting down and abandoning module MovieSceneTools (380)
[2018.11.29-12.26.01:606][415]LogModuleManager: Shutting down and abandoning module OutputLog (378)
[2018.11.29-12.26.01:618][415]LogModuleManager: Shutting down and abandoning module GammaUI (376)
[2018.11.29-12.26.01:627][415]LogModuleManager: Shutting down and abandoning module Documentation (374)
[2018.11.29-12.26.01:627][415]LogModuleManager: Shutting down and abandoning module MovieSceneTracks (372)
[2018.11.29-12.26.01:627][415]LogModuleManager: Shutting down and abandoning module MovieScene (370)
[2018.11.29-12.26.01:627][415]LogModuleManager: Shutting down and abandoning module StreamingPauseRendering (368)
[2018.11.29-12.26.01:627][415]LogModuleManager: Shutting down and abandoning module LauncherPlatform (366)
[2018.11.29-12.26.01:627][415]LogModuleManager: Shutting down and abandoning module AnalyticsET (364)
[2018.11.29-12.26.01:627][415]LogModuleManager: Shutting down and abandoning module PortalServices (362)
[2018.11.29-12.26.01:627][415]LogModuleManager: Shutting down and abandoning module PortalRpc (360)
[2018.11.29-12.26.01:627][415]LogModuleManager: Shutting down and abandoning module MessagingRpc (358)
[2018.11.29-12.26.01:627][415]LogModuleManager: Shutting down and abandoning module AIModule (356)
[2018.11.29-12.26.01:627][415]LogModuleManager: Shutting down and abandoning module GameplayDebugger (355)
[2018.11.29-12.26.01:627][415]LogModuleManager: Shutting down and abandoning module AITestSuite (353)
[2018.11.29-12.26.01:628][415]LogModuleManager: Shutting down and abandoning module DesktopPlatform (350)
[2018.11.29-12.26.01:628][415]LogModuleManager: Shutting down and abandoning module ProfilerService (348)
[2018.11.29-12.26.01:815][415]LogModuleManager: Shutting down and abandoning module TaskGraph (346)
[2018.11.29-12.26.01:826][415]LogModuleManager: Shutting down and abandoning module SteamVRController (344)
[2018.11.29-12.26.01:826][415]LogModuleManager: Shutting down and abandoning module ProceduralMeshComponentEditor (342)
[2018.11.29-12.26.01:826][415]LogModuleManager: Shutting down and abandoning module ProceduralMeshComponent (340)
[2018.11.29-12.26.01:831][415]LogModuleManager: Shutting down and abandoning module OculusInput (338)
[2018.11.29-12.26.01:837][415]LogModuleManager: Shutting down and abandoning module MobilePatchingUtils (336)
[2018.11.29-12.26.01:837][415]LogModuleManager: Shutting down and abandoning module CustomMeshComponent (334)
[2018.11.29-12.26.01:837][415]LogModuleManager: Shutting down and abandoning module CableComponent (332)
[2018.11.29-12.26.01:848][415]LogModuleManager: Shutting down and abandoning module ArchVisCharacter (330)
[2018.11.29-12.26.01:848][415]LogModuleManager: Shutting down and abandoning module AndroidPermission (328)
[2018.11.29-12.26.01:848][415]LogModuleManager: Shutting down and abandoning module ActorSequence (324)
[2018.11.29-12.26.01:848][415]LogModuleManager: Shutting down and abandoning module MediaPlayerEditor (322)
[2018.11.29-12.26.01:867][415]LogModuleManager: Shutting down and abandoning module MediaCompositingEditor (320)
[2018.11.29-12.26.01:867][415]LogModuleManager: Shutting down and abandoning module MediaCompositing (318)
[2018.11.29-12.26.01:867][415]LogModuleManager: Shutting down and abandoning module HTML5Networking (316)
[2018.11.29-12.26.01:867][415]LogModuleManager: Shutting down and abandoning module AlembicImporter (314)
[2018.11.29-12.26.01:876][415]LogModuleManager: Shutting down and abandoning module AlembicLibrary (313)
[2018.11.29-12.26.01:876][415]LogModuleManager: Shutting down and abandoning module GeometryCache (312)
[2018.11.29-12.26.01:886][415]LogModuleManager: Shutting down and abandoning module GeometryCacheEd (311)
[2018.11.29-12.26.01:886][415]LogModuleManager: Shutting down and abandoning module SpeedTreeImporter (306)
[2018.11.29-12.26.01:886][415]LogModuleManager: Shutting down and abandoning module PluginBrowser (304)
[2018.11.29-12.26.01:897][415]LogModuleManager: Shutting down and abandoning module MobileLauncherProfileWizard (302)
[2018.11.29-12.26.01:906][415]LogModuleManager: Shutting down and abandoning module VisualStudioSourceCodeAccess (300)
[2018.11.29-12.26.01:906][415]LogModuleManager: Shutting down and abandoning module VisualStudioCodeSourceCodeAccess (298)
[2018.11.29-12.26.01:906][415]LogModuleManager: Shutting down and abandoning module UObjectPlugin (296)
[2018.11.29-12.26.01:906][415]LogModuleManager: Shutting down and abandoning module SubversionSourceControl (294)
[2018.11.29-12.26.01:916][415]LogModuleManager: Shutting down and abandoning module PerforceSourceControl (292)
[2018.11.29-12.26.01:928][415]LogModuleManager: Shutting down and abandoning module GitSourceControl (290)
[2018.11.29-12.26.01:939][415]LogModuleManager: Shutting down and abandoning module SourceControl (289)
[2018.11.29-12.26.01:950][415]LogModuleManager: Shutting down and abandoning module LightPropagationVolumeEditor (286)
[2018.11.29-12.26.01:950][415]LogModuleManager: Shutting down and abandoning module PaperTiledImporter (284)
[2018.11.29-12.26.01:950][415]LogModuleManager: Shutting down and abandoning module PaperSpriteSheetImporter (282)
[2018.11.29-12.26.01:950][415]LogModuleManager: Shutting down and abandoning module Paper2DEditor (280)
[2018.11.29-12.26.01:967][415]LogModuleManager: Shutting down and abandoning module MeshPaint (279)
[2018.11.29-12.26.01:974][415]LogModuleManager: Shutting down and abandoning module LevelEditor (277)
[2018.11.29-12.26.01:983][415]LogModuleManager: Shutting down and abandoning module PixelInspectorModule (276)
[2018.11.29-12.26.01:989][415]LogModuleManager: Shutting down and abandoning module MainFrame (274)
[2018.11.29-12.26.02:000][415]LogModuleManager: Shutting down and abandoning module HotReload (273)
[2018.11.29-12.26.02:006][415]LogModuleManager: Shutting down and abandoning module RuntimePhysXCooking (268)
[2018.11.29-12.26.02:006][415]LogModuleManager: Shutting down and abandoning module PhysXVehiclesEditor (266)
[2018.11.29-12.26.02:006][415]LogModuleManager: Shutting down and abandoning module PhysXVehicles (264)
[2018.11.29-12.26.02:006][415]LogModuleManager: Shutting down and abandoning module OculusEditor (262)
[2018.11.29-12.26.02:006][415]LogModuleManager: Shutting down and abandoning module LocationServicesBPLibrary (260)
[2018.11.29-12.26.02:006][415]LogModuleManager: Shutting down and abandoning module ImmediatePhysicsEditor (258)
[2018.11.29-12.26.02:006][415]LogModuleManager: Shutting down and abandoning module ImmediatePhysics (256)
[2018.11.29-12.26.02:019][415]LogModuleManager: Shutting down and abandoning module UdpMessaging (254)
[2018.11.29-12.26.02:128][415]LogModuleManager: Shutting down and abandoning module TcpMessaging (252)
[2018.11.29-12.26.02:233][415]LogModuleManager: Shutting down and abandoning module GameplayTagsEditor (250)
[2018.11.29-12.26.02:245][415]LogModuleManager: Shutting down and abandoning module FacialAnimationEditor (248)
[2018.11.29-12.26.02:245][415]LogModuleManager: Shutting down and abandoning module FacialAnimation (246)
[2018.11.29-12.26.02:245][415]LogModuleManager: Shutting down and abandoning module AssetManagerEditor (244)
[2018.11.29-12.26.02:250][415]LogModuleManager: Shutting down and abandoning module GraphEditor (243)
[2018.11.29-12.26.02:250][415]LogModuleManager: Shutting down and abandoning module ContentBrowser (241)
[2018.11.29-12.26.02:251][415]LogModuleManager: Shutting down and abandoning module LightPropagationVolumeRuntime (238)
[2018.11.29-12.26.02:251][415]LogModuleManager: Shutting down and abandoning module Paper2D (236)
[2018.11.29-12.26.02:256][415]LogModuleManager: Shutting down and abandoning module WindowsMoviePlayer (234)
[2018.11.29-12.26.02:263][415]LogModuleManager: Shutting down and abandoning module WmfMedia (232)
[2018.11.29-12.26.02:273][415]LogModuleManager: Shutting down and abandoning module ImgMedia (230)
[2018.11.29-12.26.02:273][415]LogModuleManager: Shutting down and abandoning module PacketHandler (228)
[2018.11.29-12.26.02:273][415]LogModuleManager: Shutting down and abandoning module ClothingSystemEditor (226)
[2018.11.29-12.26.02:273][415]LogModuleManager: Shutting down and abandoning module ClothingSystemRuntime (224)
[2018.11.29-12.26.02:279][415]LogModuleManager: Shutting down and abandoning module MediaAssets (222)
[2018.11.29-12.26.02:279][415]LogModuleManager: Shutting down and abandoning module Media (221)
[2018.11.29-12.26.02:285][415]LogModuleManager: Shutting down and abandoning module Overlay (218)
[2018.11.29-12.26.02:285][415]LogModuleManager: Shutting down and abandoning module OverlayEditor (217)
[2018.11.29-12.26.02:285][415]LogModuleManager: Shutting down and abandoning module VREditor (214)
[2018.11.29-12.26.02:298][415]LogModuleManager: Shutting down and abandoning module StringTableEditor (212)
[2018.11.29-12.26.02:305][415]LogModuleManager: Shutting down and abandoning module GameplayTasksEditor (210)
[2018.11.29-12.26.02:305][415]LogModuleManager: Shutting down and abandoning module BehaviorTreeEditor (208)
[2018.11.29-12.26.02:326][415]LogModuleManager: Shutting down and abandoning module FunctionalTesting (206)
[2018.11.29-12.26.02:332][415]LogModuleManager: Shutting down and abandoning module CollisionAnalyzer (204)
[2018.11.29-12.26.02:336][415]LogModuleManager: Shutting down and abandoning module WorkspaceMenuStructure (203)
[2018.11.29-12.26.02:336][415]LogModuleManager: Shutting down and abandoning module UMG (200)
[2018.11.29-12.26.02:344][415]LogModuleManager: Shutting down and abandoning module UMGEditor (199)
[2018.11.29-12.26.02:377][415]LogModuleManager: Shutting down and abandoning module Sequencer (198)
[2018.11.29-12.26.02:390][415]LogModuleManager: Shutting down and abandoning module MessageLog (195)
[2018.11.29-12.26.02:390][415]LogModuleManager: Shutting down and abandoning module SlateReflector (190)
[2018.11.29-12.26.02:413][415]LogModuleManager: Shutting down and abandoning module Slate (188)
[2018.11.29-12.26.02:413][415]LogModuleManager: Shutting down and abandoning module EditorStyle (186)
[2018.11.29-12.26.02:414][415]LogModuleManager: Shutting down and abandoning module MRMesh (184)
[2018.11.29-12.26.02:414][415]LogModuleManager: Shutting down and abandoning module SourceCodeAccess (182)
[2018.11.29-12.26.02:414][415]LogModuleManager: Shutting down and abandoning module HeadMountedDisplay (180)
[2018.11.29-12.26.02:414][415]LogModuleManager: Shutting down and abandoning module XAudio2 (178)
[2018.11.29-12.26.02:414][415]LogModuleManager: Shutting down and abandoning module Networking (176)
[2018.11.29-12.26.02:414][415]LogModuleManager: Shutting down and abandoning module Core (172)
[2018.11.29-12.26.02:414][415]LogModuleManager: Shutting down and abandoning module LevelSequence (168)
[2018.11.29-12.26.02:425][415]LogModuleManager: Shutting down and abandoning module DirectoryWatcher (166)
[2018.11.29-12.26.02:426][415]LogModuleManager: Shutting down and abandoning module KismetCompiler (164)
[2018.11.29-12.26.02:426][415]LogModuleManager: Shutting down and abandoning module MeshUtilities (162)
[2018.11.29-12.26.02:438][415]LogModuleManager: Shutting down and abandoning module MeshMergeUtilities (161)
[2018.11.29-12.26.02:446][415]LogModuleManager: Shutting down and abandoning module MeshReductionInterface (160)
[2018.11.29-12.26.02:446][415]LogModuleManager: Shutting down and abandoning module SimplygonSwarm (159)
[2018.11.29-12.26.02:458][415]LogModuleManager: Shutting down and abandoning module SimplygonMeshReduction (157)
[2018.11.29-12.26.02:458][415]LogModuleManager: Shutting down and abandoning module QuadricMeshReduction (155)
[2018.11.29-12.26.02:462][415]LogModuleManager: Shutting down and abandoning module MaterialBaking (151)
[2018.11.29-12.26.02:464][415]LogModuleManager: Shutting down and abandoning module DerivedDataCache (148)
[2018.11.29-12.26.02:563][415]LogDerivedDataCache: Shutdown
[2018.11.29-12.26.02:563][415]LogModuleManager: Shutting down and abandoning module TargetPlatform (146)
[2018.11.29-12.26.02:563][415]LogModuleManager: Shutting down and abandoning module VulkanShaderFormat (145)
[2018.11.29-12.26.02:568][415]LogModuleManager: Shutting down and abandoning module ShaderFormatVectorVM (143)
[2018.11.29-12.26.02:578][415]LogModuleManager: Shutting down and abandoning module ShaderFormatOpenGL (141)
[2018.11.29-12.26.02:585][415]LogModuleManager: Shutting down and abandoning module ShaderFormatD3D (139)
[2018.11.29-12.26.02:591][415]LogModuleManager: Shutting down and abandoning module MetalShaderFormat (137)
[2018.11.29-12.26.02:602][415]LogModuleManager: Shutting down and abandoning module TextureFormatUncompressed (135)
[2018.11.29-12.26.02:603][415]LogModuleManager: Shutting down and abandoning module TextureFormatPVR (133)
[2018.11.29-12.26.02:603][415]LogModuleManager: Shutting down and abandoning module TextureFormatDXT (131)
[2018.11.29-12.26.02:603][415]LogModuleManager: Shutting down and abandoning module TextureFormatIntelISPCTexComp (129)
[2018.11.29-12.26.02:605][415]LogModuleManager: Shutting down and abandoning module TextureFormatASTC (127)
[2018.11.29-12.26.02:605][415]LogModuleManager: Shutting down and abandoning module ImageWrapper (126)
[2018.11.29-12.26.02:605][415]LogModuleManager: Shutting down and abandoning module TextureFormatAndroid (123)
[2018.11.29-12.26.02:605][415]LogModuleManager: Shutting down and abandoning module AudioFormatOpus (121)
[2018.11.29-12.26.02:605][415]LogModuleManager: Shutting down and abandoning module AudioFormatOgg (119)
[2018.11.29-12.26.02:605][415]LogModuleManager: Shutting down and abandoning module AudioFormatADPCM (117)
[2018.11.29-12.26.02:605][415]LogModuleManager: Shutting down and abandoning module LinuxTargetPlatform (115)
[2018.11.29-12.26.02:605][415]LogModuleManager: Shutting down and abandoning module LinuxServerTargetPlatform (113)
[2018.11.29-12.26.02:605][415]LogModuleManager: Shutting down and abandoning module LinuxNoEditorTargetPlatform (111)
[2018.11.29-12.26.02:605][415]LogModuleManager: Shutting down and abandoning module LinuxClientTargetPlatform (109)
[2018.11.29-12.26.02:605][415]LogModuleManager: Shutting down and abandoning module TVOSTargetPlatform (107)
[2018.11.29-12.26.02:605][415]LogModuleManager: Shutting down and abandoning module Messaging (105)
[2018.11.29-12.26.02:605][415]LogModuleManager: Shutting down and abandoning module IOSTargetPlatform (103)
[2018.11.29-12.26.02:605][415]LogModuleManager: Shutting down and abandoning module HTML5TargetPlatform (101)
[2018.11.29-12.26.02:605][415]LogModuleManager: Shutting down and abandoning module AndroidTargetPlatform (99)
[2018.11.29-12.26.02:605][415]LogModuleManager: Shutting down and abandoning module Android_PVRTCTargetPlatform (97)
[2018.11.29-12.26.02:605][415]LogModuleManager: Shutting down and abandoning module Android_MultiTargetPlatform (95)
[2018.11.29-12.26.02:605][415]LogModuleManager: Shutting down and abandoning module Android_ETC2TargetPlatform (93)
[2018.11.29-12.26.02:605][415]LogModuleManager: Shutting down and abandoning module Android_ETC1TargetPlatform (91)
[2018.11.29-12.26.02:605][415]LogModuleManager: Shutting down and abandoning module Android_DXTTargetPlatform (89)
[2018.11.29-12.26.02:605][415]LogModuleManager: Shutting down and abandoning module Android_ATCTargetPlatform (87)
[2018.11.29-12.26.02:605][415]LogModuleManager: Shutting down and abandoning module Android_ASTCTargetPlatform (85)
[2018.11.29-12.26.02:605][415]LogModuleManager: Shutting down and abandoning module WindowsTargetPlatform (83)
[2018.11.29-12.26.02:605][415]LogModuleManager: Shutting down and abandoning module WindowsServerTargetPlatform (81)
[2018.11.29-12.26.02:605][415]LogModuleManager: Shutting down and abandoning module WindowsNoEditorTargetPlatform (79)
[2018.11.29-12.26.02:605][415]LogModuleManager: Shutting down and abandoning module WindowsClientTargetPlatform (77)
[2018.11.29-12.26.02:605][415]LogModuleManager: Shutting down and abandoning module MacTargetPlatform (75)
[2018.11.29-12.26.02:605][415]LogModuleManager: Shutting down and abandoning module MacServerTargetPlatform (73)
[2018.11.29-12.26.02:605][415]LogModuleManager: Shutting down and abandoning module MacNoEditorTargetPlatform (71)
[2018.11.29-12.26.02:605][415]LogModuleManager: Shutting down and abandoning module MacClientTargetPlatform (69)
[2018.11.29-12.26.02:605][415]LogModuleManager: Shutting down and abandoning module AllDesktopTargetPlatform (67)
[2018.11.29-12.26.02:605][415]LogModuleManager: Shutting down and abandoning module InputCore (64)
[2018.11.29-12.26.02:605][415]LogModuleManager: Shutting down and abandoning module Settings (62)
[2018.11.29-12.26.02:605][415]LogModuleManager: Shutting down and abandoning module PhysXCooking (60)
[2018.11.29-12.26.02:605][415]LogModuleManager: Shutting down and abandoning module SteamVR (58)
[2018.11.29-12.26.02:605][415]LogModuleManager: Shutting down and abandoning module OculusHMD (56)
[2018.11.29-12.26.02:617][415]LogModuleManager: Shutting down and abandoning module ExampleDeviceProfileSelector (54)
[2018.11.29-12.26.02:617][415]LogModuleManager: Shutting down and abandoning module AppleARKit (52)
[2018.11.29-12.26.02:617][415]LogModuleManager: Shutting down and abandoning module AugmentedReality (51)
[2018.11.29-12.26.02:617][415]LogModuleManager: Shutting down and abandoning module OnlineBlueprintSupport (48)
[2018.11.29-12.26.02:617][415]LogModuleManager: Shutting down and abandoning module OnlineSubsystem (44)
[2018.11.29-12.26.02:632][415]LogModuleManager: Shutting down and abandoning module XMPP (43)
[2018.11.29-12.26.02:640][415]LogModuleManager: Shutting down and abandoning module HTTP (41)
[2018.11.29-12.26.02:640][415]LogHttp: Display: Http module shutting down, but needs to wait on 1 outstanding Http requests:
[2018.11.29-12.26.02:649][415]LogHttp: Display: 	verb=[POST] url=[https://datarouter.ol.epicgames.com/datarouter/api/v1/public/data?SessionID=%7B340991D2-4C4B-902C-3473-A2A8A4DED3C6%7D&AppID=UEEditor.Rocket.Release&AppVersion=4.18.3-3832480%2B%2B%2BUE4%2BRelease-4.18&UserID=b5a2aad048c5dd91a640ef9c48d8cb5d%7C92e601156b18439c8aaf9522ba7a0171%7C35688319-27be-4d42-a38e-675d2b994995&AppEnvironment=datacollector-binary&UploadType=eteventstream] status=Processing
[2018.11.29-12.26.02:653][415]LogModuleManager: Shutting down and abandoning module SSL (40)
[2018.11.29-12.26.02:664][415]LogModuleManager: Shutting down and abandoning module AnimationModifiers (36)
[2018.11.29-12.26.02:674][415]LogModuleManager: Shutting down and abandoning module PropertyEditor (35)
[2018.11.29-12.26.02:674][415]LogModuleManager: Shutting down and abandoning module AudioEditor (32)
[2018.11.29-12.26.02:679][415]LogModuleManager: Shutting down and abandoning module TextureCompressor (30)
[2018.11.29-12.26.02:679][415]LogModuleManager: Shutting down and abandoning module ShaderCore (28)
[2018.11.29-12.26.02:679][415]LogModuleManager: Shutting down and abandoning module Landscape (26)
[2018.11.29-12.26.02:679][415]LogModuleManager: Shutting down and abandoning module SlateRHIRenderer (24)
[2018.11.29-12.26.02:691][415]LogModuleManager: Shutting down and abandoning module OpenGLDrv (22)
[2018.11.29-12.26.02:697][415]LogModuleManager: Shutting down and abandoning module D3D11RHI (20)
[2018.11.29-12.26.02:697][415]LogModuleManager: Shutting down and abandoning module AnimGraphRuntime (18)
[2018.11.29-12.26.02:705][415]LogModuleManager: Shutting down and abandoning module Renderer (16)
[2018.11.29-12.26.02:705][415]LogModuleManager: Shutting down and abandoning module Engine (14)
[2018.11.29-12.26.02:712][415]LogModuleManager: Shutting down and abandoning module CoreUObject (12)
[2018.11.29-12.26.02:712][415]LogModuleManager: Shutting down and abandoning module NetworkFile (10)
[2018.11.29-12.26.02:714][415]LogModuleManager: Shutting down and abandoning module CookedIterativeFile (8)
[2018.11.29-12.26.02:714][415]LogModuleManager: Shutting down and abandoning module StreamingFile (6)
[2018.11.29-12.26.02:723][415]LogModuleManager: Shutting down and abandoning module SandboxFile (4)
[2018.11.29-12.26.02:731][415]LogModuleManager: Shutting down and abandoning module PakFile (2)
[2018.11.29-12.26.02:749][415]LogExit: Exiting.
[2018.11.29-12.26.02:772][415]Log file closed, 11/29/18 21:26:02
