Log file open, 12/01/18 04:27:41
LogWindows: Failed to load 'aqProf.dll' (GetLastError=126)
LogWindows: File 'aqProf.dll' does not exist
LogWindows: Failed to load 'VSPerf140.dll' (GetLastError=126)
LogWindows: File 'VSPerf140.dll' does not exist
LogWindows: Failed to load 'VtuneApi.dll' (GetLastError=126)
LogWindows: File 'VtuneApi.dll' does not exist
LogWindows: Failed to load 'VtuneApi32e.dll' (GetLastError=126)
LogWindows: File 'VtuneApi32e.dll' does not exist
LogInit: Display: Running engine for game: GameGem
LogPlatformFile: Not using cached read wrapper
LogInit: Display: RandInit(-1181697973) SRandInit(-1181697973).
LogInit: Read version file with build ID '3709383'
LogInit: Overriding engine version to CL 3832480, compatible CL 3709383
LogInit: Registered custom module enumerator with build ID '3709383'
LogTaskGraph: Started task graph with 5 named threads and 14 total threads with 3 sets of task threads.
LogStats: Stats thread started at 0.178141
LogD3D11RHI: Aftermath initialized
LogModuleManager: Display: Found up-to-date module file ../../../Engine/Plugins/2D/Paper2D/Binaries/Win64/UE4Editor-Paper2D.dll (API version 3709383).
LogModuleManager: Display: Found up-to-date module file ../../../Engine/Plugins/2D/Paper2D/Binaries/Win64/UE4Editor-Paper2DEditor.dll (API version 3709383).
LogModuleManager: Display: Found up-to-date module file ../../../Engine/Plugins/2D/Paper2D/Binaries/Win64/UE4Editor-PaperSpriteSheetImporter.dll (API version 3709383).
LogModuleManager: Display: Found up-to-date module file ../../../Engine/Plugins/2D/Paper2D/Binaries/Win64/UE4Editor-PaperTiledImporter.dll (API version 3709383).
LogModuleManager: Display: Found up-to-date module file ../../../Engine/Plugins/2D/Paper2D/Binaries/Win64/UE4Editor-SmartSnapping.dll (API version 3709383).
LogModuleManager: Display: Found up-to-date module file ../../../Engine/Plugins/Blendables/LightPropagationVolume/Binaries/Win64/UE4Editor-LightPropagationVolumeRuntime.dll (API version 3709383).
LogModuleManager: Display: Found up-to-date module file ../../../Engine/Plugins/Blendables/LightPropagationVolume/Binaries/Win64/UE4Editor-LightPropagationVolumeEditor.dll (API version 3709383).
LogModuleManager: Display: Found up-to-date module file ../../../Engine/Plugins/Developer/GitSourceControl/Binaries/Win64/UE4Editor-GitSourceControl.dll (API version 3709383).
LogModuleManager: Display: Found up-to-date module file ../../../Engine/Plugins/Developer/PerforceSourceControl/Binaries/Win64/UE4Editor-PerforceSourceControl.dll (API version 3709383).
LogModuleManager: Display: Found up-to-date module file ../../../Engine/Plugins/Developer/SubversionSourceControl/Binaries/Win64/UE4Editor-SubversionSourceControl.dll (API version 3709383).
LogModuleManager: Display: Found up-to-date module file ../../../Engine/Plugins/Developer/UObjectPlugin/Binaries/Win64/UE4Editor-UObjectPlugin.dll (API version 3709383).
LogModuleManager: Display: Found up-to-date module file ../../../Engine/Plugins/Developer/VisualStudioCodeSourceCodeAccess/Binaries/Win64/UE4Editor-VisualStudioCodeSourceCodeAccess.dll (API version 3709383).
LogModuleManager: Display: Found up-to-date module file ../../../Engine/Plugins/Developer/VisualStudioSourceCodeAccess/Binaries/Win64/UE4Editor-VisualStudioSourceCodeAccess.dll (API version 3709383).
LogModuleManager: Display: Found up-to-date module file ../../../Engine/Plugins/Editor/AssetManagerEditor/Binaries/Win64/UE4Editor-AssetManagerEditor.dll (API version 3709383).
LogModuleManager: Display: Found up-to-date module file ../../../Engine/Plugins/Editor/AudioCapture/Binaries/Win64/UE4Editor-AudioCapture.dll (API version 3709383).
LogModuleManager: Display: Found up-to-date module file ../../../Engine/Plugins/Editor/FacialAnimation/Binaries/Win64/UE4Editor-FacialAnimation.dll (API version 3709383).
LogModuleManager: Display: Found up-to-date module file ../../../Engine/Plugins/Editor/FacialAnimation/Binaries/Win64/UE4Editor-FacialAnimationEditor.dll (API version 3709383).
LogModuleManager: Display: Found up-to-date module file ../../../Engine/Plugins/Editor/GameplayTagsEditor/Binaries/Win64/UE4Editor-GameplayTagsEditor.dll (API version 3709383).
LogModuleManager: Display: Found up-to-date module file ../../../Engine/Plugins/Editor/MobileLauncherProfileWizard/Binaries/Win64/UE4Editor-MobileLauncherProfileWizard.dll (API version 3709383).
LogModuleManager: Display: Found up-to-date module file ../../../Engine/Plugins/Editor/PluginBrowser/Binaries/Win64/UE4Editor-PluginBrowser.dll (API version 3709383).
LogModuleManager: Display: Found up-to-date module file ../../../Engine/Plugins/Editor/SpeedTreeImporter/Binaries/Win64/UE4Editor-SpeedTreeImporter.dll (API version 3709383).
LogModuleManager: Display: Found up-to-date module file ../../../Engine/Plugins/Experimental/AlembicImporter/Binaries/Win64/UE4Editor-AlembicImporter.dll (API version 3709383).
LogModuleManager: Display: Found up-to-date module file ../../../Engine/Plugins/Experimental/AlembicImporter/Binaries/Win64/UE4Editor-AlembicLibrary.dll (API version 3709383).
LogModuleManager: Display: Found up-to-date module file ../../../Engine/Plugins/Experimental/CharacterAI/Binaries/Win64/UE4Editor-CharacterAI.dll (API version 3709383).
LogModuleManager: Display: Found up-to-date module file ../../../Engine/Plugins/Experimental/HTML5Networking/Binaries/Win64/UE4Editor-HTML5Networking.dll (API version 3709383).
LogModuleManager: Display: Found up-to-date module file ../../../Engine/Plugins/Media/AndroidMedia/Binaries/Win64/UE4Editor-AndroidMediaEditor.dll (API version 3709383).
LogModuleManager: Display: Found up-to-date module file ../../../Engine/Plugins/Media/AndroidMedia/Binaries/Win64/UE4Editor-AndroidMediaFactory.dll (API version 3709383).
LogModuleManager: Display: Found up-to-date module file ../../../Engine/Plugins/Media/AvfMedia/Binaries/Win64/UE4Editor-AvfMediaEditor.dll (API version 3709383).
LogModuleManager: Display: Found up-to-date module file ../../../Engine/Plugins/Media/AvfMedia/Binaries/Win64/UE4Editor-AvfMediaFactory.dll (API version 3709383).
LogModuleManager: Display: Found up-to-date module file ../../../Engine/Plugins/Media/AvfMedia/Binaries/Win64/UE4Editor-AvfMediaFactory.dll (API version 3709383).
LogModuleManager: Display: Found up-to-date module file ../../../Engine/Plugins/Media/ImgMedia/Binaries/Win64/UE4Editor-ImgMedia.dll (API version 3709383).
LogModuleManager: Display: Found up-to-date module file ../../../Engine/Plugins/Media/ImgMedia/Binaries/Win64/UE4Editor-ImgMediaEditor.dll (API version 3709383).
LogModuleManager: Display: Found up-to-date module file ../../../Engine/Plugins/Media/ImgMedia/Binaries/Win64/UE4Editor-ImgMediaFactory.dll (API version 3709383).
LogModuleManager: Display: Found up-to-date module file ../../../Engine/Plugins/Media/ImgMedia/Binaries/Win64/UE4Editor-ImgMediaFactory.dll (API version 3709383).
LogModuleManager: Display: Found up-to-date module file ../../../Engine/Plugins/Media/ImgMedia/Binaries/Win64/UE4Editor-OpenExrWrapper.dll (API version 3709383).
LogModuleManager: Display: Found up-to-date module file ../../../Engine/Plugins/Media/MediaCompositing/Binaries/Win64/UE4Editor-MediaCompositing.dll (API version 3709383).
LogModuleManager: Display: Found up-to-date module file ../../../Engine/Plugins/Media/MediaCompositing/Binaries/Win64/UE4Editor-MediaCompositingEditor.dll (API version 3709383).
LogModuleManager: Display: Found up-to-date module file ../../../Engine/Plugins/Media/MediaPlayerEditor/Binaries/Win64/UE4Editor-MediaPlayerEditor.dll (API version 3709383).
LogModuleManager: Display: Found up-to-date module file ../../../Engine/Plugins/Media/WmfMedia/Binaries/Win64/UE4Editor-WmfMedia.dll (API version 3709383).
LogModuleManager: Display: Found up-to-date module file ../../../Engine/Plugins/Media/WmfMedia/Binaries/Win64/UE4Editor-WmfMediaEditor.dll (API version 3709383).
LogModuleManager: Display: Found up-to-date module file ../../../Engine/Plugins/Media/WmfMedia/Binaries/Win64/UE4Editor-WmfMediaFactory.dll (API version 3709383).
LogModuleManager: Display: Found up-to-date module file ../../../Engine/Plugins/Media/WmfMedia/Binaries/Win64/UE4Editor-WmfMediaFactory.dll (API version 3709383).
LogModuleManager: Display: Found up-to-date module file ../../../Engine/Plugins/Messaging/TcpMessaging/Binaries/Win64/UE4Editor-TcpMessaging.dll (API version 3709383).
LogModuleManager: Display: Found up-to-date module file ../../../Engine/Plugins/Messaging/UdpMessaging/Binaries/Win64/UE4Editor-UdpMessaging.dll (API version 3709383).
LogModuleManager: Display: Found up-to-date module file ../../../Engine/Plugins/MovieScene/ActorSequence/Binaries/Win64/UE4Editor-ActorSequence.dll (API version 3709383).
LogModuleManager: Display: Found up-to-date module file ../../../Engine/Plugins/MovieScene/LevelSequenceEditor/Binaries/Win64/UE4Editor-LevelSequenceEditor.dll (API version 3709383).
LogModuleManager: Display: Found up-to-date module file ../../../Engine/Plugins/MovieScene/MatineeToLevelSequence/Binaries/Win64/UE4Editor-MatineeToLevelSequence.dll (API version 3709383).
LogModuleManager: Display: Found up-to-date module file ../../../Engine/Plugins/Online/OnlineSubsystem/Binaries/Win64/UE4Editor-OnlineSubsystem.dll (API version 3709383).
LogModuleManager: Display: Found up-to-date module file ../../../Engine/Plugins/Runtime/AndroidPermission/Binaries/Win64/UE4Editor-AndroidPermission.dll (API version 3709383).
LogModuleManager: Display: Found up-to-date module file ../../../Engine/Plugins/Online/OnlineSubsystemNull/Binaries/Win64/UE4Editor-OnlineSubsystemNull.dll (API version 3709383).
LogModuleManager: Display: Found up-to-date module file ../../../Engine/Plugins/Online/OnlineSubsystemUtils/Binaries/Win64/UE4Editor-OnlineSubsystemUtils.dll (API version 3709383).
LogModuleManager: Display: Found up-to-date module file ../../../Engine/Plugins/Online/OnlineSubsystemUtils/Binaries/Win64/UE4Editor-OnlineBlueprintSupport.dll (API version 3709383).
LogModuleManager: Display: Found up-to-date module file ../../../Engine/Plugins/Runtime/AndroidDeviceProfileSelector/Binaries/Win64/UE4Editor-AndroidDeviceProfileSelector.dll (API version 3709383).
LogModuleManager: Display: Found up-to-date module file ../../../Engine/Plugins/Runtime/AppleARKit/Binaries/Win64/UE4Editor-AppleARKit.dll (API version 3709383).
LogModuleManager: Display: Found up-to-date module file ../../../Engine/Plugins/Runtime/ArchVisCharacter/Binaries/Win64/UE4Editor-ArchVisCharacter.dll (API version 3709383).
LogModuleManager: Display: Found up-to-date module file ../../../Engine/Plugins/Runtime/CableComponent/Binaries/Win64/UE4Editor-CableComponent.dll (API version 3709383).
LogModuleManager: Display: Found up-to-date module file ../../../Engine/Plugins/Runtime/CustomMeshComponent/Binaries/Win64/UE4Editor-CustomMeshComponent.dll (API version 3709383).
LogModuleManager: Display: Found up-to-date module file ../../../Engine/Plugins/Runtime/ExampleDeviceProfileSelector/Binaries/Win64/UE4Editor-ExampleDeviceProfileSelector.dll (API version 3709383).
LogModuleManager: Display: Found up-to-date module file ../../../Engine/Plugins/Runtime/ImmediatePhysics/Binaries/Win64/UE4Editor-ImmediatePhysics.dll (API version 3709383).
LogModuleManager: Display: Found up-to-date module file ../../../Engine/Plugins/Runtime/ImmediatePhysics/Binaries/Win64/UE4Editor-ImmediatePhysicsEditor.dll (API version 3709383).
LogModuleManager: Display: Found up-to-date module file ../../../Engine/Plugins/Runtime/LocationServicesBPLibrary/Binaries/Win64/UE4Editor-LocationServicesBPLibrary.dll (API version 3709383).
LogModuleManager: Display: Found up-to-date module file ../../../Engine/Plugins/Runtime/MobilePatchingUtils/Binaries/Win64/UE4Editor-MobilePatchingUtils.dll (API version 3709383).
LogModuleManager: Display: Found up-to-date module file ../../../Engine/Plugins/Runtime/Oculus/OculusVR/Binaries/Win64/UE4Editor-OculusHMD.dll (API version 3709383).
LogModuleManager: Display: Found up-to-date module file ../../../Engine/Plugins/Runtime/Oculus/OculusVR/Binaries/Win64/UE4Editor-OculusInput.dll (API version 3709383).
LogModuleManager: Display: Found up-to-date module file ../../../Engine/Plugins/Runtime/Oculus/OculusVR/Binaries/Win64/UE4Editor-OculusEditor.dll (API version 3709383).
LogModuleManager: Display: Found up-to-date module file ../../../Engine/Plugins/Runtime/PhysXVehicles/Binaries/Win64/UE4Editor-PhysXVehicles.dll (API version 3709383).
LogModuleManager: Display: Found up-to-date module file ../../../Engine/Plugins/Runtime/PhysXVehicles/Binaries/Win64/UE4Editor-PhysXVehiclesEditor.dll (API version 3709383).
LogModuleManager: Display: Found up-to-date module file ../../../Engine/Plugins/Runtime/ProceduralMeshComponent/Binaries/Win64/UE4Editor-ProceduralMeshComponent.dll (API version 3709383).
LogModuleManager: Display: Found up-to-date module file ../../../Engine/Plugins/Runtime/ProceduralMeshComponent/Binaries/Win64/UE4Editor-ProceduralMeshComponentEditor.dll (API version 3709383).
LogModuleManager: Display: Found up-to-date module file ../../../Engine/Plugins/Runtime/RuntimePhysXCooking/Binaries/Win64/UE4Editor-RuntimePhysXCooking.dll (API version 3709383).
LogModuleManager: Display: Found up-to-date module file ../../../Engine/Plugins/Runtime/Steam/SteamVR/Binaries/Win64/UE4Editor-SteamVR.dll (API version 3709383).
LogModuleManager: Display: Found up-to-date module file ../../../Engine/Plugins/Runtime/Steam/SteamVR/Binaries/Win64/UE4Editor-SteamVRController.dll (API version 3709383).
LogModuleManager: Display: Found up-to-date module file ../../../Engine/Plugins/Runtime/WindowsMoviePlayer/Binaries/Win64/UE4Editor-WindowsMoviePlayer.dll (API version 3709383).
LogPluginManager: Mounting plugin Paper2D
LogPluginManager: Mounting plugin LightPropagationVolume
LogPluginManager: Mounting plugin CodeLiteSourceCodeAccess
LogPluginManager: Mounting plugin GitSourceControl
LogPluginManager: Mounting plugin KDevelopSourceCodeAccess
LogPluginManager: Mounting plugin NullSourceCodeAccess
LogPluginManager: Mounting plugin PerforceSourceControl
LogPluginManager: Mounting plugin SubversionSourceControl
LogPluginManager: Mounting plugin UObjectPlugin
LogPluginManager: Mounting plugin VisualStudioCodeSourceCodeAccess
LogPluginManager: Mounting plugin VisualStudioSourceCodeAccess
LogPluginManager: Mounting plugin XCodeSourceCodeAccess
LogPluginManager: Mounting plugin AssetManagerEditor
LogPluginManager: Mounting plugin AudioCapture
LogPluginManager: Mounting plugin FacialAnimation
LogPluginManager: Mounting plugin GameplayTagsEditor
LogPluginManager: Mounting plugin MobileLauncherProfileWizard
LogPluginManager: Mounting plugin PluginBrowser
LogPluginManager: Mounting plugin SpeedTreeImporter
LogPluginManager: Mounting plugin AlembicImporter
LogPluginManager: Mounting plugin CharacterAI
LogPluginManager: Mounting plugin HTML5Networking
LogPluginManager: Mounting plugin AndroidMedia
LogPluginManager: Mounting plugin AvfMedia
LogPluginManager: Mounting plugin ImgMedia
LogPluginManager: Mounting plugin MediaCompositing
LogPluginManager: Mounting plugin MediaPlayerEditor
LogPluginManager: Mounting plugin WmfMedia
LogPluginManager: Mounting plugin TcpMessaging
LogPluginManager: Mounting plugin UdpMessaging
LogPluginManager: Mounting plugin ActorSequence
LogPluginManager: Mounting plugin LevelSequenceEditor
LogPluginManager: Mounting plugin MatineeToLevelSequence
LogPluginManager: Mounting plugin OnlineSubsystemGooglePlay
LogPluginManager: Mounting plugin OnlineSubsystemIOS
LogPluginManager: Mounting plugin OnlineSubsystem
LogPluginManager: Mounting plugin OnlineSubsystemNull
LogPluginManager: Mounting plugin OnlineSubsystemUtils
LogPluginManager: Mounting plugin AndroidDeviceProfileSelector
LogPluginManager: Mounting plugin AndroidMoviePlayer
LogPluginManager: Mounting plugin AndroidPermission
LogPluginManager: Mounting plugin AppleARKit
LogPluginManager: Mounting plugin AppleMoviePlayer
LogPluginManager: Mounting plugin ArchVisCharacter
LogPluginManager: Mounting plugin CableComponent
LogPluginManager: Mounting plugin CustomMeshComponent
LogPluginManager: Mounting plugin ExampleDeviceProfileSelector
LogPluginManager: Mounting plugin GoogleCloudMessaging
LogPluginManager: Mounting plugin ImmediatePhysics
LogPluginManager: Mounting plugin IOSDeviceProfileSelector
LogPluginManager: Mounting plugin LinuxDeviceProfileSelector
LogPluginManager: Mounting plugin LocationServicesBPLibrary
LogPluginManager: Mounting plugin MobilePatchingUtils
LogPluginManager: Mounting plugin OculusVR
LogPluginManager: Plugin shader directory ../../../Engine/Plugins/Runtime/Oculus/OculusVR/Shaders found
LogPluginManager: Mapping shader source directory ../../../Engine/Plugins/Runtime/Oculus/OculusVR/Shaders to virtual directory /Plugin/OculusVR
LogPluginManager: Mounting plugin PhysXVehicles
LogPluginManager: Mounting plugin ProceduralMeshComponent
LogPluginManager: Mounting plugin RuntimePhysXCooking
LogPluginManager: Mounting plugin SteamVR
LogPluginManager: Mounting plugin WindowsMoviePlayer
LogInit: Using libcurl 7.47.1
LogInit:  - built for x86_64-pc-win32
LogInit:  - supports SSL with OpenSSL/1.0.2g
LogInit:  - supports HTTP deflate (compression) using libz 1.2.8
LogInit:  - other features:
LogInit:      CURL_VERSION_SSL
LogInit:      CURL_VERSION_LIBZ
LogInit:      CURL_VERSION_IPV6
LogInit:      CURL_VERSION_ASYNCHDNS
LogInit:      CURL_VERSION_LARGEFILE
LogInit:      CURL_VERSION_IDN
LogInit:  CurlRequestOptions (configurable via config and command line):
LogInit:  - bVerifyPeer = false  - Libcurl will NOT verify peer certificate
LogInit:  - bUseHttpProxy = false  - Libcurl will NOT use HTTP proxy
LogInit:  - bDontReuseConnections = false  - Libcurl will reuse connections
LogInit:  - CertBundlePath = nullptr  - Libcurl will use whatever was configured at build time.
LogInit: Build: ++UE4+Release-4.18-CL-3832480
LogInit: Engine Version: 4.18.3-3832480+++UE4+Release-4.18
LogInit: Compatible Engine Version: 4.18.0-3709383+++UE4+Release-4.18
LogInit: Net CL: 3709383
LogDevObjectVersion: Number of dev versions registered: 16
LogDevObjectVersion:   Dev-Blueprints (B0D832E4-1F89-4F0D-ACCF-7EB736FD4AA2): 10
LogDevObjectVersion:   Dev-Build (E1C64328-A22C-4D53-A36C-8E866417BD8C): 0
LogDevObjectVersion:   Dev-Core (375EC13C-06E4-48FB-B500-84F0262A717E): 2
LogDevObjectVersion:   Dev-Editor (E4B068ED-F494-42E9-A231-DA0B2E46BB41): 20
LogDevObjectVersion:   Dev-Framework (CFFC743F-43B0-4480-9391-14DF171D2073): 30
LogDevObjectVersion:   Dev-Mobile (B02B49B5-BB20-44E9-A304-32B752E40360): 0
LogDevObjectVersion:   Dev-Networking (A4E4105C-59A1-49B5-A7C5-40C4547EDFEE): 0
LogDevObjectVersion:   Dev-Online (39C831C9-5AE6-47DC-9A44-9C173E1C8E7C): 0
LogDevObjectVersion:   Dev-Physics (78F01B33-EBEA-4F98-B9B4-84EACCB95AA2): 0
LogDevObjectVersion:   Dev-Platform (6631380F-2D4D-43E0-8009-CF276956A95A): 0
LogDevObjectVersion:   Dev-Rendering (12F88B9F-8875-4AFC-A67C-D90C383ABD29): 20
LogDevObjectVersion:   Dev-Sequencer (7B5AE74C-D270-4C10-A958-57980B212A5A): 4
LogDevObjectVersion:   Dev-VR (D7296918-1DD6-4BDD-9DE2-64A83CC13884): 0
LogDevObjectVersion:   Dev-LoadTimes (C2A15278-BFE7-4AFE-6C17-90FF531DF755): 1
LogDevObjectVersion:   Private-Geometry (6EACA3D4-40EC-4CC1-B786-8BED09428FC5): 1
LogDevObjectVersion:   Dev-AnimPhys (29E575DD-E0A3-4627-9D10-D276232CDCEA): 12
LogInit: Compiled (64-bit): Jan 12 2018 02:04:55
LogInit: Compiled with Visual C++: 19.00.24215.01
LogInit: Build Configuration: Development
LogInit: Branch Name: ++UE4+Release-4.18
LogInit: Command line:  
LogInit: Base directory: C:/Program Files/Epic Games/UE_4.18/Engine/Binaries/Win64/
LogInit: Installed Engine Build: 1
LogInit: Presizing for max 8388607 objects, including 0 objects not considered by GC, pre-allocating 0 bytes for permanent pool.
LogInit: Object subsystem initialized
[2018.11.30-19.27.43:496][  0]LogInit: Selected Device Profile: [Windows]
[2018.11.30-19.27.43:496][  0]LogInit: Applying CVar settings loaded from the selected device profile: [Windows]
[2018.11.30-19.27.43:510][  0]LogInit: Computer: DESKTOP-7OODGOQ
[2018.11.30-19.27.43:510][  0]LogInit: User: user
[2018.11.30-19.27.43:510][  0]LogInit: CPU Page size=4096, Cores=4
[2018.11.30-19.27.43:510][  0]LogInit: High frequency timer resolution =2.742191 MHz
[2018.11.30-19.27.43:510][  0]LogMemory: Memory total: Physical=7.9GB (8GB approx)
[2018.11.30-19.27.43:510][  0]LogMemory: Platform Memory Stats for Windows
[2018.11.30-19.27.43:510][  0]LogMemory: Process Physical Memory: 273.28 MB used, 273.28 MB peak
[2018.11.30-19.27.43:510][  0]LogMemory: Process Virtual Memory: 271.92 MB used, 271.92 MB peak
[2018.11.30-19.27.43:510][  0]LogMemory: Physical Memory: 3365.43 MB used,  4744.27 MB free, 8109.70 MB total
[2018.11.30-19.27.43:510][  0]LogMemory: Virtual Memory: 4781.56 MB used,  4744.27 MB free, 134217728.00 MB total
[2018.11.30-19.27.43:706][  0]LogInit: Using OS detected language (ko-KR).
[2018.11.30-19.27.43:706][  0]LogInit: Using OS detected locale (ko-KR).
[2018.11.30-19.27.43:709][  0]LogTextLocalizationManager: No specific localization for 'ko-KR' exists, so the 'ko' localization will be used.
[2018.11.30-19.27.43:870][  0]LogInit: Setting process to per monitor DPI aware
[2018.11.30-19.27.44:191][  0]LogD3D11RHI: D3D11 adapters:
[2018.11.30-19.27.44:252][  0]LogD3D11RHI:    0. 'NVIDIA GeForce GTX 1050 Ti' (Feature Level 11_0)
[2018.11.30-19.27.44:252][  0]LogD3D11RHI:       4021/0/4054 MB DedicatedVideo/DedicatedSystem/SharedSystem, Outputs:1, VendorId:0x10de
[2018.11.30-19.27.44:259][  0]LogD3D11RHI:    1. 'Intel(R) HD Graphics 630' (Feature Level 11_0)
[2018.11.30-19.27.44:260][  0]LogD3D11RHI:       128/0/4054 MB DedicatedVideo/DedicatedSystem/SharedSystem, Outputs:0, VendorId:0x8086
[2018.11.30-19.27.44:261][  0]LogD3D11RHI:    2. 'Microsoft Basic Render Driver' (Feature Level 11_0)
[2018.11.30-19.27.44:261][  0]LogD3D11RHI:       0/0/4054 MB DedicatedVideo/DedicatedSystem/SharedSystem, Outputs:0, VendorId:0x1414
[2018.11.30-19.27.44:261][  0]LogD3D11RHI: Chosen D3D11 Adapter: 0
[2018.11.30-19.27.44:282][  0]LogD3D11RHI: Creating new Direct3DDevice
[2018.11.30-19.27.44:282][  0]LogD3D11RHI:     GPU DeviceId: 0x1c8c (for the marketing name, search the web for "GPU Device Id")
[2018.11.30-19.27.44:282][  0]LogWindows: EnumDisplayDevices:
[2018.11.30-19.27.44:282][  0]LogWindows:    0. 'Intel(R) HD Graphics 630' (P:1 D:1)
[2018.11.30-19.27.44:282][  0]LogWindows:    1. 'Intel(R) HD Graphics 630' (P:0 D:0)
[2018.11.30-19.27.44:282][  0]LogWindows:    2. 'Intel(R) HD Graphics 630' (P:0 D:0)
[2018.11.30-19.27.44:282][  0]LogWindows: DebugString: GetVideoDriverDetailsInvalid PrimaryIsNotTheChoosenAdapter GetVideoDriverDetailsInvalid PrimaryIsNotTheChoosenAdapter GetVideoDriverDetailsInvalid PrimaryIsNotTheChoosenAdapter FoundDriverCount:0 
[2018.11.30-19.27.44:282][  0]LogD3D11RHI:     Adapter Name: NVIDIA GeForce GTX 1050 Ti
[2018.11.30-19.27.44:282][  0]LogD3D11RHI:   Driver Version: Unknown (internal:Unknown, unified:Unknown)
[2018.11.30-19.27.44:282][  0]LogD3D11RHI:      Driver Date: Unknown
[2018.11.30-19.27.44:282][  0]LogRHI: Texture pool is 2814 MB (70% of 4021 MB)
[2018.11.30-19.27.44:323][  0]LogD3D11RHI: Async texture creation enabled
[2018.11.30-19.27.44:340][  0]LogD3D11RHI: GPU Timing Frequency: 1000.000000 (Debug: 2 2)
[2018.11.30-19.27.44:340][  0]LogShaderCompilers: Guid format shader working directory is -1 characters bigger than the processId version (../../../../../../Users/user/Documents/GameGem/Intermediate/Shaders/WorkingDirectory/8392/).
[2018.11.30-19.27.44:340][  0]LogShaderCompilers: Cleaned the shader compiler working directory 'C:/Users/user/AppData/Local/Temp/UnrealShaderWorkingDir/0E021E8A444EE24BC0F559995B995C0A/'.
[2018.11.30-19.27.44:340][  0]LogShaderCompilers: Display: Using Local Shader Compiler.
[2018.11.30-19.27.45:273][  0]LogTemp: Display: Loaded TP AllDesktopTargetPlatform
[2018.11.30-19.27.45:340][  0]LogTemp: Display: Loaded TP MacClientTargetPlatform
[2018.11.30-19.27.45:404][  0]LogTemp: Display: Loaded TP MacNoEditorTargetPlatform
[2018.11.30-19.27.45:472][  0]LogTemp: Display: Loaded TP MacServerTargetPlatform
[2018.11.30-19.27.45:538][  0]LogTemp: Display: Loaded TP MacTargetPlatform
[2018.11.30-19.27.45:602][  0]LogTemp: Display: Loaded TP WindowsClientTargetPlatform
[2018.11.30-19.27.45:671][  0]LogTemp: Display: Loaded TP WindowsNoEditorTargetPlatform
[2018.11.30-19.27.45:767][  0]LogTemp: Display: Loaded TP WindowsServerTargetPlatform
[2018.11.30-19.27.45:827][  0]LogTemp: Display: Loaded TP WindowsTargetPlatform
[2018.11.30-19.27.45:888][  0]LogTemp: Display: Loaded TP Android_ASTCTargetPlatform
[2018.11.30-19.27.45:971][  0]LogTemp: Display: Loaded TP Android_ATCTargetPlatform
[2018.11.30-19.27.46:031][  0]LogTemp: Display: Loaded TP Android_DXTTargetPlatform
[2018.11.30-19.27.46:091][  0]LogTemp: Display: Loaded TP Android_ETC1TargetPlatform
[2018.11.30-19.27.46:192][  0]LogTemp: Display: Loaded TP Android_ETC2TargetPlatform
[2018.11.30-19.27.46:328][  0]LogTemp: Display: Loaded TP Android_MultiTargetPlatform
[2018.11.30-19.27.46:328][  0]LogTemp: Display: Loaded TP Android_PVRTCTargetPlatform
[2018.11.30-19.27.46:391][  0]LogTemp: Display: Loaded TP AndroidTargetPlatform
[2018.11.30-19.27.46:443][  0]LogTemp: Display: Loaded TP HTML5TargetPlatform
[2018.11.30-19.27.46:553][  0]LogTemp: Display: Loaded TP IOSTargetPlatform
[2018.11.30-19.27.46:611][  0]LogTemp: Display: Loaded TP TVOSTargetPlatform
[2018.11.30-19.27.46:714][  0]LogTemp: Display: Loaded TP LinuxClientTargetPlatform
[2018.11.30-19.27.46:774][  0]LogTemp: Display: Loaded TP LinuxNoEditorTargetPlatform
[2018.11.30-19.27.46:840][  0]LogTemp: Display: Loaded TP LinuxServerTargetPlatform
[2018.11.30-19.27.46:900][  0]LogTemp: Display: Loaded TP LinuxTargetPlatform
[2018.11.30-19.27.46:900][  0]LogTargetPlatformManager: Display: Building Assets For Windows
[2018.11.30-19.27.47:718][  0]LogDerivedDataCache: Display: Max Cache Size: 512 MB
[2018.11.30-19.27.47:792][  0]LogDerivedDataCache: Loaded boot cache 0.07s 78MB C:/Users/user/AppData/Local/UnrealEngine/4.18/DerivedDataCache/Boot.ddc.
[2018.11.30-19.27.47:792][  0]LogDerivedDataCache: Display: Loaded Boot cache: C:/Users/user/AppData/Local/UnrealEngine/4.18/DerivedDataCache/Boot.ddc
[2018.11.30-19.27.47:792][  0]LogDerivedDataCache: FDerivedDataBackendGraph:  Pak pak cache file ../../../../../../Users/user/Documents/GameGem/DerivedDataCache/DDC.ddp not found, will not use a pak cache.
[2018.11.30-19.27.47:792][  0]LogDerivedDataCache: Unable to find inner node Pak for hierarchical cache Hierarchy.
[2018.11.30-19.27.47:792][  0]LogDerivedDataCache: FDerivedDataBackendGraph:  CompressedPak pak cache file ../../../../../../Users/user/Documents/GameGem/DerivedDataCache/Compressed.ddp not found, will not use a pak cache.
[2018.11.30-19.27.47:792][  0]LogDerivedDataCache: Unable to find inner node CompressedPak for hierarchical cache Hierarchy.
[2018.11.30-19.27.47:807][  0]LogDerivedDataCache: Display: Pak cache opened for reading ../../../Engine/DerivedDataCache/Compressed.ddp.
[2018.11.30-19.27.47:820][  0]LogDerivedDataCache: Using Local data cache path C:/Users/user/AppData/Local/UnrealEngine/Common/DerivedDataCache: Writable
[2018.11.30-19.27.47:829][  0]LogMaterial: Verifying Global Shaders for PCD3D_SM5
[2018.11.30-19.27.47:830][  0]LogSlate: Using Freetype 2.6.0
[2018.11.30-19.27.47:830][  0]LogSlate: SlateFontCache - WITH_FREETYPE: 1, WITH_HARFBUZZ: 1
[2018.11.30-19.27.47:830][  0]LogSlate: SlateFontCache - WITH_FREETYPE: 1, WITH_HARFBUZZ: 1
[2018.11.30-19.27.48:180][  0]LogInit: Selected Device Profile: [Windows]
[2018.11.30-19.27.48:576][  0]LogSimplygon: Simplygon DLL not present - disabling.
[2018.11.30-19.27.48:628][  0]LogMeshReduction: Using SimplygonSwarm for distributed automatic mesh merging
[2018.11.30-19.27.48:628][  0]LogMeshReduction: Using QuadricMeshReduction for automatic static mesh reduction
[2018.11.30-19.27.48:628][  0]LogMeshReduction: No automatic skeletal mesh reduction module available
[2018.11.30-19.27.48:628][  0]LogMeshReduction: No automatic mesh merging module available
[2018.11.30-19.27.48:628][  0]LogMeshMerging: No automatic mesh merging module available
[2018.11.30-19.27.48:669][  0]LogNetVersion: GameGem , NetCL: 3709383, EngineNetVer: 2, GameNetVer: 0 (Checksum: 882068137)
[2018.11.30-19.27.48:863][  0]LogAssetRegistry: FAssetRegistry took 0.0263 seconds to start up
[2018.11.30-19.27.49:412][  0]LogPackageLocalizationCache: Processed 7 localized package path(s) for 2 prioritized culture(s) in 0.057978 seconds
[2018.11.30-19.27.49:417][  0]LogUObjectArray: 35870 objects as part of root set at end of initial load.
[2018.11.30-19.27.49:417][  0]LogUObjectAllocator: 7363696 out of 0 bytes used by permanent object pool.
[2018.11.30-19.27.49:417][  0]LogUObjectArray: CloseDisregardForGC: 0/0 objects in disregard for GC pool
[2018.11.30-19.27.49:487][  0]LogInit: WinSock: version 1.1 (2.2), MaxSocks=32767, MaxUdp=65467
[2018.11.30-19.27.52:713][  0]LogTcpMessaging: Initializing TcpMessaging bridge
[2018.11.30-19.27.52:764][  0]LogUdpMessaging: Initializing bridge on interface 0.0.0.0:0 to multicast group 230.0.0.1:6666.
[2018.11.30-19.27.53:645][  0]LogMaterial: Uniform references updated for custom material expression Custom.
[2018.11.30-19.27.54:193][  0]SourceControl: 소스 콘트롤이 꺼졌습니다.
[2018.11.30-19.27.54:194][  0]SourceControl: 소스 콘트롤이 꺼졌습니다.
[2018.11.30-19.27.54:261][  0]SourceControl: 소스 콘트롤이 꺼졌습니다.
[2018.11.30-19.27.54:331][  0]SourceControl: 소스 콘트롤이 꺼졌습니다.
[2018.11.30-19.27.55:407][  0]LogAndroidPermission: UAndroidPermissionCallbackProxy::GetInstance
[2018.11.30-19.27.55:792][  0]LogOcInput: OculusInput pre-init called
[2018.11.30-19.27.56:212][  0]LogEngine: Initializing Engine...
[2018.11.30-19.27.56:215][  0]LogHMD: Failed to initialize OpenVR with code 110
[2018.11.30-19.27.56:440][  0]LogStats: UGameplayTagsManager::ConstructGameplayTagTree: Construct from data asset -  0.000 s
[2018.11.30-19.27.56:440][  0]LogStats: UGameplayTagsManager::ConstructGameplayTagTree: GameplayTagTreeChangedEvent.Broadcast -  0.000 s
[2018.11.30-19.27.56:620][  0]LogAIModule: Creating AISystem for world Untitled
[2018.11.30-19.27.56:628][  0]LogInit: XAudio2 using '스피커(Realtek High Definition Audio)' : 2 channels at 48 kHz using 32 bits per sample (channel mask 0x3)
[2018.11.30-19.27.56:771][  0]LogInit: FAudioDevice initialized.
[2018.11.30-19.27.56:859][  0]LogDerivedDataCache: Saved boot cache 0.09s 78MB C:/Users/user/AppData/Local/UnrealEngine/4.18/DerivedDataCache/Boot.ddc.
[2018.11.30-19.27.56:886][  0]LogInit: Texture streaming: Enabled
[2018.11.30-19.27.57:018][  0]LogEngineSessionManager: EngineSessionManager initialized
[2018.11.30-19.27.57:205][  0]LogInit: Transaction tracking system initialized
[2018.11.30-19.27.57:621][  0]BlueprintLog: New page: 에디터 로드
[2018.11.30-19.27.58:935][  0]LocalizationService: 현지화 서비스가 비활성화되었습니다.
[2018.11.30-19.27.59:993][  0]LogConsoleResponse: Display: 
[2018.11.30-19.28.00:201][  0]LogCook: Display: Max memory allowance for cook 16384mb min free memory 0mb
[2018.11.30-19.28.00:201][  0]LogCook: Display: Mobile HDR setting 1
[2018.11.30-19.28.00:201][  0]LogGameplayTags: Display: UGameplayTagsManager::DoneAddingNativeTags. DelegateIsBound: 0
[2018.11.30-19.28.00:415][  0]LogFileCache: Scanning file cache for directory 'C:/Users/user/Documents/GameGem/Content/' took 0.02s
[2018.11.30-19.28.01:893][  0]SourceControl: 소스 콘트롤이 꺼졌습니다.
[2018.11.30-19.28.01:893][  0]Cmd: MAP LOAD FILE="../../../../../../Users/user/Documents/GameGem/Content/PuzzleBP/Maps/Login.umap" TEMPLATE=0 SHOWPROGRESS=1 FEATURELEVEL=3
[2018.11.30-19.28.01:894][  0]LightingResults: New page: 라이팅 빌드
[2018.11.30-19.28.01:950][  0]MapCheck: New page: 맵 체크
[2018.11.30-19.28.01:950][  0]LightingResults: New page: 라이팅 빌드
[2018.11.30-19.28.02:905][  0]LogBlueprint: Warning: [Compiler 튜토리얼메인화면] Get : '망치버튼강조3' variable not found. Base class was probably changed. /Game/PuzzleBP/Blueprints/UI/튜토리얼메인화면.튜토리얼메인화면
[2018.11.30-19.28.02:906][  0]LogBlueprint: Warning: [Compiler 튜토리얼메인화면] Get : '망치버튼강조3' variable not found. Base class was probably changed. /Game/PuzzleBP/Blueprints/UI/튜토리얼메인화면.튜토리얼메인화면
[2018.11.30-19.28.02:906][  0]LogBlueprint: Warning: [Compiler 튜토리얼메인화면] Get : '망치버튼강조3' variable not found. Base class was probably changed. /Game/PuzzleBP/Blueprints/UI/튜토리얼메인화면.튜토리얼메인화면
[2018.11.30-19.28.02:907][  0]LogBlueprint: Warning: [Compiler 튜토리얼메인화면] Get : '망치버튼강조3' variable not found. Base class was probably changed. /Game/PuzzleBP/Blueprints/UI/튜토리얼메인화면.튜토리얼메인화면
[2018.11.30-19.28.02:907][  0]LogBlueprint: Warning: [Compiler 튜토리얼메인화면] Get : '망치버튼강조3' variable not found. Base class was probably changed. /Game/PuzzleBP/Blueprints/UI/튜토리얼메인화면.튜토리얼메인화면
[2018.11.30-19.28.03:168][  0]LogBlueprint: Warning: [Compiler 튜토리얼메인화면] [0022.84] 튜토리얼메인화면 컴파일에 성공했습니다만, 경고가 5 회 있습니다. [소요시간 308 ms] (/Game/PuzzleBP/Blueprints/UI/튜토리얼메인화면.튜토리얼메인화면)
[2018.11.30-19.28.04:366][  0]LogAIModule: Creating AISystem for world Login
[2018.11.30-19.28.04:373][  0]LogEditorServer: Finished looking for orphan Actors (0.000 secs)
[2018.11.30-19.28.04:397][  0]Cmd: MAP CHECKDEP NOCLEARLOG
[2018.11.30-19.28.04:510][  0]MapCheck: 맵 체크 완료: 오류 0 회, 경고 0 회, 소요 시간 112.127ms.
[2018.11.30-19.28.04:510][  0]LogFileHelpers: Loading map 'Login' took 2.616
[2018.11.30-19.28.04:739][  0]LogCollectionManager: Loaded 0 collections in 0.002070 seconds
[2018.11.30-19.28.04:888][  0]LogFileCache: Scanning file cache for directory 'C:/Users/user/Documents/GameGem/Saved/Collections/' took 0.01s
[2018.11.30-19.28.04:888][  0]LogFileCache: Scanning file cache for directory 'C:/Users/user/Documents/GameGem/Content/Developers/user/Collections/' took 0.01s
[2018.11.30-19.28.04:888][  0]LogFileCache: Scanning file cache for directory 'C:/Users/user/Documents/GameGem/Content/Collections/' took 0.01s
[2018.11.30-19.28.04:888][  0]LogCollectionManager: Rebuilt the GUID cache for 0 collections in 0.000000 seconds
[2018.11.30-19.28.04:896][  0]LogContentBrowser: Native class hierarchy populated in 0.0078 seconds. Added 2363 classes and 519 folders.
[2018.11.30-19.28.04:980][  0]LogContentBrowser: Native class hierarchy updated for 'WidgetCarousel' in 0.0002 seconds. Added 0 classes and 0 folders.
[2018.11.30-19.28.05:023][  0]LogContentBrowser: Native class hierarchy updated for 'AddContentDialog' in 0.0002 seconds. Added 0 classes and 0 folders.
[2018.11.30-19.28.05:079][  0]LogContentBrowser: Native class hierarchy updated for 'SceneOutliner' in 0.0002 seconds. Added 1 classes and 2 folders.
[2018.11.30-19.28.05:199][  0]LogContentBrowser: Native class hierarchy updated for 'HierarchicalLODOutliner' in 0.0002 seconds. Added 1 classes and 2 folders.
[2018.11.30-19.28.05:199][  0]LogLoad: (Engine Initialization) Total time: 24.87 seconds
[2018.11.30-19.28.05:199][  0]LogLoad: (Engine Initialization) Total Blueprint compile time: 0.00 seconds
[2018.11.30-19.28.05:200][  0]LogExternalProfiler: No external profilers were discovered.  External profiling features will not be available.
[2018.11.30-19.28.05:556][  0]LoadErrors: Error: /Game/PuzzleBP/Blueprints/UI/메인화면  : Failed import for BoolProperty /Game/PuzzleBP/Blueprints/UI/게임모드설정.게임모드설정_C:메인게임? Function 익스포트에 레퍼런싱됨 /Game/PuzzleBP/Blueprints/UI/메인화면.메인화면_C:ExecuteUbergraph_메인화면
[2018.11.30-19.28.05:556][  0]LoadErrors: Error: /Game/PuzzleBP/Blueprints/UI/메인화면  : Failed import for BoolProperty /Game/PuzzleBP/Blueprints/UI/게임모드설정.게임모드설정_C:튜토리얼? Function 익스포트에 레퍼런싱됨 /Game/PuzzleBP/Blueprints/UI/메인화면.메인화면_C:ExecuteUbergraph_메인화면
[2018.11.30-19.28.05:557][  0]LoadErrors: Error: /Game/PuzzleBP/Blueprints/UI/메인화면  : Failed import for BoolProperty /Game/PuzzleBP/Blueprints/UI/튜토리얼모드설정.튜토리얼모드설정_C:외래어클릭? Function 익스포트에 레퍼런싱됨 /Game/PuzzleBP/Blueprints/UI/메인화면.메인화면_C:ExecuteUbergraph_메인화면
[2018.11.30-19.28.05:583][  0]LogContentStreaming: Texture pool size now 1000 MB
[2018.11.30-19.28.05:620][  0]LogSlate: Took 0.000632 seconds to synchronously load lazily loaded font '../../../Engine/Content/Slate/Fonts/Roboto-Regular.ttf' (155K)
[2018.11.30-19.28.05:633][  0]LogSlate: Took 0.010575 seconds to synchronously load lazily loaded font '../../../Engine/Content/Slate/Fonts/NanumGothic.ttf' (4243K)
[2018.11.30-19.28.05:637][  0]LogSlate: Took 0.000690 seconds to synchronously load lazily loaded font '../../../Engine/Content/Slate/Fonts/Roboto-Bold.ttf' (160K)
[2018.11.30-19.28.05:645][  0]LogSlate: Took 0.000285 seconds to synchronously load lazily loaded font '../../../Engine/Content/Editor/Slate/Fonts/FontAwesome.ttf' (139K)
[2018.11.30-19.28.05:846][  0]LogRenderer: Reallocating scene render targets to support 916x476 Format 10 NumSamples 1 (Frame:1).
[2018.11.30-19.28.05:911][  0]LogSlate: Took 0.000204 seconds to synchronously load lazily loaded font '../../../Engine/Content/Slate/Fonts/Roboto-Light.ttf' (159K)
[2018.11.30-19.28.06:378][  3]LogSlate: Took 0.000200 seconds to synchronously load lazily loaded font '../../../Engine/Content/Slate/Fonts/Roboto-Light.ttf' (159K)
[2018.11.30-19.28.06:792][  3]LogContentBrowser: Native class hierarchy updated for 'BlueprintGraph' in 0.0011 seconds. Added 116 classes and 0 folders.
[2018.11.30-19.28.08:645][  3]LogSlate: Took 0.000143 seconds to synchronously load lazily loaded font '../../../Engine/Content/Slate/Fonts/Roboto-Light.ttf' (159K)
[2018.11.30-19.28.08:645][  3]LogSlate: Took 0.000127 seconds to synchronously load lazily loaded font '../../../Engine/Content/Editor/Slate/Fonts/Roboto-BoldCondensed.ttf' (158K)
[2018.11.30-19.28.08:856][ 10]LogAssetRegistry: Asset discovery search completed in 20.0147 seconds
[2018.11.30-19.28.08:858][ 10]LogCollectionManager: Rebuilt the object cache for 0 collections in 0.000000 seconds (found 0 objects)
[2018.11.30-19.28.08:858][ 10]LogCollectionManager: Fixed up redirectors for 0 collections in 0.000046 seconds (updated 0 objects)
[2018.11.30-19.28.10:895][123]LogRenderer: Reallocating scene render targets to support 1208x552 Format 10 NumSamples 1 (Frame:2).
[2018.11.30-19.28.28:470][101]LogTemp: Repeating last play command: 새 에디터 창 (PIE)
[2018.11.30-19.28.28:559][101]LogBlueprintUserMessages: Early PlayInEditor Detection: Level '/Game/PuzzleBP/Maps/Login.Login:PersistentLevel' has LevelScriptBlueprint '/Game/PuzzleBP/Maps/Login.Login:PersistentLevel.Login' with GeneratedClass '/Game/PuzzleBP/Maps/Login.Login_C' with ClassGeneratedBy '/Game/PuzzleBP/Maps/Login.Login:PersistentLevel.Login'
[2018.11.30-19.28.28:559][101]LogPlayLevel: PlayLevel: No blueprints needed recompiling
[2018.11.30-19.28.28:559][101]PIE: New page: PIE 세션: Login (2018. 12. 1. 오후 1:28:28)
[2018.11.30-19.28.28:560][101]LogPlayLevel: Creating play world package: /Game/PuzzleBP/Maps/UEDPIE_0_Login
[2018.11.30-19.28.28:561][101]LogPlayLevel: PIE: StaticDuplicateObject took: (0.000740s)
[2018.11.30-19.28.28:561][101]LogAIModule: Creating AISystem for world Login
[2018.11.30-19.28.28:561][101]LogPlayLevel: PIE: World Init took: (0.000535s)
[2018.11.30-19.28.28:561][101]LogPlayLevel: PIE: Created PIE world by copying editor world from /Game/PuzzleBP/Maps/Login.Login to /Game/PuzzleBP/Maps/UEDPIE_0_Login.Login (0.001532s)
[2018.11.30-19.28.28:588][101]LogInit: XAudio2 using '스피커(Realtek High Definition Audio)' : 2 channels at 48 kHz using 32 bits per sample (channel mask 0x3)
[2018.11.30-19.28.28:633][101]LogInit: FAudioDevice initialized.
[2018.11.30-19.28.28:702][101]LogLoad: Game class is 'PuzzleGameMode_C'
[2018.11.30-19.28.28:704][101]LogWorld: Bringing World /Game/PuzzleBP/Maps/UEDPIE_0_Login.Login up for play (max tick rate 60) at 2018.12.01-04.28.28
[2018.11.30-19.28.28:705][101]LogWorld: Bringing up level for play took: 0.001545
[2018.11.30-19.28.28:771][101]LogContentBrowser: Native class hierarchy updated for 'MovieSceneCapture' in 0.0011 seconds. Added 11 classes and 0 folders.
[2018.11.30-19.28.28:782][101]PIE: /Game/PuzzleBP/Maps/UEDPIE_0_Login 에 대한 에디터에서 플레이 시작 시간: 0.521
[2018.11.30-19.28.28:782][101]LogBlueprintUserMessages: Late PlayInEditor Detection: Level '/Game/PuzzleBP/Maps/Login.Login:PersistentLevel' has LevelScriptBlueprint '/Game/PuzzleBP/Maps/Login.Login:PersistentLevel.Login' with GeneratedClass '/Game/PuzzleBP/Maps/Login.Login_C' with ClassGeneratedBy '/Game/PuzzleBP/Maps/Login.Login:PersistentLevel.Login'
[2018.11.30-19.28.28:822][101]LogRenderer: Reallocating scene render targets to support 1292x756 Format 10 NumSamples 1 (Frame:1).
[2018.11.30-19.28.37:993][646]LogNet: Browse: /Game/PuzzleBP/Maps/MainMenu
[2018.11.30-19.28.37:993][646]LogLoad: LoadMap: /Game/PuzzleBP/Maps/MainMenu
[2018.11.30-19.28.38:478][646]LogStats: FPlatformStackWalk::StackWalkAndDump -  0.418 s
[2018.11.30-19.28.38:478][646]LogOutputDevice: Error: === Handled ensure: ===
[2018.11.30-19.28.38:478][646]LogOutputDevice: Error: 
[2018.11.30-19.28.38:478][646]LogOutputDevice: Error: Ensure condition failed: IsObjectValidForDatabase(AssetObject) [File:D:\Build\++UE4+Release-4.18+Compile\Sync\Engine\Source\Editor\BlueprintGraph\Private\BlueprintActionDatabase.cpp] [Line: 1315]
[2018.11.30-19.28.38:478][646]LogOutputDevice: Error: 
[2018.11.30-19.28.38:478][646]LogOutputDevice: Error: Stack: 
[2018.11.30-19.28.38:478][646]LogOutputDevice: Error: [Callstack] 0x00000000081A2786 UE4Editor-Core.dll!UnknownFunction []
[2018.11.30-19.28.38:478][646]LogOutputDevice: Error: [Callstack] 0x0000000007F4123A UE4Editor-Core.dll!UnknownFunction []
[2018.11.30-19.28.38:478][646]LogOutputDevice: Error: [Callstack] 0x0000000007F5B906 UE4Editor-Core.dll!UnknownFunction []
[2018.11.30-19.28.38:478][646]LogOutputDevice: Error: [Callstack] 0x0000000005950199 UE4Editor-BlueprintGraph.dll!UnknownFunction []
[2018.11.30-19.28.38:478][646]LogOutputDevice: Error: [Callstack] 0x000000000591EF4D UE4Editor-BlueprintGraph.dll!UnknownFunction []
[2018.11.30-19.28.38:478][646]LogOutputDevice: Error: [Callstack] 0x0000000013396C17 UE4Editor-CoreUObject.dll!UnknownFunction []
[2018.11.30-19.28.38:478][646]LogOutputDevice: Error: [Callstack] 0x00000000136ADED6 UE4Editor-CoreUObject.dll!UnknownFunction []
[2018.11.30-19.28.38:478][646]LogOutputDevice: Error: [Callstack] 0x00000000136C5259 UE4Editor-CoreUObject.dll!UnknownFunction []
[2018.11.30-19.28.38:478][646]LogOutputDevice: Error: [Callstack] 0x00000000136C4774 UE4Editor-CoreUObject.dll!UnknownFunction []
[2018.11.30-19.28.38:478][646]LogOutputDevice: Error: [Callstack] 0x00000000034DFB28 UE4Editor-Engine.dll!UnknownFunction []
[2018.11.30-19.28.38:478][646]LogOutputDevice: Error: [Callstack] 0x0000000003493FA8 UE4Editor-Engine.dll!UnknownFunction []
[2018.11.30-19.28.38:478][646]LogOutputDevice: Error: [Callstack] 0x000000000350539D UE4Editor-Engine.dll!UnknownFunction []
[2018.11.30-19.28.38:478][646]LogOutputDevice: Error: [Callstack] 0x00000000FF5361B1 UE4Editor-UnrealEd.dll!UnknownFunction []
[2018.11.30-19.28.38:478][646]LogOutputDevice: Error: [Callstack] 0x00000000FFDE4AC6 UE4Editor-UnrealEd.dll!UnknownFunction []
[2018.11.30-19.28.38:478][646]LogOutputDevice: Error: [Callstack] 0x000000009B675A26 UE4Editor.exe!UnknownFunction []
[2018.11.30-19.28.38:478][646]LogOutputDevice: Error: [Callstack] 0x000000009B685430 UE4Editor.exe!UnknownFunction []
[2018.11.30-19.28.38:478][646]LogOutputDevice: Error: [Callstack] 0x000000009B6854AA UE4Editor.exe!UnknownFunction []
[2018.11.30-19.28.38:478][646]LogOutputDevice: Error: [Callstack] 0x000000009B692379 UE4Editor.exe!UnknownFunction []
[2018.11.30-19.28.38:478][646]LogOutputDevice: Error: [Callstack] 0x000000009B693D57 UE4Editor.exe!UnknownFunction []
[2018.11.30-19.28.38:478][646]LogOutputDevice: Error: [Callstack] 0x0000000045A03034 KERNEL32.DLL!UnknownFunction []
[2018.11.30-19.28.38:478][646]LogOutputDevice: Error: [Callstack] 0x0000000045CC1471 ntdll.dll!UnknownFunction []
[2018.11.30-19.28.38:478][646]LogOutputDevice: Error: 
[2018.11.30-19.28.38:488][646]LogStats:                SubmitErrorReport -  0.000 s
[2018.11.30-19.28.38:821][646]LogStats:                    SendNewReport -  0.333 s
[2018.11.30-19.28.38:821][646]LogStats:             FDebug::EnsureFailed -  0.761 s
[2018.11.30-19.28.39:381][646]LogAIModule: Creating AISystem for world MainMenu
[2018.11.30-19.28.39:381][646]LogLoad: Game class is 'PuzzleGameMode_C'
[2018.11.30-19.28.39:383][646]LogWorld: Bringing World /Game/PuzzleBP/Maps/UEDPIE_0_MainMenu.MainMenu up for play (max tick rate 60) at 2018.12.01-04.28.39
[2018.11.30-19.28.39:384][646]LogWorld: Bringing up level for play took: 0.001082
[2018.11.30-19.28.39:384][646]LogGameMode: FindPlayerStart: PATHS NOT DEFINED or NO PLAYERSTART with positive rating
[2018.11.30-19.28.39:391][646]LogScriptCore: Warning: Script Msg: Attempted to access index 0 from array 'CallFunc_GetAllWidgetsOfClass_FoundWidgets' of length 0 in '/Game/PuzzleBP/Blueprints/UI/학습장.학습장_C:ExecuteUbergraph_학습장'!
[2018.11.30-19.28.39:391][646]LogScriptCore: Warning: Script Msg: Attempted to access index 0 from array 'CallFunc_GetAllWidgetsOfClass_FoundWidgets' of length 0 in '/Game/PuzzleBP/Blueprints/UI/옵션창.옵션창_C:ExecuteUbergraph_옵션창'!
[2018.11.30-19.28.39:391][646]LogScriptCore: Warning: Script Msg: Attempted to access index 0 from array 'CallFunc_GetAllWidgetsOfClass_FoundWidgets' of length 0 in '/Game/PuzzleBP/Blueprints/UI/내정보창.내정보창_C:ExecuteUbergraph_내정보창'!
[2018.11.30-19.28.39:391][646]LogScriptCore: Warning: Script Msg: Attempted to access index 0 from array 'CallFunc_GetAllWidgetsOfClass_FoundWidgets' of length 0 in '/Game/PuzzleBP/Blueprints/UI/내아이템.내아이템_C:ExecuteUbergraph_내아이템'!
[2018.11.30-19.28.39:396][646]LogLoad: Took 1.403287 seconds to LoadMap(/Game/PuzzleBP/Maps/MainMenu)
[2018.11.30-19.28.48:653][197]LogBlueprintUserMessages: Early EndPlayMap Detection: Level '/Game/PuzzleBP/Maps/Login.Login:PersistentLevel' has LevelScriptBlueprint '/Game/PuzzleBP/Maps/Login.Login:PersistentLevel.Login' with GeneratedClass '/Game/PuzzleBP/Maps/Login.Login_C' with ClassGeneratedBy '/Game/PuzzleBP/Maps/Login.Login:PersistentLevel.Login'
[2018.11.30-19.28.48:715][197]LogBlueprintUserMessages: Late EndPlayMap Detection: Level '/Game/PuzzleBP/Maps/Login.Login:PersistentLevel' has LevelScriptBlueprint '/Game/PuzzleBP/Maps/Login.Login:PersistentLevel.Login' with GeneratedClass '/Game/PuzzleBP/Maps/Login.Login_C' with ClassGeneratedBy '/Game/PuzzleBP/Maps/Login.Login:PersistentLevel.Login'
[2018.11.30-19.29.39:159][179]BlueprintLog: New page: 메인화면 컴파일
[2018.11.30-19.29.39:588][189]Cmd: OBJ SAVEPACKAGE PACKAGE="/Game/PuzzleBP/Blueprints/UI/메인화면" FILE="../../../../../../Users/user/Documents/GameGem/Content/PuzzleBP/Blueprints/UI/메인화면.uasset" SILENT=true
[2018.11.30-19.29.40:022][189]LogSavePackage: Save=406.23ms
[2018.11.30-19.29.40:022][189]LogSavePackage: Moving '../../../../../../Users/user/Documents/GameGem/Saved/메인화면C5364B164902985193B8DAAD2B61BFC4.tmp' to '../../../../../../Users/user/Documents/GameGem/Content/PuzzleBP/Blueprints/UI/메인화면.uasset'
[2018.11.30-19.29.40:025][189]LogSavePackage: Display: Finished SavePackage ../../../../../../Users/user/Documents/GameGem/Content/PuzzleBP/Blueprints/UI/메인화면.uasset
[2018.11.30-19.29.40:931][243]LogTemp: Repeating last play command: 새 에디터 창 (PIE)
[2018.11.30-19.29.40:969][243]LogBlueprintUserMessages: Early PlayInEditor Detection: Level '/Game/PuzzleBP/Maps/Login.Login:PersistentLevel' has LevelScriptBlueprint '/Game/PuzzleBP/Maps/Login.Login:PersistentLevel.Login' with GeneratedClass '/Game/PuzzleBP/Maps/Login.Login_C' with ClassGeneratedBy '/Game/PuzzleBP/Maps/Login.Login:PersistentLevel.Login'
[2018.11.30-19.29.40:969][243]LogPlayLevel: PlayLevel: No blueprints needed recompiling
[2018.11.30-19.29.40:969][243]PIE: New page: PIE 세션: Login (2018. 12. 1. 오후 1:29:40)
[2018.11.30-19.29.41:705][243]LogPlayLevel: Creating play world package: /Game/PuzzleBP/Maps/UEDPIE_0_Login
[2018.11.30-19.29.41:705][243]LogPlayLevel: PIE: StaticDuplicateObject took: (0.000711s)
[2018.11.30-19.29.41:706][243]LogAIModule: Creating AISystem for world Login
[2018.11.30-19.29.41:706][243]LogPlayLevel: PIE: World Init took: (0.000710s)
[2018.11.30-19.29.41:706][243]LogPlayLevel: PIE: Created PIE world by copying editor world from /Game/PuzzleBP/Maps/Login.Login to /Game/PuzzleBP/Maps/UEDPIE_0_Login.Login (0.001635s)
[2018.11.30-19.29.41:728][243]LogInit: XAudio2 using '스피커(Realtek High Definition Audio)' : 2 channels at 48 kHz using 32 bits per sample (channel mask 0x3)
[2018.11.30-19.29.41:770][243]LogInit: FAudioDevice initialized.
[2018.11.30-19.29.41:822][243]LogLoad: Game class is 'PuzzleGameMode_C'
[2018.11.30-19.29.41:823][243]LogWorld: Bringing World /Game/PuzzleBP/Maps/UEDPIE_0_Login.Login up for play (max tick rate 60) at 2018.12.01-04.29.41
[2018.11.30-19.29.41:823][243]LogWorld: Bringing up level for play took: 0.000490
[2018.11.30-19.29.41:833][243]PIE: /Game/PuzzleBP/Maps/UEDPIE_0_Login 에 대한 에디터에서 플레이 시작 시간: 1.571
[2018.11.30-19.29.41:833][243]LogBlueprintUserMessages: Late PlayInEditor Detection: Level '/Game/PuzzleBP/Maps/Login.Login:PersistentLevel' has LevelScriptBlueprint '/Game/PuzzleBP/Maps/Login.Login:PersistentLevel.Login' with GeneratedClass '/Game/PuzzleBP/Maps/Login.Login_C' with ClassGeneratedBy '/Game/PuzzleBP/Maps/Login.Login:PersistentLevel.Login'
[2018.11.30-19.29.42:525][277]LogBlueprintUserMessages: Early EndPlayMap Detection: Level '/Game/PuzzleBP/Maps/Login.Login:PersistentLevel' has LevelScriptBlueprint '/Game/PuzzleBP/Maps/Login.Login:PersistentLevel.Login' with GeneratedClass '/Game/PuzzleBP/Maps/Login.Login_C' with ClassGeneratedBy '/Game/PuzzleBP/Maps/Login.Login:PersistentLevel.Login'
[2018.11.30-19.29.42:597][277]LogBlueprintUserMessages: Late EndPlayMap Detection: Level '/Game/PuzzleBP/Maps/Login.Login:PersistentLevel' has LevelScriptBlueprint '/Game/PuzzleBP/Maps/Login.Login:PersistentLevel.Login' with GeneratedClass '/Game/PuzzleBP/Maps/Login.Login_C' with ClassGeneratedBy '/Game/PuzzleBP/Maps/Login.Login:PersistentLevel.Login'
[2018.11.30-19.29.46:081][475]LogAIModule: Creating AISystem for world MainMenu
[2018.11.30-19.29.46:107][475]Cmd: MAP LOAD FILE="../../../../../../Users/user/Documents/GameGem/Content/PuzzleBP/Maps/MainMenu.umap" TEMPLATE=0 SHOWPROGRESS=1 FEATURELEVEL=3
[2018.11.30-19.29.46:107][475]LightingResults: New page: 라이팅 빌드
[2018.11.30-19.29.46:108][475]LoadErrors: New page: 맵 로드중: MainMenu.umap
[2018.11.30-19.29.46:109][475]MapCheck: New page: 맵 체크
[2018.11.30-19.29.46:109][475]LightingResults: New page: 라이팅 빌드
[2018.11.30-19.29.46:132][475]LogEditorServer: Finished looking for orphan Actors (0.000 secs)
[2018.11.30-19.29.46:197][475]Cmd: MAP CHECKDEP NOCLEARLOG
[2018.11.30-19.29.46:315][475]MapCheck: 맵 체크 완료: 오류 0 회, 경고 0 회, 소요 시간 117.973ms.
[2018.11.30-19.29.46:316][475]LogFileHelpers: Loading map 'MainMenu' took 0.209
[2018.11.30-19.29.47:272][531]LogTemp: Repeating last play command: 새 에디터 창 (PIE)
[2018.11.30-19.29.47:309][531]LogBlueprintUserMessages: Early PlayInEditor Detection: Level '/Game/PuzzleBP/Maps/MainMenu.MainMenu:PersistentLevel' has LevelScriptBlueprint '/Game/PuzzleBP/Maps/MainMenu.MainMenu:PersistentLevel.MainMenu' with GeneratedClass '/Game/PuzzleBP/Maps/MainMenu.MainMenu_C' with ClassGeneratedBy '/Game/PuzzleBP/Maps/MainMenu.MainMenu:PersistentLevel.MainMenu'
[2018.11.30-19.29.47:310][531]LogPlayLevel: PlayLevel: No blueprints needed recompiling
[2018.11.30-19.29.47:310][531]PIE: New page: PIE 세션: MainMenu (2018. 12. 1. 오후 1:29:47)
[2018.11.30-19.29.47:310][531]LogPlayLevel: Creating play world package: /Game/PuzzleBP/Maps/UEDPIE_0_MainMenu
[2018.11.30-19.29.47:312][531]LogPlayLevel: PIE: StaticDuplicateObject took: (0.001669s)
[2018.11.30-19.29.47:312][531]LogAIModule: Creating AISystem for world MainMenu
[2018.11.30-19.29.47:313][531]LogPlayLevel: PIE: World Init took: (0.000689s)
[2018.11.30-19.29.47:313][531]LogPlayLevel: PIE: Created PIE world by copying editor world from /Game/PuzzleBP/Maps/MainMenu.MainMenu to /Game/PuzzleBP/Maps/UEDPIE_0_MainMenu.MainMenu (0.002734s)
[2018.11.30-19.29.47:334][531]LogInit: XAudio2 using '스피커(Realtek High Definition Audio)' : 2 channels at 48 kHz using 32 bits per sample (channel mask 0x3)
[2018.11.30-19.29.47:375][531]LogInit: FAudioDevice initialized.
[2018.11.30-19.29.47:423][531]LogLoad: Game class is 'PuzzleGameMode_C'
[2018.11.30-19.29.47:425][531]LogWorld: Bringing World /Game/PuzzleBP/Maps/UEDPIE_0_MainMenu.MainMenu up for play (max tick rate 60) at 2018.12.01-04.29.47
[2018.11.30-19.29.47:425][531]LogWorld: Bringing up level for play took: 0.000532
[2018.11.30-19.29.47:434][531]LogScriptCore: Warning: Script Msg: Attempted to access index 0 from array 'CallFunc_GetAllWidgetsOfClass_FoundWidgets' of length 0 in '/Game/PuzzleBP/Blueprints/UI/학습장.학습장_C:ExecuteUbergraph_학습장'!
[2018.11.30-19.29.47:434][531]LogScriptCore: Warning: Script Msg: Attempted to access index 0 from array 'CallFunc_GetAllWidgetsOfClass_FoundWidgets' of length 0 in '/Game/PuzzleBP/Blueprints/UI/옵션창.옵션창_C:ExecuteUbergraph_옵션창'!
[2018.11.30-19.29.47:434][531]LogScriptCore: Warning: Script Msg: Attempted to access index 0 from array 'CallFunc_GetAllWidgetsOfClass_FoundWidgets' of length 0 in '/Game/PuzzleBP/Blueprints/UI/내정보창.내정보창_C:ExecuteUbergraph_내정보창'!
[2018.11.30-19.29.47:435][531]LogScriptCore: Warning: Script Msg: Attempted to access index 0 from array 'CallFunc_GetAllWidgetsOfClass_FoundWidgets' of length 0 in '/Game/PuzzleBP/Blueprints/UI/내아이템.내아이템_C:ExecuteUbergraph_내아이템'!
[2018.11.30-19.29.47:444][531]PIE: /Game/PuzzleBP/Maps/UEDPIE_0_MainMenu 에 대한 에디터에서 플레이 시작 시간: -0.817
[2018.11.30-19.29.47:445][531]LogBlueprintUserMessages: Late PlayInEditor Detection: Level '/Game/PuzzleBP/Maps/MainMenu.MainMenu:PersistentLevel' has LevelScriptBlueprint '/Game/PuzzleBP/Maps/MainMenu.MainMenu:PersistentLevel.MainMenu' with GeneratedClass '/Game/PuzzleBP/Maps/MainMenu.MainMenu_C' with ClassGeneratedBy '/Game/PuzzleBP/Maps/MainMenu.MainMenu:PersistentLevel.MainMenu'
[2018.11.30-19.30.04:866][568]LogBlueprintUserMessages: Early EndPlayMap Detection: Level '/Game/PuzzleBP/Maps/MainMenu.MainMenu:PersistentLevel' has LevelScriptBlueprint '/Game/PuzzleBP/Maps/MainMenu.MainMenu:PersistentLevel.MainMenu' with GeneratedClass '/Game/PuzzleBP/Maps/MainMenu.MainMenu_C' with ClassGeneratedBy '/Game/PuzzleBP/Maps/MainMenu.MainMenu:PersistentLevel.MainMenu'
[2018.11.30-19.30.04:933][568]LogBlueprintUserMessages: Late EndPlayMap Detection: Level '/Game/PuzzleBP/Maps/MainMenu.MainMenu:PersistentLevel' has LevelScriptBlueprint '/Game/PuzzleBP/Maps/MainMenu.MainMenu:PersistentLevel.MainMenu' with GeneratedClass '/Game/PuzzleBP/Maps/MainMenu.MainMenu_C' with ClassGeneratedBy '/Game/PuzzleBP/Maps/MainMenu.MainMenu:PersistentLevel.MainMenu'
[2018.11.30-19.30.21:721][558]BlueprintLog: New page: 메인화면 컴파일
[2018.11.30-19.30.22:110][568]Cmd: OBJ SAVEPACKAGE PACKAGE="/Game/PuzzleBP/Blueprints/UI/메인화면" FILE="../../../../../../Users/user/Documents/GameGem/Content/PuzzleBP/Blueprints/UI/메인화면.uasset" SILENT=true
[2018.11.30-19.30.22:538][568]LogSavePackage: Save=410.76ms
[2018.11.30-19.30.22:538][568]LogSavePackage: Moving '../../../../../../Users/user/Documents/GameGem/Saved/메인화면A2C3CEF14ADE04A4EE01868DE46CE4E4.tmp' to '../../../../../../Users/user/Documents/GameGem/Content/PuzzleBP/Blueprints/UI/메인화면.uasset'
[2018.11.30-19.30.22:541][568]LogSavePackage: Display: Finished SavePackage ../../../../../../Users/user/Documents/GameGem/Content/PuzzleBP/Blueprints/UI/메인화면.uasset
[2018.11.30-19.30.23:355][617]LogTemp: Repeating last play command: 새 에디터 창 (PIE)
[2018.11.30-19.30.23:390][617]LogBlueprintUserMessages: Early PlayInEditor Detection: Level '/Game/PuzzleBP/Maps/MainMenu.MainMenu:PersistentLevel' has LevelScriptBlueprint '/Game/PuzzleBP/Maps/MainMenu.MainMenu:PersistentLevel.MainMenu' with GeneratedClass '/Game/PuzzleBP/Maps/MainMenu.MainMenu_C' with ClassGeneratedBy '/Game/PuzzleBP/Maps/MainMenu.MainMenu:PersistentLevel.MainMenu'
[2018.11.30-19.30.23:390][617]LogPlayLevel: PlayLevel: No blueprints needed recompiling
[2018.11.30-19.30.23:390][617]PIE: New page: PIE 세션: MainMenu (2018. 12. 1. 오후 1:30:23)
[2018.11.30-19.30.23:391][617]LogPlayLevel: Creating play world package: /Game/PuzzleBP/Maps/UEDPIE_0_MainMenu
[2018.11.30-19.30.23:392][617]LogPlayLevel: PIE: StaticDuplicateObject took: (0.001732s)
[2018.11.30-19.30.23:393][617]LogAIModule: Creating AISystem for world MainMenu
[2018.11.30-19.30.23:393][617]LogPlayLevel: PIE: World Init took: (0.000527s)
[2018.11.30-19.30.23:393][617]LogPlayLevel: PIE: Created PIE world by copying editor world from /Game/PuzzleBP/Maps/MainMenu.MainMenu to /Game/PuzzleBP/Maps/UEDPIE_0_MainMenu.MainMenu (0.002454s)
[2018.11.30-19.30.23:414][617]LogInit: XAudio2 using '스피커(Realtek High Definition Audio)' : 2 channels at 48 kHz using 32 bits per sample (channel mask 0x3)
[2018.11.30-19.30.23:455][617]LogInit: FAudioDevice initialized.
[2018.11.30-19.30.23:501][617]LogLoad: Game class is 'PuzzleGameMode_C'
[2018.11.30-19.30.23:504][617]LogWorld: Bringing World /Game/PuzzleBP/Maps/UEDPIE_0_MainMenu.MainMenu up for play (max tick rate 60) at 2018.12.01-04.30.23
[2018.11.30-19.30.23:504][617]LogWorld: Bringing up level for play took: 0.001165
[2018.11.30-19.30.23:513][617]LogScriptCore: Warning: Script Msg: Attempted to access index 0 from array 'CallFunc_GetAllWidgetsOfClass_FoundWidgets' of length 0 in '/Game/PuzzleBP/Blueprints/UI/학습장.학습장_C:ExecuteUbergraph_학습장'!
[2018.11.30-19.30.23:513][617]LogScriptCore: Warning: Script Msg: Attempted to access index 0 from array 'CallFunc_GetAllWidgetsOfClass_FoundWidgets' of length 0 in '/Game/PuzzleBP/Blueprints/UI/옵션창.옵션창_C:ExecuteUbergraph_옵션창'!
[2018.11.30-19.30.23:513][617]LogScriptCore: Warning: Script Msg: Attempted to access index 0 from array 'CallFunc_GetAllWidgetsOfClass_FoundWidgets' of length 0 in '/Game/PuzzleBP/Blueprints/UI/내정보창.내정보창_C:ExecuteUbergraph_내정보창'!
[2018.11.30-19.30.23:514][617]LogScriptCore: Warning: Script Msg: Attempted to access index 0 from array 'CallFunc_GetAllWidgetsOfClass_FoundWidgets' of length 0 in '/Game/PuzzleBP/Blueprints/UI/내아이템.내아이템_C:ExecuteUbergraph_내아이템'!
[2018.11.30-19.30.23:522][617]PIE: /Game/PuzzleBP/Maps/UEDPIE_0_MainMenu 에 대한 에디터에서 플레이 시작 시간: -0.738
[2018.11.30-19.30.23:523][617]LogBlueprintUserMessages: Late PlayInEditor Detection: Level '/Game/PuzzleBP/Maps/MainMenu.MainMenu:PersistentLevel' has LevelScriptBlueprint '/Game/PuzzleBP/Maps/MainMenu.MainMenu:PersistentLevel.MainMenu' with GeneratedClass '/Game/PuzzleBP/Maps/MainMenu.MainMenu_C' with ClassGeneratedBy '/Game/PuzzleBP/Maps/MainMenu.MainMenu:PersistentLevel.MainMenu'
[2018.11.30-19.31.03:854][ 28]LogBlueprintUserMessages: Early EndPlayMap Detection: Level '/Game/PuzzleBP/Maps/MainMenu.MainMenu:PersistentLevel' has LevelScriptBlueprint '/Game/PuzzleBP/Maps/MainMenu.MainMenu:PersistentLevel.MainMenu' with GeneratedClass '/Game/PuzzleBP/Maps/MainMenu.MainMenu_C' with ClassGeneratedBy '/Game/PuzzleBP/Maps/MainMenu.MainMenu:PersistentLevel.MainMenu'
[2018.11.30-19.31.03:924][ 28]LogBlueprintUserMessages: Late EndPlayMap Detection: Level '/Game/PuzzleBP/Maps/MainMenu.MainMenu:PersistentLevel' has LevelScriptBlueprint '/Game/PuzzleBP/Maps/MainMenu.MainMenu:PersistentLevel.MainMenu' with GeneratedClass '/Game/PuzzleBP/Maps/MainMenu.MainMenu_C' with ClassGeneratedBy '/Game/PuzzleBP/Maps/MainMenu.MainMenu:PersistentLevel.MainMenu'
[2018.11.30-19.31.23:187][178]BlueprintLog: New page: 메인화면 컴파일
[2018.11.30-19.31.23:656][193]Cmd: OBJ SAVEPACKAGE PACKAGE="/Game/PuzzleBP/Blueprints/UI/메인화면" FILE="../../../../../../Users/user/Documents/GameGem/Content/PuzzleBP/Blueprints/UI/메인화면.uasset" SILENT=true
[2018.11.30-19.31.24:081][193]LogSavePackage: Save=407.74ms
[2018.11.30-19.31.24:081][193]LogSavePackage: Moving '../../../../../../Users/user/Documents/GameGem/Saved/메인화면D984A644416171FA8D7357B3E5AEC15A.tmp' to '../../../../../../Users/user/Documents/GameGem/Content/PuzzleBP/Blueprints/UI/메인화면.uasset'
[2018.11.30-19.31.24:084][193]LogSavePackage: Display: Finished SavePackage ../../../../../../Users/user/Documents/GameGem/Content/PuzzleBP/Blueprints/UI/메인화면.uasset
[2018.11.30-19.31.25:033][250]LogTemp: Repeating last play command: 새 에디터 창 (PIE)
[2018.11.30-19.31.25:070][250]LogBlueprintUserMessages: Early PlayInEditor Detection: Level '/Game/PuzzleBP/Maps/MainMenu.MainMenu:PersistentLevel' has LevelScriptBlueprint '/Game/PuzzleBP/Maps/MainMenu.MainMenu:PersistentLevel.MainMenu' with GeneratedClass '/Game/PuzzleBP/Maps/MainMenu.MainMenu_C' with ClassGeneratedBy '/Game/PuzzleBP/Maps/MainMenu.MainMenu:PersistentLevel.MainMenu'
[2018.11.30-19.31.25:070][250]LogPlayLevel: PlayLevel: No blueprints needed recompiling
[2018.11.30-19.31.25:070][250]PIE: New page: PIE 세션: MainMenu (2018. 12. 1. 오후 1:31:25)
[2018.11.30-19.31.25:071][250]LogPlayLevel: Creating play world package: /Game/PuzzleBP/Maps/UEDPIE_0_MainMenu
[2018.11.30-19.31.25:072][250]LogPlayLevel: PIE: StaticDuplicateObject took: (0.001677s)
[2018.11.30-19.31.25:073][250]LogAIModule: Creating AISystem for world MainMenu
[2018.11.30-19.31.25:073][250]LogPlayLevel: PIE: World Init took: (0.000582s)
[2018.11.30-19.31.25:073][250]LogPlayLevel: PIE: Created PIE world by copying editor world from /Game/PuzzleBP/Maps/MainMenu.MainMenu to /Game/PuzzleBP/Maps/UEDPIE_0_MainMenu.MainMenu (0.002462s)
[2018.11.30-19.31.25:095][250]LogInit: XAudio2 using '스피커(Realtek High Definition Audio)' : 2 channels at 48 kHz using 32 bits per sample (channel mask 0x3)
[2018.11.30-19.31.25:137][250]LogInit: FAudioDevice initialized.
[2018.11.30-19.31.25:185][250]LogLoad: Game class is 'PuzzleGameMode_C'
[2018.11.30-19.31.25:188][250]LogWorld: Bringing World /Game/PuzzleBP/Maps/UEDPIE_0_MainMenu.MainMenu up for play (max tick rate 60) at 2018.12.01-04.31.25
[2018.11.30-19.31.25:188][250]LogWorld: Bringing up level for play took: 0.000597
[2018.11.30-19.31.25:198][250]LogScriptCore: Warning: Script Msg: Attempted to access index 0 from array 'CallFunc_GetAllWidgetsOfClass_FoundWidgets' of length 0 in '/Game/PuzzleBP/Blueprints/UI/학습장.학습장_C:ExecuteUbergraph_학습장'!
[2018.11.30-19.31.25:198][250]LogScriptCore: Warning: Script Msg: Attempted to access index 0 from array 'CallFunc_GetAllWidgetsOfClass_FoundWidgets' of length 0 in '/Game/PuzzleBP/Blueprints/UI/옵션창.옵션창_C:ExecuteUbergraph_옵션창'!
[2018.11.30-19.31.25:198][250]LogScriptCore: Warning: Script Msg: Attempted to access index 0 from array 'CallFunc_GetAllWidgetsOfClass_FoundWidgets' of length 0 in '/Game/PuzzleBP/Blueprints/UI/내정보창.내정보창_C:ExecuteUbergraph_내정보창'!
[2018.11.30-19.31.25:199][250]LogScriptCore: Warning: Script Msg: Attempted to access index 0 from array 'CallFunc_GetAllWidgetsOfClass_FoundWidgets' of length 0 in '/Game/PuzzleBP/Blueprints/UI/내아이템.내아이템_C:ExecuteUbergraph_내아이템'!
[2018.11.30-19.31.25:208][250]PIE: /Game/PuzzleBP/Maps/UEDPIE_0_MainMenu 에 대한 에디터에서 플레이 시작 시간: 0.947
[2018.11.30-19.31.25:208][250]LogBlueprintUserMessages: Late PlayInEditor Detection: Level '/Game/PuzzleBP/Maps/MainMenu.MainMenu:PersistentLevel' has LevelScriptBlueprint '/Game/PuzzleBP/Maps/MainMenu.MainMenu:PersistentLevel.MainMenu' with GeneratedClass '/Game/PuzzleBP/Maps/MainMenu.MainMenu_C' with ClassGeneratedBy '/Game/PuzzleBP/Maps/MainMenu.MainMenu:PersistentLevel.MainMenu'
[2018.11.30-19.31.34:675][811]LogBlueprintUserMessages: Early EndPlayMap Detection: Level '/Game/PuzzleBP/Maps/MainMenu.MainMenu:PersistentLevel' has LevelScriptBlueprint '/Game/PuzzleBP/Maps/MainMenu.MainMenu:PersistentLevel.MainMenu' with GeneratedClass '/Game/PuzzleBP/Maps/MainMenu.MainMenu_C' with ClassGeneratedBy '/Game/PuzzleBP/Maps/MainMenu.MainMenu:PersistentLevel.MainMenu'
[2018.11.30-19.31.34:743][811]LogBlueprintUserMessages: Late EndPlayMap Detection: Level '/Game/PuzzleBP/Maps/MainMenu.MainMenu:PersistentLevel' has LevelScriptBlueprint '/Game/PuzzleBP/Maps/MainMenu.MainMenu:PersistentLevel.MainMenu' with GeneratedClass '/Game/PuzzleBP/Maps/MainMenu.MainMenu_C' with ClassGeneratedBy '/Game/PuzzleBP/Maps/MainMenu.MainMenu:PersistentLevel.MainMenu'
[2018.11.30-19.31.39:320][ 67]LogWindowsTextInputMethodSystem: Display: IME system now activated using TSF (Microsoft 입력기).
[2018.11.30-19.31.39:597][ 68]Cmd: QUIT_EDITOR
[2018.11.30-19.31.39:907][ 68]LogExit: Preparing to exit.
[2018.11.30-19.31.40:933][ 68]LogDirectoryWatcher: A directory notification failed for 'C:/Users/user/Documents/GameGem/Content/', and we were unable to create a new request.
[2018.11.30-19.31.40:985][ 68]LogExit: Editor shut down
[2018.11.30-19.31.40:989][ 68]LogExit: Transaction tracking system shut down
[2018.11.30-19.31.41:319][ 68]LogDirectoryWatcher: A directory notification for '../../../Engine/Content/' was aborted.
[2018.11.30-19.31.41:319][ 68]LogDirectoryWatcher: A directory notification for '../../../../../../Users/user/Documents/GameGem/Content/' was aborted.
[2018.11.30-19.31.41:319][ 68]LogDirectoryWatcher: A directory notification for '../../../Engine/Plugins/2D/Paper2D/Content/' was aborted.
[2018.11.30-19.31.41:319][ 68]LogDirectoryWatcher: A directory notification for '../../../Engine/Plugins/Media/MediaCompositing/Content/' was aborted.
[2018.11.30-19.31.41:319][ 68]LogDirectoryWatcher: A directory notification for '../../../Engine/Plugins/Runtime/AppleARKit/Content/' was aborted.
[2018.11.30-19.31.41:320][ 68]LogDirectoryWatcher: A directory notification for '../../../Engine/Plugins/Runtime/Oculus/OculusVR/Content/' was aborted.
[2018.11.30-19.31.41:320][ 68]LogDirectoryWatcher: A directory notification for '../../../Engine/Plugins/Runtime/Steam/SteamVR/Content/' was aborted.
[2018.11.30-19.31.41:434][ 68]LogExit: Object subsystem successfully closed.
[2018.11.30-19.31.41:459][ 68]LogD3D11RHI: Shutdown
[2018.11.30-19.31.41:459][ 68]LogD3D11RHI: CleanupD3DDevice
[2018.11.30-19.31.41:460][ 68]LogD3D11RHI: ~FD3D11DynamicRHI
[2018.11.30-19.31.41:479][ 68]LogModuleManager: Shutting down and abandoning module MovieSceneCapture (554)
[2018.11.30-19.31.41:479][ 68]LogModuleManager: Shutting down and abandoning module SequencerWidgets (552)
[2018.11.30-19.31.41:479][ 68]LogModuleManager: Shutting down and abandoning module BlueprintGraph (550)
[2018.11.30-19.31.41:479][ 68]LogModuleManager: Shutting down and abandoning module HierarchicalLODOutliner (548)
[2018.11.30-19.31.41:479][ 68]LogModuleManager: Shutting down and abandoning module SceneOutliner (546)
[2018.11.30-19.31.41:480][ 68]LogModuleManager: Shutting down and abandoning module AddContentDialog (544)
[2018.11.30-19.31.41:480][ 68]LogDirectoryWatcher: A directory notification for 'C:/Program Files/Epic Games/UE_4.18/FeaturePacks/' was aborted.
[2018.11.30-19.31.41:480][ 68]LogModuleManager: Shutting down and abandoning module WidgetCarousel (543)
[2018.11.30-19.31.41:480][ 68]LogModuleManager: Shutting down and abandoning module EditorWidgets (540)
[2018.11.30-19.31.41:480][ 68]LogModuleManager: Shutting down and abandoning module CollectionManager (538)
[2018.11.30-19.31.41:480][ 68]LogDirectoryWatcher: A directory notification for 'C:/Users/user/Documents/GameGem/Content/Collections/' was aborted.
[2018.11.30-19.31.41:480][ 68]LogDirectoryWatcher: A directory notification for 'C:/Users/user/Documents/GameGem/Content/Developers/user/Collections/' was aborted.
[2018.11.30-19.31.41:480][ 68]LogDirectoryWatcher: A directory notification for 'C:/Users/user/Documents/GameGem/Saved/Collections/' was aborted.
[2018.11.30-19.31.41:481][ 68]LogModuleManager: Shutting down and abandoning module StatsViewer (536)
[2018.11.30-19.31.41:481][ 68]LogModuleManager: Shutting down and abandoning module FoliageEdit (534)
[2018.11.30-19.31.41:481][ 68]LogModuleManager: Shutting down and abandoning module LandscapeEditor (532)
[2018.11.30-19.31.41:481][ 68]LogModuleManager: Shutting down and abandoning module MeshPaintMode (530)
[2018.11.30-19.31.41:481][ 68]LogModuleManager: Shutting down and abandoning module SceneDepthPickerMode (528)
[2018.11.30-19.31.41:481][ 68]LogModuleManager: Shutting down and abandoning module ActorPickerMode (526)
[2018.11.30-19.31.41:481][ 68]LogModuleManager: Shutting down and abandoning module GeometryMode (524)
[2018.11.30-19.31.41:481][ 68]LogModuleManager: Shutting down and abandoning module TextureAlignMode (522)
[2018.11.30-19.31.41:481][ 68]LogModuleManager: Shutting down and abandoning module BspMode (520)
[2018.11.30-19.31.41:481][ 68]LogModuleManager: Shutting down and abandoning module PIEPreviewDeviceProfileSelector (518)
[2018.11.30-19.31.41:481][ 68]LogModuleManager: Shutting down and abandoning module HardwareSurvey (516)
[2018.11.30-19.31.41:481][ 68]LogModuleManager: Shutting down and abandoning module SequenceRecorderSections (514)
[2018.11.30-19.31.41:481][ 68]LogModuleManager: Shutting down and abandoning module AutomationWorker (512)
[2018.11.30-19.31.41:481][ 68]LogModuleManager: Shutting down and abandoning module MatineeToLevelSequence (510)
[2018.11.30-19.31.41:481][ 68]LogModuleManager: Shutting down and abandoning module LevelSequenceEditor (508)
[2018.11.30-19.31.41:481][ 68]LogModuleManager: Shutting down and abandoning module PlacementMode (507)
[2018.11.30-19.31.41:481][ 68]LogModuleManager: Shutting down and abandoning module WmfMediaFactory (504)
[2018.11.30-19.31.41:481][ 68]LogModuleManager: Shutting down and abandoning module WmfMediaEditor (502)
[2018.11.30-19.31.41:481][ 68]LogModuleManager: Shutting down and abandoning module OpenExrWrapper (500)
[2018.11.30-19.31.41:481][ 68]LogModuleManager: Shutting down and abandoning module ImgMediaFactory (498)
[2018.11.30-19.31.41:481][ 68]LogModuleManager: Shutting down and abandoning module ImgMediaEditor (496)
[2018.11.30-19.31.41:481][ 68]LogModuleManager: Shutting down and abandoning module AvfMediaFactory (494)
[2018.11.30-19.31.41:481][ 68]LogModuleManager: Shutting down and abandoning module AvfMediaEditor (492)
[2018.11.30-19.31.41:481][ 68]LogModuleManager: Shutting down and abandoning module AndroidMediaFactory (490)
[2018.11.30-19.31.41:481][ 68]LogModuleManager: Shutting down and abandoning module AndroidMediaEditor (488)
[2018.11.30-19.31.41:481][ 68]LogModuleManager: Shutting down and abandoning module CharacterAI (486)
[2018.11.30-19.31.41:481][ 68]LogModuleManager: Shutting down and abandoning module AudioCapture (484)
[2018.11.30-19.31.41:481][ 68]LogModuleManager: Shutting down and abandoning module SequenceRecorder (483)
[2018.11.30-19.31.41:481][ 68]LogModuleManager: Shutting down and abandoning module SmartSnapping (480)
[2018.11.30-19.31.41:481][ 68]LogModuleManager: Shutting down and abandoning module SessionServices (478)
[2018.11.30-19.31.41:481][ 68]LogModuleManager: Shutting down and abandoning module ViewportSnapping (476)
[2018.11.30-19.31.41:481][ 68]LogModuleManager: Shutting down and abandoning module ViewportInteraction (474)
[2018.11.30-19.31.41:481][ 68]LogModuleManager: Shutting down and abandoning module ClothPainter (472)
[2018.11.30-19.31.41:481][ 68]LogModuleManager: Shutting down and abandoning module SkeletalMeshEditor (471)
[2018.11.30-19.31.41:481][ 68]LogModuleManager: Shutting down and abandoning module LogVisualizer (468)
[2018.11.30-19.31.41:481][ 68]LogModuleManager: Shutting down and abandoning module IntroTutorials (466)
[2018.11.30-19.31.41:482][ 68]LogModuleManager: Shutting down and abandoning module GameProjectGeneration (465)
[2018.11.30-19.31.41:482][ 68]LogModuleManager: Shutting down and abandoning module IOSPlatformEditor (462)
[2018.11.30-19.31.41:482][ 68]LogModuleManager: Shutting down and abandoning module HTML5PlatformEditor (460)
[2018.11.30-19.31.41:482][ 68]LogModuleManager: Shutting down and abandoning module AndroidPlatformEditor (458)
[2018.11.30-19.31.41:482][ 68]LogModuleManager: Shutting down and abandoning module AndroidDeviceDetection (457)
[2018.11.30-19.31.41:579][ 68]LogModuleManager: Shutting down and abandoning module WindowsPlatformEditor (454)
[2018.11.30-19.31.41:579][ 68]LogModuleManager: Shutting down and abandoning module IOSRuntimeSettings (452)
[2018.11.30-19.31.41:579][ 68]LogModuleManager: Shutting down and abandoning module AndroidRuntimeSettings (450)
[2018.11.30-19.31.41:579][ 68]LogModuleManager: Shutting down and abandoning module InputBindingEditor (448)
[2018.11.30-19.31.41:579][ 68]LogModuleManager: Shutting down and abandoning module MergeActors (446)
[2018.11.30-19.31.41:579][ 68]LogModuleManager: Shutting down and abandoning module SizeMap (444)
[2018.11.30-19.31.41:579][ 68]LogModuleManager: Shutting down and abandoning module TreeMap (442)
[2018.11.30-19.31.41:579][ 68]LogModuleManager: Shutting down and abandoning module ReferenceViewer (440)
[2018.11.30-19.31.41:580][ 68]LogModuleManager: Shutting down and abandoning module LocalizationDashboard (438)
[2018.11.30-19.31.41:580][ 68]LogModuleManager: Shutting down and abandoning module LocalizationService (437)
[2018.11.30-19.31.41:580][ 68]LogModuleManager: Shutting down and abandoning module HardwareTargeting (434)
[2018.11.30-19.31.41:580][ 68]LogModuleManager: Shutting down and abandoning module DeviceProfileEditor (432)
[2018.11.30-19.31.41:580][ 68]LogModuleManager: Shutting down and abandoning module UndoHistory (430)
[2018.11.30-19.31.41:580][ 68]LogModuleManager: Shutting down and abandoning module XmlParser (428)
[2018.11.30-19.31.41:580][ 68]LogModuleManager: Shutting down and abandoning module Blutility (426)
[2018.11.30-19.31.41:580][ 68]LogModuleManager: Shutting down and abandoning module ProjectSettingsViewer (424)
[2018.11.30-19.31.41:580][ 68]LogModuleManager: Shutting down and abandoning module ProjectTargetPlatformEditor (423)
[2018.11.30-19.31.41:580][ 68]LogModuleManager: Shutting down and abandoning module EditorSettingsViewer (420)
[2018.11.30-19.31.41:580][ 68]LogModuleManager: Shutting down and abandoning module SettingsEditor (418)
[2018.11.30-19.31.41:580][ 68]LogModuleManager: Shutting down and abandoning module ProjectLauncher (416)
[2018.11.30-19.31.41:580][ 68]LogModuleManager: Shutting down and abandoning module SessionFrontend (414)
[2018.11.30-19.31.41:580][ 68]LogModuleManager: Shutting down and abandoning module ProfilerClient (412)
[2018.11.30-19.31.41:580][ 68]LogModuleManager: Shutting down and abandoning module DeviceManager (410)
[2018.11.30-19.31.41:580][ 68]LogModuleManager: Shutting down and abandoning module TargetDeviceServices (409)
[2018.11.30-19.31.41:633][ 68]LogModuleManager: Shutting down and abandoning module AutomationController (406)
[2018.11.30-19.31.41:633][ 68]LogModuleManager: Shutting down and abandoning module AutomationWindow (404)
[2018.11.30-19.31.41:633][ 68]LogModuleManager: Shutting down and abandoning module Layers (402)
[2018.11.30-19.31.41:633][ 68]LogModuleManager: Shutting down and abandoning module ComponentVisualizers (400)
[2018.11.30-19.31.41:633][ 68]LogModuleManager: Shutting down and abandoning module DetailCustomizations (398)
[2018.11.30-19.31.41:633][ 68]LogModuleManager: Shutting down and abandoning module PackagesDialog (396)
[2018.11.30-19.31.41:633][ 68]LogModuleManager: Shutting down and abandoning module Persona (394)
[2018.11.30-19.31.41:633][ 68]LogModuleManager: Shutting down and abandoning module AdvancedPreviewScene (393)
[2018.11.30-19.31.41:633][ 68]LogModuleManager: Shutting down and abandoning module AnimGraph (391)
[2018.11.30-19.31.41:633][ 68]LogModuleManager: Shutting down and abandoning module Kismet (388)
[2018.11.30-19.31.41:641][ 68]LogModuleManager: Shutting down and abandoning module ClassViewer (386)
[2018.11.30-19.31.41:641][ 68]LogModuleManager: Shutting down and abandoning module Toolbox (384)
[2018.11.30-19.31.41:641][ 68]LogModuleManager: Shutting down and abandoning module ModuleUI (382)
[2018.11.30-19.31.41:641][ 68]LogModuleManager: Shutting down and abandoning module MovieSceneTools (380)
[2018.11.30-19.31.41:641][ 68]LogModuleManager: Shutting down and abandoning module OutputLog (378)
[2018.11.30-19.31.41:641][ 68]LogModuleManager: Shutting down and abandoning module GammaUI (376)
[2018.11.30-19.31.41:641][ 68]LogModuleManager: Shutting down and abandoning module Documentation (374)
[2018.11.30-19.31.41:641][ 68]LogModuleManager: Shutting down and abandoning module MovieSceneTracks (372)
[2018.11.30-19.31.41:641][ 68]LogModuleManager: Shutting down and abandoning module MovieScene (370)
[2018.11.30-19.31.41:642][ 68]LogModuleManager: Shutting down and abandoning module StreamingPauseRendering (368)
[2018.11.30-19.31.41:642][ 68]LogModuleManager: Shutting down and abandoning module LauncherPlatform (366)
[2018.11.30-19.31.41:642][ 68]LogModuleManager: Shutting down and abandoning module AnalyticsET (364)
[2018.11.30-19.31.41:642][ 68]LogModuleManager: Shutting down and abandoning module PortalServices (362)
[2018.11.30-19.31.41:642][ 68]LogModuleManager: Shutting down and abandoning module PortalRpc (360)
[2018.11.30-19.31.41:642][ 68]LogModuleManager: Shutting down and abandoning module MessagingRpc (358)
[2018.11.30-19.31.41:642][ 68]LogModuleManager: Shutting down and abandoning module AIModule (356)
[2018.11.30-19.31.41:642][ 68]LogModuleManager: Shutting down and abandoning module GameplayDebugger (355)
[2018.11.30-19.31.41:642][ 68]LogModuleManager: Shutting down and abandoning module AITestSuite (353)
[2018.11.30-19.31.41:642][ 68]LogModuleManager: Shutting down and abandoning module DesktopPlatform (350)
[2018.11.30-19.31.41:642][ 68]LogModuleManager: Shutting down and abandoning module ProfilerService (348)
[2018.11.30-19.31.41:878][ 68]LogModuleManager: Shutting down and abandoning module TaskGraph (346)
[2018.11.30-19.31.41:878][ 68]LogModuleManager: Shutting down and abandoning module SteamVRController (344)
[2018.11.30-19.31.41:878][ 68]LogModuleManager: Shutting down and abandoning module ProceduralMeshComponentEditor (342)
[2018.11.30-19.31.41:878][ 68]LogModuleManager: Shutting down and abandoning module ProceduralMeshComponent (340)
[2018.11.30-19.31.41:878][ 68]LogModuleManager: Shutting down and abandoning module OculusInput (338)
[2018.11.30-19.31.41:878][ 68]LogModuleManager: Shutting down and abandoning module MobilePatchingUtils (336)
[2018.11.30-19.31.41:878][ 68]LogModuleManager: Shutting down and abandoning module CustomMeshComponent (334)
[2018.11.30-19.31.41:878][ 68]LogModuleManager: Shutting down and abandoning module CableComponent (332)
[2018.11.30-19.31.41:878][ 68]LogModuleManager: Shutting down and abandoning module ArchVisCharacter (330)
[2018.11.30-19.31.41:878][ 68]LogModuleManager: Shutting down and abandoning module AndroidPermission (328)
[2018.11.30-19.31.41:878][ 68]LogModuleManager: Shutting down and abandoning module ActorSequence (324)
[2018.11.30-19.31.41:878][ 68]LogModuleManager: Shutting down and abandoning module MediaPlayerEditor (322)
[2018.11.30-19.31.41:879][ 68]LogModuleManager: Shutting down and abandoning module MediaCompositingEditor (320)
[2018.11.30-19.31.41:879][ 68]LogModuleManager: Shutting down and abandoning module MediaCompositing (318)
[2018.11.30-19.31.41:879][ 68]LogModuleManager: Shutting down and abandoning module HTML5Networking (316)
[2018.11.30-19.31.41:879][ 68]LogModuleManager: Shutting down and abandoning module AlembicImporter (314)
[2018.11.30-19.31.41:879][ 68]LogModuleManager: Shutting down and abandoning module AlembicLibrary (313)
[2018.11.30-19.31.41:879][ 68]LogModuleManager: Shutting down and abandoning module GeometryCache (312)
[2018.11.30-19.31.41:879][ 68]LogModuleManager: Shutting down and abandoning module GeometryCacheEd (311)
[2018.11.30-19.31.41:879][ 68]LogModuleManager: Shutting down and abandoning module SpeedTreeImporter (306)
[2018.11.30-19.31.41:879][ 68]LogModuleManager: Shutting down and abandoning module PluginBrowser (304)
[2018.11.30-19.31.41:879][ 68]LogModuleManager: Shutting down and abandoning module MobileLauncherProfileWizard (302)
[2018.11.30-19.31.41:879][ 68]LogModuleManager: Shutting down and abandoning module VisualStudioSourceCodeAccess (300)
[2018.11.30-19.31.41:880][ 68]LogModuleManager: Shutting down and abandoning module VisualStudioCodeSourceCodeAccess (298)
[2018.11.30-19.31.41:880][ 68]LogModuleManager: Shutting down and abandoning module UObjectPlugin (296)
[2018.11.30-19.31.41:880][ 68]LogModuleManager: Shutting down and abandoning module SubversionSourceControl (294)
[2018.11.30-19.31.41:880][ 68]LogModuleManager: Shutting down and abandoning module PerforceSourceControl (292)
[2018.11.30-19.31.41:880][ 68]LogModuleManager: Shutting down and abandoning module GitSourceControl (290)
[2018.11.30-19.31.41:880][ 68]LogModuleManager: Shutting down and abandoning module SourceControl (289)
[2018.11.30-19.31.41:880][ 68]LogModuleManager: Shutting down and abandoning module LightPropagationVolumeEditor (286)
[2018.11.30-19.31.41:880][ 68]LogModuleManager: Shutting down and abandoning module PaperTiledImporter (284)
[2018.11.30-19.31.41:880][ 68]LogModuleManager: Shutting down and abandoning module PaperSpriteSheetImporter (282)
[2018.11.30-19.31.41:880][ 68]LogModuleManager: Shutting down and abandoning module Paper2DEditor (280)
[2018.11.30-19.31.41:880][ 68]LogModuleManager: Shutting down and abandoning module MeshPaint (279)
[2018.11.30-19.31.41:881][ 68]LogModuleManager: Shutting down and abandoning module LevelEditor (277)
[2018.11.30-19.31.41:883][ 68]LogModuleManager: Shutting down and abandoning module PixelInspectorModule (276)
[2018.11.30-19.31.41:883][ 68]LogModuleManager: Shutting down and abandoning module MainFrame (274)
[2018.11.30-19.31.41:883][ 68]LogModuleManager: Shutting down and abandoning module HotReload (273)
[2018.11.30-19.31.41:884][ 68]LogModuleManager: Shutting down and abandoning module RuntimePhysXCooking (268)
[2018.11.30-19.31.41:884][ 68]LogModuleManager: Shutting down and abandoning module PhysXVehiclesEditor (266)
[2018.11.30-19.31.41:884][ 68]LogModuleManager: Shutting down and abandoning module PhysXVehicles (264)
[2018.11.30-19.31.41:884][ 68]LogModuleManager: Shutting down and abandoning module OculusEditor (262)
[2018.11.30-19.31.41:884][ 68]LogModuleManager: Shutting down and abandoning module LocationServicesBPLibrary (260)
[2018.11.30-19.31.41:885][ 68]LogModuleManager: Shutting down and abandoning module ImmediatePhysicsEditor (258)
[2018.11.30-19.31.41:885][ 68]LogModuleManager: Shutting down and abandoning module ImmediatePhysics (256)
[2018.11.30-19.31.41:885][ 68]LogModuleManager: Shutting down and abandoning module UdpMessaging (254)
[2018.11.30-19.31.41:985][ 68]LogModuleManager: Shutting down and abandoning module TcpMessaging (252)
[2018.11.30-19.31.42:086][ 68]LogModuleManager: Shutting down and abandoning module GameplayTagsEditor (250)
[2018.11.30-19.31.42:086][ 68]LogModuleManager: Shutting down and abandoning module FacialAnimationEditor (248)
[2018.11.30-19.31.42:086][ 68]LogModuleManager: Shutting down and abandoning module FacialAnimation (246)
[2018.11.30-19.31.42:086][ 68]LogModuleManager: Shutting down and abandoning module AssetManagerEditor (244)
[2018.11.30-19.31.42:086][ 68]LogModuleManager: Shutting down and abandoning module GraphEditor (243)
[2018.11.30-19.31.42:087][ 68]LogModuleManager: Shutting down and abandoning module ContentBrowser (241)
[2018.11.30-19.31.42:089][ 68]LogModuleManager: Shutting down and abandoning module LightPropagationVolumeRuntime (238)
[2018.11.30-19.31.42:089][ 68]LogModuleManager: Shutting down and abandoning module Paper2D (236)
[2018.11.30-19.31.42:089][ 68]LogModuleManager: Shutting down and abandoning module WindowsMoviePlayer (234)
[2018.11.30-19.31.42:090][ 68]LogModuleManager: Shutting down and abandoning module WmfMedia (232)
[2018.11.30-19.31.42:095][ 68]LogModuleManager: Shutting down and abandoning module ImgMedia (230)
[2018.11.30-19.31.42:095][ 68]LogModuleManager: Shutting down and abandoning module PacketHandler (228)
[2018.11.30-19.31.42:095][ 68]LogModuleManager: Shutting down and abandoning module ClothingSystemEditor (226)
[2018.11.30-19.31.42:095][ 68]LogModuleManager: Shutting down and abandoning module ClothingSystemRuntime (224)
[2018.11.30-19.31.42:095][ 68]LogModuleManager: Shutting down and abandoning module MediaAssets (222)
[2018.11.30-19.31.42:095][ 68]LogModuleManager: Shutting down and abandoning module Media (221)
[2018.11.30-19.31.42:102][ 68]LogModuleManager: Shutting down and abandoning module Overlay (218)
[2018.11.30-19.31.42:102][ 68]LogModuleManager: Shutting down and abandoning module OverlayEditor (217)
[2018.11.30-19.31.42:102][ 68]LogModuleManager: Shutting down and abandoning module VREditor (214)
[2018.11.30-19.31.42:102][ 68]LogModuleManager: Shutting down and abandoning module StringTableEditor (212)
[2018.11.30-19.31.42:102][ 68]LogModuleManager: Shutting down and abandoning module GameplayTasksEditor (210)
[2018.11.30-19.31.42:102][ 68]LogModuleManager: Shutting down and abandoning module BehaviorTreeEditor (208)
[2018.11.30-19.31.42:103][ 68]LogModuleManager: Shutting down and abandoning module FunctionalTesting (206)
[2018.11.30-19.31.42:103][ 68]LogModuleManager: Shutting down and abandoning module CollisionAnalyzer (204)
[2018.11.30-19.31.42:103][ 68]LogModuleManager: Shutting down and abandoning module WorkspaceMenuStructure (203)
[2018.11.30-19.31.42:103][ 68]LogModuleManager: Shutting down and abandoning module UMG (200)
[2018.11.30-19.31.42:103][ 68]LogModuleManager: Shutting down and abandoning module UMGEditor (199)
[2018.11.30-19.31.42:103][ 68]LogModuleManager: Shutting down and abandoning module Sequencer (198)
[2018.11.30-19.31.42:103][ 68]LogModuleManager: Shutting down and abandoning module MessageLog (195)
[2018.11.30-19.31.42:103][ 68]LogModuleManager: Shutting down and abandoning module SlateReflector (190)
[2018.11.30-19.31.42:104][ 68]LogModuleManager: Shutting down and abandoning module Slate (188)
[2018.11.30-19.31.42:104][ 68]LogModuleManager: Shutting down and abandoning module EditorStyle (186)
[2018.11.30-19.31.42:111][ 68]LogModuleManager: Shutting down and abandoning module MRMesh (184)
[2018.11.30-19.31.42:111][ 68]LogModuleManager: Shutting down and abandoning module SourceCodeAccess (182)
[2018.11.30-19.31.42:112][ 68]LogModuleManager: Shutting down and abandoning module HeadMountedDisplay (180)
[2018.11.30-19.31.42:112][ 68]LogModuleManager: Shutting down and abandoning module XAudio2 (178)
[2018.11.30-19.31.42:112][ 68]LogModuleManager: Shutting down and abandoning module Networking (176)
[2018.11.30-19.31.42:112][ 68]LogModuleManager: Shutting down and abandoning module Core (172)
[2018.11.30-19.31.42:112][ 68]LogModuleManager: Shutting down and abandoning module LevelSequence (168)
[2018.11.30-19.31.42:112][ 68]LogModuleManager: Shutting down and abandoning module DirectoryWatcher (166)
[2018.11.30-19.31.42:114][ 68]LogModuleManager: Shutting down and abandoning module KismetCompiler (164)
[2018.11.30-19.31.42:114][ 68]LogModuleManager: Shutting down and abandoning module MeshUtilities (162)
[2018.11.30-19.31.42:114][ 68]LogModuleManager: Shutting down and abandoning module MeshMergeUtilities (161)
[2018.11.30-19.31.42:114][ 68]LogModuleManager: Shutting down and abandoning module MeshReductionInterface (160)
[2018.11.30-19.31.42:114][ 68]LogModuleManager: Shutting down and abandoning module SimplygonSwarm (159)
[2018.11.30-19.31.42:114][ 68]LogModuleManager: Shutting down and abandoning module SimplygonMeshReduction (157)
[2018.11.30-19.31.42:114][ 68]LogModuleManager: Shutting down and abandoning module QuadricMeshReduction (155)
[2018.11.30-19.31.42:115][ 68]LogModuleManager: Shutting down and abandoning module MaterialBaking (151)
[2018.11.30-19.31.42:115][ 68]LogModuleManager: Shutting down and abandoning module DerivedDataCache (148)
[2018.11.30-19.31.42:139][ 68]LogDerivedDataCache: Shutdown
[2018.11.30-19.31.42:139][ 68]LogModuleManager: Shutting down and abandoning module TargetPlatform (146)
[2018.11.30-19.31.42:139][ 68]LogModuleManager: Shutting down and abandoning module VulkanShaderFormat (145)
[2018.11.30-19.31.42:139][ 68]LogModuleManager: Shutting down and abandoning module ShaderFormatVectorVM (143)
[2018.11.30-19.31.42:139][ 68]LogModuleManager: Shutting down and abandoning module ShaderFormatOpenGL (141)
[2018.11.30-19.31.42:139][ 68]LogModuleManager: Shutting down and abandoning module ShaderFormatD3D (139)
[2018.11.30-19.31.42:139][ 68]LogModuleManager: Shutting down and abandoning module MetalShaderFormat (137)
[2018.11.30-19.31.42:139][ 68]LogModuleManager: Shutting down and abandoning module TextureFormatUncompressed (135)
[2018.11.30-19.31.42:139][ 68]LogModuleManager: Shutting down and abandoning module TextureFormatPVR (133)
[2018.11.30-19.31.42:139][ 68]LogModuleManager: Shutting down and abandoning module TextureFormatDXT (131)
[2018.11.30-19.31.42:139][ 68]LogModuleManager: Shutting down and abandoning module TextureFormatIntelISPCTexComp (129)
[2018.11.30-19.31.42:140][ 68]LogModuleManager: Shutting down and abandoning module TextureFormatASTC (127)
[2018.11.30-19.31.42:140][ 68]LogModuleManager: Shutting down and abandoning module ImageWrapper (126)
[2018.11.30-19.31.42:140][ 68]LogModuleManager: Shutting down and abandoning module TextureFormatAndroid (123)
[2018.11.30-19.31.42:140][ 68]LogModuleManager: Shutting down and abandoning module AudioFormatOpus (121)
[2018.11.30-19.31.42:140][ 68]LogModuleManager: Shutting down and abandoning module AudioFormatOgg (119)
[2018.11.30-19.31.42:140][ 68]LogModuleManager: Shutting down and abandoning module AudioFormatADPCM (117)
[2018.11.30-19.31.42:140][ 68]LogModuleManager: Shutting down and abandoning module LinuxTargetPlatform (115)
[2018.11.30-19.31.42:140][ 68]LogModuleManager: Shutting down and abandoning module LinuxServerTargetPlatform (113)
[2018.11.30-19.31.42:140][ 68]LogModuleManager: Shutting down and abandoning module LinuxNoEditorTargetPlatform (111)
[2018.11.30-19.31.42:140][ 68]LogModuleManager: Shutting down and abandoning module LinuxClientTargetPlatform (109)
[2018.11.30-19.31.42:140][ 68]LogModuleManager: Shutting down and abandoning module TVOSTargetPlatform (107)
[2018.11.30-19.31.42:140][ 68]LogModuleManager: Shutting down and abandoning module Messaging (105)
[2018.11.30-19.31.42:140][ 68]LogModuleManager: Shutting down and abandoning module IOSTargetPlatform (103)
[2018.11.30-19.31.42:140][ 68]LogModuleManager: Shutting down and abandoning module HTML5TargetPlatform (101)
[2018.11.30-19.31.42:140][ 68]LogModuleManager: Shutting down and abandoning module AndroidTargetPlatform (99)
[2018.11.30-19.31.42:140][ 68]LogModuleManager: Shutting down and abandoning module Android_PVRTCTargetPlatform (97)
[2018.11.30-19.31.42:141][ 68]LogModuleManager: Shutting down and abandoning module Android_MultiTargetPlatform (95)
[2018.11.30-19.31.42:141][ 68]LogModuleManager: Shutting down and abandoning module Android_ETC2TargetPlatform (93)
[2018.11.30-19.31.42:141][ 68]LogModuleManager: Shutting down and abandoning module Android_ETC1TargetPlatform (91)
[2018.11.30-19.31.42:141][ 68]LogModuleManager: Shutting down and abandoning module Android_DXTTargetPlatform (89)
[2018.11.30-19.31.42:141][ 68]LogModuleManager: Shutting down and abandoning module Android_ATCTargetPlatform (87)
[2018.11.30-19.31.42:141][ 68]LogModuleManager: Shutting down and abandoning module Android_ASTCTargetPlatform (85)
[2018.11.30-19.31.42:141][ 68]LogModuleManager: Shutting down and abandoning module WindowsTargetPlatform (83)
[2018.11.30-19.31.42:141][ 68]LogModuleManager: Shutting down and abandoning module WindowsServerTargetPlatform (81)
[2018.11.30-19.31.42:141][ 68]LogModuleManager: Shutting down and abandoning module WindowsNoEditorTargetPlatform (79)
[2018.11.30-19.31.42:141][ 68]LogModuleManager: Shutting down and abandoning module WindowsClientTargetPlatform (77)
[2018.11.30-19.31.42:141][ 68]LogModuleManager: Shutting down and abandoning module MacTargetPlatform (75)
[2018.11.30-19.31.42:141][ 68]LogModuleManager: Shutting down and abandoning module MacServerTargetPlatform (73)
[2018.11.30-19.31.42:141][ 68]LogModuleManager: Shutting down and abandoning module MacNoEditorTargetPlatform (71)
[2018.11.30-19.31.42:141][ 68]LogModuleManager: Shutting down and abandoning module MacClientTargetPlatform (69)
[2018.11.30-19.31.42:141][ 68]LogModuleManager: Shutting down and abandoning module AllDesktopTargetPlatform (67)
[2018.11.30-19.31.42:141][ 68]LogModuleManager: Shutting down and abandoning module InputCore (64)
[2018.11.30-19.31.42:141][ 68]LogModuleManager: Shutting down and abandoning module Settings (62)
[2018.11.30-19.31.42:142][ 68]LogModuleManager: Shutting down and abandoning module PhysXCooking (60)
[2018.11.30-19.31.42:142][ 68]LogModuleManager: Shutting down and abandoning module SteamVR (58)
[2018.11.30-19.31.42:142][ 68]LogModuleManager: Shutting down and abandoning module OculusHMD (56)
[2018.11.30-19.31.42:142][ 68]LogModuleManager: Shutting down and abandoning module ExampleDeviceProfileSelector (54)
[2018.11.30-19.31.42:142][ 68]LogModuleManager: Shutting down and abandoning module AppleARKit (52)
[2018.11.30-19.31.42:142][ 68]LogModuleManager: Shutting down and abandoning module AugmentedReality (51)
[2018.11.30-19.31.42:142][ 68]LogModuleManager: Shutting down and abandoning module OnlineBlueprintSupport (48)
[2018.11.30-19.31.42:142][ 68]LogModuleManager: Shutting down and abandoning module OnlineSubsystem (44)
[2018.11.30-19.31.42:142][ 68]LogModuleManager: Shutting down and abandoning module XMPP (43)
[2018.11.30-19.31.42:142][ 68]LogModuleManager: Shutting down and abandoning module HTTP (41)
[2018.11.30-19.31.42:142][ 68]LogHttp: Display: Http module shutting down, but needs to wait on 1 outstanding Http requests:
[2018.11.30-19.31.42:142][ 68]LogHttp: Display: 	verb=[POST] url=[https://datarouter.ol.epicgames.com/datarouter/api/v1/public/data?SessionID=%7B7A5FE576-4ACB-DEEF-AD8A-01AC972CC552%7D&AppID=UEEditor.Rocket.Release&AppVersion=4.18.3-3832480%2B%2B%2BUE4%2BRelease-4.18&UserID=f7137da1488fc1e9dd0394aaa3f5f394%7Cfd159e6a22e842339ef246a1fe6d8531%7C1f121e9f-c652-4fb6-ae6e-2c3553388386&AppEnvironment=datacollector-binary&UploadType=eteventstream] status=Processing
[2018.11.30-19.31.42:155][ 68]LogModuleManager: Shutting down and abandoning module SSL (40)
[2018.11.30-19.31.42:158][ 68]LogModuleManager: Shutting down and abandoning module AnimationModifiers (36)
[2018.11.30-19.31.42:158][ 68]LogModuleManager: Shutting down and abandoning module PropertyEditor (35)
[2018.11.30-19.31.42:159][ 68]LogModuleManager: Shutting down and abandoning module AudioEditor (32)
[2018.11.30-19.31.42:159][ 68]LogModuleManager: Shutting down and abandoning module TextureCompressor (30)
[2018.11.30-19.31.42:159][ 68]LogModuleManager: Shutting down and abandoning module ShaderCore (28)
[2018.11.30-19.31.42:159][ 68]LogModuleManager: Shutting down and abandoning module Landscape (26)
[2018.11.30-19.31.42:159][ 68]LogModuleManager: Shutting down and abandoning module SlateRHIRenderer (24)
[2018.11.30-19.31.42:166][ 68]LogModuleManager: Shutting down and abandoning module OpenGLDrv (22)
[2018.11.30-19.31.42:166][ 68]LogModuleManager: Shutting down and abandoning module D3D11RHI (20)
[2018.11.30-19.31.42:166][ 68]LogModuleManager: Shutting down and abandoning module AnimGraphRuntime (18)
[2018.11.30-19.31.42:166][ 68]LogModuleManager: Shutting down and abandoning module Renderer (16)
[2018.11.30-19.31.42:166][ 68]LogModuleManager: Shutting down and abandoning module Engine (14)
[2018.11.30-19.31.42:166][ 68]LogModuleManager: Shutting down and abandoning module CoreUObject (12)
[2018.11.30-19.31.42:167][ 68]LogModuleManager: Shutting down and abandoning module NetworkFile (10)
[2018.11.30-19.31.42:167][ 68]LogModuleManager: Shutting down and abandoning module CookedIterativeFile (8)
[2018.11.30-19.31.42:167][ 68]LogModuleManager: Shutting down and abandoning module StreamingFile (6)
[2018.11.30-19.31.42:167][ 68]LogModuleManager: Shutting down and abandoning module SandboxFile (4)
[2018.11.30-19.31.42:167][ 68]LogModuleManager: Shutting down and abandoning module PakFile (2)
[2018.11.30-19.31.42:177][ 68]LogExit: Exiting.
[2018.11.30-19.31.42:249][ 68]Log file closed, 12/01/18 04:31:42
